running egg_info
creating ../../build/cart_pole_optimal_control/cart_pole_optimal_control.egg-info
writing ../../build/cart_pole_optimal_control/cart_pole_optimal_control.egg-info/PKG-INFO
writing dependency_links to ../../build/cart_pole_optimal_control/cart_pole_optimal_control.egg-info/dependency_links.txt
writing entry points to ../../build/cart_pole_optimal_control/cart_pole_optimal_control.egg-info/entry_points.txt
writing requirements to ../../build/cart_pole_optimal_control/cart_pole_optimal_control.egg-info/requires.txt
writing top-level names to ../../build/cart_pole_optimal_control/cart_pole_optimal_control.egg-info/top_level.txt
writing manifest file '../../build/cart_pole_optimal_control/cart_pole_optimal_control.egg-info/SOURCES.txt'
reading manifest file '../../build/cart_pole_optimal_control/cart_pole_optimal_control.egg-info/SOURCES.txt'
writing manifest file '../../build/cart_pole_optimal_control/cart_pole_optimal_control.egg-info/SOURCES.txt'
running build
running build_py
creating /home/blazar/workspaces/cartiep_ws/build/cart_pole_optimal_control/build
creating /home/blazar/workspaces/cartiep_ws/build/cart_pole_optimal_control/build/lib
creating /home/blazar/workspaces/cartiep_ws/build/cart_pole_optimal_control/build/lib/cart_pole_optimal_control
copying cart_pole_optimal_control/earthquake_force_generator.py -> /home/blazar/workspaces/cartiep_ws/build/cart_pole_optimal_control/build/lib/cart_pole_optimal_control
copying cart_pole_optimal_control/state_republisher.py -> /home/blazar/workspaces/cartiep_ws/build/cart_pole_optimal_control/build/lib/cart_pole_optimal_control
copying cart_pole_optimal_control/lqr_controller.py -> /home/blazar/workspaces/cartiep_ws/build/cart_pole_optimal_control/build/lib/cart_pole_optimal_control
copying cart_pole_optimal_control/dqn_cartpole.py -> /home/blazar/workspaces/cartiep_ws/build/cart_pole_optimal_control/build/lib/cart_pole_optimal_control
copying cart_pole_optimal_control/force_visualizer.py -> /home/blazar/workspaces/cartiep_ws/build/cart_pole_optimal_control/build/lib/cart_pole_optimal_control
copying cart_pole_optimal_control/bryson_lqr_controller.py -> /home/blazar/workspaces/cartiep_ws/build/cart_pole_optimal_control/build/lib/cart_pole_optimal_control
copying cart_pole_optimal_control/__init__.py -> /home/blazar/workspaces/cartiep_ws/build/cart_pole_optimal_control/build/lib/cart_pole_optimal_control
copying cart_pole_optimal_control/reset_time_publisher.py -> /home/blazar/workspaces/cartiep_ws/build/cart_pole_optimal_control/build/lib/cart_pole_optimal_control
running install
running install_lib
creating /home/blazar/workspaces/cartiep_ws/install/cart_pole_optimal_control/lib/python3.12/site-packages/cart_pole_optimal_control
copying /home/blazar/workspaces/cartiep_ws/build/cart_pole_optimal_control/build/lib/cart_pole_optimal_control/earthquake_force_generator.py -> /home/blazar/workspaces/cartiep_ws/install/cart_pole_optimal_control/lib/python3.12/site-packages/cart_pole_optimal_control
copying /home/blazar/workspaces/cartiep_ws/build/cart_pole_optimal_control/build/lib/cart_pole_optimal_control/state_republisher.py -> /home/blazar/workspaces/cartiep_ws/install/cart_pole_optimal_control/lib/python3.12/site-packages/cart_pole_optimal_control
copying /home/blazar/workspaces/cartiep_ws/build/cart_pole_optimal_control/build/lib/cart_pole_optimal_control/lqr_controller.py -> /home/blazar/workspaces/cartiep_ws/install/cart_pole_optimal_control/lib/python3.12/site-packages/cart_pole_optimal_control
copying /home/blazar/workspaces/cartiep_ws/build/cart_pole_optimal_control/build/lib/cart_pole_optimal_control/dqn_cartpole.py -> /home/blazar/workspaces/cartiep_ws/install/cart_pole_optimal_control/lib/python3.12/site-packages/cart_pole_optimal_control
copying /home/blazar/workspaces/cartiep_ws/build/cart_pole_optimal_control/build/lib/cart_pole_optimal_control/force_visualizer.py -> /home/blazar/workspaces/cartiep_ws/install/cart_pole_optimal_control/lib/python3.12/site-packages/cart_pole_optimal_control
copying /home/blazar/workspaces/cartiep_ws/build/cart_pole_optimal_control/build/lib/cart_pole_optimal_control/bryson_lqr_controller.py -> /home/blazar/workspaces/cartiep_ws/install/cart_pole_optimal_control/lib/python3.12/site-packages/cart_pole_optimal_control
copying /home/blazar/workspaces/cartiep_ws/build/cart_pole_optimal_control/build/lib/cart_pole_optimal_control/__init__.py -> /home/blazar/workspaces/cartiep_ws/install/cart_pole_optimal_control/lib/python3.12/site-packages/cart_pole_optimal_control
copying /home/blazar/workspaces/cartiep_ws/build/cart_pole_optimal_control/build/lib/cart_pole_optimal_control/reset_time_publisher.py -> /home/blazar/workspaces/cartiep_ws/install/cart_pole_optimal_control/lib/python3.12/site-packages/cart_pole_optimal_control
byte-compiling /home/blazar/workspaces/cartiep_ws/install/cart_pole_optimal_control/lib/python3.12/site-packages/cart_pole_optimal_control/earthquake_force_generator.py to earthquake_force_generator.cpython-312.pyc
byte-compiling /home/blazar/workspaces/cartiep_ws/install/cart_pole_optimal_control/lib/python3.12/site-packages/cart_pole_optimal_control/state_republisher.py to state_republisher.cpython-312.pyc
byte-compiling /home/blazar/workspaces/cartiep_ws/install/cart_pole_optimal_control/lib/python3.12/site-packages/cart_pole_optimal_control/lqr_controller.py to lqr_controller.cpython-312.pyc
byte-compiling /home/blazar/workspaces/cartiep_ws/install/cart_pole_optimal_control/lib/python3.12/site-packages/cart_pole_optimal_control/dqn_cartpole.py to dqn_cartpole.cpython-312.pyc
byte-compiling /home/blazar/workspaces/cartiep_ws/install/cart_pole_optimal_control/lib/python3.12/site-packages/cart_pole_optimal_control/force_visualizer.py to force_visualizer.cpython-312.pyc
byte-compiling /home/blazar/workspaces/cartiep_ws/install/cart_pole_optimal_control/lib/python3.12/site-packages/cart_pole_optimal_control/bryson_lqr_controller.py to bryson_lqr_controller.cpython-312.pyc
byte-compiling /home/blazar/workspaces/cartiep_ws/install/cart_pole_optimal_control/lib/python3.12/site-packages/cart_pole_optimal_control/__init__.py to __init__.cpython-312.pyc
byte-compiling /home/blazar/workspaces/cartiep_ws/install/cart_pole_optimal_control/lib/python3.12/site-packages/cart_pole_optimal_control/reset_time_publisher.py to reset_time_publisher.cpython-312.pyc
running install_data
creating /home/blazar/workspaces/cartiep_ws/install/cart_pole_optimal_control/share/ament_index
creating /home/blazar/workspaces/cartiep_ws/install/cart_pole_optimal_control/share/ament_index/resource_index
creating /home/blazar/workspaces/cartiep_ws/install/cart_pole_optimal_control/share/ament_index/resource_index/packages
copying resource/cart_pole_optimal_control -> /home/blazar/workspaces/cartiep_ws/install/cart_pole_optimal_control/share/ament_index/resource_index/packages
copying package.xml -> /home/blazar/workspaces/cartiep_ws/install/cart_pole_optimal_control/share/cart_pole_optimal_control
creating /home/blazar/workspaces/cartiep_ws/install/cart_pole_optimal_control/share/cart_pole_optimal_control/launch
copying launch/cart_pole.launch.py -> /home/blazar/workspaces/cartiep_ws/install/cart_pole_optimal_control/share/cart_pole_optimal_control/launch
copying launch/cart_pole_rviz.launch.py -> /home/blazar/workspaces/cartiep_ws/install/cart_pole_optimal_control/share/cart_pole_optimal_control/launch
copying launch/cart_pole_bryson.launch.py -> /home/blazar/workspaces/cartiep_ws/install/cart_pole_optimal_control/share/cart_pole_optimal_control/launch
copying launch/cart_pole_dqn.launch.py -> /home/blazar/workspaces/cartiep_ws/install/cart_pole_optimal_control/share/cart_pole_optimal_control/launch
copying launch/rl.launch.py -> /home/blazar/workspaces/cartiep_ws/install/cart_pole_optimal_control/share/cart_pole_optimal_control/launch
creating /home/blazar/workspaces/cartiep_ws/install/cart_pole_optimal_control/share/cart_pole_optimal_control/config
copying config/cart_pole.rviz -> /home/blazar/workspaces/cartiep_ws/install/cart_pole_optimal_control/share/cart_pole_optimal_control/config
copying config/hyper.yaml -> /home/blazar/workspaces/cartiep_ws/install/cart_pole_optimal_control/share/cart_pole_optimal_control/config
creating /home/blazar/workspaces/cartiep_ws/install/cart_pole_optimal_control/share/cart_pole_optimal_control/models
creating /home/blazar/workspaces/cartiep_ws/install/cart_pole_optimal_control/share/cart_pole_optimal_control/models/cart_pole
copying models/cart_pole/model.urdf -> /home/blazar/workspaces/cartiep_ws/install/cart_pole_optimal_control/share/cart_pole_optimal_control/models/cart_pole
creating /home/blazar/workspaces/cartiep_ws/install/cart_pole_optimal_control/share/cart_pole_optimal_control/models/cart_pole/meshes
running install_egg_info
Copying ../../build/cart_pole_optimal_control/cart_pole_optimal_control.egg-info to /home/blazar/workspaces/cartiep_ws/install/cart_pole_optimal_control/lib/python3.12/site-packages/cart_pole_optimal_control-0.0.1-py3.12.egg-info
running install_scripts
Installing bryson_lqr_controller script to /home/blazar/workspaces/cartiep_ws/install/cart_pole_optimal_control/lib/cart_pole_optimal_control
Installing dqn_cartpole script to /home/blazar/workspaces/cartiep_ws/install/cart_pole_optimal_control/lib/cart_pole_optimal_control
Installing earthquake_force_generator script to /home/blazar/workspaces/cartiep_ws/install/cart_pole_optimal_control/lib/cart_pole_optimal_control
Installing force_visualizer script to /home/blazar/workspaces/cartiep_ws/install/cart_pole_optimal_control/lib/cart_pole_optimal_control
Installing lqr_controller script to /home/blazar/workspaces/cartiep_ws/install/cart_pole_optimal_control/lib/cart_pole_optimal_control
Installing performance_monitor script to /home/blazar/workspaces/cartiep_ws/install/cart_pole_optimal_control/lib/cart_pole_optimal_control
Installing reset_time_publisher script to /home/blazar/workspaces/cartiep_ws/install/cart_pole_optimal_control/lib/cart_pole_optimal_control
Installing ros_control_env script to /home/blazar/workspaces/cartiep_ws/install/cart_pole_optimal_control/lib/cart_pole_optimal_control
Installing state_republisher script to /home/blazar/workspaces/cartiep_ws/install/cart_pole_optimal_control/lib/cart_pole_optimal_control
writing list of installed files to '/home/blazar/workspaces/cartiep_ws/build/cart_pole_optimal_control/install.log'
