[0.455s] Invoking command in '/home/blazar/workspaces/cartiep_ws/src/cart_pole_optimal_control': DEBUGINFOD_URLS=https://debuginfod.ubuntu.com PS1=(ros2_rl) \[\e]0;\u@\h: \w\a\]${debian_chroot:+($debian_chroot)}\[\033[01;32m\]\u@\h\[\033[00m\]:\[\033[01;34m\]\w\[\033[00m\]\$ PYTHONPATH=/home/blazar/workspaces/cartiep_ws/build/cart_pole_optimal_control/prefix_override:/usr/lib/python3/dist-packages/colcon_core/task/python/colcon_distutils_commands:/home/blazar/workspaces/cartiep_ws/install/cart_pole_optimal_control/lib/python3.12/site-packages:${PYTHONPATH} VIRTUAL_ENV_PROMPT=(ros2_rl) /usr/bin/python3 -W ignore:setup.py install is deprecated -W ignore:easy_install command is deprecated setup.py egg_info --egg-base ../../build/cart_pole_optimal_control build --build-base /home/blazar/workspaces/cartiep_ws/build/cart_pole_optimal_control/build install --record /home/blazar/workspaces/cartiep_ws/build/cart_pole_optimal_control/install.log --single-version-externally-managed install_data
[0.596s] running egg_info
[0.596s] creating ../../build/cart_pole_optimal_control/cart_pole_optimal_control.egg-info
[0.605s] writing ../../build/cart_pole_optimal_control/cart_pole_optimal_control.egg-info/PKG-INFO
[0.605s] writing dependency_links to ../../build/cart_pole_optimal_control/cart_pole_optimal_control.egg-info/dependency_links.txt
[0.605s] writing entry points to ../../build/cart_pole_optimal_control/cart_pole_optimal_control.egg-info/entry_points.txt
[0.605s] writing requirements to ../../build/cart_pole_optimal_control/cart_pole_optimal_control.egg-info/requires.txt
[0.605s] writing top-level names to ../../build/cart_pole_optimal_control/cart_pole_optimal_control.egg-info/top_level.txt
[0.605s] writing manifest file '../../build/cart_pole_optimal_control/cart_pole_optimal_control.egg-info/SOURCES.txt'
[0.624s] reading manifest file '../../build/cart_pole_optimal_control/cart_pole_optimal_control.egg-info/SOURCES.txt'
[0.624s] writing manifest file '../../build/cart_pole_optimal_control/cart_pole_optimal_control.egg-info/SOURCES.txt'
[0.624s] running build
[0.624s] running build_py
[0.624s] creating /home/blazar/workspaces/cartiep_ws/build/cart_pole_optimal_control/build
[0.624s] creating /home/blazar/workspaces/cartiep_ws/build/cart_pole_optimal_control/build/lib
[0.624s] creating /home/blazar/workspaces/cartiep_ws/build/cart_pole_optimal_control/build/lib/cart_pole_optimal_control
[0.624s] copying cart_pole_optimal_control/earthquake_force_generator.py -> /home/blazar/workspaces/cartiep_ws/build/cart_pole_optimal_control/build/lib/cart_pole_optimal_control
[0.624s] copying cart_pole_optimal_control/state_republisher.py -> /home/blazar/workspaces/cartiep_ws/build/cart_pole_optimal_control/build/lib/cart_pole_optimal_control
[0.624s] copying cart_pole_optimal_control/lqr_controller.py -> /home/blazar/workspaces/cartiep_ws/build/cart_pole_optimal_control/build/lib/cart_pole_optimal_control
[0.624s] copying cart_pole_optimal_control/dqn_cartpole.py -> /home/blazar/workspaces/cartiep_ws/build/cart_pole_optimal_control/build/lib/cart_pole_optimal_control
[0.625s] copying cart_pole_optimal_control/force_visualizer.py -> /home/blazar/workspaces/cartiep_ws/build/cart_pole_optimal_control/build/lib/cart_pole_optimal_control
[0.625s] copying cart_pole_optimal_control/bryson_lqr_controller.py -> /home/blazar/workspaces/cartiep_ws/build/cart_pole_optimal_control/build/lib/cart_pole_optimal_control
[0.625s] copying cart_pole_optimal_control/__init__.py -> /home/blazar/workspaces/cartiep_ws/build/cart_pole_optimal_control/build/lib/cart_pole_optimal_control
[0.625s] copying cart_pole_optimal_control/reset_time_publisher.py -> /home/blazar/workspaces/cartiep_ws/build/cart_pole_optimal_control/build/lib/cart_pole_optimal_control
[0.625s] running install
[0.628s] running install_lib
[0.637s] creating /home/blazar/workspaces/cartiep_ws/install/cart_pole_optimal_control/lib/python3.12/site-packages/cart_pole_optimal_control
[0.637s] copying /home/blazar/workspaces/cartiep_ws/build/cart_pole_optimal_control/build/lib/cart_pole_optimal_control/earthquake_force_generator.py -> /home/blazar/workspaces/cartiep_ws/install/cart_pole_optimal_control/lib/python3.12/site-packages/cart_pole_optimal_control
[0.637s] copying /home/blazar/workspaces/cartiep_ws/build/cart_pole_optimal_control/build/lib/cart_pole_optimal_control/state_republisher.py -> /home/blazar/workspaces/cartiep_ws/install/cart_pole_optimal_control/lib/python3.12/site-packages/cart_pole_optimal_control
[0.637s] copying /home/blazar/workspaces/cartiep_ws/build/cart_pole_optimal_control/build/lib/cart_pole_optimal_control/lqr_controller.py -> /home/blazar/workspaces/cartiep_ws/install/cart_pole_optimal_control/lib/python3.12/site-packages/cart_pole_optimal_control
[0.637s] copying /home/blazar/workspaces/cartiep_ws/build/cart_pole_optimal_control/build/lib/cart_pole_optimal_control/dqn_cartpole.py -> /home/blazar/workspaces/cartiep_ws/install/cart_pole_optimal_control/lib/python3.12/site-packages/cart_pole_optimal_control
[0.637s] copying /home/blazar/workspaces/cartiep_ws/build/cart_pole_optimal_control/build/lib/cart_pole_optimal_control/force_visualizer.py -> /home/blazar/workspaces/cartiep_ws/install/cart_pole_optimal_control/lib/python3.12/site-packages/cart_pole_optimal_control
[0.637s] copying /home/blazar/workspaces/cartiep_ws/build/cart_pole_optimal_control/build/lib/cart_pole_optimal_control/bryson_lqr_controller.py -> /home/blazar/workspaces/cartiep_ws/install/cart_pole_optimal_control/lib/python3.12/site-packages/cart_pole_optimal_control
[0.637s] copying /home/blazar/workspaces/cartiep_ws/build/cart_pole_optimal_control/build/lib/cart_pole_optimal_control/__init__.py -> /home/blazar/workspaces/cartiep_ws/install/cart_pole_optimal_control/lib/python3.12/site-packages/cart_pole_optimal_control
[0.637s] copying /home/blazar/workspaces/cartiep_ws/build/cart_pole_optimal_control/build/lib/cart_pole_optimal_control/reset_time_publisher.py -> /home/blazar/workspaces/cartiep_ws/install/cart_pole_optimal_control/lib/python3.12/site-packages/cart_pole_optimal_control
[0.638s] byte-compiling /home/blazar/workspaces/cartiep_ws/install/cart_pole_optimal_control/lib/python3.12/site-packages/cart_pole_optimal_control/earthquake_force_generator.py to earthquake_force_generator.cpython-312.pyc
[0.638s] byte-compiling /home/blazar/workspaces/cartiep_ws/install/cart_pole_optimal_control/lib/python3.12/site-packages/cart_pole_optimal_control/state_republisher.py to state_republisher.cpython-312.pyc
[0.639s] byte-compiling /home/blazar/workspaces/cartiep_ws/install/cart_pole_optimal_control/lib/python3.12/site-packages/cart_pole_optimal_control/lqr_controller.py to lqr_controller.cpython-312.pyc
[0.639s] byte-compiling /home/blazar/workspaces/cartiep_ws/install/cart_pole_optimal_control/lib/python3.12/site-packages/cart_pole_optimal_control/dqn_cartpole.py to dqn_cartpole.cpython-312.pyc
[0.641s] byte-compiling /home/blazar/workspaces/cartiep_ws/install/cart_pole_optimal_control/lib/python3.12/site-packages/cart_pole_optimal_control/force_visualizer.py to force_visualizer.cpython-312.pyc
[0.641s] byte-compiling /home/blazar/workspaces/cartiep_ws/install/cart_pole_optimal_control/lib/python3.12/site-packages/cart_pole_optimal_control/bryson_lqr_controller.py to bryson_lqr_controller.cpython-312.pyc
[0.642s] byte-compiling /home/blazar/workspaces/cartiep_ws/install/cart_pole_optimal_control/lib/python3.12/site-packages/cart_pole_optimal_control/__init__.py to __init__.cpython-312.pyc
[0.642s] byte-compiling /home/blazar/workspaces/cartiep_ws/install/cart_pole_optimal_control/lib/python3.12/site-packages/cart_pole_optimal_control/reset_time_publisher.py to reset_time_publisher.cpython-312.pyc
[0.642s] running install_data
[0.642s] creating /home/blazar/workspaces/cartiep_ws/install/cart_pole_optimal_control/share/ament_index
[0.642s] creating /home/blazar/workspaces/cartiep_ws/install/cart_pole_optimal_control/share/ament_index/resource_index
[0.642s] creating /home/blazar/workspaces/cartiep_ws/install/cart_pole_optimal_control/share/ament_index/resource_index/packages
[0.642s] copying resource/cart_pole_optimal_control -> /home/blazar/workspaces/cartiep_ws/install/cart_pole_optimal_control/share/ament_index/resource_index/packages
[0.642s] copying package.xml -> /home/blazar/workspaces/cartiep_ws/install/cart_pole_optimal_control/share/cart_pole_optimal_control
[0.642s] creating /home/blazar/workspaces/cartiep_ws/install/cart_pole_optimal_control/share/cart_pole_optimal_control/launch
[0.642s] copying launch/cart_pole.launch.py -> /home/blazar/workspaces/cartiep_ws/install/cart_pole_optimal_control/share/cart_pole_optimal_control/launch
[0.643s] copying launch/cart_pole_rviz.launch.py -> /home/blazar/workspaces/cartiep_ws/install/cart_pole_optimal_control/share/cart_pole_optimal_control/launch
[0.643s] copying launch/cart_pole_bryson.launch.py -> /home/blazar/workspaces/cartiep_ws/install/cart_pole_optimal_control/share/cart_pole_optimal_control/launch
[0.643s] copying launch/cart_pole_dqn.launch.py -> /home/blazar/workspaces/cartiep_ws/install/cart_pole_optimal_control/share/cart_pole_optimal_control/launch
[0.643s] copying launch/rl.launch.py -> /home/blazar/workspaces/cartiep_ws/install/cart_pole_optimal_control/share/cart_pole_optimal_control/launch
[0.643s] creating /home/blazar/workspaces/cartiep_ws/install/cart_pole_optimal_control/share/cart_pole_optimal_control/config
[0.643s] copying config/cart_pole.rviz -> /home/blazar/workspaces/cartiep_ws/install/cart_pole_optimal_control/share/cart_pole_optimal_control/config
[0.643s] copying config/hyper.yaml -> /home/blazar/workspaces/cartiep_ws/install/cart_pole_optimal_control/share/cart_pole_optimal_control/config
[0.643s] creating /home/blazar/workspaces/cartiep_ws/install/cart_pole_optimal_control/share/cart_pole_optimal_control/models
[0.643s] creating /home/blazar/workspaces/cartiep_ws/install/cart_pole_optimal_control/share/cart_pole_optimal_control/models/cart_pole
[0.643s] copying models/cart_pole/model.urdf -> /home/blazar/workspaces/cartiep_ws/install/cart_pole_optimal_control/share/cart_pole_optimal_control/models/cart_pole
[0.643s] creating /home/blazar/workspaces/cartiep_ws/install/cart_pole_optimal_control/share/cart_pole_optimal_control/models/cart_pole/meshes
[0.643s] running install_egg_info
[0.652s] Copying ../../build/cart_pole_optimal_control/cart_pole_optimal_control.egg-info to /home/blazar/workspaces/cartiep_ws/install/cart_pole_optimal_control/lib/python3.12/site-packages/cart_pole_optimal_control-0.0.1-py3.12.egg-info
[0.652s] running install_scripts
[0.712s] Installing bryson_lqr_controller script to /home/blazar/workspaces/cartiep_ws/install/cart_pole_optimal_control/lib/cart_pole_optimal_control
[0.712s] Installing dqn_cartpole script to /home/blazar/workspaces/cartiep_ws/install/cart_pole_optimal_control/lib/cart_pole_optimal_control
[0.712s] Installing earthquake_force_generator script to /home/blazar/workspaces/cartiep_ws/install/cart_pole_optimal_control/lib/cart_pole_optimal_control
[0.712s] Installing force_visualizer script to /home/blazar/workspaces/cartiep_ws/install/cart_pole_optimal_control/lib/cart_pole_optimal_control
[0.713s] Installing lqr_controller script to /home/blazar/workspaces/cartiep_ws/install/cart_pole_optimal_control/lib/cart_pole_optimal_control
[0.713s] Installing performance_monitor script to /home/blazar/workspaces/cartiep_ws/install/cart_pole_optimal_control/lib/cart_pole_optimal_control
[0.713s] Installing reset_time_publisher script to /home/blazar/workspaces/cartiep_ws/install/cart_pole_optimal_control/lib/cart_pole_optimal_control
[0.713s] Installing ros_control_env script to /home/blazar/workspaces/cartiep_ws/install/cart_pole_optimal_control/lib/cart_pole_optimal_control
[0.713s] Installing state_republisher script to /home/blazar/workspaces/cartiep_ws/install/cart_pole_optimal_control/lib/cart_pole_optimal_control
[0.713s] writing list of installed files to '/home/blazar/workspaces/cartiep_ws/build/cart_pole_optimal_control/install.log'
[0.724s] Invoked command in '/home/blazar/workspaces/cartiep_ws/src/cart_pole_optimal_control' returned '0': DEBUGINFOD_URLS=https://debuginfod.ubuntu.com PS1=(ros2_rl) \[\e]0;\u@\h: \w\a\]${debian_chroot:+($debian_chroot)}\[\033[01;32m\]\u@\h\[\033[00m\]:\[\033[01;34m\]\w\[\033[00m\]\$ PYTHONPATH=/home/blazar/workspaces/cartiep_ws/build/cart_pole_optimal_control/prefix_override:/usr/lib/python3/dist-packages/colcon_core/task/python/colcon_distutils_commands:/home/blazar/workspaces/cartiep_ws/install/cart_pole_optimal_control/lib/python3.12/site-packages:${PYTHONPATH} VIRTUAL_ENV_PROMPT=(ros2_rl) /usr/bin/python3 -W ignore:setup.py install is deprecated -W ignore:easy_install command is deprecated setup.py egg_info --egg-base ../../build/cart_pole_optimal_control build --build-base /home/blazar/workspaces/cartiep_ws/build/cart_pole_optimal_control/build install --record /home/blazar/workspaces/cartiep_ws/build/cart_pole_optimal_control/install.log --single-version-externally-managed install_data
