[0.016s] Invoking command in '/home/blazar/lawny_ws/build/control': CMAKE_PREFIX_PATH=${CMAKE_PREFIX_PATH}:/home/blazar/lawny_ws/install/first_order_boustrophedon_navigator:/opt/ros/humble /usr/bin/cmake --build /home/blazar/lawny_ws/build/control -- -j16 -l16
[0.042s] /usr/bin/cmake -S/home/blazar/lawny_ws/src/control -B/home/blazar/lawny_ws/build/control --check-build-system CMakeFiles/Makefile.cmake 0
[0.059s] /usr/bin/cmake -E cmake_progress_start /home/blazar/lawny_ws/build/control/CMakeFiles /home/blazar/lawny_ws/build/control//CMakeFiles/progress.marks
[0.071s] /usr/bin/gmake  -f CMakeFiles/Makefile2 all
[0.073s] gmake[1]: Entering directory '/home/blazar/lawny_ws/build/control'
[0.073s] /usr/bin/gmake  -f CMakeFiles/control__cpp.dir/build.make CMakeFiles/control__cpp.dir/depend
[0.073s] /usr/bin/gmake  -f CMakeFiles/control__rosidl_generator_c.dir/build.make CMakeFiles/control__rosidl_generator_c.dir/depend
[0.073s] /usr/bin/gmake  -f CMakeFiles/ament_cmake_python_copy_control.dir/build.make CMakeFiles/ament_cmake_python_copy_control.dir/depend
[0.074s] gmake[2]: Entering directory '/home/blazar/lawny_ws/build/control'
[0.074s] cd /home/blazar/lawny_ws/build/control && /usr/bin/cmake -E cmake_depends "Unix Makefiles" /home/blazar/lawny_ws/src/control /home/blazar/lawny_ws/src/control /home/blazar/lawny_ws/build/control /home/blazar/lawny_ws/build/control /home/blazar/lawny_ws/build/control/CMakeFiles/control__cpp.dir/DependInfo.cmake --color=
[0.075s] gmake[2]: Entering directory '/home/blazar/lawny_ws/build/control'
[0.075s] gmake[2]: Entering directory '/home/blazar/lawny_ws/build/control'
[0.075s] cd /home/blazar/lawny_ws/build/control && /usr/bin/cmake -E cmake_depends "Unix Makefiles" /home/blazar/lawny_ws/src/control /home/blazar/lawny_ws/src/control /home/blazar/lawny_ws/build/control /home/blazar/lawny_ws/build/control /home/blazar/lawny_ws/build/control/CMakeFiles/ament_cmake_python_copy_control.dir/DependInfo.cmake --color=
[0.075s] cd /home/blazar/lawny_ws/build/control && /usr/bin/cmake -E cmake_depends "Unix Makefiles" /home/blazar/lawny_ws/src/control /home/blazar/lawny_ws/src/control /home/blazar/lawny_ws/build/control /home/blazar/lawny_ws/build/control /home/blazar/lawny_ws/build/control/CMakeFiles/control__rosidl_generator_c.dir/DependInfo.cmake --color=
[0.088s] gmake[2]: Leaving directory '/home/blazar/lawny_ws/build/control'
[0.089s] gmake[2]: Leaving directory '/home/blazar/lawny_ws/build/control'
[0.089s] gmake[2]: Leaving directory '/home/blazar/lawny_ws/build/control'
[0.089s] /usr/bin/gmake  -f CMakeFiles/control__cpp.dir/build.make CMakeFiles/control__cpp.dir/build
[0.089s] /usr/bin/gmake  -f CMakeFiles/control__rosidl_generator_c.dir/build.make CMakeFiles/control__rosidl_generator_c.dir/build
[0.089s] /usr/bin/gmake  -f CMakeFiles/ament_cmake_python_copy_control.dir/build.make CMakeFiles/ament_cmake_python_copy_control.dir/build
[0.090s] gmake[2]: Entering directory '/home/blazar/lawny_ws/build/control'
[0.090s] gmake[2]: Nothing to be done for 'CMakeFiles/control__cpp.dir/build'.
[0.090s] gmake[2]: Leaving directory '/home/blazar/lawny_ws/build/control'
[0.090s] gmake[2]: Entering directory '/home/blazar/lawny_ws/build/control'
[0.090s] /usr/bin/cmake -E copy_directory /home/blazar/lawny_ws/build/control/rosidl_generator_py/control /home/blazar/lawny_ws/build/control/ament_cmake_python/control/control
[0.091s] gmake[2]: Entering directory '/home/blazar/lawny_ws/build/control'
[0.091s] gmake[2]: Nothing to be done for 'CMakeFiles/control__rosidl_generator_c.dir/build'.
[0.091s] gmake[2]: Leaving directory '/home/blazar/lawny_ws/build/control'
[0.100s] [  6%] Built target control__cpp
[0.100s] [ 12%] Built target control__rosidl_generator_c
[0.101s] /usr/bin/gmake  -f CMakeFiles/control__rosidl_typesupport_cpp.dir/build.make CMakeFiles/control__rosidl_typesupport_cpp.dir/depend
[0.102s] /usr/bin/gmake  -f CMakeFiles/control__rosidl_typesupport_fastrtps_c.dir/build.make CMakeFiles/control__rosidl_typesupport_fastrtps_c.dir/depend
[0.102s] /usr/bin/gmake  -f CMakeFiles/control__rosidl_typesupport_introspection_c.dir/build.make CMakeFiles/control__rosidl_typesupport_introspection_c.dir/depend
[0.102s] /usr/bin/gmake  -f CMakeFiles/control__rosidl_typesupport_c.dir/build.make CMakeFiles/control__rosidl_typesupport_c.dir/depend
[0.103s] /usr/bin/gmake  -f CMakeFiles/control__rosidl_typesupport_fastrtps_cpp.dir/build.make CMakeFiles/control__rosidl_typesupport_fastrtps_cpp.dir/depend
[0.103s] /usr/bin/gmake  -f CMakeFiles/control__rosidl_typesupport_introspection_cpp.dir/build.make CMakeFiles/control__rosidl_typesupport_introspection_cpp.dir/depend
[0.103s] gmake[2]: Leaving directory '/home/blazar/lawny_ws/build/control'
[0.103s] gmake[2]: Entering directory '/home/blazar/lawny_ws/build/control'
[0.103s] cd /home/blazar/lawny_ws/build/control && /usr/bin/cmake -E cmake_depends "Unix Makefiles" /home/blazar/lawny_ws/src/control /home/blazar/lawny_ws/src/control /home/blazar/lawny_ws/build/control /home/blazar/lawny_ws/build/control /home/blazar/lawny_ws/build/control/CMakeFiles/control__rosidl_typesupport_cpp.dir/DependInfo.cmake --color=
[0.104s] gmake[2]: Entering directory '/home/blazar/lawny_ws/build/control'
[0.104s] cd /home/blazar/lawny_ws/build/control && /usr/bin/cmake -E cmake_depends "Unix Makefiles" /home/blazar/lawny_ws/src/control /home/blazar/lawny_ws/src/control /home/blazar/lawny_ws/build/control /home/blazar/lawny_ws/build/control /home/blazar/lawny_ws/build/control/CMakeFiles/control__rosidl_typesupport_introspection_c.dir/DependInfo.cmake --color=
[0.104s] gmake[2]: Entering directory '/home/blazar/lawny_ws/build/control'
[0.104s] cd /home/blazar/lawny_ws/build/control && /usr/bin/cmake -E cmake_depends "Unix Makefiles" /home/blazar/lawny_ws/src/control /home/blazar/lawny_ws/src/control /home/blazar/lawny_ws/build/control /home/blazar/lawny_ws/build/control /home/blazar/lawny_ws/build/control/CMakeFiles/control__rosidl_typesupport_fastrtps_c.dir/DependInfo.cmake --color=
[0.104s] gmake[2]: Entering directory '/home/blazar/lawny_ws/build/control'
[0.105s] cd /home/blazar/lawny_ws/build/control && /usr/bin/cmake -E cmake_depends "Unix Makefiles" /home/blazar/lawny_ws/src/control /home/blazar/lawny_ws/src/control /home/blazar/lawny_ws/build/control /home/blazar/lawny_ws/build/control /home/blazar/lawny_ws/build/control/CMakeFiles/control__rosidl_typesupport_c.dir/DependInfo.cmake --color=
[0.105s] gmake[2]: Entering directory '/home/blazar/lawny_ws/build/control'
[0.105s] cd /home/blazar/lawny_ws/build/control && /usr/bin/cmake -E cmake_depends "Unix Makefiles" /home/blazar/lawny_ws/src/control /home/blazar/lawny_ws/src/control /home/blazar/lawny_ws/build/control /home/blazar/lawny_ws/build/control /home/blazar/lawny_ws/build/control/CMakeFiles/control__rosidl_typesupport_fastrtps_cpp.dir/DependInfo.cmake --color=
[0.105s] gmake[2]: Entering directory '/home/blazar/lawny_ws/build/control'
[0.106s] cd /home/blazar/lawny_ws/build/control && /usr/bin/cmake -E cmake_depends "Unix Makefiles" /home/blazar/lawny_ws/src/control /home/blazar/lawny_ws/src/control /home/blazar/lawny_ws/build/control /home/blazar/lawny_ws/build/control /home/blazar/lawny_ws/build/control/CMakeFiles/control__rosidl_typesupport_introspection_cpp.dir/DependInfo.cmake --color=
[0.116s] [ 12%] Built target ament_cmake_python_copy_control
[0.118s] /usr/bin/gmake  -f CMakeFiles/ament_cmake_python_build_control_egg.dir/build.make CMakeFiles/ament_cmake_python_build_control_egg.dir/depend
[0.118s] gmake[2]: Leaving directory '/home/blazar/lawny_ws/build/control'
[0.118s] gmake[2]: Leaving directory '/home/blazar/lawny_ws/build/control'
[0.118s] gmake[2]: Leaving directory '/home/blazar/lawny_ws/build/control'
[0.118s] gmake[2]: Leaving directory '/home/blazar/lawny_ws/build/control'
[0.118s] gmake[2]: Leaving directory '/home/blazar/lawny_ws/build/control'
[0.118s] gmake[2]: Leaving directory '/home/blazar/lawny_ws/build/control'
[0.118s] /usr/bin/gmake  -f CMakeFiles/control__rosidl_typesupport_cpp.dir/build.make CMakeFiles/control__rosidl_typesupport_cpp.dir/build
[0.119s] /usr/bin/gmake  -f CMakeFiles/control__rosidl_typesupport_fastrtps_c.dir/build.make CMakeFiles/control__rosidl_typesupport_fastrtps_c.dir/build
[0.119s] /usr/bin/gmake  -f CMakeFiles/control__rosidl_typesupport_introspection_c.dir/build.make CMakeFiles/control__rosidl_typesupport_introspection_c.dir/build
[0.119s] /usr/bin/gmake  -f CMakeFiles/control__rosidl_typesupport_c.dir/build.make CMakeFiles/control__rosidl_typesupport_c.dir/build
[0.119s] /usr/bin/gmake  -f CMakeFiles/control__rosidl_typesupport_fastrtps_cpp.dir/build.make CMakeFiles/control__rosidl_typesupport_fastrtps_cpp.dir/build
[0.119s] /usr/bin/gmake  -f CMakeFiles/control__rosidl_typesupport_introspection_cpp.dir/build.make CMakeFiles/control__rosidl_typesupport_introspection_cpp.dir/build
[0.120s] gmake[2]: Entering directory '/home/blazar/lawny_ws/build/control'
[0.120s] cd /home/blazar/lawny_ws/build/control && /usr/bin/cmake -E cmake_depends "Unix Makefiles" /home/blazar/lawny_ws/src/control /home/blazar/lawny_ws/src/control /home/blazar/lawny_ws/build/control /home/blazar/lawny_ws/build/control /home/blazar/lawny_ws/build/control/CMakeFiles/ament_cmake_python_build_control_egg.dir/DependInfo.cmake --color=
[0.121s] gmake[2]: Entering directory '/home/blazar/lawny_ws/build/control'
[0.121s] gmake[2]: Nothing to be done for 'CMakeFiles/control__rosidl_typesupport_c.dir/build'.
[0.121s] gmake[2]: Leaving directory '/home/blazar/lawny_ws/build/control'
[0.121s] gmake[2]: Entering directory '/home/blazar/lawny_ws/build/control'
[0.121s] gmake[2]: Nothing to be done for 'CMakeFiles/control__rosidl_typesupport_introspection_c.dir/build'.
[0.121s] gmake[2]: Leaving directory '/home/blazar/lawny_ws/build/control'
[0.121s] gmake[2]: Entering directory '/home/blazar/lawny_ws/build/control'
[0.121s] gmake[2]: Nothing to be done for 'CMakeFiles/control__rosidl_typesupport_cpp.dir/build'.
[0.122s] gmake[2]: Leaving directory '/home/blazar/lawny_ws/build/control'
[0.122s] gmake[2]: Entering directory '/home/blazar/lawny_ws/build/control'
[0.122s] gmake[2]: Nothing to be done for 'CMakeFiles/control__rosidl_typesupport_fastrtps_c.dir/build'.
[0.122s] gmake[2]: Leaving directory '/home/blazar/lawny_ws/build/control'
[0.122s] gmake[2]: Entering directory '/home/blazar/lawny_ws/build/control'
[0.122s] gmake[2]: Nothing to be done for 'CMakeFiles/control__rosidl_typesupport_introspection_cpp.dir/build'.
[0.122s] gmake[2]: Leaving directory '/home/blazar/lawny_ws/build/control'
[0.123s] gmake[2]: Entering directory '/home/blazar/lawny_ws/build/control'
[0.123s] gmake[2]: Nothing to be done for 'CMakeFiles/control__rosidl_typesupport_fastrtps_cpp.dir/build'.
[0.123s] gmake[2]: Leaving directory '/home/blazar/lawny_ws/build/control'
[0.132s] [ 70%] Built target control__rosidl_typesupport_introspection_cpp
[0.133s] [ 70%] Built target control__rosidl_typesupport_c
[0.133s] [ 70%] Built target control__rosidl_typesupport_cpp
[0.133s] [ 70%] Built target control__rosidl_typesupport_fastrtps_c
[0.133s] [ 70%] Built target control__rosidl_typesupport_introspection_c
[0.133s] [ 70%] Built target control__rosidl_typesupport_fastrtps_cpp
[0.134s] gmake[2]: Leaving directory '/home/blazar/lawny_ws/build/control'
[0.134s] /usr/bin/gmake  -f CMakeFiles/control.dir/build.make CMakeFiles/control.dir/depend
[0.134s] /usr/bin/gmake  -f CMakeFiles/ament_cmake_python_build_control_egg.dir/build.make CMakeFiles/ament_cmake_python_build_control_egg.dir/build
[0.136s] gmake[2]: Entering directory '/home/blazar/lawny_ws/build/control'
[0.136s] cd /home/blazar/lawny_ws/build/control && /usr/bin/cmake -E cmake_depends "Unix Makefiles" /home/blazar/lawny_ws/src/control /home/blazar/lawny_ws/src/control /home/blazar/lawny_ws/build/control /home/blazar/lawny_ws/build/control /home/blazar/lawny_ws/build/control/CMakeFiles/control.dir/DependInfo.cmake --color=
[0.136s] gmake[2]: Entering directory '/home/blazar/lawny_ws/build/control'
[0.136s] cd /home/blazar/lawny_ws/build/control/ament_cmake_python/control && /usr/bin/python3 setup.py egg_info
[0.149s] gmake[2]: Leaving directory '/home/blazar/lawny_ws/build/control'
[0.149s] /usr/bin/gmake  -f CMakeFiles/control.dir/build.make CMakeFiles/control.dir/build
[0.150s] gmake[2]: Entering directory '/home/blazar/lawny_ws/build/control'
[0.151s] gmake[2]: Nothing to be done for 'CMakeFiles/control.dir/build'.
[0.151s] gmake[2]: Leaving directory '/home/blazar/lawny_ws/build/control'
[0.161s] [ 70%] Built target control
[0.163s] /usr/bin/gmake  -f control__py/CMakeFiles/control__py.dir/build.make control__py/CMakeFiles/control__py.dir/depend
[0.164s] gmake[2]: Entering directory '/home/blazar/lawny_ws/build/control'
[0.164s] cd /home/blazar/lawny_ws/build/control && /usr/bin/cmake -E cmake_depends "Unix Makefiles" /home/blazar/lawny_ws/src/control /home/blazar/lawny_ws/build/control/control__py /home/blazar/lawny_ws/build/control /home/blazar/lawny_ws/build/control/control__py /home/blazar/lawny_ws/build/control/control__py/CMakeFiles/control__py.dir/DependInfo.cmake --color=
[0.177s] gmake[2]: Leaving directory '/home/blazar/lawny_ws/build/control'
[0.177s] /usr/bin/gmake  -f control__py/CMakeFiles/control__py.dir/build.make control__py/CMakeFiles/control__py.dir/build
[0.179s] gmake[2]: Entering directory '/home/blazar/lawny_ws/build/control'
[0.179s] gmake[2]: Nothing to be done for 'control__py/CMakeFiles/control__py.dir/build'.
[0.179s] gmake[2]: Leaving directory '/home/blazar/lawny_ws/build/control'
[0.190s] [ 74%] Built target control__py
[0.192s] /usr/bin/gmake  -f CMakeFiles/control__rosidl_generator_py.dir/build.make CMakeFiles/control__rosidl_generator_py.dir/depend
[0.194s] gmake[2]: Entering directory '/home/blazar/lawny_ws/build/control'
[0.194s] cd /home/blazar/lawny_ws/build/control && /usr/bin/cmake -E cmake_depends "Unix Makefiles" /home/blazar/lawny_ws/src/control /home/blazar/lawny_ws/src/control /home/blazar/lawny_ws/build/control /home/blazar/lawny_ws/build/control /home/blazar/lawny_ws/build/control/CMakeFiles/control__rosidl_generator_py.dir/DependInfo.cmake --color=
[0.207s] gmake[2]: Leaving directory '/home/blazar/lawny_ws/build/control'
[0.207s] /usr/bin/gmake  -f CMakeFiles/control__rosidl_generator_py.dir/build.make CMakeFiles/control__rosidl_generator_py.dir/build
[0.210s] gmake[2]: Entering directory '/home/blazar/lawny_ws/build/control'
[0.211s] gmake[2]: Nothing to be done for 'CMakeFiles/control__rosidl_generator_py.dir/build'.
[0.211s] gmake[2]: Leaving directory '/home/blazar/lawny_ws/build/control'
[0.222s] [ 80%] Built target control__rosidl_generator_py
[0.223s] /usr/bin/gmake  -f CMakeFiles/control__rosidl_typesupport_fastrtps_c__pyext.dir/build.make CMakeFiles/control__rosidl_typesupport_fastrtps_c__pyext.dir/depend
[0.224s] /usr/bin/gmake  -f CMakeFiles/control__rosidl_typesupport_introspection_c__pyext.dir/build.make CMakeFiles/control__rosidl_typesupport_introspection_c__pyext.dir/depend
[0.224s] /usr/bin/gmake  -f CMakeFiles/control__rosidl_typesupport_c__pyext.dir/build.make CMakeFiles/control__rosidl_typesupport_c__pyext.dir/depend
[0.226s] gmake[2]: Entering directory '/home/blazar/lawny_ws/build/control'
[0.226s] cd /home/blazar/lawny_ws/build/control && /usr/bin/cmake -E cmake_depends "Unix Makefiles" /home/blazar/lawny_ws/src/control /home/blazar/lawny_ws/src/control /home/blazar/lawny_ws/build/control /home/blazar/lawny_ws/build/control /home/blazar/lawny_ws/build/control/CMakeFiles/control__rosidl_typesupport_fastrtps_c__pyext.dir/DependInfo.cmake --color=
[0.226s] gmake[2]: Entering directory '/home/blazar/lawny_ws/build/control'
[0.226s] cd /home/blazar/lawny_ws/build/control && /usr/bin/cmake -E cmake_depends "Unix Makefiles" /home/blazar/lawny_ws/src/control /home/blazar/lawny_ws/src/control /home/blazar/lawny_ws/build/control /home/blazar/lawny_ws/build/control /home/blazar/lawny_ws/build/control/CMakeFiles/control__rosidl_typesupport_introspection_c__pyext.dir/DependInfo.cmake --color=
[0.226s] gmake[2]: Entering directory '/home/blazar/lawny_ws/build/control'
[0.227s] cd /home/blazar/lawny_ws/build/control && /usr/bin/cmake -E cmake_depends "Unix Makefiles" /home/blazar/lawny_ws/src/control /home/blazar/lawny_ws/src/control /home/blazar/lawny_ws/build/control /home/blazar/lawny_ws/build/control /home/blazar/lawny_ws/build/control/CMakeFiles/control__rosidl_typesupport_c__pyext.dir/DependInfo.cmake --color=
[0.239s] gmake[2]: Leaving directory '/home/blazar/lawny_ws/build/control'
[0.239s] gmake[2]: Leaving directory '/home/blazar/lawny_ws/build/control'
[0.239s] gmake[2]: Leaving directory '/home/blazar/lawny_ws/build/control'
[0.240s] /usr/bin/gmake  -f CMakeFiles/control__rosidl_typesupport_c__pyext.dir/build.make CMakeFiles/control__rosidl_typesupport_c__pyext.dir/build
[0.240s] /usr/bin/gmake  -f CMakeFiles/control__rosidl_typesupport_fastrtps_c__pyext.dir/build.make CMakeFiles/control__rosidl_typesupport_fastrtps_c__pyext.dir/build
[0.240s] /usr/bin/gmake  -f CMakeFiles/control__rosidl_typesupport_introspection_c__pyext.dir/build.make CMakeFiles/control__rosidl_typesupport_introspection_c__pyext.dir/build
[0.243s] gmake[2]: Entering directory '/home/blazar/lawny_ws/build/control'
[0.243s] gmake[2]: Entering directory '/home/blazar/lawny_ws/build/control'
[0.243s] gmake[2]: Nothing to be done for 'CMakeFiles/control__rosidl_typesupport_introspection_c__pyext.dir/build'.
[0.243s] gmake[2]: Nothing to be done for 'CMakeFiles/control__rosidl_typesupport_fastrtps_c__pyext.dir/build'.
[0.243s] gmake[2]: Entering directory '/home/blazar/lawny_ws/build/control'
[0.243s] gmake[2]: Leaving directory '/home/blazar/lawny_ws/build/control'
[0.243s] gmake[2]: Nothing to be done for 'CMakeFiles/control__rosidl_typesupport_c__pyext.dir/build'.
[0.243s] gmake[2]: Leaving directory '/home/blazar/lawny_ws/build/control'
[0.243s] gmake[2]: Leaving directory '/home/blazar/lawny_ws/build/control'
[0.254s] [100%] Built target control__rosidl_typesupport_introspection_c__pyext
[0.254s] [100%] Built target control__rosidl_typesupport_fastrtps_c__pyext
[0.254s] [100%] Built target control__rosidl_typesupport_c__pyext
[0.377s] running egg_info
[0.378s] writing control.egg-info/PKG-INFO
[0.378s] writing dependency_links to control.egg-info/dependency_links.txt
[0.378s] writing top-level names to control.egg-info/top_level.txt
[0.381s] reading manifest file 'control.egg-info/SOURCES.txt'
[0.381s] writing manifest file 'control.egg-info/SOURCES.txt'
[0.409s] gmake[2]: Leaving directory '/home/blazar/lawny_ws/build/control'
[0.421s] [100%] Built target ament_cmake_python_build_control_egg
[0.422s] gmake[1]: Leaving directory '/home/blazar/lawny_ws/build/control'
[0.423s] /usr/bin/cmake -E cmake_progress_start /home/blazar/lawny_ws/build/control/CMakeFiles 0
[0.442s] Invoked command in '/home/blazar/lawny_ws/build/control' returned '0': CMAKE_PREFIX_PATH=${CMAKE_PREFIX_PATH}:/home/blazar/lawny_ws/install/first_order_boustrophedon_navigator:/opt/ros/humble /usr/bin/cmake --build /home/blazar/lawny_ws/build/control -- -j16 -l16
[0.459s] Invoking command in '/home/blazar/lawny_ws/build/control': CMAKE_PREFIX_PATH=${CMAKE_PREFIX_PATH}:/home/blazar/lawny_ws/install/first_order_boustrophedon_navigator:/opt/ros/humble /usr/bin/cmake --install /home/blazar/lawny_ws/build/control
[0.471s] -- Install configuration: ""
[0.471s] -- Up-to-date: /home/blazar/lawny_ws/install/control/share/ament_index/resource_index/rosidl_interfaces/control
[0.471s] -- Up-to-date: /home/blazar/lawny_ws/install/control/include/control/control
[0.471s] -- Up-to-date: /home/blazar/lawny_ws/install/control/include/control/control/msg
[0.471s] -- Up-to-date: /home/blazar/lawny_ws/install/control/include/control/control/msg/performance_metrics.h
[0.472s] -- Up-to-date: /home/blazar/lawny_ws/install/control/include/control/control/msg/rosidl_generator_c__visibility_control.h
[0.472s] -- Up-to-date: /home/blazar/lawny_ws/install/control/include/control/control/msg/detail
[0.472s] -- Up-to-date: /home/blazar/lawny_ws/install/control/include/control/control/msg/detail/performance_metrics__functions.h
[0.472s] -- Up-to-date: /home/blazar/lawny_ws/install/control/include/control/control/msg/detail/performance_metrics__struct.h
[0.472s] -- Up-to-date: /home/blazar/lawny_ws/install/control/include/control/control/msg/detail/performance_metrics__functions.c
[0.472s] -- Up-to-date: /home/blazar/lawny_ws/install/control/include/control/control/msg/detail/performance_metrics__type_support.h
[0.472s] -- Up-to-date: /home/blazar/lawny_ws/install/control/share/control/environment/library_path.sh
[0.472s] -- Up-to-date: /home/blazar/lawny_ws/install/control/share/control/environment/library_path.dsv
[0.472s] -- Up-to-date: /home/blazar/lawny_ws/install/control/lib/libcontrol__rosidl_generator_c.so
[0.472s] -- Up-to-date: /home/blazar/lawny_ws/install/control/include/control/control
[0.472s] -- Up-to-date: /home/blazar/lawny_ws/install/control/include/control/control/msg
[0.473s] -- Up-to-date: /home/blazar/lawny_ws/install/control/include/control/control/msg/rosidl_typesupport_fastrtps_c__visibility_control.h
[0.473s] -- Up-to-date: /home/blazar/lawny_ws/install/control/include/control/control/msg/detail
[0.473s] -- Up-to-date: /home/blazar/lawny_ws/install/control/include/control/control/msg/detail/performance_metrics__rosidl_typesupport_fastrtps_c.h
[0.473s] -- Up-to-date: /home/blazar/lawny_ws/install/control/lib/libcontrol__rosidl_typesupport_fastrtps_c.so
[0.473s] -- Up-to-date: /home/blazar/lawny_ws/install/control/include/control/control
[0.473s] -- Up-to-date: /home/blazar/lawny_ws/install/control/include/control/control/msg
[0.473s] -- Up-to-date: /home/blazar/lawny_ws/install/control/include/control/control/msg/rosidl_typesupport_introspection_c__visibility_control.h
[0.473s] -- Up-to-date: /home/blazar/lawny_ws/install/control/include/control/control/msg/detail
[0.473s] -- Up-to-date: /home/blazar/lawny_ws/install/control/include/control/control/msg/detail/performance_metrics__type_support.c
[0.473s] -- Up-to-date: /home/blazar/lawny_ws/install/control/include/control/control/msg/detail/performance_metrics__rosidl_typesupport_introspection_c.h
[0.473s] -- Up-to-date: /home/blazar/lawny_ws/install/control/lib/libcontrol__rosidl_typesupport_introspection_c.so
[0.473s] -- Up-to-date: /home/blazar/lawny_ws/install/control/lib/libcontrol__rosidl_typesupport_c.so
[0.474s] -- Up-to-date: /home/blazar/lawny_ws/install/control/include/control/control
[0.474s] -- Up-to-date: /home/blazar/lawny_ws/install/control/include/control/control/msg
[0.474s] -- Up-to-date: /home/blazar/lawny_ws/install/control/include/control/control/msg/rosidl_generator_cpp__visibility_control.hpp
[0.474s] -- Up-to-date: /home/blazar/lawny_ws/install/control/include/control/control/msg/performance_metrics.hpp
[0.474s] -- Up-to-date: /home/blazar/lawny_ws/install/control/include/control/control/msg/detail
[0.474s] -- Up-to-date: /home/blazar/lawny_ws/install/control/include/control/control/msg/detail/performance_metrics__builder.hpp
[0.474s] -- Up-to-date: /home/blazar/lawny_ws/install/control/include/control/control/msg/detail/performance_metrics__struct.hpp
[0.474s] -- Up-to-date: /home/blazar/lawny_ws/install/control/include/control/control/msg/detail/performance_metrics__traits.hpp
[0.474s] -- Up-to-date: /home/blazar/lawny_ws/install/control/include/control/control/msg/detail/performance_metrics__type_support.hpp
[0.474s] -- Up-to-date: /home/blazar/lawny_ws/install/control/include/control/control
[0.474s] -- Up-to-date: /home/blazar/lawny_ws/install/control/include/control/control/msg
[0.474s] -- Up-to-date: /home/blazar/lawny_ws/install/control/include/control/control/msg/rosidl_typesupport_fastrtps_cpp__visibility_control.h
[0.474s] -- Up-to-date: /home/blazar/lawny_ws/install/control/include/control/control/msg/detail
[0.474s] -- Up-to-date: /home/blazar/lawny_ws/install/control/include/control/control/msg/detail/dds_fastrtps
[0.474s] -- Up-to-date: /home/blazar/lawny_ws/install/control/include/control/control/msg/detail/performance_metrics__rosidl_typesupport_fastrtps_cpp.hpp
[0.475s] -- Up-to-date: /home/blazar/lawny_ws/install/control/lib/libcontrol__rosidl_typesupport_fastrtps_cpp.so
[0.475s] -- Up-to-date: /home/blazar/lawny_ws/install/control/include/control/control
[0.475s] -- Up-to-date: /home/blazar/lawny_ws/install/control/include/control/control/msg
[0.475s] -- Up-to-date: /home/blazar/lawny_ws/install/control/include/control/control/msg/detail
[0.475s] -- Up-to-date: /home/blazar/lawny_ws/install/control/include/control/control/msg/detail/performance_metrics__type_support.cpp
[0.475s] -- Up-to-date: /home/blazar/lawny_ws/install/control/include/control/control/msg/detail/performance_metrics__rosidl_typesupport_introspection_cpp.hpp
[0.475s] -- Up-to-date: /home/blazar/lawny_ws/install/control/lib/libcontrol__rosidl_typesupport_introspection_cpp.so
[0.475s] -- Up-to-date: /home/blazar/lawny_ws/install/control/lib/libcontrol__rosidl_typesupport_cpp.so
[0.475s] -- Up-to-date: /home/blazar/lawny_ws/install/control/share/control/environment/pythonpath.sh
[0.475s] -- Up-to-date: /home/blazar/lawny_ws/install/control/share/control/environment/pythonpath.dsv
[0.475s] -- Up-to-date: /home/blazar/lawny_ws/install/control/local/lib/python3.10/dist-packages/control-0.0.1-py3.10.egg-info
[0.476s] -- Installing: /home/blazar/lawny_ws/install/control/local/lib/python3.10/dist-packages/control-0.0.1-py3.10.egg-info/PKG-INFO
[0.476s] -- Installing: /home/blazar/lawny_ws/install/control/local/lib/python3.10/dist-packages/control-0.0.1-py3.10.egg-info/dependency_links.txt
[0.476s] -- Installing: /home/blazar/lawny_ws/install/control/local/lib/python3.10/dist-packages/control-0.0.1-py3.10.egg-info/SOURCES.txt
[0.476s] -- Installing: /home/blazar/lawny_ws/install/control/local/lib/python3.10/dist-packages/control-0.0.1-py3.10.egg-info/top_level.txt
[0.477s] -- Up-to-date: /home/blazar/lawny_ws/install/control/local/lib/python3.10/dist-packages/control
[0.477s] -- Up-to-date: /home/blazar/lawny_ws/install/control/local/lib/python3.10/dist-packages/control/_control_s.ep.rosidl_typesupport_c.c
[0.477s] -- Up-to-date: /home/blazar/lawny_ws/install/control/local/lib/python3.10/dist-packages/control/libcontrol__rosidl_generator_py.so
[0.477s] -- Up-to-date: /home/blazar/lawny_ws/install/control/local/lib/python3.10/dist-packages/control/control_s__rosidl_typesupport_introspection_c.cpython-310-x86_64-linux-gnu.so
[0.477s] -- Up-to-date: /home/blazar/lawny_ws/install/control/local/lib/python3.10/dist-packages/control/_control_s.ep.rosidl_typesupport_introspection_c.c
[0.477s] -- Up-to-date: /home/blazar/lawny_ws/install/control/local/lib/python3.10/dist-packages/control/__init__.py
[0.477s] -- Up-to-date: /home/blazar/lawny_ws/install/control/local/lib/python3.10/dist-packages/control/control_s__rosidl_typesupport_c.cpython-310-x86_64-linux-gnu.so
[0.477s] -- Up-to-date: /home/blazar/lawny_ws/install/control/local/lib/python3.10/dist-packages/control/control_s__rosidl_typesupport_fastrtps_c.cpython-310-x86_64-linux-gnu.so
[0.477s] -- Up-to-date: /home/blazar/lawny_ws/install/control/local/lib/python3.10/dist-packages/control/msg
[0.478s] -- Up-to-date: /home/blazar/lawny_ws/install/control/local/lib/python3.10/dist-packages/control/msg/__init__.py
[0.478s] -- Up-to-date: /home/blazar/lawny_ws/install/control/local/lib/python3.10/dist-packages/control/msg/_performance_metrics.py
[0.478s] -- Up-to-date: /home/blazar/lawny_ws/install/control/local/lib/python3.10/dist-packages/control/msg/_performance_metrics_s.c
[0.478s] -- Up-to-date: /home/blazar/lawny_ws/install/control/local/lib/python3.10/dist-packages/control/_control_s.ep.rosidl_typesupport_fastrtps_c.c
[0.515s] Listing '/home/blazar/lawny_ws/install/control/local/lib/python3.10/dist-packages/control'...
[0.515s] Listing '/home/blazar/lawny_ws/install/control/local/lib/python3.10/dist-packages/control/msg'...
[0.519s] -- Up-to-date: /home/blazar/lawny_ws/install/control/local/lib/python3.10/dist-packages/control/control_s__rosidl_typesupport_fastrtps_c.cpython-310-x86_64-linux-gnu.so
[0.520s] -- Up-to-date: /home/blazar/lawny_ws/install/control/local/lib/python3.10/dist-packages/control/control_s__rosidl_typesupport_introspection_c.cpython-310-x86_64-linux-gnu.so
[0.520s] -- Up-to-date: /home/blazar/lawny_ws/install/control/local/lib/python3.10/dist-packages/control/control_s__rosidl_typesupport_c.cpython-310-x86_64-linux-gnu.so
[0.521s] -- Up-to-date: /home/blazar/lawny_ws/install/control/lib/libcontrol__rosidl_generator_py.so
[0.521s] -- Up-to-date: /home/blazar/lawny_ws/install/control/share/control/msg/PerformanceMetrics.idl
[0.521s] -- Up-to-date: /home/blazar/lawny_ws/install/control/share/control/msg/PerformanceMetrics.msg
[0.521s] -- Up-to-date: /home/blazar/lawny_ws/install/control/lib/control/controller.py
[0.521s] -- Up-to-date: /home/blazar/lawny_ws/install/control/share/control/launch/launch
[0.521s] -- Up-to-date: /home/blazar/lawny_ws/install/control/share/control/launch/launch/controller_launch.xml
[0.521s] -- Up-to-date: /home/blazar/lawny_ws/install/control/share/ament_index/resource_index/package_run_dependencies/control
[0.521s] -- Up-to-date: /home/blazar/lawny_ws/install/control/share/ament_index/resource_index/parent_prefix_path/control
[0.522s] -- Up-to-date: /home/blazar/lawny_ws/install/control/share/control/environment/ament_prefix_path.sh
[0.522s] -- Up-to-date: /home/blazar/lawny_ws/install/control/share/control/environment/ament_prefix_path.dsv
[0.522s] -- Up-to-date: /home/blazar/lawny_ws/install/control/share/control/environment/path.sh
[0.522s] -- Up-to-date: /home/blazar/lawny_ws/install/control/share/control/environment/path.dsv
[0.522s] -- Up-to-date: /home/blazar/lawny_ws/install/control/share/control/local_setup.bash
[0.522s] -- Up-to-date: /home/blazar/lawny_ws/install/control/share/control/local_setup.sh
[0.522s] -- Up-to-date: /home/blazar/lawny_ws/install/control/share/control/local_setup.zsh
[0.522s] -- Up-to-date: /home/blazar/lawny_ws/install/control/share/control/local_setup.dsv
[0.522s] -- Installing: /home/blazar/lawny_ws/install/control/share/control/package.dsv
[0.522s] -- Up-to-date: /home/blazar/lawny_ws/install/control/share/ament_index/resource_index/packages/control
[0.522s] -- Up-to-date: /home/blazar/lawny_ws/install/control/share/control/cmake/export_control__rosidl_generator_cExport.cmake
[0.522s] -- Up-to-date: /home/blazar/lawny_ws/install/control/share/control/cmake/export_control__rosidl_generator_cExport-noconfig.cmake
[0.522s] -- Up-to-date: /home/blazar/lawny_ws/install/control/share/control/cmake/export_control__rosidl_typesupport_fastrtps_cExport.cmake
[0.523s] -- Up-to-date: /home/blazar/lawny_ws/install/control/share/control/cmake/export_control__rosidl_typesupport_fastrtps_cExport-noconfig.cmake
[0.523s] -- Up-to-date: /home/blazar/lawny_ws/install/control/share/control/cmake/control__rosidl_typesupport_introspection_cExport.cmake
[0.523s] -- Up-to-date: /home/blazar/lawny_ws/install/control/share/control/cmake/control__rosidl_typesupport_introspection_cExport-noconfig.cmake
[0.523s] -- Up-to-date: /home/blazar/lawny_ws/install/control/share/control/cmake/control__rosidl_typesupport_cExport.cmake
[0.523s] -- Up-to-date: /home/blazar/lawny_ws/install/control/share/control/cmake/control__rosidl_typesupport_cExport-noconfig.cmake
[0.523s] -- Up-to-date: /home/blazar/lawny_ws/install/control/share/control/cmake/export_control__rosidl_generator_cppExport.cmake
[0.523s] -- Up-to-date: /home/blazar/lawny_ws/install/control/share/control/cmake/export_control__rosidl_typesupport_fastrtps_cppExport.cmake
[0.523s] -- Up-to-date: /home/blazar/lawny_ws/install/control/share/control/cmake/export_control__rosidl_typesupport_fastrtps_cppExport-noconfig.cmake
[0.523s] -- Up-to-date: /home/blazar/lawny_ws/install/control/share/control/cmake/control__rosidl_typesupport_introspection_cppExport.cmake
[0.523s] -- Up-to-date: /home/blazar/lawny_ws/install/control/share/control/cmake/control__rosidl_typesupport_introspection_cppExport-noconfig.cmake
[0.523s] -- Up-to-date: /home/blazar/lawny_ws/install/control/share/control/cmake/control__rosidl_typesupport_cppExport.cmake
[0.523s] -- Up-to-date: /home/blazar/lawny_ws/install/control/share/control/cmake/control__rosidl_typesupport_cppExport-noconfig.cmake
[0.524s] -- Up-to-date: /home/blazar/lawny_ws/install/control/share/control/cmake/export_control__rosidl_generator_pyExport.cmake
[0.524s] -- Up-to-date: /home/blazar/lawny_ws/install/control/share/control/cmake/export_control__rosidl_generator_pyExport-noconfig.cmake
[0.524s] -- Up-to-date: /home/blazar/lawny_ws/install/control/share/control/cmake/rosidl_cmake-extras.cmake
[0.524s] -- Up-to-date: /home/blazar/lawny_ws/install/control/share/control/cmake/ament_cmake_export_include_directories-extras.cmake
[0.524s] -- Up-to-date: /home/blazar/lawny_ws/install/control/share/control/cmake/ament_cmake_export_libraries-extras.cmake
[0.524s] -- Up-to-date: /home/blazar/lawny_ws/install/control/share/control/cmake/ament_cmake_export_targets-extras.cmake
[0.524s] -- Up-to-date: /home/blazar/lawny_ws/install/control/share/control/cmake/rosidl_cmake_export_typesupport_targets-extras.cmake
[0.524s] -- Up-to-date: /home/blazar/lawny_ws/install/control/share/control/cmake/ament_cmake_export_dependencies-extras.cmake
[0.524s] -- Up-to-date: /home/blazar/lawny_ws/install/control/share/control/cmake/rosidl_cmake_export_typesupport_libraries-extras.cmake
[0.524s] -- Up-to-date: /home/blazar/lawny_ws/install/control/share/control/cmake/controlConfig.cmake
[0.524s] -- Up-to-date: /home/blazar/lawny_ws/install/control/share/control/cmake/controlConfig-version.cmake
[0.524s] -- Up-to-date: /home/blazar/lawny_ws/install/control/share/control/package.xml
[0.529s] Invoked command in '/home/blazar/lawny_ws/build/control' returned '0': CMAKE_PREFIX_PATH=${CMAKE_PREFIX_PATH}:/home/blazar/lawny_ws/install/first_order_boustrophedon_navigator:/opt/ros/humble /usr/bin/cmake --install /home/blazar/lawny_ws/build/control
