[0.420s] Invoking command in '/home/blazar/workspaces/cartiep_ws/src/cart_pole_optimal_control': DEBUGINFOD_URLS=https://debuginfod.ubuntu.com PS1=(ros2_rl) \[\e]0;\u@\h: \w\a\]${debian_chroot:+($debian_chroot)}\[\033[01;32m\]\u@\h\[\033[00m\]:\[\033[01;34m\]\w\[\033[00m\]\$ PYTHONPATH=/home/blazar/workspaces/cartiep_ws/build/cart_pole_optimal_control/prefix_override:/usr/lib/python3/dist-packages/colcon_core/task/python/colcon_distutils_commands:/home/blazar/workspaces/cartiep_ws/install/cart_pole_optimal_control/lib/python3.12/site-packages:${PYTHONPATH} VIRTUAL_ENV_PROMPT=(ros2_rl) /usr/bin/python3 -W ignore:setup.py install is deprecated -W ignore:easy_install command is deprecated setup.py egg_info --egg-base ../../build/cart_pole_optimal_control build --build-base /home/blazar/workspaces/cartiep_ws/build/cart_pole_optimal_control/build install --record /home/blazar/workspaces/cartiep_ws/build/cart_pole_optimal_control/install.log --single-version-externally-managed install_data
[0.561s] running egg_info
[0.570s] writing ../../build/cart_pole_optimal_control/cart_pole_optimal_control.egg-info/PKG-INFO
[0.570s] writing dependency_links to ../../build/cart_pole_optimal_control/cart_pole_optimal_control.egg-info/dependency_links.txt
[0.570s] writing entry points to ../../build/cart_pole_optimal_control/cart_pole_optimal_control.egg-info/entry_points.txt
[0.570s] writing requirements to ../../build/cart_pole_optimal_control/cart_pole_optimal_control.egg-info/requires.txt
[0.570s] writing top-level names to ../../build/cart_pole_optimal_control/cart_pole_optimal_control.egg-info/top_level.txt
[0.588s] reading manifest file '../../build/cart_pole_optimal_control/cart_pole_optimal_control.egg-info/SOURCES.txt'
[0.588s] writing manifest file '../../build/cart_pole_optimal_control/cart_pole_optimal_control.egg-info/SOURCES.txt'
[0.588s] running build
[0.588s] running build_py
[0.588s] copying cart_pole_optimal_control/dqn_cartpole.py -> /home/blazar/workspaces/cartiep_ws/build/cart_pole_optimal_control/build/lib/cart_pole_optimal_control
[0.589s] running install
[0.592s] running install_lib
[0.600s] copying /home/blazar/workspaces/cartiep_ws/build/cart_pole_optimal_control/build/lib/cart_pole_optimal_control/dqn_cartpole.py -> /home/blazar/workspaces/cartiep_ws/install/cart_pole_optimal_control/lib/python3.12/site-packages/cart_pole_optimal_control
[0.601s] byte-compiling /home/blazar/workspaces/cartiep_ws/install/cart_pole_optimal_control/lib/python3.12/site-packages/cart_pole_optimal_control/dqn_cartpole.py to dqn_cartpole.cpython-312.pyc
[0.602s] running install_data
[0.602s] copying launch/cart_pole_dqn.launch.py -> /home/blazar/workspaces/cartiep_ws/install/cart_pole_optimal_control/share/cart_pole_optimal_control/launch
[0.603s] running install_egg_info
[0.611s] removing '/home/blazar/workspaces/cartiep_ws/install/cart_pole_optimal_control/lib/python3.12/site-packages/cart_pole_optimal_control-0.0.1-py3.12.egg-info' (and everything under it)
[0.611s] Copying ../../build/cart_pole_optimal_control/cart_pole_optimal_control.egg-info to /home/blazar/workspaces/cartiep_ws/install/cart_pole_optimal_control/lib/python3.12/site-packages/cart_pole_optimal_control-0.0.1-py3.12.egg-info
[0.612s] running install_scripts
[0.672s] Installing bryson_lqr_controller script to /home/blazar/workspaces/cartiep_ws/install/cart_pole_optimal_control/lib/cart_pole_optimal_control
[0.673s] Installing dqn_cartpole script to /home/blazar/workspaces/cartiep_ws/install/cart_pole_optimal_control/lib/cart_pole_optimal_control
[0.673s] Installing earthquake_force_generator script to /home/blazar/workspaces/cartiep_ws/install/cart_pole_optimal_control/lib/cart_pole_optimal_control
[0.673s] Installing force_visualizer script to /home/blazar/workspaces/cartiep_ws/install/cart_pole_optimal_control/lib/cart_pole_optimal_control
[0.673s] Installing lqr_controller script to /home/blazar/workspaces/cartiep_ws/install/cart_pole_optimal_control/lib/cart_pole_optimal_control
[0.673s] Installing performance_monitor script to /home/blazar/workspaces/cartiep_ws/install/cart_pole_optimal_control/lib/cart_pole_optimal_control
[0.673s] Installing ros_control_env script to /home/blazar/workspaces/cartiep_ws/install/cart_pole_optimal_control/lib/cart_pole_optimal_control
[0.673s] Installing state_republisher script to /home/blazar/workspaces/cartiep_ws/install/cart_pole_optimal_control/lib/cart_pole_optimal_control
[0.673s] writing list of installed files to '/home/blazar/workspaces/cartiep_ws/build/cart_pole_optimal_control/install.log'
[0.685s] Invoked command in '/home/blazar/workspaces/cartiep_ws/src/cart_pole_optimal_control' returned '0': DEBUGINFOD_URLS=https://debuginfod.ubuntu.com PS1=(ros2_rl) \[\e]0;\u@\h: \w\a\]${debian_chroot:+($debian_chroot)}\[\033[01;32m\]\u@\h\[\033[00m\]:\[\033[01;34m\]\w\[\033[00m\]\$ PYTHONPATH=/home/blazar/workspaces/cartiep_ws/build/cart_pole_optimal_control/prefix_override:/usr/lib/python3/dist-packages/colcon_core/task/python/colcon_distutils_commands:/home/blazar/workspaces/cartiep_ws/install/cart_pole_optimal_control/lib/python3.12/site-packages:${PYTHONPATH} VIRTUAL_ENV_PROMPT=(ros2_rl) /usr/bin/python3 -W ignore:setup.py install is deprecated -W ignore:easy_install command is deprecated setup.py egg_info --egg-base ../../build/cart_pole_optimal_control build --build-base /home/blazar/workspaces/cartiep_ws/build/cart_pole_optimal_control/build install --record /home/blazar/workspaces/cartiep_ws/build/cart_pole_optimal_control/install.log --single-version-externally-managed install_data
