running develop
running egg_info
writing cart_pole_optimal_control.egg-info/PKG-INFO
writing dependency_links to cart_pole_optimal_control.egg-info/dependency_links.txt
writing entry points to cart_pole_optimal_control.egg-info/entry_points.txt
writing requirements to cart_pole_optimal_control.egg-info/requires.txt
writing top-level names to cart_pole_optimal_control.egg-info/top_level.txt
reading manifest file 'cart_pole_optimal_control.egg-info/SOURCES.txt'
writing manifest file 'cart_pole_optimal_control.egg-info/SOURCES.txt'
running build_ext
Creating /home/blazar/workspaces/cartiep_ws/install/cart_pole_optimal_control/lib/python3.12/site-packages/cart-pole-optimal-control.egg-link (link to .)
Installing bryson_lqr_controller script to /home/blazar/workspaces/cartiep_ws/install/cart_pole_optimal_control/lib/cart_pole_optimal_control
Installing dqn_cartpole script to /home/blazar/workspaces/cartiep_ws/install/cart_pole_optimal_control/lib/cart_pole_optimal_control
Installing earthquake_force_generator script to /home/blazar/workspaces/cartiep_ws/install/cart_pole_optimal_control/lib/cart_pole_optimal_control
Installing force_visualizer script to /home/blazar/workspaces/cartiep_ws/install/cart_pole_optimal_control/lib/cart_pole_optimal_control
Installing gym script to /home/blazar/workspaces/cartiep_ws/install/cart_pole_optimal_control/lib/cart_pole_optimal_control
Installing lqr_controller script to /home/blazar/workspaces/cartiep_ws/install/cart_pole_optimal_control/lib/cart_pole_optimal_control
Installing performance_monitor script to /home/blazar/workspaces/cartiep_ws/install/cart_pole_optimal_control/lib/cart_pole_optimal_control
Installing ros_control_env script to /home/blazar/workspaces/cartiep_ws/install/cart_pole_optimal_control/lib/cart_pole_optimal_control
Installing state_republisher script to /home/blazar/workspaces/cartiep_ws/install/cart_pole_optimal_control/lib/cart_pole_optimal_control

Installed /home/blazar/workspaces/cartiep_ws/build/cart_pole_optimal_control
running symlink_data
symbolically linking /home/blazar/workspaces/cartiep_ws/build/cart_pole_optimal_control/resource/cart_pole_optimal_control -> /home/blazar/workspaces/cartiep_ws/install/cart_pole_optimal_control/share/ament_index/resource_index/packages
symbolically linking /home/blazar/workspaces/cartiep_ws/build/cart_pole_optimal_control/package.xml -> /home/blazar/workspaces/cartiep_ws/install/cart_pole_optimal_control/share/cart_pole_optimal_control
symbolically linking /home/blazar/workspaces/cartiep_ws/build/cart_pole_optimal_control/launch/cart_pole.launch.py -> /home/blazar/workspaces/cartiep_ws/install/cart_pole_optimal_control/share/cart_pole_optimal_control/launch
symbolically linking /home/blazar/workspaces/cartiep_ws/build/cart_pole_optimal_control/launch/cart_pole_rviz.launch.py -> /home/blazar/workspaces/cartiep_ws/install/cart_pole_optimal_control/share/cart_pole_optimal_control/launch
symbolically linking /home/blazar/workspaces/cartiep_ws/build/cart_pole_optimal_control/launch/cart_pole_bryson.launch.py -> /home/blazar/workspaces/cartiep_ws/install/cart_pole_optimal_control/share/cart_pole_optimal_control/launch
symbolically linking /home/blazar/workspaces/cartiep_ws/build/cart_pole_optimal_control/launch/cart_pole_dqn.launch.py -> /home/blazar/workspaces/cartiep_ws/install/cart_pole_optimal_control/share/cart_pole_optimal_control/launch
symbolically linking /home/blazar/workspaces/cartiep_ws/build/cart_pole_optimal_control/config/cart_pole.rviz -> /home/blazar/workspaces/cartiep_ws/install/cart_pole_optimal_control/share/cart_pole_optimal_control/config
symbolically linking /home/blazar/workspaces/cartiep_ws/build/cart_pole_optimal_control/config/hyper.yaml -> /home/blazar/workspaces/cartiep_ws/install/cart_pole_optimal_control/share/cart_pole_optimal_control/config
symbolically linking /home/blazar/workspaces/cartiep_ws/build/cart_pole_optimal_control/models/cart_pole/model.urdf -> /home/blazar/workspaces/cartiep_ws/install/cart_pole_optimal_control/share/cart_pole_optimal_control/models/cart_pole
