[0.412s] Invoking command in '/home/blazar/workspaces/cartiep_ws/build/cart_pole_optimal_control': DEBUGINFOD_URLS=https://debuginfod.ubuntu.com PYTHONPATH=/home/blazar/workspaces/cartiep_ws/build/cart_pole_optimal_control/prefix_override:/usr/lib/python3/dist-packages/colcon_core/task/python/colcon_distutils_commands:/home/blazar/workspaces/cartiep_ws/install/cart_pole_optimal_control/lib/python3.12/site-packages:${PYTHONPATH} /usr/bin/python3 -W ignore:setup.py install is deprecated -W ignore:easy_install command is deprecated setup.py develop --editable --build-directory /home/blazar/workspaces/cartiep_ws/build/cart_pole_optimal_control/build --no-deps symlink_data --force
[0.565s] running develop
[0.651s] running egg_info
[0.659s] writing cart_pole_optimal_control.egg-info/PKG-INFO
[0.659s] writing dependency_links to cart_pole_optimal_control.egg-info/dependency_links.txt
[0.659s] writing entry points to cart_pole_optimal_control.egg-info/entry_points.txt
[0.660s] writing requirements to cart_pole_optimal_control.egg-info/requires.txt
[0.660s] writing top-level names to cart_pole_optimal_control.egg-info/top_level.txt
[0.676s] reading manifest file 'cart_pole_optimal_control.egg-info/SOURCES.txt'
[0.676s] writing manifest file 'cart_pole_optimal_control.egg-info/SOURCES.txt'
[0.685s] running build_ext
[0.685s] Creating /home/blazar/workspaces/cartiep_ws/install/cart_pole_optimal_control/lib/python3.12/site-packages/cart-pole-optimal-control.egg-link (link to .)
[0.685s] Installing bryson_lqr_controller script to /home/blazar/workspaces/cartiep_ws/install/cart_pole_optimal_control/lib/cart_pole_optimal_control
[0.685s] Installing dqn_cartpole script to /home/blazar/workspaces/cartiep_ws/install/cart_pole_optimal_control/lib/cart_pole_optimal_control
[0.686s] Installing earthquake_force_generator script to /home/blazar/workspaces/cartiep_ws/install/cart_pole_optimal_control/lib/cart_pole_optimal_control
[0.686s] Installing force_visualizer script to /home/blazar/workspaces/cartiep_ws/install/cart_pole_optimal_control/lib/cart_pole_optimal_control
[0.686s] Installing gym script to /home/blazar/workspaces/cartiep_ws/install/cart_pole_optimal_control/lib/cart_pole_optimal_control
[0.686s] Installing lqr_controller script to /home/blazar/workspaces/cartiep_ws/install/cart_pole_optimal_control/lib/cart_pole_optimal_control
[0.686s] Installing performance_monitor script to /home/blazar/workspaces/cartiep_ws/install/cart_pole_optimal_control/lib/cart_pole_optimal_control
[0.686s] Installing ros_control_env script to /home/blazar/workspaces/cartiep_ws/install/cart_pole_optimal_control/lib/cart_pole_optimal_control
[0.686s] Installing state_republisher script to /home/blazar/workspaces/cartiep_ws/install/cart_pole_optimal_control/lib/cart_pole_optimal_control
[0.686s] 
[0.686s] Installed /home/blazar/workspaces/cartiep_ws/build/cart_pole_optimal_control
[0.686s] running symlink_data
[0.686s] symbolically linking /home/blazar/workspaces/cartiep_ws/build/cart_pole_optimal_control/resource/cart_pole_optimal_control -> /home/blazar/workspaces/cartiep_ws/install/cart_pole_optimal_control/share/ament_index/resource_index/packages
[0.687s] symbolically linking /home/blazar/workspaces/cartiep_ws/build/cart_pole_optimal_control/package.xml -> /home/blazar/workspaces/cartiep_ws/install/cart_pole_optimal_control/share/cart_pole_optimal_control
[0.687s] symbolically linking /home/blazar/workspaces/cartiep_ws/build/cart_pole_optimal_control/launch/cart_pole.launch.py -> /home/blazar/workspaces/cartiep_ws/install/cart_pole_optimal_control/share/cart_pole_optimal_control/launch
[0.687s] symbolically linking /home/blazar/workspaces/cartiep_ws/build/cart_pole_optimal_control/launch/cart_pole_rviz.launch.py -> /home/blazar/workspaces/cartiep_ws/install/cart_pole_optimal_control/share/cart_pole_optimal_control/launch
[0.687s] symbolically linking /home/blazar/workspaces/cartiep_ws/build/cart_pole_optimal_control/launch/cart_pole_bryson.launch.py -> /home/blazar/workspaces/cartiep_ws/install/cart_pole_optimal_control/share/cart_pole_optimal_control/launch
[0.687s] symbolically linking /home/blazar/workspaces/cartiep_ws/build/cart_pole_optimal_control/launch/cart_pole_dqn.launch.py -> /home/blazar/workspaces/cartiep_ws/install/cart_pole_optimal_control/share/cart_pole_optimal_control/launch
[0.687s] symbolically linking /home/blazar/workspaces/cartiep_ws/build/cart_pole_optimal_control/config/cart_pole.rviz -> /home/blazar/workspaces/cartiep_ws/install/cart_pole_optimal_control/share/cart_pole_optimal_control/config
[0.687s] symbolically linking /home/blazar/workspaces/cartiep_ws/build/cart_pole_optimal_control/config/hyper.yaml -> /home/blazar/workspaces/cartiep_ws/install/cart_pole_optimal_control/share/cart_pole_optimal_control/config
[0.687s] symbolically linking /home/blazar/workspaces/cartiep_ws/build/cart_pole_optimal_control/models/cart_pole/model.urdf -> /home/blazar/workspaces/cartiep_ws/install/cart_pole_optimal_control/share/cart_pole_optimal_control/models/cart_pole
[0.701s] Invoked command in '/home/blazar/workspaces/cartiep_ws/build/cart_pole_optimal_control' returned '0': DEBUGINFOD_URLS=https://debuginfod.ubuntu.com PYTHONPATH=/home/blazar/workspaces/cartiep_ws/build/cart_pole_optimal_control/prefix_override:/usr/lib/python3/dist-packages/colcon_core/task/python/colcon_distutils_commands:/home/blazar/workspaces/cartiep_ws/install/cart_pole_optimal_control/lib/python3.12/site-packages:${PYTHONPATH} /usr/bin/python3 -W ignore:setup.py install is deprecated -W ignore:easy_install command is deprecated setup.py develop --editable --build-directory /home/blazar/workspaces/cartiep_ws/build/cart_pole_optimal_control/build --no-deps symlink_data --force
