running egg_info
creating ../../build/ralpoley/ralpoley.egg-info
writing ../../build/ralpoley/ralpoley.egg-info/PKG-INFO
writing dependency_links to ../../build/ralpoley/ralpoley.egg-info/dependency_links.txt
writing entry points to ../../build/ralpoley/ralpoley.egg-info/entry_points.txt
writing requirements to ../../build/ralpoley/ralpoley.egg-info/requires.txt
writing top-level names to ../../build/ralpoley/ralpoley.egg-info/top_level.txt
writing manifest file '../../build/ralpoley/ralpoley.egg-info/SOURCES.txt'
reading manifest file '../../build/ralpoley/ralpoley.egg-info/SOURCES.txt'
writing manifest file '../../build/ralpoley/ralpoley.egg-info/SOURCES.txt'
running build
running build_py
creating /home/blazar/workspaces/cartip_ws/build/ralpoley/build
creating /home/blazar/workspaces/cartip_ws/build/ralpoley/build/lib
creating /home/blazar/workspaces/cartip_ws/build/ralpoley/build/lib/ralpoley
copying ralpoley/gym.py -> /home/blazar/workspaces/cartip_ws/build/ralpoley/build/lib/ralpoley
copying ralpoley/__init__.py -> /home/blazar/workspaces/cartip_ws/build/ralpoley/build/lib/ralpoley
running install
running install_lib
creating /home/blazar/workspaces/cartip_ws/install/ralpoley/lib/python3.12/site-packages/ralpoley
copying /home/blazar/workspaces/cartip_ws/build/ralpoley/build/lib/ralpoley/gym.py -> /home/blazar/workspaces/cartip_ws/install/ralpoley/lib/python3.12/site-packages/ralpoley
copying /home/blazar/workspaces/cartip_ws/build/ralpoley/build/lib/ralpoley/__init__.py -> /home/blazar/workspaces/cartip_ws/install/ralpoley/lib/python3.12/site-packages/ralpoley
byte-compiling /home/blazar/workspaces/cartip_ws/install/ralpoley/lib/python3.12/site-packages/ralpoley/gym.py to gym.cpython-312.pyc
byte-compiling /home/blazar/workspaces/cartip_ws/install/ralpoley/lib/python3.12/site-packages/ralpoley/__init__.py to __init__.cpython-312.pyc
running install_data
creating /home/blazar/workspaces/cartip_ws/install/ralpoley/share/ament_index
creating /home/blazar/workspaces/cartip_ws/install/ralpoley/share/ament_index/resource_index
creating /home/blazar/workspaces/cartip_ws/install/ralpoley/share/ament_index/resource_index/packages
copying resource/ralpoley -> /home/blazar/workspaces/cartip_ws/install/ralpoley/share/ament_index/resource_index/packages
copying package.xml -> /home/blazar/workspaces/cartip_ws/install/ralpoley/share/ralpoley
running install_egg_info
Copying ../../build/ralpoley/ralpoley.egg-info to /home/blazar/workspaces/cartip_ws/install/ralpoley/lib/python3.12/site-packages/ralpoley-0.0.0-py3.12.egg-info
running install_scripts
Installing ralpoley script to /home/blazar/workspaces/cartip_ws/install/ralpoley/lib/ralpoley
writing list of installed files to '/home/blazar/workspaces/cartip_ws/build/ralpoley/install.log'
