[0.624s] Invoking command in '/home/blazar/workspaces/cartip_ws/src/ralpoley': DEBUGINFOD_URLS=https://debuginfod.ubuntu.com PS1=(ros2_rl) \[\e]0;\u@\h: \w\a\]${debian_chroot:+($debian_chroot)}\[\033[01;32m\]\u@\h\[\033[00m\]:\[\033[01;34m\]\w\[\033[00m\]\$ PYTHONPATH=/home/blazar/workspaces/cartip_ws/build/ralpoley/prefix_override:/usr/lib/python3/dist-packages/colcon_core/task/python/colcon_distutils_commands:/home/blazar/workspaces/cartip_ws/install/ralpoley/lib/python3.12/site-packages:${PYTHONPATH} VIRTUAL_ENV_PROMPT=(ros2_rl) /usr/bin/python3 -W ignore:setup.py install is deprecated -W ignore:easy_install command is deprecated setup.py egg_info --egg-base ../../build/ralpoley build --build-base /home/blazar/workspaces/cartip_ws/build/ralpoley/build install --record /home/blazar/workspaces/cartip_ws/build/ralpoley/install.log --single-version-externally-managed install_data
[0.752s] running egg_info
[0.753s] creating ../../build/ralpoley/ralpoley.egg-info
[0.761s] writing ../../build/ralpoley/ralpoley.egg-info/PKG-INFO
[0.761s] writing dependency_links to ../../build/ralpoley/ralpoley.egg-info/dependency_links.txt
[0.761s] writing entry points to ../../build/ralpoley/ralpoley.egg-info/entry_points.txt
[0.761s] writing requirements to ../../build/ralpoley/ralpoley.egg-info/requires.txt
[0.761s] writing top-level names to ../../build/ralpoley/ralpoley.egg-info/top_level.txt
[0.761s] writing manifest file '../../build/ralpoley/ralpoley.egg-info/SOURCES.txt'
[0.778s] reading manifest file '../../build/ralpoley/ralpoley.egg-info/SOURCES.txt'
[0.779s] writing manifest file '../../build/ralpoley/ralpoley.egg-info/SOURCES.txt'
[0.779s] running build
[0.779s] running build_py
[0.779s] creating /home/blazar/workspaces/cartip_ws/build/ralpoley/build
[0.779s] creating /home/blazar/workspaces/cartip_ws/build/ralpoley/build/lib
[0.779s] creating /home/blazar/workspaces/cartip_ws/build/ralpoley/build/lib/ralpoley
[0.779s] copying ralpoley/gym.py -> /home/blazar/workspaces/cartip_ws/build/ralpoley/build/lib/ralpoley
[0.779s] copying ralpoley/__init__.py -> /home/blazar/workspaces/cartip_ws/build/ralpoley/build/lib/ralpoley
[0.779s] running install
[0.782s] running install_lib
[0.791s] creating /home/blazar/workspaces/cartip_ws/install/ralpoley/lib/python3.12/site-packages/ralpoley
[0.791s] copying /home/blazar/workspaces/cartip_ws/build/ralpoley/build/lib/ralpoley/gym.py -> /home/blazar/workspaces/cartip_ws/install/ralpoley/lib/python3.12/site-packages/ralpoley
[0.791s] copying /home/blazar/workspaces/cartip_ws/build/ralpoley/build/lib/ralpoley/__init__.py -> /home/blazar/workspaces/cartip_ws/install/ralpoley/lib/python3.12/site-packages/ralpoley
[0.792s] byte-compiling /home/blazar/workspaces/cartip_ws/install/ralpoley/lib/python3.12/site-packages/ralpoley/gym.py to gym.cpython-312.pyc
[0.792s] byte-compiling /home/blazar/workspaces/cartip_ws/install/ralpoley/lib/python3.12/site-packages/ralpoley/__init__.py to __init__.cpython-312.pyc
[0.792s] running install_data
[0.792s] creating /home/blazar/workspaces/cartip_ws/install/ralpoley/share/ament_index
[0.792s] creating /home/blazar/workspaces/cartip_ws/install/ralpoley/share/ament_index/resource_index
[0.792s] creating /home/blazar/workspaces/cartip_ws/install/ralpoley/share/ament_index/resource_index/packages
[0.792s] copying resource/ralpoley -> /home/blazar/workspaces/cartip_ws/install/ralpoley/share/ament_index/resource_index/packages
[0.792s] copying package.xml -> /home/blazar/workspaces/cartip_ws/install/ralpoley/share/ralpoley
[0.792s] running install_egg_info
[0.801s] Copying ../../build/ralpoley/ralpoley.egg-info to /home/blazar/workspaces/cartip_ws/install/ralpoley/lib/python3.12/site-packages/ralpoley-0.0.0-py3.12.egg-info
[0.801s] running install_scripts
[0.862s] Installing ralpoley script to /home/blazar/workspaces/cartip_ws/install/ralpoley/lib/ralpoley
[0.862s] writing list of installed files to '/home/blazar/workspaces/cartip_ws/build/ralpoley/install.log'
[0.884s] Invoked command in '/home/blazar/workspaces/cartip_ws/src/ralpoley' returned '0': DEBUGINFOD_URLS=https://debuginfod.ubuntu.com PS1=(ros2_rl) \[\e]0;\u@\h: \w\a\]${debian_chroot:+($debian_chroot)}\[\033[01;32m\]\u@\h\[\033[00m\]:\[\033[01;34m\]\w\[\033[00m\]\$ PYTHONPATH=/home/blazar/workspaces/cartip_ws/build/ralpoley/prefix_override:/usr/lib/python3/dist-packages/colcon_core/task/python/colcon_distutils_commands:/home/blazar/workspaces/cartip_ws/install/ralpoley/lib/python3.12/site-packages:${PYTHONPATH} VIRTUAL_ENV_PROMPT=(ros2_rl) /usr/bin/python3 -W ignore:setup.py install is deprecated -W ignore:easy_install command is deprecated setup.py egg_info --egg-base ../../build/ralpoley build --build-base /home/blazar/workspaces/cartip_ws/build/ralpoley/build install --record /home/blazar/workspaces/cartip_ws/build/ralpoley/install.log --single-version-externally-managed install_data
