[0.284s] DEBUG:colcon:Command line arguments: ['/home/blazar/.local/bin/colcon', 'build']
[0.284s] DEBUG:colcon:Parsed command line arguments: Namespace(log_base=None, log_level=None, verb_name='build', build_base='build', install_base='install', merge_install=False, symlink_install=False, test_result_base=None, continue_on_error=False, executor='parallel', parallel_workers=16, event_handlers=None, ignore_user_meta=False, metas=['./colcon.meta'], base_paths=['.'], packages_ignore=None, packages_ignore_regex=None, paths=None, packages_up_to=None, packages_up_to_regex=None, packages_above=None, packages_above_and_dependencies=None, packages_above_depth=None, packages_select_by_dep=None, packages_skip_by_dep=None, packages_skip_up_to=None, packages_select_build_failed=False, packages_skip_build_finished=False, packages_select_test_failures=False, packages_skip_test_passed=False, packages_select=None, packages_skip=None, packages_select_regex=None, packages_skip_regex=None, packages_start=None, packages_end=None, cmake_args=None, cmake_target=None, cmake_target_skip_unavailable=False, cmake_clean_cache=False, cmake_clean_first=False, cmake_force_configure=False, ament_cmake_args=None, catkin_cmake_args=None, catkin_skip_building_tests=False, verb_parser=<colcon_defaults.argument_parser.defaults.DefaultArgumentsDecorator object at 0x70c90b5e54b0>, verb_extension=<colcon_core.verb.build.BuildVerb object at 0x70c90b5e5030>, main=<bound method BuildVerb.main of <colcon_core.verb.build.BuildVerb object at 0x70c90b5e5030>>)
[0.592s] Level 1:colcon.colcon_core.package_discovery:discover_packages(colcon_meta) check parameters
[0.592s] Level 1:colcon.colcon_core.package_discovery:discover_packages(recursive) check parameters
[0.592s] Level 1:colcon.colcon_core.package_discovery:discover_packages(ignore) check parameters
[0.592s] Level 1:colcon.colcon_core.package_discovery:discover_packages(path) check parameters
[0.592s] Level 1:colcon.colcon_core.package_discovery:discover_packages(colcon_meta) discover
[0.592s] Level 1:colcon.colcon_core.package_discovery:discover_packages(recursive) discover
[0.593s] INFO:colcon.colcon_core.package_discovery:Crawling recursively for packages in '/home/blazar/lawny_ws'
[0.593s] Level 1:colcon.colcon_core.package_identification:_identify(.) by extensions ['ignore', 'ignore_ament_install']
[0.593s] Level 1:colcon.colcon_core.package_identification:_identify(.) by extension 'ignore'
[0.593s] Level 1:colcon.colcon_core.package_identification:_identify(.) by extension 'ignore_ament_install'
[0.593s] Level 1:colcon.colcon_core.package_identification:_identify(.) by extensions ['colcon_pkg']
[0.594s] Level 1:colcon.colcon_core.package_identification:_identify(.) by extension 'colcon_pkg'
[0.594s] Level 1:colcon.colcon_core.package_identification:_identify(.) by extensions ['colcon_meta']
[0.594s] Level 1:colcon.colcon_core.package_identification:_identify(.) by extension 'colcon_meta'
[0.594s] Level 1:colcon.colcon_core.package_identification:_identify(.) by extensions ['ros']
[0.594s] Level 1:colcon.colcon_core.package_identification:_identify(.) by extension 'ros'
[0.619s] Level 1:colcon.colcon_core.package_identification:_identify(.) by extensions ['cmake', 'python']
[0.619s] Level 1:colcon.colcon_core.package_identification:_identify(.) by extension 'cmake'
[0.619s] Level 1:colcon.colcon_core.package_identification:_identify(.) by extension 'python'
[0.619s] Level 1:colcon.colcon_core.package_identification:_identify(.) by extensions ['python_setup_py']
[0.620s] Level 1:colcon.colcon_core.package_identification:_identify(.) by extension 'python_setup_py'
[0.620s] Level 1:colcon.colcon_core.package_identification:_identify(build) by extensions ['ignore', 'ignore_ament_install']
[0.620s] Level 1:colcon.colcon_core.package_identification:_identify(build) by extension 'ignore'
[0.621s] Level 1:colcon.colcon_core.package_identification:_identify(build) ignored
[0.621s] Level 1:colcon.colcon_core.package_identification:_identify(install) by extensions ['ignore', 'ignore_ament_install']
[0.621s] Level 1:colcon.colcon_core.package_identification:_identify(install) by extension 'ignore'
[0.621s] Level 1:colcon.colcon_core.package_identification:_identify(install) ignored
[0.622s] Level 1:colcon.colcon_core.package_identification:_identify(log) by extensions ['ignore', 'ignore_ament_install']
[0.622s] Level 1:colcon.colcon_core.package_identification:_identify(log) by extension 'ignore'
[0.622s] Level 1:colcon.colcon_core.package_identification:_identify(log) ignored
[0.622s] Level 1:colcon.colcon_core.package_identification:_identify(src) by extensions ['ignore', 'ignore_ament_install']
[0.623s] Level 1:colcon.colcon_core.package_identification:_identify(src) by extension 'ignore'
[0.623s] Level 1:colcon.colcon_core.package_identification:_identify(src) by extension 'ignore_ament_install'
[0.623s] Level 1:colcon.colcon_core.package_identification:_identify(src) by extensions ['colcon_pkg']
[0.623s] Level 1:colcon.colcon_core.package_identification:_identify(src) by extension 'colcon_pkg'
[0.623s] Level 1:colcon.colcon_core.package_identification:_identify(src) by extensions ['colcon_meta']
[0.623s] Level 1:colcon.colcon_core.package_identification:_identify(src) by extension 'colcon_meta'
[0.624s] Level 1:colcon.colcon_core.package_identification:_identify(src) by extensions ['ros']
[0.624s] Level 1:colcon.colcon_core.package_identification:_identify(src) by extension 'ros'
[0.624s] Level 1:colcon.colcon_core.package_identification:_identify(src) by extensions ['cmake', 'python']
[0.624s] Level 1:colcon.colcon_core.package_identification:_identify(src) by extension 'cmake'
[0.624s] Level 1:colcon.colcon_core.package_identification:_identify(src) by extension 'python'
[0.624s] Level 1:colcon.colcon_core.package_identification:_identify(src) by extensions ['python_setup_py']
[0.624s] Level 1:colcon.colcon_core.package_identification:_identify(src) by extension 'python_setup_py'
[0.625s] Level 1:colcon.colcon_core.package_identification:_identify(src/control) by extensions ['ignore', 'ignore_ament_install']
[0.625s] Level 1:colcon.colcon_core.package_identification:_identify(src/control) by extension 'ignore'
[0.625s] Level 1:colcon.colcon_core.package_identification:_identify(src/control) by extension 'ignore_ament_install'
[0.625s] Level 1:colcon.colcon_core.package_identification:_identify(src/control) by extensions ['colcon_pkg']
[0.625s] Level 1:colcon.colcon_core.package_identification:_identify(src/control) by extension 'colcon_pkg'
[0.625s] Level 1:colcon.colcon_core.package_identification:_identify(src/control) by extensions ['colcon_meta']
[0.626s] Level 1:colcon.colcon_core.package_identification:_identify(src/control) by extension 'colcon_meta'
[0.626s] Level 1:colcon.colcon_core.package_identification:_identify(src/control) by extensions ['ros']
[0.626s] Level 1:colcon.colcon_core.package_identification:_identify(src/control) by extension 'ros'
[0.632s] DEBUG:colcon.colcon_core.package_identification:Package 'src/control' with type 'ros.ament_cmake' and name 'control'
[0.632s] Level 1:colcon.colcon_core.package_discovery:discover_packages(recursive) using defaults
[0.633s] Level 1:colcon.colcon_core.package_discovery:discover_packages(ignore) discover
[0.633s] Level 1:colcon.colcon_core.package_discovery:discover_packages(ignore) using defaults
[0.633s] Level 1:colcon.colcon_core.package_discovery:discover_packages(path) discover
[0.633s] Level 1:colcon.colcon_core.package_discovery:discover_packages(path) using defaults
[0.678s] Level 5:colcon.colcon_core.verb:set package 'control' build argument 'cmake_args' from command line to 'None'
[0.678s] Level 5:colcon.colcon_core.verb:set package 'control' build argument 'cmake_target' from command line to 'None'
[0.678s] Level 5:colcon.colcon_core.verb:set package 'control' build argument 'cmake_target_skip_unavailable' from command line to 'False'
[0.678s] Level 5:colcon.colcon_core.verb:set package 'control' build argument 'cmake_clean_cache' from command line to 'False'
[0.679s] Level 5:colcon.colcon_core.verb:set package 'control' build argument 'cmake_clean_first' from command line to 'False'
[0.679s] Level 5:colcon.colcon_core.verb:set package 'control' build argument 'cmake_force_configure' from command line to 'False'
[0.679s] Level 5:colcon.colcon_core.verb:set package 'control' build argument 'ament_cmake_args' from command line to 'None'
[0.679s] Level 5:colcon.colcon_core.verb:set package 'control' build argument 'catkin_cmake_args' from command line to 'None'
[0.679s] Level 5:colcon.colcon_core.verb:set package 'control' build argument 'catkin_skip_building_tests' from command line to 'False'
[0.679s] DEBUG:colcon.colcon_core.verb:Building package 'control' with the following arguments: {'ament_cmake_args': None, 'build_base': '/home/blazar/lawny_ws/build/control', 'catkin_cmake_args': None, 'catkin_skip_building_tests': False, 'cmake_args': None, 'cmake_clean_cache': False, 'cmake_clean_first': False, 'cmake_force_configure': False, 'cmake_target': None, 'cmake_target_skip_unavailable': False, 'install_base': '/home/blazar/lawny_ws/install/control', 'merge_install': False, 'path': '/home/blazar/lawny_ws/src/control', 'symlink_install': False, 'test_result_base': None}
[0.679s] INFO:colcon.colcon_core.executor:Executing jobs using 'parallel' executor
[0.682s] DEBUG:colcon.colcon_parallel_executor.executor.parallel:run_until_complete
[0.682s] INFO:colcon.colcon_ros.task.ament_cmake.build:Building ROS package in '/home/blazar/lawny_ws/src/control' with build type 'ament_cmake'
[0.682s] INFO:colcon.colcon_cmake.task.cmake.build:Building CMake package in '/home/blazar/lawny_ws/src/control'
[0.687s] INFO:colcon.colcon_core.plugin_system:Skipping extension 'colcon_core.shell.bat': Not used on non-Windows systems
[0.688s] INFO:colcon.colcon_core.shell:Skip shell extension 'powershell' for command environment: Not usable outside of PowerShell
[0.688s] DEBUG:colcon.colcon_core.shell:Skip shell extension 'dsv' for command environment
[0.714s] DEBUG:colcon.colcon_core.event_handler.log_command:Invoking command in '/home/blazar/lawny_ws/build/control': CMAKE_PREFIX_PATH=${CMAKE_PREFIX_PATH}:/home/blazar/lawny_ws/install/first_order_boustrophedon_navigator:/opt/ros/humble /usr/bin/cmake --build /home/blazar/lawny_ws/build/control -- -j16 -l16
[3.762s] DEBUG:colcon.colcon_core.event_handler.log_command:Invoked command in '/home/blazar/lawny_ws/build/control' returned '0': CMAKE_PREFIX_PATH=${CMAKE_PREFIX_PATH}:/home/blazar/lawny_ws/install/first_order_boustrophedon_navigator:/opt/ros/humble /usr/bin/cmake --build /home/blazar/lawny_ws/build/control -- -j16 -l16
[3.787s] DEBUG:colcon.colcon_core.event_handler.log_command:Invoking command in '/home/blazar/lawny_ws/build/control': CMAKE_PREFIX_PATH=${CMAKE_PREFIX_PATH}:/home/blazar/lawny_ws/install/first_order_boustrophedon_navigator:/opt/ros/humble /usr/bin/cmake --install /home/blazar/lawny_ws/build/control
[3.916s] Level 1:colcon.colcon_core.environment:create_environment_scripts_only(control)
[3.917s] DEBUG:colcon.colcon_core.event_handler.log_command:Invoked command in '/home/blazar/lawny_ws/build/control' returned '0': CMAKE_PREFIX_PATH=${CMAKE_PREFIX_PATH}:/home/blazar/lawny_ws/install/first_order_boustrophedon_navigator:/opt/ros/humble /usr/bin/cmake --install /home/blazar/lawny_ws/build/control
[3.922s] Level 1:colcon.colcon_core.environment:checking '/home/blazar/lawny_ws/install/control' for CMake module files
[3.924s] Level 1:colcon.colcon_core.environment:checking '/home/blazar/lawny_ws/install/control' for CMake config files
[3.925s] Level 1:colcon.colcon_core.shell:create_environment_hook('control', 'cmake_prefix_path')
[3.925s] INFO:colcon.colcon_core.shell:Creating environment hook '/home/blazar/lawny_ws/install/control/share/control/hook/cmake_prefix_path.ps1'
[3.926s] INFO:colcon.colcon_core.shell:Creating environment descriptor '/home/blazar/lawny_ws/install/control/share/control/hook/cmake_prefix_path.dsv'
[3.927s] INFO:colcon.colcon_core.shell:Creating environment hook '/home/blazar/lawny_ws/install/control/share/control/hook/cmake_prefix_path.sh'
[3.930s] Level 1:colcon.colcon_core.environment:checking '/home/blazar/lawny_ws/install/control/lib'
[3.930s] Level 1:colcon.colcon_core.shell:create_environment_hook('control', 'ld_library_path_lib')
[3.930s] INFO:colcon.colcon_core.shell:Creating environment hook '/home/blazar/lawny_ws/install/control/share/control/hook/ld_library_path_lib.ps1'
[3.931s] INFO:colcon.colcon_core.shell:Creating environment descriptor '/home/blazar/lawny_ws/install/control/share/control/hook/ld_library_path_lib.dsv'
[3.932s] INFO:colcon.colcon_core.shell:Creating environment hook '/home/blazar/lawny_ws/install/control/share/control/hook/ld_library_path_lib.sh'
[3.933s] Level 1:colcon.colcon_core.environment:checking '/home/blazar/lawny_ws/install/control/bin'
[3.933s] Level 1:colcon.colcon_core.environment:checking '/home/blazar/lawny_ws/install/control/lib/pkgconfig/control.pc'
[3.937s] Level 1:colcon.colcon_core.environment:checking '/home/blazar/lawny_ws/install/control/lib/python3.10/site-packages'
[3.938s] Level 1:colcon.colcon_core.environment:checking '/home/blazar/lawny_ws/install/control/bin'
[3.939s] INFO:colcon.colcon_core.shell:Creating package script '/home/blazar/lawny_ws/install/control/share/control/package.ps1'
[3.940s] INFO:colcon.colcon_core.shell:Creating package descriptor '/home/blazar/lawny_ws/install/control/share/control/package.dsv'
[3.942s] INFO:colcon.colcon_core.shell:Creating package script '/home/blazar/lawny_ws/install/control/share/control/package.sh'
[3.943s] INFO:colcon.colcon_core.shell:Creating package script '/home/blazar/lawny_ws/install/control/share/control/package.bash'
[3.945s] INFO:colcon.colcon_core.shell:Creating package script '/home/blazar/lawny_ws/install/control/share/control/package.zsh'
[3.946s] Level 1:colcon.colcon_core.environment:create_file_with_runtime_dependencies(/home/blazar/lawny_ws/install/control/share/colcon-core/packages/control)
[3.948s] Level 1:colcon.colcon_core.environment:create_environment_scripts_only(control)
[3.948s] Level 1:colcon.colcon_core.environment:checking '/home/blazar/lawny_ws/install/control' for CMake module files
[3.949s] Level 1:colcon.colcon_core.environment:checking '/home/blazar/lawny_ws/install/control' for CMake config files
[3.950s] Level 1:colcon.colcon_core.shell:create_environment_hook('control', 'cmake_prefix_path')
[3.951s] INFO:colcon.colcon_core.shell:Creating environment hook '/home/blazar/lawny_ws/install/control/share/control/hook/cmake_prefix_path.ps1'
[3.952s] INFO:colcon.colcon_core.shell:Creating environment descriptor '/home/blazar/lawny_ws/install/control/share/control/hook/cmake_prefix_path.dsv'
[3.952s] INFO:colcon.colcon_core.shell:Creating environment hook '/home/blazar/lawny_ws/install/control/share/control/hook/cmake_prefix_path.sh'
[3.954s] Level 1:colcon.colcon_core.environment:checking '/home/blazar/lawny_ws/install/control/lib'
[3.954s] Level 1:colcon.colcon_core.shell:create_environment_hook('control', 'ld_library_path_lib')
[3.954s] INFO:colcon.colcon_core.shell:Creating environment hook '/home/blazar/lawny_ws/install/control/share/control/hook/ld_library_path_lib.ps1'
[3.955s] INFO:colcon.colcon_core.shell:Creating environment descriptor '/home/blazar/lawny_ws/install/control/share/control/hook/ld_library_path_lib.dsv'
[3.956s] INFO:colcon.colcon_core.shell:Creating environment hook '/home/blazar/lawny_ws/install/control/share/control/hook/ld_library_path_lib.sh'
[3.957s] Level 1:colcon.colcon_core.environment:checking '/home/blazar/lawny_ws/install/control/bin'
[3.957s] Level 1:colcon.colcon_core.environment:checking '/home/blazar/lawny_ws/install/control/lib/pkgconfig/control.pc'
[3.957s] Level 1:colcon.colcon_core.environment:checking '/home/blazar/lawny_ws/install/control/lib/python3.10/site-packages'
[3.958s] Level 1:colcon.colcon_core.environment:checking '/home/blazar/lawny_ws/install/control/bin'
[3.958s] INFO:colcon.colcon_core.shell:Creating package script '/home/blazar/lawny_ws/install/control/share/control/package.ps1'
[3.960s] INFO:colcon.colcon_core.shell:Creating package descriptor '/home/blazar/lawny_ws/install/control/share/control/package.dsv'
[3.961s] INFO:colcon.colcon_core.shell:Creating package script '/home/blazar/lawny_ws/install/control/share/control/package.sh'
[3.962s] INFO:colcon.colcon_core.shell:Creating package script '/home/blazar/lawny_ws/install/control/share/control/package.bash'
[3.963s] INFO:colcon.colcon_core.shell:Creating package script '/home/blazar/lawny_ws/install/control/share/control/package.zsh'
[3.964s] Level 1:colcon.colcon_core.environment:create_file_with_runtime_dependencies(/home/blazar/lawny_ws/install/control/share/colcon-core/packages/control)
[3.965s] DEBUG:colcon.colcon_parallel_executor.executor.parallel:closing loop
[3.965s] DEBUG:colcon.colcon_parallel_executor.executor.parallel:loop closed
[3.966s] DEBUG:colcon.colcon_parallel_executor.executor.parallel:run_until_complete finished with '0'
[3.966s] DEBUG:colcon.colcon_core.event_reactor:joining thread
[3.976s] INFO:colcon.colcon_core.plugin_system:Skipping extension 'colcon_notification.desktop_notification.terminal_notifier': Not used on non-Darwin systems
[3.976s] INFO:colcon.colcon_core.plugin_system:Skipping extension 'colcon_notification.desktop_notification.win32': Not used on non-Windows systems
[3.977s] INFO:colcon.colcon_notification.desktop_notification:Sending desktop notification using 'notify2'
[4.007s] DEBUG:colcon.colcon_core.event_reactor:joined thread
[4.008s] INFO:colcon.colcon_core.shell:Creating prefix script '/home/blazar/lawny_ws/install/local_setup.ps1'
[4.010s] INFO:colcon.colcon_core.shell:Creating prefix util module '/home/blazar/lawny_ws/install/_local_setup_util_ps1.py'
[4.013s] INFO:colcon.colcon_core.shell:Creating prefix chain script '/home/blazar/lawny_ws/install/setup.ps1'
[4.016s] INFO:colcon.colcon_core.shell:Creating prefix script '/home/blazar/lawny_ws/install/local_setup.sh'
[4.018s] INFO:colcon.colcon_core.shell:Creating prefix util module '/home/blazar/lawny_ws/install/_local_setup_util_sh.py'
[4.020s] INFO:colcon.colcon_core.shell:Creating prefix chain script '/home/blazar/lawny_ws/install/setup.sh'
[4.022s] INFO:colcon.colcon_core.shell:Creating prefix script '/home/blazar/lawny_ws/install/local_setup.bash'
[4.024s] INFO:colcon.colcon_core.shell:Creating prefix chain script '/home/blazar/lawny_ws/install/setup.bash'
[4.026s] INFO:colcon.colcon_core.shell:Creating prefix script '/home/blazar/lawny_ws/install/local_setup.zsh'
[4.027s] INFO:colcon.colcon_core.shell:Creating prefix chain script '/home/blazar/lawny_ws/install/setup.zsh'
