[0.030s] Invoking command in '/home/blazar/lawny_ws/build/control': CMAKE_PREFIX_PATH=${CMAKE_PREFIX_PATH}:/home/blazar/lawny_ws/install/first_order_boustrophedon_navigator:/opt/ros/humble /usr/bin/cmake --build /home/blazar/lawny_ws/build/control -- -j16 -l16
[0.072s] /usr/bin/cmake -S/home/blazar/lawny_ws/src/control -B/home/blazar/lawny_ws/build/control --check-build-system CMakeFiles/Makefile.cmake 0
[0.095s] Re-run cmake file: Makefile older than: /home/blazar/lawny_ws/src/control/CMakeLists.txt
[0.106s] -- Found ament_cmake: 1.3.11 (/opt/ros/humble/share/ament_cmake/cmake)
[0.410s] -- Found rosidl_default_generators: 1.2.0 (/opt/ros/humble/share/rosidl_default_generators/cmake)
[0.413s] -- Using all available rosidl_typesupport_c: rosidl_typesupport_fastrtps_c;rosidl_typesupport_introspection_c
[0.420s] -- Found rosidl_adapter: 3.1.6 (/opt/ros/humble/share/rosidl_adapter/cmake)
[0.490s] -- Using all available rosidl_typesupport_cpp: rosidl_typesupport_fastrtps_cpp;rosidl_typesupport_introspection_cpp
[0.546s] -- Found rclpy: 3.3.15 (/opt/ros/humble/share/rclpy/cmake)
[0.547s] -- Found geometry_msgs: 4.2.4 (/opt/ros/humble/share/geometry_msgs/cmake)
[1.174s] -- Found ament_cmake_ros: 0.10.0 (/opt/ros/humble/share/ament_cmake_ros/cmake)
[1.581s] -- Using all available rosidl_typesupport_c: rosidl_typesupport_fastrtps_c;rosidl_typesupport_introspection_c
[2.106s] -- Using all available rosidl_typesupport_cpp: rosidl_typesupport_fastrtps_cpp;rosidl_typesupport_introspection_cpp
[2.158s] -- Found python_cmake_module: 0.10.0 (/opt/ros/humble/share/python_cmake_module/cmake)
[2.209s] -- Using PYTHON_EXECUTABLE: /usr/bin/python3
[2.209s] -- Using PYTHON_INCLUDE_DIRS: /usr/include/python3.10
[2.209s] -- Using PYTHON_LIBRARIES: /usr/lib/x86_64-linux-gnu/libpython3.10.so
[2.244s] -- Configuring done
[2.316s] -- Generating done
[2.345s] -- Build files have been written to: /home/blazar/lawny_ws/build/control
[2.357s] /usr/bin/cmake -E cmake_progress_start /home/blazar/lawny_ws/build/control/CMakeFiles /home/blazar/lawny_ws/build/control//CMakeFiles/progress.marks
[2.377s] /usr/bin/gmake  -f CMakeFiles/Makefile2 all
[2.380s] gmake[1]: Entering directory '/home/blazar/lawny_ws/build/control'
[2.380s] /usr/bin/gmake  -f CMakeFiles/control__rosidl_generator_c.dir/build.make CMakeFiles/control__rosidl_generator_c.dir/depend
[2.381s] /usr/bin/gmake  -f CMakeFiles/control__cpp.dir/build.make CMakeFiles/control__cpp.dir/depend
[2.381s] /usr/bin/gmake  -f CMakeFiles/ament_cmake_python_copy_control.dir/build.make CMakeFiles/ament_cmake_python_copy_control.dir/depend
[2.383s] gmake[2]: Entering directory '/home/blazar/lawny_ws/build/control'
[2.384s] gmake[2]: Entering directory '/home/blazar/lawny_ws/build/control'
[2.384s] cd /home/blazar/lawny_ws/build/control && /usr/bin/cmake -E cmake_depends "Unix Makefiles" /home/blazar/lawny_ws/src/control /home/blazar/lawny_ws/src/control /home/blazar/lawny_ws/build/control /home/blazar/lawny_ws/build/control /home/blazar/lawny_ws/build/control/CMakeFiles/control__cpp.dir/DependInfo.cmake --color=
[2.385s] gmake[2]: Entering directory '/home/blazar/lawny_ws/build/control'
[2.385s] cd /home/blazar/lawny_ws/build/control && /usr/bin/cmake -E cmake_depends "Unix Makefiles" /home/blazar/lawny_ws/src/control /home/blazar/lawny_ws/src/control /home/blazar/lawny_ws/build/control /home/blazar/lawny_ws/build/control /home/blazar/lawny_ws/build/control/CMakeFiles/ament_cmake_python_copy_control.dir/DependInfo.cmake --color=
[2.402s] [  3%] [34m[1mGenerating C code for ROS interfaces[0m
[2.405s] /usr/bin/python3 /opt/ros/humble/share/rosidl_generator_c/cmake/../../../lib/rosidl_generator_c/rosidl_generator_c --generator-arguments-file /home/blazar/lawny_ws/build/control/rosidl_generator_c__arguments.json
[2.405s] gmake[2]: Leaving directory '/home/blazar/lawny_ws/build/control'
[2.405s] gmake[2]: Leaving directory '/home/blazar/lawny_ws/build/control'
[2.405s] /usr/bin/gmake  -f CMakeFiles/control__cpp.dir/build.make CMakeFiles/control__cpp.dir/build
[2.406s] /usr/bin/gmake  -f CMakeFiles/ament_cmake_python_copy_control.dir/build.make CMakeFiles/ament_cmake_python_copy_control.dir/build
[2.408s] gmake[2]: Entering directory '/home/blazar/lawny_ws/build/control'
[2.409s] gmake[2]: Entering directory '/home/blazar/lawny_ws/build/control'
[2.409s] /usr/bin/cmake -E copy_directory /home/blazar/lawny_ws/build/control/rosidl_generator_py/control /home/blazar/lawny_ws/build/control/ament_cmake_python/control/control
[2.426s] [  6%] [34m[1mGenerating C++ code for ROS interfaces[0m
[2.429s] /usr/bin/python3 /opt/ros/humble/share/rosidl_generator_cpp/cmake/../../../lib/rosidl_generator_cpp/rosidl_generator_cpp --generator-arguments-file /home/blazar/lawny_ws/build/control/rosidl_generator_cpp__arguments.json
[2.432s] gmake[2]: Leaving directory '/home/blazar/lawny_ws/build/control'
[2.452s] [  6%] Built target ament_cmake_python_copy_control
[2.455s] /usr/bin/gmake  -f CMakeFiles/ament_cmake_python_build_control_egg.dir/build.make CMakeFiles/ament_cmake_python_build_control_egg.dir/depend
[2.458s] gmake[2]: Entering directory '/home/blazar/lawny_ws/build/control'
[2.458s] cd /home/blazar/lawny_ws/build/control && /usr/bin/cmake -E cmake_depends "Unix Makefiles" /home/blazar/lawny_ws/src/control /home/blazar/lawny_ws/src/control /home/blazar/lawny_ws/build/control /home/blazar/lawny_ws/build/control /home/blazar/lawny_ws/build/control/CMakeFiles/ament_cmake_python_build_control_egg.dir/DependInfo.cmake --color=
[2.479s] gmake[2]: Leaving directory '/home/blazar/lawny_ws/build/control'
[2.479s] /usr/bin/gmake  -f CMakeFiles/ament_cmake_python_build_control_egg.dir/build.make CMakeFiles/ament_cmake_python_build_control_egg.dir/build
[2.482s] gmake[2]: Entering directory '/home/blazar/lawny_ws/build/control'
[2.483s] cd /home/blazar/lawny_ws/build/control/ament_cmake_python/control && /usr/bin/python3 setup.py egg_info
[2.910s] cd /home/blazar/lawny_ws/build/control && /usr/bin/cmake -E cmake_depends "Unix Makefiles" /home/blazar/lawny_ws/src/control /home/blazar/lawny_ws/src/control /home/blazar/lawny_ws/build/control /home/blazar/lawny_ws/build/control /home/blazar/lawny_ws/build/control/CMakeFiles/control__rosidl_generator_c.dir/DependInfo.cmake --color=
[2.929s] Dependencies file "CMakeFiles/control__rosidl_generator_c.dir/rosidl_generator_c/control/msg/detail/performance_metrics__functions.c.o.d" is newer than depends file "/home/blazar/lawny_ws/build/control/CMakeFiles/control__rosidl_generator_c.dir/compiler_depend.internal".
[2.929s] [35m[1mConsolidate compiler generated dependencies of target control__rosidl_generator_c[0m
[2.931s] gmake[2]: Leaving directory '/home/blazar/lawny_ws/build/control'
[2.934s] gmake[2]: Leaving directory '/home/blazar/lawny_ws/build/control'
[2.934s] /usr/bin/gmake  -f CMakeFiles/control__rosidl_generator_c.dir/build.make CMakeFiles/control__rosidl_generator_c.dir/build
[2.938s] gmake[2]: Entering directory '/home/blazar/lawny_ws/build/control'
[2.951s] [  6%] Built target control__cpp
[2.954s] /usr/bin/gmake  -f CMakeFiles/control__rosidl_typesupport_fastrtps_cpp.dir/build.make CMakeFiles/control__rosidl_typesupport_fastrtps_cpp.dir/depend
[2.954s] /usr/bin/gmake  -f CMakeFiles/control__rosidl_typesupport_introspection_cpp.dir/build.make CMakeFiles/control__rosidl_typesupport_introspection_cpp.dir/depend
[2.955s] /usr/bin/gmake  -f CMakeFiles/control__rosidl_typesupport_cpp.dir/build.make CMakeFiles/control__rosidl_typesupport_cpp.dir/depend
[2.957s] [  9%] [32mBuilding C object CMakeFiles/control__rosidl_generator_c.dir/rosidl_generator_c/control/msg/detail/performance_metrics__functions.c.o[0m
[2.957s] gmake[2]: Entering directory '/home/blazar/lawny_ws/build/control'
[2.958s] gmake[2]: Entering directory '/home/blazar/lawny_ws/build/control'
[2.958s] gmake[2]: Entering directory '/home/blazar/lawny_ws/build/control'
[2.960s] /usr/bin/cc -DRCUTILS_ENABLE_FAULT_INJECTION -DROSIDL_GENERATOR_C_BUILDING_DLL_control -DROS_PACKAGE_NAME=\"control\" -I/home/blazar/lawny_ws/build/control/rosidl_generator_c -isystem /opt/ros/humble/include/rosidl_runtime_c -isystem /opt/ros/humble/include/rcutils -isystem /opt/ros/humble/include/rosidl_typesupport_interface -fPIC -Wall -std=gnu11 -MD -MT CMakeFiles/control__rosidl_generator_c.dir/rosidl_generator_c/control/msg/detail/performance_metrics__functions.c.o -MF CMakeFiles/control__rosidl_generator_c.dir/rosidl_generator_c/control/msg/detail/performance_metrics__functions.c.o.d -o CMakeFiles/control__rosidl_generator_c.dir/rosidl_generator_c/control/msg/detail/performance_metrics__functions.c.o -c /home/blazar/lawny_ws/build/control/rosidl_generator_c/control/msg/detail/performance_metrics__functions.c
[2.961s] running egg_info
[2.963s] writing control.egg-info/PKG-INFO
[2.964s] writing dependency_links to control.egg-info/dependency_links.txt
[2.964s] writing top-level names to control.egg-info/top_level.txt
[2.969s] reading manifest file 'control.egg-info/SOURCES.txt'
[2.970s] writing manifest file 'control.egg-info/SOURCES.txt'
[2.976s] [ 19%] [34m[1mGenerating C++ type support dispatch for ROS interfaces[0m
[2.976s] [ 19%] [34m[1mGenerating C++ type support for eProsima Fast-RTPS[0m
[2.977s] [ 19%] [34m[1mGenerating C++ introspection for ROS interfaces[0m
[2.979s] /usr/bin/python3 /opt/ros/humble/lib/rosidl_typesupport_introspection_cpp/rosidl_typesupport_introspection_cpp --generator-arguments-file /home/blazar/lawny_ws/build/control/rosidl_typesupport_introspection_cpp__arguments.json
[2.979s] /usr/bin/python3 /opt/ros/humble/lib/rosidl_typesupport_cpp/rosidl_typesupport_cpp --generator-arguments-file /home/blazar/lawny_ws/build/control/rosidl_typesupport_cpp__arguments.json --typesupports rosidl_typesupport_fastrtps_cpp rosidl_typesupport_introspection_cpp
[2.980s] /usr/bin/python3 /opt/ros/humble/lib/rosidl_typesupport_fastrtps_cpp/rosidl_typesupport_fastrtps_cpp --generator-arguments-file /home/blazar/lawny_ws/build/control/rosidl_typesupport_fastrtps_cpp__arguments.json
[3.010s] gmake[2]: Leaving directory '/home/blazar/lawny_ws/build/control'
[3.029s] [ 19%] Built target ament_cmake_python_build_control_egg
[3.062s] [ 22%] [32m[1mLinking C shared library libcontrol__rosidl_generator_c.so[0m
[3.065s] /usr/bin/cmake -E cmake_link_script CMakeFiles/control__rosidl_generator_c.dir/link.txt --verbose=1
[3.082s] /usr/bin/cc -fPIC -shared -Wl,-soname,libcontrol__rosidl_generator_c.so -o libcontrol__rosidl_generator_c.so CMakeFiles/control__rosidl_generator_c.dir/rosidl_generator_c/control/msg/detail/performance_metrics__functions.c.o  -Wl,-rpath,/opt/ros/humble/lib: /opt/ros/humble/lib/librosidl_runtime_c.so /opt/ros/humble/lib/librcutils.so -ldl 
[3.130s] gmake[2]: Leaving directory '/home/blazar/lawny_ws/build/control'
[3.151s] [ 22%] Built target control__rosidl_generator_c
[3.154s] /usr/bin/gmake  -f CMakeFiles/control__rosidl_typesupport_introspection_c.dir/build.make CMakeFiles/control__rosidl_typesupport_introspection_c.dir/depend
[3.154s] /usr/bin/gmake  -f CMakeFiles/control__rosidl_typesupport_c.dir/build.make CMakeFiles/control__rosidl_typesupport_c.dir/depend
[3.155s] /usr/bin/gmake  -f CMakeFiles/control__rosidl_typesupport_fastrtps_c.dir/build.make CMakeFiles/control__rosidl_typesupport_fastrtps_c.dir/depend
[3.157s] gmake[2]: Entering directory '/home/blazar/lawny_ws/build/control'
[3.157s] gmake[2]: Entering directory '/home/blazar/lawny_ws/build/control'
[3.158s] gmake[2]: Entering directory '/home/blazar/lawny_ws/build/control'
[3.175s] [ 32%] [34m[1mGenerating C type support for eProsima Fast-RTPS[0m
[3.176s] [ 32%] [34m[1mGenerating C introspection for ROS interfaces[0m
[3.176s] [ 32%] [34m[1mGenerating C type support dispatch for ROS interfaces[0m
[3.178s] /usr/bin/python3 /opt/ros/humble/lib/rosidl_typesupport_introspection_c/rosidl_typesupport_introspection_c --generator-arguments-file /home/blazar/lawny_ws/build/control/rosidl_typesupport_introspection_c__arguments.json
[3.178s] /usr/bin/python3 /opt/ros/humble/lib/rosidl_typesupport_fastrtps_c/rosidl_typesupport_fastrtps_c --generator-arguments-file /home/blazar/lawny_ws/build/control/rosidl_typesupport_fastrtps_c__arguments.json
[3.179s] /usr/bin/python3 /opt/ros/humble/lib/rosidl_typesupport_c/rosidl_typesupport_c --generator-arguments-file /home/blazar/lawny_ws/build/control/rosidl_typesupport_c__arguments.json --typesupports rosidl_typesupport_fastrtps_c rosidl_typesupport_introspection_c
[3.409s] cd /home/blazar/lawny_ws/build/control && /usr/bin/cmake -E cmake_depends "Unix Makefiles" /home/blazar/lawny_ws/src/control /home/blazar/lawny_ws/src/control /home/blazar/lawny_ws/build/control /home/blazar/lawny_ws/build/control /home/blazar/lawny_ws/build/control/CMakeFiles/control__rosidl_typesupport_cpp.dir/DependInfo.cmake --color=
[3.428s] Dependencies file "CMakeFiles/control__rosidl_typesupport_cpp.dir/rosidl_typesupport_cpp/control/msg/performance_metrics__type_support.cpp.o.d" is newer than depends file "/home/blazar/lawny_ws/build/control/CMakeFiles/control__rosidl_typesupport_cpp.dir/compiler_depend.internal".
[3.428s] [35m[1mConsolidate compiler generated dependencies of target control__rosidl_typesupport_cpp[0m
[3.436s] gmake[2]: Leaving directory '/home/blazar/lawny_ws/build/control'
[3.436s] /usr/bin/gmake  -f CMakeFiles/control__rosidl_typesupport_cpp.dir/build.make CMakeFiles/control__rosidl_typesupport_cpp.dir/build
[3.442s] gmake[2]: Entering directory '/home/blazar/lawny_ws/build/control'
[3.448s] cd /home/blazar/lawny_ws/build/control && /usr/bin/cmake -E cmake_depends "Unix Makefiles" /home/blazar/lawny_ws/src/control /home/blazar/lawny_ws/src/control /home/blazar/lawny_ws/build/control /home/blazar/lawny_ws/build/control /home/blazar/lawny_ws/build/control/CMakeFiles/control__rosidl_typesupport_introspection_cpp.dir/DependInfo.cmake --color=
[3.457s] cd /home/blazar/lawny_ws/build/control && /usr/bin/cmake -E cmake_depends "Unix Makefiles" /home/blazar/lawny_ws/src/control /home/blazar/lawny_ws/src/control /home/blazar/lawny_ws/build/control /home/blazar/lawny_ws/build/control /home/blazar/lawny_ws/build/control/CMakeFiles/control__rosidl_typesupport_fastrtps_cpp.dir/DependInfo.cmake --color=
[3.460s] [ 35%] [32mBuilding CXX object CMakeFiles/control__rosidl_typesupport_cpp.dir/rosidl_typesupport_cpp/control/msg/performance_metrics__type_support.cpp.o[0m
[3.462s] /usr/bin/c++ -DRCUTILS_ENABLE_FAULT_INJECTION -DROSIDL_TYPESUPPORT_CPP_BUILDING_DLL -DROS_PACKAGE_NAME=\"control\" -I/home/blazar/lawny_ws/build/control/rosidl_generator_cpp -isystem /opt/ros/humble/include/rosidl_runtime_cpp -isystem /opt/ros/humble/include/rosidl_runtime_c -isystem /opt/ros/humble/include/rcutils -isystem /opt/ros/humble/include/rosidl_typesupport_interface -isystem /opt/ros/humble/include/rosidl_typesupport_cpp -isystem /opt/ros/humble/include/rosidl_typesupport_c -fPIC -Wall -Wextra -Wpedantic -std=gnu++14 -MD -MT CMakeFiles/control__rosidl_typesupport_cpp.dir/rosidl_typesupport_cpp/control/msg/performance_metrics__type_support.cpp.o -MF CMakeFiles/control__rosidl_typesupport_cpp.dir/rosidl_typesupport_cpp/control/msg/performance_metrics__type_support.cpp.o.d -o CMakeFiles/control__rosidl_typesupport_cpp.dir/rosidl_typesupport_cpp/control/msg/performance_metrics__type_support.cpp.o -c /home/blazar/lawny_ws/build/control/rosidl_typesupport_cpp/control/msg/performance_metrics__type_support.cpp
[3.467s] Dependencies file "CMakeFiles/control__rosidl_typesupport_introspection_cpp.dir/rosidl_typesupport_introspection_cpp/control/msg/detail/performance_metrics__type_support.cpp.o.d" is newer than depends file "/home/blazar/lawny_ws/build/control/CMakeFiles/control__rosidl_typesupport_introspection_cpp.dir/compiler_depend.internal".
[3.467s] [35m[1mConsolidate compiler generated dependencies of target control__rosidl_typesupport_introspection_cpp[0m
[3.474s] gmake[2]: Leaving directory '/home/blazar/lawny_ws/build/control'
[3.475s] /usr/bin/gmake  -f CMakeFiles/control__rosidl_typesupport_introspection_cpp.dir/build.make CMakeFiles/control__rosidl_typesupport_introspection_cpp.dir/build
[3.476s] Dependencies file "CMakeFiles/control__rosidl_typesupport_fastrtps_cpp.dir/rosidl_typesupport_fastrtps_cpp/control/msg/detail/dds_fastrtps/performance_metrics__type_support.cpp.o.d" is newer than depends file "/home/blazar/lawny_ws/build/control/CMakeFiles/control__rosidl_typesupport_fastrtps_cpp.dir/compiler_depend.internal".
[3.477s] [35m[1mConsolidate compiler generated dependencies of target control__rosidl_typesupport_fastrtps_cpp[0m
[3.481s] gmake[2]: Entering directory '/home/blazar/lawny_ws/build/control'
[3.485s] gmake[2]: Leaving directory '/home/blazar/lawny_ws/build/control'
[3.485s] /usr/bin/gmake  -f CMakeFiles/control__rosidl_typesupport_fastrtps_cpp.dir/build.make CMakeFiles/control__rosidl_typesupport_fastrtps_cpp.dir/build
[3.491s] gmake[2]: Entering directory '/home/blazar/lawny_ws/build/control'
[3.499s] [ 38%] [32mBuilding CXX object CMakeFiles/control__rosidl_typesupport_introspection_cpp.dir/rosidl_typesupport_introspection_cpp/control/msg/detail/performance_metrics__type_support.cpp.o[0m
[3.502s] /usr/bin/c++ -DRCUTILS_ENABLE_FAULT_INJECTION -DROSIDL_TYPESUPPORT_INTROSPECTION_CPP_BUILDING_DLL -DROS_PACKAGE_NAME=\"control\" -I/home/blazar/lawny_ws/build/control/rosidl_typesupport_introspection_cpp -I/home/blazar/lawny_ws/build/control/rosidl_generator_cpp -isystem /opt/ros/humble/include/rosidl_runtime_cpp -isystem /opt/ros/humble/include/rosidl_runtime_c -isystem /opt/ros/humble/include/rcutils -isystem /opt/ros/humble/include/rosidl_typesupport_interface -isystem /opt/ros/humble/include/rosidl_typesupport_introspection_cpp -isystem /opt/ros/humble/include/rosidl_typesupport_introspection_c -fPIC -Wall -Wextra -Wpedantic -MD -MT CMakeFiles/control__rosidl_typesupport_introspection_cpp.dir/rosidl_typesupport_introspection_cpp/control/msg/detail/performance_metrics__type_support.cpp.o -MF CMakeFiles/control__rosidl_typesupport_introspection_cpp.dir/rosidl_typesupport_introspection_cpp/control/msg/detail/performance_metrics__type_support.cpp.o.d -o CMakeFiles/control__rosidl_typesupport_introspection_cpp.dir/rosidl_typesupport_introspection_cpp/control/msg/detail/performance_metrics__type_support.cpp.o -c /home/blazar/lawny_ws/build/control/rosidl_typesupport_introspection_cpp/control/msg/detail/performance_metrics__type_support.cpp
[3.508s] [ 41%] [32mBuilding CXX object CMakeFiles/control__rosidl_typesupport_fastrtps_cpp.dir/rosidl_typesupport_fastrtps_cpp/control/msg/detail/dds_fastrtps/performance_metrics__type_support.cpp.o[0m
[3.511s] /usr/bin/c++ -DRCUTILS_ENABLE_FAULT_INJECTION -DROSIDL_TYPESUPPORT_FASTRTPS_CPP_BUILDING_DLL_control -DROS_PACKAGE_NAME=\"control\" -I/home/blazar/lawny_ws/build/control/rosidl_typesupport_fastrtps_cpp -I/home/blazar/lawny_ws/build/control/rosidl_generator_cpp -isystem /opt/ros/humble/include/fastcdr -isystem /opt/ros/humble/include/rmw -isystem /opt/ros/humble/include/rcutils -isystem /opt/ros/humble/include/rosidl_runtime_c -isystem /opt/ros/humble/include/rosidl_typesupport_interface -isystem /opt/ros/humble/include/rosidl_runtime_cpp -isystem /opt/ros/humble/include/rosidl_typesupport_fastrtps_cpp -fPIC -Wall -Wextra -Wpedantic -Wredundant-decls -std=gnu++14 -MD -MT CMakeFiles/control__rosidl_typesupport_fastrtps_cpp.dir/rosidl_typesupport_fastrtps_cpp/control/msg/detail/dds_fastrtps/performance_metrics__type_support.cpp.o -MF CMakeFiles/control__rosidl_typesupport_fastrtps_cpp.dir/rosidl_typesupport_fastrtps_cpp/control/msg/detail/dds_fastrtps/performance_metrics__type_support.cpp.o.d -o CMakeFiles/control__rosidl_typesupport_fastrtps_cpp.dir/rosidl_typesupport_fastrtps_cpp/control/msg/detail/dds_fastrtps/performance_metrics__type_support.cpp.o -c /home/blazar/lawny_ws/build/control/rosidl_typesupport_fastrtps_cpp/control/msg/detail/dds_fastrtps/performance_metrics__type_support.cpp
[3.599s] cd /home/blazar/lawny_ws/build/control && /usr/bin/cmake -E cmake_depends "Unix Makefiles" /home/blazar/lawny_ws/src/control /home/blazar/lawny_ws/src/control /home/blazar/lawny_ws/build/control /home/blazar/lawny_ws/build/control /home/blazar/lawny_ws/build/control/CMakeFiles/control__rosidl_typesupport_c.dir/DependInfo.cmake --color=
[3.618s] Dependencies file "CMakeFiles/control__rosidl_typesupport_c.dir/rosidl_typesupport_c/control/msg/performance_metrics__type_support.cpp.o.d" is newer than depends file "/home/blazar/lawny_ws/build/control/CMakeFiles/control__rosidl_typesupport_c.dir/compiler_depend.internal".
[3.618s] [35m[1mConsolidate compiler generated dependencies of target control__rosidl_typesupport_c[0m
[3.623s] gmake[2]: Leaving directory '/home/blazar/lawny_ws/build/control'
[3.623s] /usr/bin/gmake  -f CMakeFiles/control__rosidl_typesupport_c.dir/build.make CMakeFiles/control__rosidl_typesupport_c.dir/build
[3.627s] gmake[2]: Entering directory '/home/blazar/lawny_ws/build/control'
[3.646s] [ 45%] [32mBuilding CXX object CMakeFiles/control__rosidl_typesupport_c.dir/rosidl_typesupport_c/control/msg/performance_metrics__type_support.cpp.o[0m
[3.648s] cd /home/blazar/lawny_ws/build/control && /usr/bin/cmake -E cmake_depends "Unix Makefiles" /home/blazar/lawny_ws/src/control /home/blazar/lawny_ws/src/control /home/blazar/lawny_ws/build/control /home/blazar/lawny_ws/build/control /home/blazar/lawny_ws/build/control/CMakeFiles/control__rosidl_typesupport_introspection_c.dir/DependInfo.cmake --color=
[3.649s] /usr/bin/c++ -DRCUTILS_ENABLE_FAULT_INJECTION -DROSIDL_GENERATOR_C_BUILDING_DLL_control -DROS_PACKAGE_NAME=\"control\" -I/home/blazar/lawny_ws/build/control/rosidl_generator_c -isystem /opt/ros/humble/include/rosidl_runtime_c -isystem /opt/ros/humble/include/rcutils -isystem /opt/ros/humble/include/rosidl_typesupport_interface -isystem /opt/ros/humble/include/rosidl_typesupport_c -fPIC -Wall -std=gnu++14 -MD -MT CMakeFiles/control__rosidl_typesupport_c.dir/rosidl_typesupport_c/control/msg/performance_metrics__type_support.cpp.o -MF CMakeFiles/control__rosidl_typesupport_c.dir/rosidl_typesupport_c/control/msg/performance_metrics__type_support.cpp.o.d -o CMakeFiles/control__rosidl_typesupport_c.dir/rosidl_typesupport_c/control/msg/performance_metrics__type_support.cpp.o -c /home/blazar/lawny_ws/build/control/rosidl_typesupport_c/control/msg/performance_metrics__type_support.cpp
[3.664s] cd /home/blazar/lawny_ws/build/control && /usr/bin/cmake -E cmake_depends "Unix Makefiles" /home/blazar/lawny_ws/src/control /home/blazar/lawny_ws/src/control /home/blazar/lawny_ws/build/control /home/blazar/lawny_ws/build/control /home/blazar/lawny_ws/build/control/CMakeFiles/control__rosidl_typesupport_fastrtps_c.dir/DependInfo.cmake --color=
[3.667s] Dependencies file "CMakeFiles/control__rosidl_typesupport_introspection_c.dir/rosidl_typesupport_introspection_c/control/msg/detail/performance_metrics__type_support.c.o.d" is newer than depends file "/home/blazar/lawny_ws/build/control/CMakeFiles/control__rosidl_typesupport_introspection_c.dir/compiler_depend.internal".
[3.667s] [35m[1mConsolidate compiler generated dependencies of target control__rosidl_typesupport_introspection_c[0m
[3.673s] gmake[2]: Leaving directory '/home/blazar/lawny_ws/build/control'
[3.673s] /usr/bin/gmake  -f CMakeFiles/control__rosidl_typesupport_introspection_c.dir/build.make CMakeFiles/control__rosidl_typesupport_introspection_c.dir/build
[3.677s] gmake[2]: Entering directory '/home/blazar/lawny_ws/build/control'
[3.684s] Dependencies file "CMakeFiles/control__rosidl_typesupport_fastrtps_c.dir/rosidl_typesupport_fastrtps_c/control/msg/detail/performance_metrics__type_support_c.cpp.o.d" is newer than depends file "/home/blazar/lawny_ws/build/control/CMakeFiles/control__rosidl_typesupport_fastrtps_c.dir/compiler_depend.internal".
[3.684s] [35m[1mConsolidate compiler generated dependencies of target control__rosidl_typesupport_fastrtps_c[0m
[3.692s] gmake[2]: Leaving directory '/home/blazar/lawny_ws/build/control'
[3.693s] /usr/bin/gmake  -f CMakeFiles/control__rosidl_typesupport_fastrtps_c.dir/build.make CMakeFiles/control__rosidl_typesupport_fastrtps_c.dir/build
[3.695s] [ 48%] [32mBuilding C object CMakeFiles/control__rosidl_typesupport_introspection_c.dir/rosidl_typesupport_introspection_c/control/msg/detail/performance_metrics__type_support.c.o[0m
[3.698s] gmake[2]: Entering directory '/home/blazar/lawny_ws/build/control'
[3.699s] /usr/bin/cc -DRCUTILS_ENABLE_FAULT_INJECTION -DROSIDL_TYPESUPPORT_INTROSPECTION_C_BUILDING_DLL_control -DROS_PACKAGE_NAME=\"control\" -I/home/blazar/lawny_ws/build/control/rosidl_typesupport_introspection_c -I/home/blazar/lawny_ws/build/control/rosidl_generator_c -isystem /opt/ros/humble/include/rosidl_runtime_c -isystem /opt/ros/humble/include/rcutils -isystem /opt/ros/humble/include/rosidl_typesupport_interface -isystem /opt/ros/humble/include/rosidl_typesupport_introspection_c -fPIC -Wall -std=gnu11 -MD -MT CMakeFiles/control__rosidl_typesupport_introspection_c.dir/rosidl_typesupport_introspection_c/control/msg/detail/performance_metrics__type_support.c.o -MF CMakeFiles/control__rosidl_typesupport_introspection_c.dir/rosidl_typesupport_introspection_c/control/msg/detail/performance_metrics__type_support.c.o.d -o CMakeFiles/control__rosidl_typesupport_introspection_c.dir/rosidl_typesupport_introspection_c/control/msg/detail/performance_metrics__type_support.c.o -c /home/blazar/lawny_ws/build/control/rosidl_typesupport_introspection_c/control/msg/detail/performance_metrics__type_support.c
[3.715s] [ 51%] [32m[1mLinking CXX shared library libcontrol__rosidl_typesupport_c.so[0m
[3.716s] [ 54%] [32mBuilding CXX object CMakeFiles/control__rosidl_typesupport_fastrtps_c.dir/rosidl_typesupport_fastrtps_c/control/msg/detail/performance_metrics__type_support_c.cpp.o[0m
[3.718s] /usr/bin/cmake -E cmake_link_script CMakeFiles/control__rosidl_typesupport_c.dir/link.txt --verbose=1
[3.718s] /usr/bin/c++ -DRCUTILS_ENABLE_FAULT_INJECTION -DROSIDL_TYPESUPPORT_FASTRTPS_C_BUILDING_DLL_control -DROS_PACKAGE_NAME=\"control\" -I/home/blazar/lawny_ws/build/control/rosidl_typesupport_fastrtps_c -I/home/blazar/lawny_ws/build/control/rosidl_generator_c -isystem /opt/ros/humble/include/fastcdr -isystem /opt/ros/humble/include/rosidl_runtime_c -isystem /opt/ros/humble/include/rcutils -isystem /opt/ros/humble/include/rosidl_typesupport_interface -isystem /opt/ros/humble/include/rosidl_runtime_cpp -isystem /opt/ros/humble/include/rosidl_typesupport_fastrtps_cpp -isystem /opt/ros/humble/include/rmw -isystem /opt/ros/humble/include/rosidl_typesupport_fastrtps_c -fPIC -Wall -Wextra -Wpedantic -std=gnu++14 -MD -MT CMakeFiles/control__rosidl_typesupport_fastrtps_c.dir/rosidl_typesupport_fastrtps_c/control/msg/detail/performance_metrics__type_support_c.cpp.o -MF CMakeFiles/control__rosidl_typesupport_fastrtps_c.dir/rosidl_typesupport_fastrtps_c/control/msg/detail/performance_metrics__type_support_c.cpp.o.d -o CMakeFiles/control__rosidl_typesupport_fastrtps_c.dir/rosidl_typesupport_fastrtps_c/control/msg/detail/performance_metrics__type_support_c.cpp.o -c /home/blazar/lawny_ws/build/control/rosidl_typesupport_fastrtps_c/control/msg/detail/performance_metrics__type_support_c.cpp
[3.735s] /usr/bin/c++ -fPIC -shared -Wl,-soname,libcontrol__rosidl_typesupport_c.so -o libcontrol__rosidl_typesupport_c.so CMakeFiles/control__rosidl_typesupport_c.dir/rosidl_typesupport_c/control/msg/performance_metrics__type_support.cpp.o  -Wl,-rpath,/home/blazar/lawny_ws/build/control:/opt/ros/humble/lib: libcontrol__rosidl_generator_c.so /opt/ros/humble/lib/librosidl_typesupport_c.so /opt/ros/humble/lib/librosidl_runtime_c.so /opt/ros/humble/lib/librcutils.so -ldl -Wl,-rpath-link,/opt/ros/humble/lib 
[3.772s] [ 58%] [32m[1mLinking C shared library libcontrol__rosidl_typesupport_introspection_c.so[0m
[3.775s] /usr/bin/cmake -E cmake_link_script CMakeFiles/control__rosidl_typesupport_introspection_c.dir/link.txt --verbose=1
[3.792s] /usr/bin/cc -fPIC -shared -Wl,-soname,libcontrol__rosidl_typesupport_introspection_c.so -o libcontrol__rosidl_typesupport_introspection_c.so CMakeFiles/control__rosidl_typesupport_introspection_c.dir/rosidl_typesupport_introspection_c/control/msg/detail/performance_metrics__type_support.c.o  -Wl,-rpath,/home/blazar/lawny_ws/build/control:/opt/ros/humble/lib: libcontrol__rosidl_generator_c.so /opt/ros/humble/lib/librosidl_typesupport_introspection_c.so /opt/ros/humble/lib/librosidl_runtime_c.so /opt/ros/humble/lib/librcutils.so -ldl 
[3.793s] gmake[2]: Leaving directory '/home/blazar/lawny_ws/build/control'
[3.812s] [ 58%] Built target control__rosidl_typesupport_c
[3.827s] gmake[2]: Leaving directory '/home/blazar/lawny_ws/build/control'
[3.847s] [ 58%] Built target control__rosidl_typesupport_introspection_c
[4.038s] [ 61%] [32m[1mLinking CXX shared library libcontrol__rosidl_typesupport_cpp.so[0m
[4.041s] /usr/bin/cmake -E cmake_link_script CMakeFiles/control__rosidl_typesupport_cpp.dir/link.txt --verbose=1
[4.058s] /usr/bin/c++ -fPIC -shared -Wl,-soname,libcontrol__rosidl_typesupport_cpp.so -o libcontrol__rosidl_typesupport_cpp.so CMakeFiles/control__rosidl_typesupport_cpp.dir/rosidl_typesupport_cpp/control/msg/performance_metrics__type_support.cpp.o  -Wl,-rpath,/opt/ros/humble/lib: /opt/ros/humble/lib/librosidl_typesupport_cpp.so /opt/ros/humble/lib/librosidl_typesupport_c.so /opt/ros/humble/lib/librosidl_runtime_c.so /opt/ros/humble/lib/librcutils.so -ldl -Wl,-rpath-link,/opt/ros/humble/lib 
[4.115s] gmake[2]: Leaving directory '/home/blazar/lawny_ws/build/control'
[4.135s] [ 61%] Built target control__rosidl_typesupport_cpp
[4.298s] [ 64%] [32m[1mLinking CXX shared library libcontrol__rosidl_typesupport_introspection_cpp.so[0m
[4.301s] /usr/bin/cmake -E cmake_link_script CMakeFiles/control__rosidl_typesupport_introspection_cpp.dir/link.txt --verbose=1
[4.317s] /usr/bin/c++ -fPIC -shared -Wl,-soname,libcontrol__rosidl_typesupport_introspection_cpp.so -o libcontrol__rosidl_typesupport_introspection_cpp.so CMakeFiles/control__rosidl_typesupport_introspection_cpp.dir/rosidl_typesupport_introspection_cpp/control/msg/detail/performance_metrics__type_support.cpp.o  -Wl,-rpath,/opt/ros/humble/lib: /opt/ros/humble/lib/librosidl_typesupport_introspection_cpp.so /opt/ros/humble/lib/librosidl_runtime_c.so /opt/ros/humble/lib/librcutils.so -ldl /opt/ros/humble/lib/librosidl_typesupport_introspection_c.so 
[4.343s] [ 67%] [32m[1mLinking CXX shared library libcontrol__rosidl_typesupport_fastrtps_cpp.so[0m
[4.345s] /usr/bin/cmake -E cmake_link_script CMakeFiles/control__rosidl_typesupport_fastrtps_cpp.dir/link.txt --verbose=1
[4.362s] /usr/bin/c++ -fPIC -shared -Wl,-soname,libcontrol__rosidl_typesupport_fastrtps_cpp.so -o libcontrol__rosidl_typesupport_fastrtps_cpp.so CMakeFiles/control__rosidl_typesupport_fastrtps_cpp.dir/rosidl_typesupport_fastrtps_cpp/control/msg/detail/dds_fastrtps/performance_metrics__type_support.cpp.o  -Wl,-rpath,/opt/ros/humble/lib: /opt/ros/humble/lib/librosidl_typesupport_fastrtps_cpp.so /opt/ros/humble/lib/libfastcdr.so.1.0.24 /opt/ros/humble/lib/librmw.so /opt/ros/humble/lib/librosidl_runtime_c.so /opt/ros/humble/lib/librcutils.so -ldl 
[4.376s] gmake[2]: Leaving directory '/home/blazar/lawny_ws/build/control'
[4.395s] [ 67%] Built target control__rosidl_typesupport_introspection_cpp
[4.432s] [ 70%] [32m[1mLinking CXX shared library libcontrol__rosidl_typesupport_fastrtps_c.so[0m
[4.434s] /usr/bin/cmake -E cmake_link_script CMakeFiles/control__rosidl_typesupport_fastrtps_c.dir/link.txt --verbose=1
[4.453s] /usr/bin/c++ -fPIC -shared -Wl,-soname,libcontrol__rosidl_typesupport_fastrtps_c.so -o libcontrol__rosidl_typesupport_fastrtps_c.so CMakeFiles/control__rosidl_typesupport_fastrtps_c.dir/rosidl_typesupport_fastrtps_c/control/msg/detail/performance_metrics__type_support_c.cpp.o  -Wl,-rpath,/opt/ros/humble/lib:/home/blazar/lawny_ws/build/control: /opt/ros/humble/lib/librosidl_typesupport_fastrtps_cpp.so /opt/ros/humble/lib/librosidl_typesupport_fastrtps_c.so libcontrol__rosidl_generator_c.so /opt/ros/humble/lib/libfastcdr.so.1.0.24 /opt/ros/humble/lib/librmw.so /opt/ros/humble/lib/librosidl_runtime_c.so /opt/ros/humble/lib/librcutils.so -ldl 
[4.491s] gmake[2]: Leaving directory '/home/blazar/lawny_ws/build/control'
[4.511s] [ 70%] Built target control__rosidl_typesupport_fastrtps_cpp
[4.581s] gmake[2]: Leaving directory '/home/blazar/lawny_ws/build/control'
[4.600s] [ 70%] Built target control__rosidl_typesupport_fastrtps_c
[4.603s] /usr/bin/gmake  -f CMakeFiles/control.dir/build.make CMakeFiles/control.dir/depend
[4.605s] gmake[2]: Entering directory '/home/blazar/lawny_ws/build/control'
[4.606s] cd /home/blazar/lawny_ws/build/control && /usr/bin/cmake -E cmake_depends "Unix Makefiles" /home/blazar/lawny_ws/src/control /home/blazar/lawny_ws/src/control /home/blazar/lawny_ws/build/control /home/blazar/lawny_ws/build/control /home/blazar/lawny_ws/build/control/CMakeFiles/control.dir/DependInfo.cmake --color=
[4.626s] gmake[2]: Leaving directory '/home/blazar/lawny_ws/build/control'
[4.627s] /usr/bin/gmake  -f CMakeFiles/control.dir/build.make CMakeFiles/control.dir/build
[4.629s] gmake[2]: Entering directory '/home/blazar/lawny_ws/build/control'
[4.630s] gmake[2]: Nothing to be done for 'CMakeFiles/control.dir/build'.
[4.630s] gmake[2]: Leaving directory '/home/blazar/lawny_ws/build/control'
[4.649s] [ 70%] Built target control
[4.652s] /usr/bin/gmake  -f control__py/CMakeFiles/control__py.dir/build.make control__py/CMakeFiles/control__py.dir/depend
[4.655s] gmake[2]: Entering directory '/home/blazar/lawny_ws/build/control'
[4.655s] cd /home/blazar/lawny_ws/build/control && /usr/bin/cmake -E cmake_depends "Unix Makefiles" /home/blazar/lawny_ws/src/control /home/blazar/lawny_ws/build/control/control__py /home/blazar/lawny_ws/build/control /home/blazar/lawny_ws/build/control/control__py /home/blazar/lawny_ws/build/control/control__py/CMakeFiles/control__py.dir/DependInfo.cmake --color=
[4.677s] gmake[2]: Leaving directory '/home/blazar/lawny_ws/build/control'
[4.677s] /usr/bin/gmake  -f control__py/CMakeFiles/control__py.dir/build.make control__py/CMakeFiles/control__py.dir/build
[4.681s] gmake[2]: Entering directory '/home/blazar/lawny_ws/build/control'
[4.699s] [ 74%] [34m[1mGenerating Python code for ROS interfaces[0m
[4.702s] cd /home/blazar/lawny_ws/build/control/control__py && /usr/bin/python3 /opt/ros/humble/share/rosidl_generator_py/cmake/../../../lib/rosidl_generator_py/rosidl_generator_py --generator-arguments-file /home/blazar/lawny_ws/build/control/rosidl_generator_py__arguments.json --typesupport-impls "rosidl_typesupport_fastrtps_c;rosidl_typesupport_introspection_c;rosidl_typesupport_c"
[5.315s] gmake[2]: Leaving directory '/home/blazar/lawny_ws/build/control'
[5.335s] [ 74%] Built target control__py
[5.338s] /usr/bin/gmake  -f CMakeFiles/control__rosidl_generator_py.dir/build.make CMakeFiles/control__rosidl_generator_py.dir/depend
[5.342s] gmake[2]: Entering directory '/home/blazar/lawny_ws/build/control'
[5.342s] cd /home/blazar/lawny_ws/build/control && /usr/bin/cmake -E cmake_depends "Unix Makefiles" /home/blazar/lawny_ws/src/control /home/blazar/lawny_ws/src/control /home/blazar/lawny_ws/build/control /home/blazar/lawny_ws/build/control /home/blazar/lawny_ws/build/control/CMakeFiles/control__rosidl_generator_py.dir/DependInfo.cmake --color=
[5.361s] Dependencies file "CMakeFiles/control__rosidl_generator_py.dir/rosidl_generator_py/control/msg/_performance_metrics_s.c.o.d" is newer than depends file "/home/blazar/lawny_ws/build/control/CMakeFiles/control__rosidl_generator_py.dir/compiler_depend.internal".
[5.362s] [35m[1mConsolidate compiler generated dependencies of target control__rosidl_generator_py[0m
[5.369s] gmake[2]: Leaving directory '/home/blazar/lawny_ws/build/control'
[5.370s] /usr/bin/gmake  -f CMakeFiles/control__rosidl_generator_py.dir/build.make CMakeFiles/control__rosidl_generator_py.dir/build
[5.376s] gmake[2]: Entering directory '/home/blazar/lawny_ws/build/control'
[5.394s] [ 77%] [32mBuilding C object CMakeFiles/control__rosidl_generator_py.dir/rosidl_generator_py/control/msg/_performance_metrics_s.c.o[0m
[5.397s] /usr/bin/cc -DRCUTILS_ENABLE_FAULT_INJECTION -DROS_PACKAGE_NAME=\"control\" -Dcontrol__rosidl_generator_py_EXPORTS -I/home/blazar/lawny_ws/build/control/rosidl_generator_c -I/home/blazar/lawny_ws/build/control/rosidl_generator_py -I/usr/include/python3.10 -isystem /opt/ros/humble/include/rosidl_runtime_c -isystem /opt/ros/humble/include/rcutils -isystem /opt/ros/humble/include/rosidl_typesupport_interface -fPIC -Wall -Wextra -MD -MT CMakeFiles/control__rosidl_generator_py.dir/rosidl_generator_py/control/msg/_performance_metrics_s.c.o -MF CMakeFiles/control__rosidl_generator_py.dir/rosidl_generator_py/control/msg/_performance_metrics_s.c.o.d -o CMakeFiles/control__rosidl_generator_py.dir/rosidl_generator_py/control/msg/_performance_metrics_s.c.o -c /home/blazar/lawny_ws/build/control/rosidl_generator_py/control/msg/_performance_metrics_s.c
[5.612s] [ 80%] [32m[1mLinking C shared library rosidl_generator_py/control/libcontrol__rosidl_generator_py.so[0m
[5.614s] /usr/bin/cmake -E cmake_link_script CMakeFiles/control__rosidl_generator_py.dir/link.txt --verbose=1
[5.630s] /usr/bin/cc -fPIC -shared -Wl,-soname,libcontrol__rosidl_generator_py.so -o rosidl_generator_py/control/libcontrol__rosidl_generator_py.so CMakeFiles/control__rosidl_generator_py.dir/rosidl_generator_py/control/msg/_performance_metrics_s.c.o  -Wl,-rpath,/home/blazar/lawny_ws/build/control:/opt/ros/humble/lib: /usr/lib/x86_64-linux-gnu/libpython3.10.so libcontrol__rosidl_typesupport_c.so libcontrol__rosidl_generator_c.so /opt/ros/humble/lib/librosidl_runtime_c.so /opt/ros/humble/lib/librcutils.so -ldl -Wl,-rpath-link,/opt/ros/humble/lib 
[5.685s] gmake[2]: Leaving directory '/home/blazar/lawny_ws/build/control'
[5.705s] [ 80%] Built target control__rosidl_generator_py
[5.707s] /usr/bin/gmake  -f CMakeFiles/control__rosidl_typesupport_fastrtps_c__pyext.dir/build.make CMakeFiles/control__rosidl_typesupport_fastrtps_c__pyext.dir/depend
[5.708s] /usr/bin/gmake  -f CMakeFiles/control__rosidl_typesupport_introspection_c__pyext.dir/build.make CMakeFiles/control__rosidl_typesupport_introspection_c__pyext.dir/depend
[5.708s] /usr/bin/gmake  -f CMakeFiles/control__rosidl_typesupport_c__pyext.dir/build.make CMakeFiles/control__rosidl_typesupport_c__pyext.dir/depend
[5.710s] gmake[2]: Entering directory '/home/blazar/lawny_ws/build/control'
[5.711s] cd /home/blazar/lawny_ws/build/control && /usr/bin/cmake -E cmake_depends "Unix Makefiles" /home/blazar/lawny_ws/src/control /home/blazar/lawny_ws/src/control /home/blazar/lawny_ws/build/control /home/blazar/lawny_ws/build/control /home/blazar/lawny_ws/build/control/CMakeFiles/control__rosidl_typesupport_fastrtps_c__pyext.dir/DependInfo.cmake --color=
[5.711s] gmake[2]: Entering directory '/home/blazar/lawny_ws/build/control'
[5.711s] cd /home/blazar/lawny_ws/build/control && /usr/bin/cmake -E cmake_depends "Unix Makefiles" /home/blazar/lawny_ws/src/control /home/blazar/lawny_ws/src/control /home/blazar/lawny_ws/build/control /home/blazar/lawny_ws/build/control /home/blazar/lawny_ws/build/control/CMakeFiles/control__rosidl_typesupport_introspection_c__pyext.dir/DependInfo.cmake --color=
[5.711s] gmake[2]: Entering directory '/home/blazar/lawny_ws/build/control'
[5.712s] cd /home/blazar/lawny_ws/build/control && /usr/bin/cmake -E cmake_depends "Unix Makefiles" /home/blazar/lawny_ws/src/control /home/blazar/lawny_ws/src/control /home/blazar/lawny_ws/build/control /home/blazar/lawny_ws/build/control /home/blazar/lawny_ws/build/control/CMakeFiles/control__rosidl_typesupport_c__pyext.dir/DependInfo.cmake --color=
[5.729s] Dependencies file "CMakeFiles/control__rosidl_typesupport_introspection_c__pyext.dir/rosidl_generator_py/control/_control_s.ep.rosidl_typesupport_introspection_c.c.o.d" is newer than depends file "/home/blazar/lawny_ws/build/control/CMakeFiles/control__rosidl_typesupport_introspection_c__pyext.dir/compiler_depend.internal".
[5.729s] Dependencies file "CMakeFiles/control__rosidl_typesupport_fastrtps_c__pyext.dir/rosidl_generator_py/control/_control_s.ep.rosidl_typesupport_fastrtps_c.c.o.d" is newer than depends file "/home/blazar/lawny_ws/build/control/CMakeFiles/control__rosidl_typesupport_fastrtps_c__pyext.dir/compiler_depend.internal".
[5.729s] Dependencies file "CMakeFiles/control__rosidl_typesupport_c__pyext.dir/rosidl_generator_py/control/_control_s.ep.rosidl_typesupport_c.c.o.d" is newer than depends file "/home/blazar/lawny_ws/build/control/CMakeFiles/control__rosidl_typesupport_c__pyext.dir/compiler_depend.internal".
[5.730s] [35m[1mConsolidate compiler generated dependencies of target control__rosidl_typesupport_introspection_c__pyext[0m
[5.730s] [35m[1mConsolidate compiler generated dependencies of target control__rosidl_typesupport_fastrtps_c__pyext[0m
[5.730s] [35m[1mConsolidate compiler generated dependencies of target control__rosidl_typesupport_c__pyext[0m
[5.737s] gmake[2]: Leaving directory '/home/blazar/lawny_ws/build/control'
[5.737s] gmake[2]: Leaving directory '/home/blazar/lawny_ws/build/control'
[5.737s] gmake[2]: Leaving directory '/home/blazar/lawny_ws/build/control'
[5.738s] /usr/bin/gmake  -f CMakeFiles/control__rosidl_typesupport_fastrtps_c__pyext.dir/build.make CMakeFiles/control__rosidl_typesupport_fastrtps_c__pyext.dir/build
[5.738s] /usr/bin/gmake  -f CMakeFiles/control__rosidl_typesupport_introspection_c__pyext.dir/build.make CMakeFiles/control__rosidl_typesupport_introspection_c__pyext.dir/build
[5.738s] /usr/bin/gmake  -f CMakeFiles/control__rosidl_typesupport_c__pyext.dir/build.make CMakeFiles/control__rosidl_typesupport_c__pyext.dir/build
[5.743s] gmake[2]: Entering directory '/home/blazar/lawny_ws/build/control'
[5.743s] gmake[2]: Entering directory '/home/blazar/lawny_ws/build/control'
[5.744s] gmake[2]: Entering directory '/home/blazar/lawny_ws/build/control'
[5.762s] [ 87%] [32mBuilding C object CMakeFiles/control__rosidl_typesupport_fastrtps_c__pyext.dir/rosidl_generator_py/control/_control_s.ep.rosidl_typesupport_fastrtps_c.c.o[0m
[5.762s] [ 87%] [32mBuilding C object CMakeFiles/control__rosidl_typesupport_c__pyext.dir/rosidl_generator_py/control/_control_s.ep.rosidl_typesupport_c.c.o[0m
[5.762s] [ 90%] [32mBuilding C object CMakeFiles/control__rosidl_typesupport_introspection_c__pyext.dir/rosidl_generator_py/control/_control_s.ep.rosidl_typesupport_introspection_c.c.o[0m
[5.765s] /usr/bin/cc -DRCUTILS_ENABLE_FAULT_INJECTION -DROS_PACKAGE_NAME=\"control\" -Dcontrol__rosidl_typesupport_c__pyext_EXPORTS -I/home/blazar/lawny_ws/build/control/rosidl_generator_c -I/home/blazar/lawny_ws/build/control/rosidl_generator_py -I/usr/include/python3.10 -I/opt/ros/humble/include/rmw -isystem /opt/ros/humble/include/rosidl_runtime_c -isystem /opt/ros/humble/include/rosidl_typesupport_c -isystem /opt/ros/humble/include/rosidl_typesupport_interface -isystem /opt/ros/humble/include/rcutils -fPIC -Wall -Wextra -MD -MT CMakeFiles/control__rosidl_typesupport_c__pyext.dir/rosidl_generator_py/control/_control_s.ep.rosidl_typesupport_c.c.o -MF CMakeFiles/control__rosidl_typesupport_c__pyext.dir/rosidl_generator_py/control/_control_s.ep.rosidl_typesupport_c.c.o.d -o CMakeFiles/control__rosidl_typesupport_c__pyext.dir/rosidl_generator_py/control/_control_s.ep.rosidl_typesupport_c.c.o -c /home/blazar/lawny_ws/build/control/rosidl_generator_py/control/_control_s.ep.rosidl_typesupport_c.c
[5.765s] /usr/bin/cc -DRCUTILS_ENABLE_FAULT_INJECTION -DROS_PACKAGE_NAME=\"control\" -Dcontrol__rosidl_typesupport_introspection_c__pyext_EXPORTS -I/home/blazar/lawny_ws/build/control/rosidl_generator_c -I/home/blazar/lawny_ws/build/control/rosidl_generator_py -I/usr/include/python3.10 -I/opt/ros/humble/include/rmw -I/home/blazar/lawny_ws/build/control/rosidl_typesupport_introspection_c -isystem /opt/ros/humble/include/rosidl_runtime_c -isystem /opt/ros/humble/include/rosidl_typesupport_c -isystem /opt/ros/humble/include/rosidl_typesupport_interface -isystem /opt/ros/humble/include/rcutils -isystem /opt/ros/humble/include/rosidl_typesupport_introspection_c -fPIC -Wall -Wextra -MD -MT CMakeFiles/control__rosidl_typesupport_introspection_c__pyext.dir/rosidl_generator_py/control/_control_s.ep.rosidl_typesupport_introspection_c.c.o -MF CMakeFiles/control__rosidl_typesupport_introspection_c__pyext.dir/rosidl_generator_py/control/_control_s.ep.rosidl_typesupport_introspection_c.c.o.d -o CMakeFiles/control__rosidl_typesupport_introspection_c__pyext.dir/rosidl_generator_py/control/_control_s.ep.rosidl_typesupport_introspection_c.c.o -c /home/blazar/lawny_ws/build/control/rosidl_generator_py/control/_control_s.ep.rosidl_typesupport_introspection_c.c
[5.765s] /usr/bin/cc -DRCUTILS_ENABLE_FAULT_INJECTION -DROS_PACKAGE_NAME=\"control\" -Dcontrol__rosidl_typesupport_fastrtps_c__pyext_EXPORTS -I/home/blazar/lawny_ws/build/control/rosidl_generator_c -I/home/blazar/lawny_ws/build/control/rosidl_generator_py -I/usr/include/python3.10 -I/home/blazar/lawny_ws/build/control/rosidl_typesupport_fastrtps_c -isystem /opt/ros/humble/include/rosidl_runtime_c -isystem /opt/ros/humble/include/rosidl_typesupport_c -isystem /opt/ros/humble/include/rosidl_typesupport_interface -isystem /opt/ros/humble/include/rmw -isystem /opt/ros/humble/include/rcutils -isystem /opt/ros/humble/include/fastcdr -isystem /opt/ros/humble/include/rosidl_runtime_cpp -isystem /opt/ros/humble/include/rosidl_typesupport_fastrtps_cpp -isystem /opt/ros/humble/include/rosidl_typesupport_fastrtps_c -fPIC -Wall -Wextra -MD -MT CMakeFiles/control__rosidl_typesupport_fastrtps_c__pyext.dir/rosidl_generator_py/control/_control_s.ep.rosidl_typesupport_fastrtps_c.c.o -MF CMakeFiles/control__rosidl_typesupport_fastrtps_c__pyext.dir/rosidl_generator_py/control/_control_s.ep.rosidl_typesupport_fastrtps_c.c.o.d -o CMakeFiles/control__rosidl_typesupport_fastrtps_c__pyext.dir/rosidl_generator_py/control/_control_s.ep.rosidl_typesupport_fastrtps_c.c.o -c /home/blazar/lawny_ws/build/control/rosidl_generator_py/control/_control_s.ep.rosidl_typesupport_fastrtps_c.c
[5.961s] [ 96%] [32m[1mLinking C shared library rosidl_generator_py/control/control_s__rosidl_typesupport_introspection_c.cpython-310-x86_64-linux-gnu.so[0m
[5.961s] [ 96%] [32m[1mLinking C shared library rosidl_generator_py/control/control_s__rosidl_typesupport_c.cpython-310-x86_64-linux-gnu.so[0m
[5.963s] /usr/bin/cmake -E cmake_link_script CMakeFiles/control__rosidl_typesupport_introspection_c__pyext.dir/link.txt --verbose=1
[5.963s] /usr/bin/cmake -E cmake_link_script CMakeFiles/control__rosidl_typesupport_c__pyext.dir/link.txt --verbose=1
[5.974s] [100%] [32m[1mLinking C shared library rosidl_generator_py/control/control_s__rosidl_typesupport_fastrtps_c.cpython-310-x86_64-linux-gnu.so[0m
[5.976s] /usr/bin/cmake -E cmake_link_script CMakeFiles/control__rosidl_typesupport_fastrtps_c__pyext.dir/link.txt --verbose=1
[5.979s] /usr/bin/cc -fPIC -shared -Wl,-soname,control_s__rosidl_typesupport_introspection_c.cpython-310-x86_64-linux-gnu.so -o rosidl_generator_py/control/control_s__rosidl_typesupport_introspection_c.cpython-310-x86_64-linux-gnu.so CMakeFiles/control__rosidl_typesupport_introspection_c__pyext.dir/rosidl_generator_py/control/_control_s.ep.rosidl_typesupport_introspection_c.c.o  -Wl,-rpath,/home/blazar/lawny_ws/build/control/rosidl_generator_py/control:/home/blazar/lawny_ws/build/control:/opt/ros/humble/lib: rosidl_generator_py/control/libcontrol__rosidl_generator_py.so /usr/lib/x86_64-linux-gnu/libpython3.10.so libcontrol__rosidl_typesupport_introspection_c.so libcontrol__rosidl_typesupport_c.so /opt/ros/humble/lib/librosidl_typesupport_c.so /opt/ros/humble/lib/librmw.so libcontrol__rosidl_generator_c.so /opt/ros/humble/lib/librosidl_runtime_c.so /opt/ros/humble/lib/librcutils.so -ldl /opt/ros/humble/lib/librosidl_typesupport_introspection_c.so -Wl,-rpath-link,/opt/ros/humble/lib 
[5.979s] /usr/bin/cc -fPIC -shared -Wl,-soname,control_s__rosidl_typesupport_c.cpython-310-x86_64-linux-gnu.so -o rosidl_generator_py/control/control_s__rosidl_typesupport_c.cpython-310-x86_64-linux-gnu.so CMakeFiles/control__rosidl_typesupport_c__pyext.dir/rosidl_generator_py/control/_control_s.ep.rosidl_typesupport_c.c.o  -Wl,-rpath,/home/blazar/lawny_ws/build/control/rosidl_generator_py/control:/home/blazar/lawny_ws/build/control:/opt/ros/humble/lib: rosidl_generator_py/control/libcontrol__rosidl_generator_py.so /usr/lib/x86_64-linux-gnu/libpython3.10.so libcontrol__rosidl_typesupport_c.so /opt/ros/humble/lib/librosidl_typesupport_c.so /opt/ros/humble/lib/librmw.so libcontrol__rosidl_generator_c.so /opt/ros/humble/lib/librosidl_runtime_c.so /opt/ros/humble/lib/librcutils.so -ldl -Wl,-rpath-link,/opt/ros/humble/lib 
[5.993s] /usr/bin/cc -fPIC -shared -Wl,-soname,control_s__rosidl_typesupport_fastrtps_c.cpython-310-x86_64-linux-gnu.so -o rosidl_generator_py/control/control_s__rosidl_typesupport_fastrtps_c.cpython-310-x86_64-linux-gnu.so CMakeFiles/control__rosidl_typesupport_fastrtps_c__pyext.dir/rosidl_generator_py/control/_control_s.ep.rosidl_typesupport_fastrtps_c.c.o  -Wl,-rpath,/home/blazar/lawny_ws/build/control/rosidl_generator_py/control:/home/blazar/lawny_ws/build/control:/opt/ros/humble/lib: rosidl_generator_py/control/libcontrol__rosidl_generator_py.so /usr/lib/x86_64-linux-gnu/libpython3.10.so libcontrol__rosidl_typesupport_fastrtps_c.so libcontrol__rosidl_typesupport_c.so /opt/ros/humble/lib/librosidl_typesupport_c.so /opt/ros/humble/lib/librmw.so libcontrol__rosidl_generator_c.so /opt/ros/humble/lib/librosidl_typesupport_fastrtps_cpp.so /opt/ros/humble/lib/libfastcdr.so.1.0.24 /opt/ros/humble/lib/librmw.so /opt/ros/humble/lib/librosidl_typesupport_fastrtps_c.so /opt/ros/humble/lib/librosidl_runtime_c.so /opt/ros/humble/lib/librcutils.so -ldl -Wl,-rpath-link,/opt/ros/humble/lib 
[6.020s] gmake[2]: Leaving directory '/home/blazar/lawny_ws/build/control'
[6.021s] gmake[2]: Leaving directory '/home/blazar/lawny_ws/build/control'
[6.036s] gmake[2]: Leaving directory '/home/blazar/lawny_ws/build/control'
[6.039s] [100%] Built target control__rosidl_typesupport_introspection_c__pyext
[6.040s] [100%] Built target control__rosidl_typesupport_c__pyext
[6.055s] [100%] Built target control__rosidl_typesupport_fastrtps_c__pyext
[6.058s] gmake[1]: Leaving directory '/home/blazar/lawny_ws/build/control'
[6.058s] /usr/bin/cmake -E cmake_progress_start /home/blazar/lawny_ws/build/control/CMakeFiles 0
[6.087s] Invoked command in '/home/blazar/lawny_ws/build/control' returned '0': CMAKE_PREFIX_PATH=${CMAKE_PREFIX_PATH}:/home/blazar/lawny_ws/install/first_order_boustrophedon_navigator:/opt/ros/humble /usr/bin/cmake --build /home/blazar/lawny_ws/build/control -- -j16 -l16
[6.112s] Invoking command in '/home/blazar/lawny_ws/build/control': CMAKE_PREFIX_PATH=${CMAKE_PREFIX_PATH}:/home/blazar/lawny_ws/install/first_order_boustrophedon_navigator:/opt/ros/humble /usr/bin/cmake --install /home/blazar/lawny_ws/build/control
[6.130s] -- Install configuration: ""
[6.130s] -- Up-to-date: /home/blazar/lawny_ws/install/control/share/ament_index/resource_index/rosidl_interfaces/control
[6.131s] -- Up-to-date: /home/blazar/lawny_ws/install/control/include/control/control
[6.131s] -- Up-to-date: /home/blazar/lawny_ws/install/control/include/control/control/msg
[6.131s] -- Installing: /home/blazar/lawny_ws/install/control/include/control/control/msg/performance_metrics.h
[6.131s] -- Up-to-date: /home/blazar/lawny_ws/install/control/include/control/control/msg/rosidl_generator_c__visibility_control.h
[6.132s] -- Up-to-date: /home/blazar/lawny_ws/install/control/include/control/control/msg/detail
[6.132s] -- Installing: /home/blazar/lawny_ws/install/control/include/control/control/msg/detail/performance_metrics__functions.h
[6.132s] -- Installing: /home/blazar/lawny_ws/install/control/include/control/control/msg/detail/performance_metrics__struct.h
[6.133s] -- Installing: /home/blazar/lawny_ws/install/control/include/control/control/msg/detail/performance_metrics__functions.c
[6.133s] -- Installing: /home/blazar/lawny_ws/install/control/include/control/control/msg/detail/performance_metrics__type_support.h
[6.134s] -- Up-to-date: /home/blazar/lawny_ws/install/control/share/control/environment/library_path.sh
[6.134s] -- Installing: /home/blazar/lawny_ws/install/control/share/control/environment/library_path.dsv
[6.135s] -- Installing: /home/blazar/lawny_ws/install/control/lib/libcontrol__rosidl_generator_c.so
[6.136s] -- Set runtime path of "/home/blazar/lawny_ws/install/control/lib/libcontrol__rosidl_generator_c.so" to ""
[6.137s] -- Up-to-date: /home/blazar/lawny_ws/install/control/include/control/control
[6.137s] -- Up-to-date: /home/blazar/lawny_ws/install/control/include/control/control/msg
[6.137s] -- Up-to-date: /home/blazar/lawny_ws/install/control/include/control/control/msg/rosidl_typesupport_fastrtps_c__visibility_control.h
[6.137s] -- Up-to-date: /home/blazar/lawny_ws/install/control/include/control/control/msg/detail
[6.138s] -- Installing: /home/blazar/lawny_ws/install/control/include/control/control/msg/detail/performance_metrics__rosidl_typesupport_fastrtps_c.h
[6.138s] -- Installing: /home/blazar/lawny_ws/install/control/lib/libcontrol__rosidl_typesupport_fastrtps_c.so
[6.140s] -- Set runtime path of "/home/blazar/lawny_ws/install/control/lib/libcontrol__rosidl_typesupport_fastrtps_c.so" to ""
[6.140s] -- Up-to-date: /home/blazar/lawny_ws/install/control/include/control/control
[6.140s] -- Up-to-date: /home/blazar/lawny_ws/install/control/include/control/control/msg
[6.140s] -- Up-to-date: /home/blazar/lawny_ws/install/control/include/control/control/msg/rosidl_typesupport_introspection_c__visibility_control.h
[6.141s] -- Up-to-date: /home/blazar/lawny_ws/install/control/include/control/control/msg/detail
[6.141s] -- Installing: /home/blazar/lawny_ws/install/control/include/control/control/msg/detail/performance_metrics__type_support.c
[6.141s] -- Installing: /home/blazar/lawny_ws/install/control/include/control/control/msg/detail/performance_metrics__rosidl_typesupport_introspection_c.h
[6.141s] -- Installing: /home/blazar/lawny_ws/install/control/lib/libcontrol__rosidl_typesupport_introspection_c.so
[6.143s] -- Set runtime path of "/home/blazar/lawny_ws/install/control/lib/libcontrol__rosidl_typesupport_introspection_c.so" to ""
[6.143s] -- Installing: /home/blazar/lawny_ws/install/control/lib/libcontrol__rosidl_typesupport_c.so
[6.144s] -- Set runtime path of "/home/blazar/lawny_ws/install/control/lib/libcontrol__rosidl_typesupport_c.so" to ""
[6.145s] -- Up-to-date: /home/blazar/lawny_ws/install/control/include/control/control
[6.145s] -- Up-to-date: /home/blazar/lawny_ws/install/control/include/control/control/msg
[6.145s] -- Up-to-date: /home/blazar/lawny_ws/install/control/include/control/control/msg/rosidl_generator_cpp__visibility_control.hpp
[6.146s] -- Installing: /home/blazar/lawny_ws/install/control/include/control/control/msg/performance_metrics.hpp
[6.146s] -- Up-to-date: /home/blazar/lawny_ws/install/control/include/control/control/msg/detail
[6.146s] -- Installing: /home/blazar/lawny_ws/install/control/include/control/control/msg/detail/performance_metrics__builder.hpp
[6.147s] -- Installing: /home/blazar/lawny_ws/install/control/include/control/control/msg/detail/performance_metrics__struct.hpp
[6.147s] -- Installing: /home/blazar/lawny_ws/install/control/include/control/control/msg/detail/performance_metrics__traits.hpp
[6.147s] -- Installing: /home/blazar/lawny_ws/install/control/include/control/control/msg/detail/performance_metrics__type_support.hpp
[6.147s] -- Up-to-date: /home/blazar/lawny_ws/install/control/include/control/control
[6.148s] -- Up-to-date: /home/blazar/lawny_ws/install/control/include/control/control/msg
[6.148s] -- Up-to-date: /home/blazar/lawny_ws/install/control/include/control/control/msg/rosidl_typesupport_fastrtps_cpp__visibility_control.h
[6.148s] -- Up-to-date: /home/blazar/lawny_ws/install/control/include/control/control/msg/detail
[6.148s] -- Up-to-date: /home/blazar/lawny_ws/install/control/include/control/control/msg/detail/dds_fastrtps
[6.148s] -- Installing: /home/blazar/lawny_ws/install/control/include/control/control/msg/detail/performance_metrics__rosidl_typesupport_fastrtps_cpp.hpp
[6.149s] -- Installing: /home/blazar/lawny_ws/install/control/lib/libcontrol__rosidl_typesupport_fastrtps_cpp.so
[6.150s] -- Set runtime path of "/home/blazar/lawny_ws/install/control/lib/libcontrol__rosidl_typesupport_fastrtps_cpp.so" to ""
[6.150s] -- Up-to-date: /home/blazar/lawny_ws/install/control/include/control/control
[6.151s] -- Up-to-date: /home/blazar/lawny_ws/install/control/include/control/control/msg
[6.151s] -- Up-to-date: /home/blazar/lawny_ws/install/control/include/control/control/msg/detail
[6.151s] -- Installing: /home/blazar/lawny_ws/install/control/include/control/control/msg/detail/performance_metrics__type_support.cpp
[6.151s] -- Installing: /home/blazar/lawny_ws/install/control/include/control/control/msg/detail/performance_metrics__rosidl_typesupport_introspection_cpp.hpp
[6.152s] -- Installing: /home/blazar/lawny_ws/install/control/lib/libcontrol__rosidl_typesupport_introspection_cpp.so
[6.153s] -- Set runtime path of "/home/blazar/lawny_ws/install/control/lib/libcontrol__rosidl_typesupport_introspection_cpp.so" to ""
[6.154s] -- Installing: /home/blazar/lawny_ws/install/control/lib/libcontrol__rosidl_typesupport_cpp.so
[6.155s] -- Set runtime path of "/home/blazar/lawny_ws/install/control/lib/libcontrol__rosidl_typesupport_cpp.so" to ""
[6.155s] -- Up-to-date: /home/blazar/lawny_ws/install/control/share/control/environment/pythonpath.sh
[6.155s] -- Installing: /home/blazar/lawny_ws/install/control/share/control/environment/pythonpath.dsv
[6.156s] -- Up-to-date: /home/blazar/lawny_ws/install/control/local/lib/python3.10/dist-packages/control-0.0.1-py3.10.egg-info
[6.156s] -- Installing: /home/blazar/lawny_ws/install/control/local/lib/python3.10/dist-packages/control-0.0.1-py3.10.egg-info/PKG-INFO
[6.156s] -- Installing: /home/blazar/lawny_ws/install/control/local/lib/python3.10/dist-packages/control-0.0.1-py3.10.egg-info/dependency_links.txt
[6.157s] -- Installing: /home/blazar/lawny_ws/install/control/local/lib/python3.10/dist-packages/control-0.0.1-py3.10.egg-info/SOURCES.txt
[6.157s] -- Installing: /home/blazar/lawny_ws/install/control/local/lib/python3.10/dist-packages/control-0.0.1-py3.10.egg-info/top_level.txt
[6.158s] -- Up-to-date: /home/blazar/lawny_ws/install/control/local/lib/python3.10/dist-packages/control
[6.158s] -- Installing: /home/blazar/lawny_ws/install/control/local/lib/python3.10/dist-packages/control/_control_s.ep.rosidl_typesupport_c.c
[6.158s] -- Installing: /home/blazar/lawny_ws/install/control/local/lib/python3.10/dist-packages/control/libcontrol__rosidl_generator_py.so
[6.159s] -- Installing: /home/blazar/lawny_ws/install/control/local/lib/python3.10/dist-packages/control/control_s__rosidl_typesupport_introspection_c.cpython-310-x86_64-linux-gnu.so
[6.159s] -- Installing: /home/blazar/lawny_ws/install/control/local/lib/python3.10/dist-packages/control/_control_s.ep.rosidl_typesupport_introspection_c.c
[6.160s] -- Installing: /home/blazar/lawny_ws/install/control/local/lib/python3.10/dist-packages/control/__init__.py
[6.160s] -- Installing: /home/blazar/lawny_ws/install/control/local/lib/python3.10/dist-packages/control/control_s__rosidl_typesupport_c.cpython-310-x86_64-linux-gnu.so
[6.161s] -- Installing: /home/blazar/lawny_ws/install/control/local/lib/python3.10/dist-packages/control/control_s__rosidl_typesupport_fastrtps_c.cpython-310-x86_64-linux-gnu.so
[6.161s] -- Up-to-date: /home/blazar/lawny_ws/install/control/local/lib/python3.10/dist-packages/control/msg
[6.162s] -- Installing: /home/blazar/lawny_ws/install/control/local/lib/python3.10/dist-packages/control/msg/__init__.py
[6.162s] -- Installing: /home/blazar/lawny_ws/install/control/local/lib/python3.10/dist-packages/control/msg/_performance_metrics.py
[6.163s] -- Installing: /home/blazar/lawny_ws/install/control/local/lib/python3.10/dist-packages/control/msg/_performance_metrics_s.c
[6.163s] -- Installing: /home/blazar/lawny_ws/install/control/local/lib/python3.10/dist-packages/control/_control_s.ep.rosidl_typesupport_fastrtps_c.c
[6.239s] Listing '/home/blazar/lawny_ws/install/control/local/lib/python3.10/dist-packages/control'...
[6.239s] Compiling '/home/blazar/lawny_ws/install/control/local/lib/python3.10/dist-packages/control/__init__.py'...
[6.239s] Listing '/home/blazar/lawny_ws/install/control/local/lib/python3.10/dist-packages/control/msg'...
[6.239s] Compiling '/home/blazar/lawny_ws/install/control/local/lib/python3.10/dist-packages/control/msg/__init__.py'...
[6.240s] Compiling '/home/blazar/lawny_ws/install/control/local/lib/python3.10/dist-packages/control/msg/_performance_metrics.py'...
[6.249s] -- Installing: /home/blazar/lawny_ws/install/control/local/lib/python3.10/dist-packages/control/control_s__rosidl_typesupport_fastrtps_c.cpython-310-x86_64-linux-gnu.so
[6.250s] -- Set runtime path of "/home/blazar/lawny_ws/install/control/local/lib/python3.10/dist-packages/control/control_s__rosidl_typesupport_fastrtps_c.cpython-310-x86_64-linux-gnu.so" to ""
[6.250s] -- Installing: /home/blazar/lawny_ws/install/control/local/lib/python3.10/dist-packages/control/control_s__rosidl_typesupport_introspection_c.cpython-310-x86_64-linux-gnu.so
[6.251s] -- Set runtime path of "/home/blazar/lawny_ws/install/control/local/lib/python3.10/dist-packages/control/control_s__rosidl_typesupport_introspection_c.cpython-310-x86_64-linux-gnu.so" to ""
[6.252s] -- Installing: /home/blazar/lawny_ws/install/control/local/lib/python3.10/dist-packages/control/control_s__rosidl_typesupport_c.cpython-310-x86_64-linux-gnu.so
[6.253s] -- Set runtime path of "/home/blazar/lawny_ws/install/control/local/lib/python3.10/dist-packages/control/control_s__rosidl_typesupport_c.cpython-310-x86_64-linux-gnu.so" to ""
[6.254s] -- Installing: /home/blazar/lawny_ws/install/control/lib/libcontrol__rosidl_generator_py.so
[6.255s] -- Set runtime path of "/home/blazar/lawny_ws/install/control/lib/libcontrol__rosidl_generator_py.so" to ""
[6.255s] -- Installing: /home/blazar/lawny_ws/install/control/share/control/msg/PerformanceMetrics.idl
[6.255s] -- Installing: /home/blazar/lawny_ws/install/control/share/control/msg/PerformanceMetrics.msg
[6.256s] -- Installing: /home/blazar/lawny_ws/install/control/lib/control/controller.py
[6.256s] -- Installing: /home/blazar/lawny_ws/install/control/lib/control/exp.py
[6.257s] -- Installing: /home/blazar/lawny_ws/install/control/lib/control/parameter_tuning.py
[6.257s] -- Up-to-date: /home/blazar/lawny_ws/install/control/share/control/launch/launch
[6.258s] -- Installing: /home/blazar/lawny_ws/install/control/share/control/launch/launch/controller_launch.xml
[6.258s] -- Up-to-date: /home/blazar/lawny_ws/install/control/share/ament_index/resource_index/package_run_dependencies/control
[6.258s] -- Up-to-date: /home/blazar/lawny_ws/install/control/share/ament_index/resource_index/parent_prefix_path/control
[6.259s] -- Up-to-date: /home/blazar/lawny_ws/install/control/share/control/environment/ament_prefix_path.sh
[6.259s] -- Installing: /home/blazar/lawny_ws/install/control/share/control/environment/ament_prefix_path.dsv
[6.259s] -- Up-to-date: /home/blazar/lawny_ws/install/control/share/control/environment/path.sh
[6.259s] -- Installing: /home/blazar/lawny_ws/install/control/share/control/environment/path.dsv
[6.260s] -- Up-to-date: /home/blazar/lawny_ws/install/control/share/control/local_setup.bash
[6.260s] -- Up-to-date: /home/blazar/lawny_ws/install/control/share/control/local_setup.sh
[6.260s] -- Up-to-date: /home/blazar/lawny_ws/install/control/share/control/local_setup.zsh
[6.261s] -- Installing: /home/blazar/lawny_ws/install/control/share/control/local_setup.dsv
[6.261s] -- Installing: /home/blazar/lawny_ws/install/control/share/control/package.dsv
[6.262s] -- Up-to-date: /home/blazar/lawny_ws/install/control/share/ament_index/resource_index/packages/control
[6.262s] -- Up-to-date: /home/blazar/lawny_ws/install/control/share/control/cmake/export_control__rosidl_generator_cExport.cmake
[6.262s] -- Up-to-date: /home/blazar/lawny_ws/install/control/share/control/cmake/export_control__rosidl_generator_cExport-noconfig.cmake
[6.262s] -- Up-to-date: /home/blazar/lawny_ws/install/control/share/control/cmake/export_control__rosidl_typesupport_fastrtps_cExport.cmake
[6.263s] -- Up-to-date: /home/blazar/lawny_ws/install/control/share/control/cmake/export_control__rosidl_typesupport_fastrtps_cExport-noconfig.cmake
[6.263s] -- Up-to-date: /home/blazar/lawny_ws/install/control/share/control/cmake/control__rosidl_typesupport_introspection_cExport.cmake
[6.263s] -- Up-to-date: /home/blazar/lawny_ws/install/control/share/control/cmake/control__rosidl_typesupport_introspection_cExport-noconfig.cmake
[6.263s] -- Up-to-date: /home/blazar/lawny_ws/install/control/share/control/cmake/control__rosidl_typesupport_cExport.cmake
[6.263s] -- Up-to-date: /home/blazar/lawny_ws/install/control/share/control/cmake/control__rosidl_typesupport_cExport-noconfig.cmake
[6.264s] -- Up-to-date: /home/blazar/lawny_ws/install/control/share/control/cmake/export_control__rosidl_generator_cppExport.cmake
[6.264s] -- Up-to-date: /home/blazar/lawny_ws/install/control/share/control/cmake/export_control__rosidl_typesupport_fastrtps_cppExport.cmake
[6.264s] -- Up-to-date: /home/blazar/lawny_ws/install/control/share/control/cmake/export_control__rosidl_typesupport_fastrtps_cppExport-noconfig.cmake
[6.264s] -- Up-to-date: /home/blazar/lawny_ws/install/control/share/control/cmake/control__rosidl_typesupport_introspection_cppExport.cmake
[6.264s] -- Up-to-date: /home/blazar/lawny_ws/install/control/share/control/cmake/control__rosidl_typesupport_introspection_cppExport-noconfig.cmake
[6.265s] -- Up-to-date: /home/blazar/lawny_ws/install/control/share/control/cmake/control__rosidl_typesupport_cppExport.cmake
[6.265s] -- Up-to-date: /home/blazar/lawny_ws/install/control/share/control/cmake/control__rosidl_typesupport_cppExport-noconfig.cmake
[6.265s] -- Up-to-date: /home/blazar/lawny_ws/install/control/share/control/cmake/export_control__rosidl_generator_pyExport.cmake
[6.265s] -- Up-to-date: /home/blazar/lawny_ws/install/control/share/control/cmake/export_control__rosidl_generator_pyExport-noconfig.cmake
[6.265s] -- Up-to-date: /home/blazar/lawny_ws/install/control/share/control/cmake/rosidl_cmake-extras.cmake
[6.266s] -- Up-to-date: /home/blazar/lawny_ws/install/control/share/control/cmake/ament_cmake_export_include_directories-extras.cmake
[6.266s] -- Up-to-date: /home/blazar/lawny_ws/install/control/share/control/cmake/ament_cmake_export_libraries-extras.cmake
[6.266s] -- Up-to-date: /home/blazar/lawny_ws/install/control/share/control/cmake/ament_cmake_export_targets-extras.cmake
[6.266s] -- Up-to-date: /home/blazar/lawny_ws/install/control/share/control/cmake/rosidl_cmake_export_typesupport_targets-extras.cmake
[6.266s] -- Up-to-date: /home/blazar/lawny_ws/install/control/share/control/cmake/ament_cmake_export_dependencies-extras.cmake
[6.266s] -- Up-to-date: /home/blazar/lawny_ws/install/control/share/control/cmake/rosidl_cmake_export_typesupport_libraries-extras.cmake
[6.266s] -- Up-to-date: /home/blazar/lawny_ws/install/control/share/control/cmake/controlConfig.cmake
[6.267s] -- Up-to-date: /home/blazar/lawny_ws/install/control/share/control/cmake/controlConfig-version.cmake
[6.267s] -- Up-to-date: /home/blazar/lawny_ws/install/control/share/control/package.xml
[6.272s] Invoked command in '/home/blazar/lawny_ws/build/control' returned '0': CMAKE_PREFIX_PATH=${CMAKE_PREFIX_PATH}:/home/blazar/lawny_ws/install/first_order_boustrophedon_navigator:/opt/ros/humble /usr/bin/cmake --install /home/blazar/lawny_ws/build/control
