[0.428s] Invoking command in '/home/blazar/workspaces/rockytimes_ws/src/terrain_mapping_drone_control': DEBUGINFOD_URLS=https://debuginfod.ubuntu.com LD_LIBRARY_PATH=/home/blazar/workspaces/rockytimes_ws/install/px4_msgs/lib:/tmp/.mount_cursoragOJPK/usr/lib/:/tmp/.mount_cursoragOJPK/usr/lib32/:/tmp/.mount_cursoragOJPK/usr/lib64/:/tmp/.mount_cursoragOJPK/lib/:/tmp/.mount_cursoragOJPK/lib/i386-linux-gnu/:/tmp/.mount_cursoragOJPK/lib/x86_64-linux-gnu/:/tmp/.mount_cursoragOJPK/lib/aarch64-linux-gnu/:/tmp/.mount_cursoragOJPK/lib32/:/tmp/.mount_cursoragOJPK/lib64/:/opt/ros/jazzy/opt/gz_sim_vendor/lib:/opt/ros/jazzy/opt/gz_sensors_vendor/lib:/opt/ros/jazzy/opt/gz_physics_vendor/lib:/opt/ros/jazzy/opt/sdformat_vendor/lib:/opt/ros/jazzy/opt/rviz_ogre_vendor/lib:/opt/ros/jazzy/lib/x86_64-linux-gnu:/opt/ros/jazzy/opt/gz_gui_vendor/lib:/opt/ros/jazzy/opt/gz_transport_vendor/lib:/opt/ros/jazzy/opt/gz_rendering_vendor/lib:/opt/ros/jazzy/opt/gz_plugin_vendor/lib:/opt/ros/jazzy/opt/gz_fuel_tools_vendor/lib:/opt/ros/jazzy/opt/gz_msgs_vendor/lib:/opt/ros/jazzy/opt/gz_common_vendor/lib:/opt/ros/jazzy/opt/gz_math_vendor/lib:/opt/ros/jazzy/opt/gz_utils_vendor/lib:/opt/ros/jazzy/opt/gz_tools_vendor/lib:/opt/ros/jazzy/opt/gz_ogre_next_vendor/lib:/opt/ros/jazzy/opt/gz_dartsim_vendor/lib:/opt/ros/jazzy/opt/gz_cmake_vendor/lib:/opt/ros/jazzy/lib PYTHONPATH=/home/blazar/workspaces/rockytimes_ws/build/terrain_mapping_drone_control/prefix_override:/usr/lib/python3/dist-packages/colcon_core/task/python/colcon_distutils_commands:/home/blazar/workspaces/rockytimes_ws/install/terrain_mapping_drone_control/lib/python3.12/site-packages:/home/blazar/workspaces/rockytimes_ws/install/px4_msgs/lib/python3.12/site-packages:/home/blazar/workspaces/rockytimes_ws/install/terrain_mapping_drone_control/lib/python3.12/site-packages:/opt/ros/jazzy/lib/python3.12/site-packages VIRTUAL_ENV_PROMPT=(gennie) /usr/bin/python3 -W ignore:setup.py install is deprecated -W ignore:easy_install command is deprecated setup.py egg_info --egg-base ../../build/terrain_mapping_drone_control build --build-base /home/blazar/workspaces/rockytimes_ws/build/terrain_mapping_drone_control/build install --record /home/blazar/workspaces/rockytimes_ws/build/terrain_mapping_drone_control/install.log --single-version-externally-managed install_data
[0.562s] running egg_info
[0.571s] writing ../../build/terrain_mapping_drone_control/terrain_mapping_drone_control.egg-info/PKG-INFO
[0.571s] writing dependency_links to ../../build/terrain_mapping_drone_control/terrain_mapping_drone_control.egg-info/dependency_links.txt
[0.572s] writing entry points to ../../build/terrain_mapping_drone_control/terrain_mapping_drone_control.egg-info/entry_points.txt
[0.572s] writing requirements to ../../build/terrain_mapping_drone_control/terrain_mapping_drone_control.egg-info/requires.txt
[0.572s] writing top-level names to ../../build/terrain_mapping_drone_control/terrain_mapping_drone_control.egg-info/top_level.txt
[0.590s] reading manifest file '../../build/terrain_mapping_drone_control/terrain_mapping_drone_control.egg-info/SOURCES.txt'
[0.591s] writing manifest file '../../build/terrain_mapping_drone_control/terrain_mapping_drone_control.egg-info/SOURCES.txt'
[0.591s] running build
[0.591s] running build_py
[0.591s] running install
[0.595s] running install_lib
[0.604s] running install_data
[0.604s] running install_egg_info
[0.614s] removing '/home/blazar/workspaces/rockytimes_ws/install/terrain_mapping_drone_control/lib/python3.12/site-packages/terrain_mapping_drone_control-0.0.1-py3.12.egg-info' (and everything under it)
[0.614s] Copying ../../build/terrain_mapping_drone_control/terrain_mapping_drone_control.egg-info to /home/blazar/workspaces/rockytimes_ws/install/terrain_mapping_drone_control/lib/python3.12/site-packages/terrain_mapping_drone_control-0.0.1-py3.12.egg-info
[0.615s] running install_scripts
[0.684s] Installing aruco_tracker script to /home/blazar/workspaces/rockytimes_ws/install/terrain_mapping_drone_control/bin
[0.684s] Installing cylinder_landing_node script to /home/blazar/workspaces/rockytimes_ws/install/terrain_mapping_drone_control/bin
[0.685s] Installing feature_tracker script to /home/blazar/workspaces/rockytimes_ws/install/terrain_mapping_drone_control/bin
[0.685s] Installing geometry_tracker script to /home/blazar/workspaces/rockytimes_ws/install/terrain_mapping_drone_control/bin
[0.685s] Installing mission script to /home/blazar/workspaces/rockytimes_ws/install/terrain_mapping_drone_control/bin
[0.685s] Installing pose_visualizer script to /home/blazar/workspaces/rockytimes_ws/install/terrain_mapping_drone_control/bin
[0.685s] Installing px4_odom_converter script to /home/blazar/workspaces/rockytimes_ws/install/terrain_mapping_drone_control/bin
[0.685s] Installing spiral_trajectory script to /home/blazar/workspaces/rockytimes_ws/install/terrain_mapping_drone_control/bin
[0.685s] writing list of installed files to '/home/blazar/workspaces/rockytimes_ws/build/terrain_mapping_drone_control/install.log'
[0.702s] Invoked command in '/home/blazar/workspaces/rockytimes_ws/src/terrain_mapping_drone_control' returned '0': DEBUGINFOD_URLS=https://debuginfod.ubuntu.com LD_LIBRARY_PATH=/home/blazar/workspaces/rockytimes_ws/install/px4_msgs/lib:/tmp/.mount_cursoragOJPK/usr/lib/:/tmp/.mount_cursoragOJPK/usr/lib32/:/tmp/.mount_cursoragOJPK/usr/lib64/:/tmp/.mount_cursoragOJPK/lib/:/tmp/.mount_cursoragOJPK/lib/i386-linux-gnu/:/tmp/.mount_cursoragOJPK/lib/x86_64-linux-gnu/:/tmp/.mount_cursoragOJPK/lib/aarch64-linux-gnu/:/tmp/.mount_cursoragOJPK/lib32/:/tmp/.mount_cursoragOJPK/lib64/:/opt/ros/jazzy/opt/gz_sim_vendor/lib:/opt/ros/jazzy/opt/gz_sensors_vendor/lib:/opt/ros/jazzy/opt/gz_physics_vendor/lib:/opt/ros/jazzy/opt/sdformat_vendor/lib:/opt/ros/jazzy/opt/rviz_ogre_vendor/lib:/opt/ros/jazzy/lib/x86_64-linux-gnu:/opt/ros/jazzy/opt/gz_gui_vendor/lib:/opt/ros/jazzy/opt/gz_transport_vendor/lib:/opt/ros/jazzy/opt/gz_rendering_vendor/lib:/opt/ros/jazzy/opt/gz_plugin_vendor/lib:/opt/ros/jazzy/opt/gz_fuel_tools_vendor/lib:/opt/ros/jazzy/opt/gz_msgs_vendor/lib:/opt/ros/jazzy/opt/gz_common_vendor/lib:/opt/ros/jazzy/opt/gz_math_vendor/lib:/opt/ros/jazzy/opt/gz_utils_vendor/lib:/opt/ros/jazzy/opt/gz_tools_vendor/lib:/opt/ros/jazzy/opt/gz_ogre_next_vendor/lib:/opt/ros/jazzy/opt/gz_dartsim_vendor/lib:/opt/ros/jazzy/opt/gz_cmake_vendor/lib:/opt/ros/jazzy/lib PYTHONPATH=/home/blazar/workspaces/rockytimes_ws/build/terrain_mapping_drone_control/prefix_override:/usr/lib/python3/dist-packages/colcon_core/task/python/colcon_distutils_commands:/home/blazar/workspaces/rockytimes_ws/install/terrain_mapping_drone_control/lib/python3.12/site-packages:/home/blazar/workspaces/rockytimes_ws/install/px4_msgs/lib/python3.12/site-packages:/home/blazar/workspaces/rockytimes_ws/install/terrain_mapping_drone_control/lib/python3.12/site-packages:/opt/ros/jazzy/lib/python3.12/site-packages VIRTUAL_ENV_PROMPT=(gennie) /usr/bin/python3 -W ignore:setup.py install is deprecated -W ignore:easy_install command is deprecated setup.py egg_info --egg-base ../../build/terrain_mapping_drone_control build --build-base /home/blazar/workspaces/rockytimes_ws/build/terrain_mapping_drone_control/build install --record /home/blazar/workspaces/rockytimes_ws/build/terrain_mapping_drone_control/install.log --single-version-externally-managed install_data
