[0.011s] Invoking command in '/home/blazar/workspaces/rockytimes_ws/build/px4_msgs': CMAKE_PREFIX_PATH=${CMAKE_PREFIX_PATH}:/home/blazar/workspaces/rockytimes_ws/install/terrain_mapping_drone_control:/home/blazar/workspaces/ellie_ws/install/ellie:/home/blazar/robotics1/scara_ws/install/desco:/home/blazar/workspaces/arduinobot_ws/install/arduinobot_py_examples:/home/blazar/workspaces/cartip_ws/install/ralpoley:/home/blazar/workspaces/cartip_ws/install/cart_pole_optimal_control:/opt/ros/jazzy DEBUGINFOD_URLS=https://debuginfod.ubuntu.com PS1=(thingsbro) \[\e]0;\u@\h: \w\a\]${debian_chroot:+($debian_chroot)}\[\033[01;32m\]\u@\h\[\033[00m\]:\[\033[01;34m\]\w\[\033[00m\]\$ VIRTUAL_ENV_PROMPT=(thingsbro) /usr/bin/cmake --build /home/blazar/workspaces/rockytimes_ws/build/px4_msgs -- -j16 -l16
[0.561s] [  0%] Built target px4_msgs__rosidl_generator_type_description
[0.596s] [  0%] Built target px4_msgs__cpp
[0.598s] [  0%] Built target ament_cmake_python_copy_px4_msgs
[0.712s] running egg_info
[0.719s] writing px4_msgs.egg-info/PKG-INFO
[0.720s] writing dependency_links to px4_msgs.egg-info/dependency_links.txt
[0.720s] writing top-level names to px4_msgs.egg-info/top_level.txt
[0.741s] reading manifest file 'px4_msgs.egg-info/SOURCES.txt'
[0.743s] writing manifest file 'px4_msgs.egg-info/SOURCES.txt'
[0.762s] [  0%] Built target ament_cmake_python_build_px4_msgs_egg
[0.781s] [ 29%] Built target px4_msgs__rosidl_generator_c
[0.875s] [ 39%] Built target px4_msgs__rosidl_typesupport_introspection_c
[0.878s] [ 49%] Built target px4_msgs__rosidl_typesupport_c
[0.951s] [ 59%] Built target px4_msgs__rosidl_typesupport_cpp
[0.961s] [ 69%] Built target px4_msgs__rosidl_typesupport_introspection_cpp
[0.979s] [ 79%] Built target px4_msgs__rosidl_typesupport_fastrtps_c
[0.990s] [ 89%] Built target px4_msgs__rosidl_typesupport_fastrtps_cpp
[1.006s] [ 89%] Built target px4_msgs
[1.030s] [ 89%] Built target px4_msgs__py
[1.219s] [ 99%] Built target px4_msgs__rosidl_generator_py
[1.243s] [ 99%] Built target px4_msgs_s__rosidl_typesupport_c
[1.243s] [100%] Built target px4_msgs_s__rosidl_typesupport_introspection_c
[1.244s] [100%] Built target px4_msgs_s__rosidl_typesupport_fastrtps_c
