-- Found ament_cmake: 1.3.11 (/opt/ros/humble/share/ament_cmake/cmake)
-- Found rosidl_default_generators: 1.2.0 (/opt/ros/humble/share/rosidl_default_generators/cmake)
-- Using all available rosidl_typesupport_c: rosidl_typesupport_fastrtps_c;rosidl_typesupport_introspection_c
-- Found rosidl_adapter: 3.1.6 (/opt/ros/humble/share/rosidl_adapter/cmake)
-- Using all available rosidl_typesupport_cpp: rosidl_typesupport_fastrtps_cpp;rosidl_typesupport_introspection_cpp
-- Found rclpy: 3.3.15 (/opt/ros/humble/share/rclpy/cmake)
-- Found geometry_msgs: 4.2.4 (/opt/ros/humble/share/geometry_msgs/cmake)
-- Found ament_cmake_ros: 0.10.0 (/opt/ros/humble/share/ament_cmake_ros/cmake)
-- Using all available rosidl_typesupport_c: rosidl_typesupport_fastrtps_c;rosidl_typesupport_introspection_c
-- Using all available rosidl_typesupport_cpp: rosidl_typesupport_fastrtps_cpp;rosidl_typesupport_introspection_cpp
-- Found PythonInterp: /usr/bin/python3 (found suitable version "3.10.12", minimum required is "3.6") 
-- Found python_cmake_module: 0.10.0 (/opt/ros/humble/share/python_cmake_module/cmake)
-- Found PythonLibs: /usr/lib/x86_64-linux-gnu/libpython3.10.so (found suitable version "3.10.12", minimum required is "3.5") 
-- Using PYTHON_EXECUTABLE: /usr/bin/python3
-- Using PYTHON_INCLUDE_DIRS: /usr/include/python3.10
-- Using PYTHON_LIBRARIES: /usr/lib/x86_64-linux-gnu/libpython3.10.so
-- Found PythonExtra: .so  
-- Configuring done
-- Generating done
-- Build files have been written to: /home/blazar/lawny_ws/build/control
/usr/bin/cmake -S/home/blazar/lawny_ws/src/control -B/home/blazar/lawny_ws/build/control --check-build-system CMakeFiles/Makefile.cmake 0
/usr/bin/cmake -E cmake_progress_start /home/blazar/lawny_ws/build/control/CMakeFiles /home/blazar/lawny_ws/build/control//CMakeFiles/progress.marks
/usr/bin/gmake  -f CMakeFiles/Makefile2 all
gmake[1]: Entering directory '/home/blazar/lawny_ws/build/control'
/usr/bin/gmake  -f CMakeFiles/control__rosidl_generator_c.dir/build.make CMakeFiles/control__rosidl_generator_c.dir/depend
/usr/bin/gmake  -f CMakeFiles/control__cpp.dir/build.make CMakeFiles/control__cpp.dir/depend
/usr/bin/gmake  -f CMakeFiles/ament_cmake_python_copy_control.dir/build.make CMakeFiles/ament_cmake_python_copy_control.dir/depend
gmake[2]: Entering directory '/home/blazar/lawny_ws/build/control'
gmake[2]: Entering directory '/home/blazar/lawny_ws/build/control'
cd /home/blazar/lawny_ws/build/control && /usr/bin/cmake -E cmake_depends "Unix Makefiles" /home/blazar/lawny_ws/src/control /home/blazar/lawny_ws/src/control /home/blazar/lawny_ws/build/control /home/blazar/lawny_ws/build/control /home/blazar/lawny_ws/build/control/CMakeFiles/control__cpp.dir/DependInfo.cmake --color=
gmake[2]: Entering directory '/home/blazar/lawny_ws/build/control'
cd /home/blazar/lawny_ws/build/control && /usr/bin/cmake -E cmake_depends "Unix Makefiles" /home/blazar/lawny_ws/src/control /home/blazar/lawny_ws/src/control /home/blazar/lawny_ws/build/control /home/blazar/lawny_ws/build/control /home/blazar/lawny_ws/build/control/CMakeFiles/ament_cmake_python_copy_control.dir/DependInfo.cmake --color=
[  3%] [34m[1mGenerating C code for ROS interfaces[0m
/usr/bin/python3 /opt/ros/humble/share/rosidl_generator_c/cmake/../../../lib/rosidl_generator_c/rosidl_generator_c --generator-arguments-file /home/blazar/lawny_ws/build/control/rosidl_generator_c__arguments.json
gmake[2]: Leaving directory '/home/blazar/lawny_ws/build/control'
gmake[2]: Leaving directory '/home/blazar/lawny_ws/build/control'
/usr/bin/gmake  -f CMakeFiles/ament_cmake_python_copy_control.dir/build.make CMakeFiles/ament_cmake_python_copy_control.dir/build
/usr/bin/gmake  -f CMakeFiles/control__cpp.dir/build.make CMakeFiles/control__cpp.dir/build
gmake[2]: Entering directory '/home/blazar/lawny_ws/build/control'
/usr/bin/cmake -E copy_directory /home/blazar/lawny_ws/build/control/rosidl_generator_py/control /home/blazar/lawny_ws/build/control/ament_cmake_python/control/control
gmake[2]: Entering directory '/home/blazar/lawny_ws/build/control'
[  6%] [34m[1mGenerating C++ code for ROS interfaces[0m
gmake[2]: Leaving directory '/home/blazar/lawny_ws/build/control'
/usr/bin/python3 /opt/ros/humble/share/rosidl_generator_cpp/cmake/../../../lib/rosidl_generator_cpp/rosidl_generator_cpp --generator-arguments-file /home/blazar/lawny_ws/build/control/rosidl_generator_cpp__arguments.json
[  6%] Built target ament_cmake_python_copy_control
/usr/bin/gmake  -f CMakeFiles/ament_cmake_python_build_control_egg.dir/build.make CMakeFiles/ament_cmake_python_build_control_egg.dir/depend
gmake[2]: Entering directory '/home/blazar/lawny_ws/build/control'
cd /home/blazar/lawny_ws/build/control && /usr/bin/cmake -E cmake_depends "Unix Makefiles" /home/blazar/lawny_ws/src/control /home/blazar/lawny_ws/src/control /home/blazar/lawny_ws/build/control /home/blazar/lawny_ws/build/control /home/blazar/lawny_ws/build/control/CMakeFiles/ament_cmake_python_build_control_egg.dir/DependInfo.cmake --color=
gmake[2]: Leaving directory '/home/blazar/lawny_ws/build/control'
/usr/bin/gmake  -f CMakeFiles/ament_cmake_python_build_control_egg.dir/build.make CMakeFiles/ament_cmake_python_build_control_egg.dir/build
gmake[2]: Entering directory '/home/blazar/lawny_ws/build/control'
cd /home/blazar/lawny_ws/build/control/ament_cmake_python/control && /usr/bin/python3 setup.py egg_info
running egg_info
creating control.egg-info
writing control.egg-info/PKG-INFO
writing dependency_links to control.egg-info/dependency_links.txt
writing top-level names to control.egg-info/top_level.txt
writing manifest file 'control.egg-info/SOURCES.txt'
gmake[2]: Leaving directory '/home/blazar/lawny_ws/build/control'
cd /home/blazar/lawny_ws/build/control && /usr/bin/cmake -E cmake_depends "Unix Makefiles" /home/blazar/lawny_ws/src/control /home/blazar/lawny_ws/src/control /home/blazar/lawny_ws/build/control /home/blazar/lawny_ws/build/control /home/blazar/lawny_ws/build/control/CMakeFiles/control__rosidl_generator_c.dir/DependInfo.cmake --color=
reading manifest file 'control.egg-info/SOURCES.txt'
writing manifest file 'control.egg-info/SOURCES.txt'
[  6%] Built target control__cpp
/usr/bin/gmake  -f CMakeFiles/control__rosidl_typesupport_cpp.dir/build.make CMakeFiles/control__rosidl_typesupport_cpp.dir/depend
/usr/bin/gmake  -f CMakeFiles/control__rosidl_typesupport_fastrtps_cpp.dir/build.make CMakeFiles/control__rosidl_typesupport_fastrtps_cpp.dir/depend
/usr/bin/gmake  -f CMakeFiles/control__rosidl_typesupport_introspection_cpp.dir/build.make CMakeFiles/control__rosidl_typesupport_introspection_cpp.dir/depend
gmake[2]: Leaving directory '/home/blazar/lawny_ws/build/control'
/usr/bin/gmake  -f CMakeFiles/control__rosidl_generator_c.dir/build.make CMakeFiles/control__rosidl_generator_c.dir/build
gmake[2]: Entering directory '/home/blazar/lawny_ws/build/control'
gmake[2]: Entering directory '/home/blazar/lawny_ws/build/control'
gmake[2]: Entering directory '/home/blazar/lawny_ws/build/control'
gmake[2]: Entering directory '/home/blazar/lawny_ws/build/control'
[ 16%] [34m[1mGenerating C++ introspection for ROS interfaces[0m
[ 16%] [34m[1mGenerating C++ type support for eProsima Fast-RTPS[0m
[ 16%] [32mBuilding C object CMakeFiles/control__rosidl_generator_c.dir/rosidl_generator_c/control/msg/detail/performance_metrics__functions.c.o[0m
[ 19%] [34m[1mGenerating C++ type support dispatch for ROS interfaces[0m
/usr/bin/python3 /opt/ros/humble/lib/rosidl_typesupport_fastrtps_cpp/rosidl_typesupport_fastrtps_cpp --generator-arguments-file /home/blazar/lawny_ws/build/control/rosidl_typesupport_fastrtps_cpp__arguments.json
/usr/bin/python3 /opt/ros/humble/lib/rosidl_typesupport_introspection_cpp/rosidl_typesupport_introspection_cpp --generator-arguments-file /home/blazar/lawny_ws/build/control/rosidl_typesupport_introspection_cpp__arguments.json
/usr/bin/cc -DRCUTILS_ENABLE_FAULT_INJECTION -DROSIDL_GENERATOR_C_BUILDING_DLL_control -DROS_PACKAGE_NAME=\"control\" -I/home/blazar/lawny_ws/build/control/rosidl_generator_c -isystem /opt/ros/humble/include/rosidl_runtime_c -isystem /opt/ros/humble/include/rcutils -isystem /opt/ros/humble/include/rosidl_typesupport_interface -fPIC -Wall -std=gnu11 -MD -MT CMakeFiles/control__rosidl_generator_c.dir/rosidl_generator_c/control/msg/detail/performance_metrics__functions.c.o -MF CMakeFiles/control__rosidl_generator_c.dir/rosidl_generator_c/control/msg/detail/performance_metrics__functions.c.o.d -o CMakeFiles/control__rosidl_generator_c.dir/rosidl_generator_c/control/msg/detail/performance_metrics__functions.c.o -c /home/blazar/lawny_ws/build/control/rosidl_generator_c/control/msg/detail/performance_metrics__functions.c
/usr/bin/python3 /opt/ros/humble/lib/rosidl_typesupport_cpp/rosidl_typesupport_cpp --generator-arguments-file /home/blazar/lawny_ws/build/control/rosidl_typesupport_cpp__arguments.json --typesupports rosidl_typesupport_fastrtps_cpp rosidl_typesupport_introspection_cpp
gmake[2]: Leaving directory '/home/blazar/lawny_ws/build/control'
[ 19%] Built target ament_cmake_python_build_control_egg
[ 22%] [32m[1mLinking C shared library libcontrol__rosidl_generator_c.so[0m
/usr/bin/cmake -E cmake_link_script CMakeFiles/control__rosidl_generator_c.dir/link.txt --verbose=1
/usr/bin/cc -fPIC -shared -Wl,-soname,libcontrol__rosidl_generator_c.so -o libcontrol__rosidl_generator_c.so CMakeFiles/control__rosidl_generator_c.dir/rosidl_generator_c/control/msg/detail/performance_metrics__functions.c.o  -Wl,-rpath,/opt/ros/humble/lib: /opt/ros/humble/lib/librosidl_runtime_c.so /opt/ros/humble/lib/librcutils.so -ldl 
gmake[2]: Leaving directory '/home/blazar/lawny_ws/build/control'
[ 22%] Built target control__rosidl_generator_c
/usr/bin/gmake  -f CMakeFiles/control__rosidl_typesupport_fastrtps_c.dir/build.make CMakeFiles/control__rosidl_typesupport_fastrtps_c.dir/depend
/usr/bin/gmake  -f CMakeFiles/control__rosidl_typesupport_introspection_c.dir/build.make CMakeFiles/control__rosidl_typesupport_introspection_c.dir/depend
/usr/bin/gmake  -f CMakeFiles/control__rosidl_typesupport_c.dir/build.make CMakeFiles/control__rosidl_typesupport_c.dir/depend
gmake[2]: Entering directory '/home/blazar/lawny_ws/build/control'
gmake[2]: Entering directory '/home/blazar/lawny_ws/build/control'
gmake[2]: Entering directory '/home/blazar/lawny_ws/build/control'
[ 32%] [34m[1mGenerating C type support dispatch for ROS interfaces[0m
[ 32%] [34m[1mGenerating C type support for eProsima Fast-RTPS[0m
[ 32%] [34m[1mGenerating C introspection for ROS interfaces[0m
/usr/bin/python3 /opt/ros/humble/lib/rosidl_typesupport_fastrtps_c/rosidl_typesupport_fastrtps_c --generator-arguments-file /home/blazar/lawny_ws/build/control/rosidl_typesupport_fastrtps_c__arguments.json
/usr/bin/python3 /opt/ros/humble/lib/rosidl_typesupport_introspection_c/rosidl_typesupport_introspection_c --generator-arguments-file /home/blazar/lawny_ws/build/control/rosidl_typesupport_introspection_c__arguments.json
/usr/bin/python3 /opt/ros/humble/lib/rosidl_typesupport_c/rosidl_typesupport_c --generator-arguments-file /home/blazar/lawny_ws/build/control/rosidl_typesupport_c__arguments.json --typesupports rosidl_typesupport_fastrtps_c rosidl_typesupport_introspection_c
cd /home/blazar/lawny_ws/build/control && /usr/bin/cmake -E cmake_depends "Unix Makefiles" /home/blazar/lawny_ws/src/control /home/blazar/lawny_ws/src/control /home/blazar/lawny_ws/build/control /home/blazar/lawny_ws/build/control /home/blazar/lawny_ws/build/control/CMakeFiles/control__rosidl_typesupport_cpp.dir/DependInfo.cmake --color=
gmake[2]: Leaving directory '/home/blazar/lawny_ws/build/control'
/usr/bin/gmake  -f CMakeFiles/control__rosidl_typesupport_cpp.dir/build.make CMakeFiles/control__rosidl_typesupport_cpp.dir/build
gmake[2]: Entering directory '/home/blazar/lawny_ws/build/control'
cd /home/blazar/lawny_ws/build/control && /usr/bin/cmake -E cmake_depends "Unix Makefiles" /home/blazar/lawny_ws/src/control /home/blazar/lawny_ws/src/control /home/blazar/lawny_ws/build/control /home/blazar/lawny_ws/build/control /home/blazar/lawny_ws/build/control/CMakeFiles/control__rosidl_typesupport_introspection_cpp.dir/DependInfo.cmake --color=
[ 35%] [32mBuilding CXX object CMakeFiles/control__rosidl_typesupport_cpp.dir/rosidl_typesupport_cpp/control/msg/performance_metrics__type_support.cpp.o[0m
/usr/bin/c++ -DRCUTILS_ENABLE_FAULT_INJECTION -DROSIDL_TYPESUPPORT_CPP_BUILDING_DLL -DROS_PACKAGE_NAME=\"control\" -I/home/blazar/lawny_ws/build/control/rosidl_generator_cpp -isystem /opt/ros/humble/include/rosidl_runtime_cpp -isystem /opt/ros/humble/include/rosidl_runtime_c -isystem /opt/ros/humble/include/rcutils -isystem /opt/ros/humble/include/rosidl_typesupport_interface -isystem /opt/ros/humble/include/rosidl_typesupport_cpp -isystem /opt/ros/humble/include/rosidl_typesupport_c -fPIC -Wall -Wextra -Wpedantic -std=gnu++14 -MD -MT CMakeFiles/control__rosidl_typesupport_cpp.dir/rosidl_typesupport_cpp/control/msg/performance_metrics__type_support.cpp.o -MF CMakeFiles/control__rosidl_typesupport_cpp.dir/rosidl_typesupport_cpp/control/msg/performance_metrics__type_support.cpp.o.d -o CMakeFiles/control__rosidl_typesupport_cpp.dir/rosidl_typesupport_cpp/control/msg/performance_metrics__type_support.cpp.o -c /home/blazar/lawny_ws/build/control/rosidl_typesupport_cpp/control/msg/performance_metrics__type_support.cpp
cd /home/blazar/lawny_ws/build/control && /usr/bin/cmake -E cmake_depends "Unix Makefiles" /home/blazar/lawny_ws/src/control /home/blazar/lawny_ws/src/control /home/blazar/lawny_ws/build/control /home/blazar/lawny_ws/build/control /home/blazar/lawny_ws/build/control/CMakeFiles/control__rosidl_typesupport_fastrtps_cpp.dir/DependInfo.cmake --color=
gmake[2]: Leaving directory '/home/blazar/lawny_ws/build/control'
/usr/bin/gmake  -f CMakeFiles/control__rosidl_typesupport_introspection_cpp.dir/build.make CMakeFiles/control__rosidl_typesupport_introspection_cpp.dir/build
gmake[2]: Entering directory '/home/blazar/lawny_ws/build/control'
gmake[2]: Leaving directory '/home/blazar/lawny_ws/build/control'
/usr/bin/gmake  -f CMakeFiles/control__rosidl_typesupport_fastrtps_cpp.dir/build.make CMakeFiles/control__rosidl_typesupport_fastrtps_cpp.dir/build
gmake[2]: Entering directory '/home/blazar/lawny_ws/build/control'
[ 38%] [32mBuilding CXX object CMakeFiles/control__rosidl_typesupport_introspection_cpp.dir/rosidl_typesupport_introspection_cpp/control/msg/detail/performance_metrics__type_support.cpp.o[0m
/usr/bin/c++ -DRCUTILS_ENABLE_FAULT_INJECTION -DROSIDL_TYPESUPPORT_INTROSPECTION_CPP_BUILDING_DLL -DROS_PACKAGE_NAME=\"control\" -I/home/blazar/lawny_ws/build/control/rosidl_typesupport_introspection_cpp -I/home/blazar/lawny_ws/build/control/rosidl_generator_cpp -isystem /opt/ros/humble/include/rosidl_runtime_cpp -isystem /opt/ros/humble/include/rosidl_runtime_c -isystem /opt/ros/humble/include/rcutils -isystem /opt/ros/humble/include/rosidl_typesupport_interface -isystem /opt/ros/humble/include/rosidl_typesupport_introspection_cpp -isystem /opt/ros/humble/include/rosidl_typesupport_introspection_c -fPIC -Wall -Wextra -Wpedantic -MD -MT CMakeFiles/control__rosidl_typesupport_introspection_cpp.dir/rosidl_typesupport_introspection_cpp/control/msg/detail/performance_metrics__type_support.cpp.o -MF CMakeFiles/control__rosidl_typesupport_introspection_cpp.dir/rosidl_typesupport_introspection_cpp/control/msg/detail/performance_metrics__type_support.cpp.o.d -o CMakeFiles/control__rosidl_typesupport_introspection_cpp.dir/rosidl_typesupport_introspection_cpp/control/msg/detail/performance_metrics__type_support.cpp.o -c /home/blazar/lawny_ws/build/control/rosidl_typesupport_introspection_cpp/control/msg/detail/performance_metrics__type_support.cpp
[ 41%] [32mBuilding CXX object CMakeFiles/control__rosidl_typesupport_fastrtps_cpp.dir/rosidl_typesupport_fastrtps_cpp/control/msg/detail/dds_fastrtps/performance_metrics__type_support.cpp.o[0m
/usr/bin/c++ -DRCUTILS_ENABLE_FAULT_INJECTION -DROSIDL_TYPESUPPORT_FASTRTPS_CPP_BUILDING_DLL_control -DROS_PACKAGE_NAME=\"control\" -I/home/blazar/lawny_ws/build/control/rosidl_typesupport_fastrtps_cpp -I/home/blazar/lawny_ws/build/control/rosidl_generator_cpp -isystem /opt/ros/humble/include/fastcdr -isystem /opt/ros/humble/include/rmw -isystem /opt/ros/humble/include/rcutils -isystem /opt/ros/humble/include/rosidl_runtime_c -isystem /opt/ros/humble/include/rosidl_typesupport_interface -isystem /opt/ros/humble/include/rosidl_runtime_cpp -isystem /opt/ros/humble/include/rosidl_typesupport_fastrtps_cpp -fPIC -Wall -Wextra -Wpedantic -Wredundant-decls -std=gnu++14 -MD -MT CMakeFiles/control__rosidl_typesupport_fastrtps_cpp.dir/rosidl_typesupport_fastrtps_cpp/control/msg/detail/dds_fastrtps/performance_metrics__type_support.cpp.o -MF CMakeFiles/control__rosidl_typesupport_fastrtps_cpp.dir/rosidl_typesupport_fastrtps_cpp/control/msg/detail/dds_fastrtps/performance_metrics__type_support.cpp.o.d -o CMakeFiles/control__rosidl_typesupport_fastrtps_cpp.dir/rosidl_typesupport_fastrtps_cpp/control/msg/detail/dds_fastrtps/performance_metrics__type_support.cpp.o -c /home/blazar/lawny_ws/build/control/rosidl_typesupport_fastrtps_cpp/control/msg/detail/dds_fastrtps/performance_metrics__type_support.cpp
cd /home/blazar/lawny_ws/build/control && /usr/bin/cmake -E cmake_depends "Unix Makefiles" /home/blazar/lawny_ws/src/control /home/blazar/lawny_ws/src/control /home/blazar/lawny_ws/build/control /home/blazar/lawny_ws/build/control /home/blazar/lawny_ws/build/control/CMakeFiles/control__rosidl_typesupport_c.dir/DependInfo.cmake --color=
gmake[2]: Leaving directory '/home/blazar/lawny_ws/build/control'
/usr/bin/gmake  -f CMakeFiles/control__rosidl_typesupport_c.dir/build.make CMakeFiles/control__rosidl_typesupport_c.dir/build
gmake[2]: Entering directory '/home/blazar/lawny_ws/build/control'
[ 45%] [32mBuilding CXX object CMakeFiles/control__rosidl_typesupport_c.dir/rosidl_typesupport_c/control/msg/performance_metrics__type_support.cpp.o[0m
/usr/bin/c++ -DRCUTILS_ENABLE_FAULT_INJECTION -DROSIDL_GENERATOR_C_BUILDING_DLL_control -DROS_PACKAGE_NAME=\"control\" -I/home/blazar/lawny_ws/build/control/rosidl_generator_c -isystem /opt/ros/humble/include/rosidl_runtime_c -isystem /opt/ros/humble/include/rcutils -isystem /opt/ros/humble/include/rosidl_typesupport_interface -isystem /opt/ros/humble/include/rosidl_typesupport_c -fPIC -Wall -std=gnu++14 -MD -MT CMakeFiles/control__rosidl_typesupport_c.dir/rosidl_typesupport_c/control/msg/performance_metrics__type_support.cpp.o -MF CMakeFiles/control__rosidl_typesupport_c.dir/rosidl_typesupport_c/control/msg/performance_metrics__type_support.cpp.o.d -o CMakeFiles/control__rosidl_typesupport_c.dir/rosidl_typesupport_c/control/msg/performance_metrics__type_support.cpp.o -c /home/blazar/lawny_ws/build/control/rosidl_typesupport_c/control/msg/performance_metrics__type_support.cpp
cd /home/blazar/lawny_ws/build/control && /usr/bin/cmake -E cmake_depends "Unix Makefiles" /home/blazar/lawny_ws/src/control /home/blazar/lawny_ws/src/control /home/blazar/lawny_ws/build/control /home/blazar/lawny_ws/build/control /home/blazar/lawny_ws/build/control/CMakeFiles/control__rosidl_typesupport_introspection_c.dir/DependInfo.cmake --color=
cd /home/blazar/lawny_ws/build/control && /usr/bin/cmake -E cmake_depends "Unix Makefiles" /home/blazar/lawny_ws/src/control /home/blazar/lawny_ws/src/control /home/blazar/lawny_ws/build/control /home/blazar/lawny_ws/build/control /home/blazar/lawny_ws/build/control/CMakeFiles/control__rosidl_typesupport_fastrtps_c.dir/DependInfo.cmake --color=
gmake[2]: Leaving directory '/home/blazar/lawny_ws/build/control'
/usr/bin/gmake  -f CMakeFiles/control__rosidl_typesupport_introspection_c.dir/build.make CMakeFiles/control__rosidl_typesupport_introspection_c.dir/build
gmake[2]: Entering directory '/home/blazar/lawny_ws/build/control'
gmake[2]: Leaving directory '/home/blazar/lawny_ws/build/control'
/usr/bin/gmake  -f CMakeFiles/control__rosidl_typesupport_fastrtps_c.dir/build.make CMakeFiles/control__rosidl_typesupport_fastrtps_c.dir/build
gmake[2]: Entering directory '/home/blazar/lawny_ws/build/control'
[ 48%] [32mBuilding C object CMakeFiles/control__rosidl_typesupport_introspection_c.dir/rosidl_typesupport_introspection_c/control/msg/detail/performance_metrics__type_support.c.o[0m
[ 51%] [32mBuilding CXX object CMakeFiles/control__rosidl_typesupport_fastrtps_c.dir/rosidl_typesupport_fastrtps_c/control/msg/detail/performance_metrics__type_support_c.cpp.o[0m
/usr/bin/cc -DRCUTILS_ENABLE_FAULT_INJECTION -DROSIDL_TYPESUPPORT_INTROSPECTION_C_BUILDING_DLL_control -DROS_PACKAGE_NAME=\"control\" -I/home/blazar/lawny_ws/build/control/rosidl_typesupport_introspection_c -I/home/blazar/lawny_ws/build/control/rosidl_generator_c -isystem /opt/ros/humble/include/rosidl_runtime_c -isystem /opt/ros/humble/include/rcutils -isystem /opt/ros/humble/include/rosidl_typesupport_interface -isystem /opt/ros/humble/include/rosidl_typesupport_introspection_c -fPIC -Wall -std=gnu11 -MD -MT CMakeFiles/control__rosidl_typesupport_introspection_c.dir/rosidl_typesupport_introspection_c/control/msg/detail/performance_metrics__type_support.c.o -MF CMakeFiles/control__rosidl_typesupport_introspection_c.dir/rosidl_typesupport_introspection_c/control/msg/detail/performance_metrics__type_support.c.o.d -o CMakeFiles/control__rosidl_typesupport_introspection_c.dir/rosidl_typesupport_introspection_c/control/msg/detail/performance_metrics__type_support.c.o -c /home/blazar/lawny_ws/build/control/rosidl_typesupport_introspection_c/control/msg/detail/performance_metrics__type_support.c
/usr/bin/c++ -DRCUTILS_ENABLE_FAULT_INJECTION -DROSIDL_TYPESUPPORT_FASTRTPS_C_BUILDING_DLL_control -DROS_PACKAGE_NAME=\"control\" -I/home/blazar/lawny_ws/build/control/rosidl_typesupport_fastrtps_c -I/home/blazar/lawny_ws/build/control/rosidl_generator_c -isystem /opt/ros/humble/include/fastcdr -isystem /opt/ros/humble/include/rosidl_runtime_c -isystem /opt/ros/humble/include/rcutils -isystem /opt/ros/humble/include/rosidl_typesupport_interface -isystem /opt/ros/humble/include/rosidl_runtime_cpp -isystem /opt/ros/humble/include/rosidl_typesupport_fastrtps_cpp -isystem /opt/ros/humble/include/rmw -isystem /opt/ros/humble/include/rosidl_typesupport_fastrtps_c -fPIC -Wall -Wextra -Wpedantic -std=gnu++14 -MD -MT CMakeFiles/control__rosidl_typesupport_fastrtps_c.dir/rosidl_typesupport_fastrtps_c/control/msg/detail/performance_metrics__type_support_c.cpp.o -MF CMakeFiles/control__rosidl_typesupport_fastrtps_c.dir/rosidl_typesupport_fastrtps_c/control/msg/detail/performance_metrics__type_support_c.cpp.o.d -o CMakeFiles/control__rosidl_typesupport_fastrtps_c.dir/rosidl_typesupport_fastrtps_c/control/msg/detail/performance_metrics__type_support_c.cpp.o -c /home/blazar/lawny_ws/build/control/rosidl_typesupport_fastrtps_c/control/msg/detail/performance_metrics__type_support_c.cpp
[ 54%] [32m[1mLinking CXX shared library libcontrol__rosidl_typesupport_c.so[0m
/usr/bin/cmake -E cmake_link_script CMakeFiles/control__rosidl_typesupport_c.dir/link.txt --verbose=1
/usr/bin/c++ -fPIC -shared -Wl,-soname,libcontrol__rosidl_typesupport_c.so -o libcontrol__rosidl_typesupport_c.so CMakeFiles/control__rosidl_typesupport_c.dir/rosidl_typesupport_c/control/msg/performance_metrics__type_support.cpp.o  -Wl,-rpath,/home/blazar/lawny_ws/build/control:/opt/ros/humble/lib: libcontrol__rosidl_generator_c.so /opt/ros/humble/lib/librosidl_typesupport_c.so /opt/ros/humble/lib/librosidl_runtime_c.so /opt/ros/humble/lib/librcutils.so -ldl -Wl,-rpath-link,/opt/ros/humble/lib 
[ 58%] [32m[1mLinking C shared library libcontrol__rosidl_typesupport_introspection_c.so[0m
/usr/bin/cmake -E cmake_link_script CMakeFiles/control__rosidl_typesupport_introspection_c.dir/link.txt --verbose=1
gmake[2]: Leaving directory '/home/blazar/lawny_ws/build/control'
/usr/bin/cc -fPIC -shared -Wl,-soname,libcontrol__rosidl_typesupport_introspection_c.so -o libcontrol__rosidl_typesupport_introspection_c.so CMakeFiles/control__rosidl_typesupport_introspection_c.dir/rosidl_typesupport_introspection_c/control/msg/detail/performance_metrics__type_support.c.o  -Wl,-rpath,/home/blazar/lawny_ws/build/control:/opt/ros/humble/lib: libcontrol__rosidl_generator_c.so /opt/ros/humble/lib/librosidl_typesupport_introspection_c.so /opt/ros/humble/lib/librosidl_runtime_c.so /opt/ros/humble/lib/librcutils.so -ldl 
[ 58%] Built target control__rosidl_typesupport_c
gmake[2]: Leaving directory '/home/blazar/lawny_ws/build/control'
[ 58%] Built target control__rosidl_typesupport_introspection_c
[ 61%] [32m[1mLinking CXX shared library libcontrol__rosidl_typesupport_cpp.so[0m
/usr/bin/cmake -E cmake_link_script CMakeFiles/control__rosidl_typesupport_cpp.dir/link.txt --verbose=1
/usr/bin/c++ -fPIC -shared -Wl,-soname,libcontrol__rosidl_typesupport_cpp.so -o libcontrol__rosidl_typesupport_cpp.so CMakeFiles/control__rosidl_typesupport_cpp.dir/rosidl_typesupport_cpp/control/msg/performance_metrics__type_support.cpp.o  -Wl,-rpath,/opt/ros/humble/lib: /opt/ros/humble/lib/librosidl_typesupport_cpp.so /opt/ros/humble/lib/librosidl_typesupport_c.so /opt/ros/humble/lib/librosidl_runtime_c.so /opt/ros/humble/lib/librcutils.so -ldl -Wl,-rpath-link,/opt/ros/humble/lib 
gmake[2]: Leaving directory '/home/blazar/lawny_ws/build/control'
[ 61%] Built target control__rosidl_typesupport_cpp
[ 64%] [32m[1mLinking CXX shared library libcontrol__rosidl_typesupport_introspection_cpp.so[0m
/usr/bin/cmake -E cmake_link_script CMakeFiles/control__rosidl_typesupport_introspection_cpp.dir/link.txt --verbose=1
/usr/bin/c++ -fPIC -shared -Wl,-soname,libcontrol__rosidl_typesupport_introspection_cpp.so -o libcontrol__rosidl_typesupport_introspection_cpp.so CMakeFiles/control__rosidl_typesupport_introspection_cpp.dir/rosidl_typesupport_introspection_cpp/control/msg/detail/performance_metrics__type_support.cpp.o  -Wl,-rpath,/opt/ros/humble/lib: /opt/ros/humble/lib/librosidl_typesupport_introspection_cpp.so /opt/ros/humble/lib/librosidl_runtime_c.so /opt/ros/humble/lib/librcutils.so -ldl /opt/ros/humble/lib/librosidl_typesupport_introspection_c.so 
[ 67%] [32m[1mLinking CXX shared library libcontrol__rosidl_typesupport_fastrtps_cpp.so[0m
/usr/bin/cmake -E cmake_link_script CMakeFiles/control__rosidl_typesupport_fastrtps_cpp.dir/link.txt --verbose=1
/usr/bin/c++ -fPIC -shared -Wl,-soname,libcontrol__rosidl_typesupport_fastrtps_cpp.so -o libcontrol__rosidl_typesupport_fastrtps_cpp.so CMakeFiles/control__rosidl_typesupport_fastrtps_cpp.dir/rosidl_typesupport_fastrtps_cpp/control/msg/detail/dds_fastrtps/performance_metrics__type_support.cpp.o  -Wl,-rpath,/opt/ros/humble/lib: /opt/ros/humble/lib/librosidl_typesupport_fastrtps_cpp.so /opt/ros/humble/lib/libfastcdr.so.1.0.24 /opt/ros/humble/lib/librmw.so /opt/ros/humble/lib/librosidl_runtime_c.so /opt/ros/humble/lib/librcutils.so -ldl 
gmake[2]: Leaving directory '/home/blazar/lawny_ws/build/control'
[ 67%] Built target control__rosidl_typesupport_introspection_cpp
[ 70%] [32m[1mLinking CXX shared library libcontrol__rosidl_typesupport_fastrtps_c.so[0m
/usr/bin/cmake -E cmake_link_script CMakeFiles/control__rosidl_typesupport_fastrtps_c.dir/link.txt --verbose=1
/usr/bin/c++ -fPIC -shared -Wl,-soname,libcontrol__rosidl_typesupport_fastrtps_c.so -o libcontrol__rosidl_typesupport_fastrtps_c.so CMakeFiles/control__rosidl_typesupport_fastrtps_c.dir/rosidl_typesupport_fastrtps_c/control/msg/detail/performance_metrics__type_support_c.cpp.o  -Wl,-rpath,/opt/ros/humble/lib:/home/blazar/lawny_ws/build/control: /opt/ros/humble/lib/librosidl_typesupport_fastrtps_cpp.so /opt/ros/humble/lib/librosidl_typesupport_fastrtps_c.so libcontrol__rosidl_generator_c.so /opt/ros/humble/lib/libfastcdr.so.1.0.24 /opt/ros/humble/lib/librmw.so /opt/ros/humble/lib/librosidl_runtime_c.so /opt/ros/humble/lib/librcutils.so -ldl 
gmake[2]: Leaving directory '/home/blazar/lawny_ws/build/control'
[ 70%] Built target control__rosidl_typesupport_fastrtps_cpp
gmake[2]: Leaving directory '/home/blazar/lawny_ws/build/control'
[ 70%] Built target control__rosidl_typesupport_fastrtps_c
/usr/bin/gmake  -f CMakeFiles/control.dir/build.make CMakeFiles/control.dir/depend
gmake[2]: Entering directory '/home/blazar/lawny_ws/build/control'
cd /home/blazar/lawny_ws/build/control && /usr/bin/cmake -E cmake_depends "Unix Makefiles" /home/blazar/lawny_ws/src/control /home/blazar/lawny_ws/src/control /home/blazar/lawny_ws/build/control /home/blazar/lawny_ws/build/control /home/blazar/lawny_ws/build/control/CMakeFiles/control.dir/DependInfo.cmake --color=
gmake[2]: Leaving directory '/home/blazar/lawny_ws/build/control'
/usr/bin/gmake  -f CMakeFiles/control.dir/build.make CMakeFiles/control.dir/build
gmake[2]: Entering directory '/home/blazar/lawny_ws/build/control'
gmake[2]: Nothing to be done for 'CMakeFiles/control.dir/build'.
gmake[2]: Leaving directory '/home/blazar/lawny_ws/build/control'
[ 70%] Built target control
/usr/bin/gmake  -f control__py/CMakeFiles/control__py.dir/build.make control__py/CMakeFiles/control__py.dir/depend
gmake[2]: Entering directory '/home/blazar/lawny_ws/build/control'
cd /home/blazar/lawny_ws/build/control && /usr/bin/cmake -E cmake_depends "Unix Makefiles" /home/blazar/lawny_ws/src/control /home/blazar/lawny_ws/build/control/control__py /home/blazar/lawny_ws/build/control /home/blazar/lawny_ws/build/control/control__py /home/blazar/lawny_ws/build/control/control__py/CMakeFiles/control__py.dir/DependInfo.cmake --color=
gmake[2]: Leaving directory '/home/blazar/lawny_ws/build/control'
/usr/bin/gmake  -f control__py/CMakeFiles/control__py.dir/build.make control__py/CMakeFiles/control__py.dir/build
gmake[2]: Entering directory '/home/blazar/lawny_ws/build/control'
[ 74%] [34m[1mGenerating Python code for ROS interfaces[0m
cd /home/blazar/lawny_ws/build/control/control__py && /usr/bin/python3 /opt/ros/humble/share/rosidl_generator_py/cmake/../../../lib/rosidl_generator_py/rosidl_generator_py --generator-arguments-file /home/blazar/lawny_ws/build/control/rosidl_generator_py__arguments.json --typesupport-impls "rosidl_typesupport_fastrtps_c;rosidl_typesupport_introspection_c;rosidl_typesupport_c"
gmake[2]: Leaving directory '/home/blazar/lawny_ws/build/control'
[ 74%] Built target control__py
/usr/bin/gmake  -f CMakeFiles/control__rosidl_generator_py.dir/build.make CMakeFiles/control__rosidl_generator_py.dir/depend
gmake[2]: Entering directory '/home/blazar/lawny_ws/build/control'
cd /home/blazar/lawny_ws/build/control && /usr/bin/cmake -E cmake_depends "Unix Makefiles" /home/blazar/lawny_ws/src/control /home/blazar/lawny_ws/src/control /home/blazar/lawny_ws/build/control /home/blazar/lawny_ws/build/control /home/blazar/lawny_ws/build/control/CMakeFiles/control__rosidl_generator_py.dir/DependInfo.cmake --color=
gmake[2]: Leaving directory '/home/blazar/lawny_ws/build/control'
/usr/bin/gmake  -f CMakeFiles/control__rosidl_generator_py.dir/build.make CMakeFiles/control__rosidl_generator_py.dir/build
gmake[2]: Entering directory '/home/blazar/lawny_ws/build/control'
[ 77%] [32mBuilding C object CMakeFiles/control__rosidl_generator_py.dir/rosidl_generator_py/control/msg/_performance_metrics_s.c.o[0m
/usr/bin/cc -DRCUTILS_ENABLE_FAULT_INJECTION -DROS_PACKAGE_NAME=\"control\" -Dcontrol__rosidl_generator_py_EXPORTS -I/home/blazar/lawny_ws/build/control/rosidl_generator_c -I/home/blazar/lawny_ws/build/control/rosidl_generator_py -I/usr/include/python3.10 -isystem /opt/ros/humble/include/rosidl_runtime_c -isystem /opt/ros/humble/include/rcutils -isystem /opt/ros/humble/include/rosidl_typesupport_interface -fPIC -Wall -Wextra -MD -MT CMakeFiles/control__rosidl_generator_py.dir/rosidl_generator_py/control/msg/_performance_metrics_s.c.o -MF CMakeFiles/control__rosidl_generator_py.dir/rosidl_generator_py/control/msg/_performance_metrics_s.c.o.d -o CMakeFiles/control__rosidl_generator_py.dir/rosidl_generator_py/control/msg/_performance_metrics_s.c.o -c /home/blazar/lawny_ws/build/control/rosidl_generator_py/control/msg/_performance_metrics_s.c
[ 80%] [32m[1mLinking C shared library rosidl_generator_py/control/libcontrol__rosidl_generator_py.so[0m
/usr/bin/cmake -E cmake_link_script CMakeFiles/control__rosidl_generator_py.dir/link.txt --verbose=1
/usr/bin/cc -fPIC -shared -Wl,-soname,libcontrol__rosidl_generator_py.so -o rosidl_generator_py/control/libcontrol__rosidl_generator_py.so CMakeFiles/control__rosidl_generator_py.dir/rosidl_generator_py/control/msg/_performance_metrics_s.c.o  -Wl,-rpath,/home/blazar/lawny_ws/build/control:/opt/ros/humble/lib: /usr/lib/x86_64-linux-gnu/libpython3.10.so libcontrol__rosidl_typesupport_c.so libcontrol__rosidl_generator_c.so /opt/ros/humble/lib/librosidl_runtime_c.so /opt/ros/humble/lib/librcutils.so -ldl -Wl,-rpath-link,/opt/ros/humble/lib 
gmake[2]: Leaving directory '/home/blazar/lawny_ws/build/control'
[ 80%] Built target control__rosidl_generator_py
/usr/bin/gmake  -f CMakeFiles/control__rosidl_typesupport_fastrtps_c__pyext.dir/build.make CMakeFiles/control__rosidl_typesupport_fastrtps_c__pyext.dir/depend
/usr/bin/gmake  -f CMakeFiles/control__rosidl_typesupport_introspection_c__pyext.dir/build.make CMakeFiles/control__rosidl_typesupport_introspection_c__pyext.dir/depend
/usr/bin/gmake  -f CMakeFiles/control__rosidl_typesupport_c__pyext.dir/build.make CMakeFiles/control__rosidl_typesupport_c__pyext.dir/depend
gmake[2]: Entering directory '/home/blazar/lawny_ws/build/control'
cd /home/blazar/lawny_ws/build/control && /usr/bin/cmake -E cmake_depends "Unix Makefiles" /home/blazar/lawny_ws/src/control /home/blazar/lawny_ws/src/control /home/blazar/lawny_ws/build/control /home/blazar/lawny_ws/build/control /home/blazar/lawny_ws/build/control/CMakeFiles/control__rosidl_typesupport_fastrtps_c__pyext.dir/DependInfo.cmake --color=
gmake[2]: Entering directory '/home/blazar/lawny_ws/build/control'
cd /home/blazar/lawny_ws/build/control && /usr/bin/cmake -E cmake_depends "Unix Makefiles" /home/blazar/lawny_ws/src/control /home/blazar/lawny_ws/src/control /home/blazar/lawny_ws/build/control /home/blazar/lawny_ws/build/control /home/blazar/lawny_ws/build/control/CMakeFiles/control__rosidl_typesupport_introspection_c__pyext.dir/DependInfo.cmake --color=
gmake[2]: Entering directory '/home/blazar/lawny_ws/build/control'
cd /home/blazar/lawny_ws/build/control && /usr/bin/cmake -E cmake_depends "Unix Makefiles" /home/blazar/lawny_ws/src/control /home/blazar/lawny_ws/src/control /home/blazar/lawny_ws/build/control /home/blazar/lawny_ws/build/control /home/blazar/lawny_ws/build/control/CMakeFiles/control__rosidl_typesupport_c__pyext.dir/DependInfo.cmake --color=
gmake[2]: Leaving directory '/home/blazar/lawny_ws/build/control'
gmake[2]: Leaving directory '/home/blazar/lawny_ws/build/control'
gmake[2]: Leaving directory '/home/blazar/lawny_ws/build/control'
/usr/bin/gmake  -f CMakeFiles/control__rosidl_typesupport_introspection_c__pyext.dir/build.make CMakeFiles/control__rosidl_typesupport_introspection_c__pyext.dir/build
/usr/bin/gmake  -f CMakeFiles/control__rosidl_typesupport_fastrtps_c__pyext.dir/build.make CMakeFiles/control__rosidl_typesupport_fastrtps_c__pyext.dir/build
/usr/bin/gmake  -f CMakeFiles/control__rosidl_typesupport_c__pyext.dir/build.make CMakeFiles/control__rosidl_typesupport_c__pyext.dir/build
gmake[2]: Entering directory '/home/blazar/lawny_ws/build/control'
gmake[2]: Entering directory '/home/blazar/lawny_ws/build/control'
gmake[2]: Entering directory '/home/blazar/lawny_ws/build/control'
[ 90%] [32mBuilding C object CMakeFiles/control__rosidl_typesupport_introspection_c__pyext.dir/rosidl_generator_py/control/_control_s.ep.rosidl_typesupport_introspection_c.c.o[0m
[ 90%] [32mBuilding C object CMakeFiles/control__rosidl_typesupport_c__pyext.dir/rosidl_generator_py/control/_control_s.ep.rosidl_typesupport_c.c.o[0m
[ 90%] [32mBuilding C object CMakeFiles/control__rosidl_typesupport_fastrtps_c__pyext.dir/rosidl_generator_py/control/_control_s.ep.rosidl_typesupport_fastrtps_c.c.o[0m
/usr/bin/cc -DRCUTILS_ENABLE_FAULT_INJECTION -DROS_PACKAGE_NAME=\"control\" -Dcontrol__rosidl_typesupport_introspection_c__pyext_EXPORTS -I/home/blazar/lawny_ws/build/control/rosidl_generator_c -I/home/blazar/lawny_ws/build/control/rosidl_generator_py -I/usr/include/python3.10 -I/opt/ros/humble/include/rmw -I/home/blazar/lawny_ws/build/control/rosidl_typesupport_introspection_c -isystem /opt/ros/humble/include/rosidl_runtime_c -isystem /opt/ros/humble/include/rosidl_typesupport_c -isystem /opt/ros/humble/include/rosidl_typesupport_interface -isystem /opt/ros/humble/include/rcutils -isystem /opt/ros/humble/include/rosidl_typesupport_introspection_c -fPIC -Wall -Wextra -MD -MT CMakeFiles/control__rosidl_typesupport_introspection_c__pyext.dir/rosidl_generator_py/control/_control_s.ep.rosidl_typesupport_introspection_c.c.o -MF CMakeFiles/control__rosidl_typesupport_introspection_c__pyext.dir/rosidl_generator_py/control/_control_s.ep.rosidl_typesupport_introspection_c.c.o.d -o CMakeFiles/control__rosidl_typesuppor/usr/bin/cc -DRCUTILS_ENABLE_FAULT_INJECTION -DROS_PACKAGE_NAME=\"control\" -Dcontrol__rosidl_typesupport_c__pyext_EXPORTS -I/home/blazar/lawny_ws/build/control/rosidl_generator_c -I/home/blazar/lawny_ws/build/control/rosidl_generator_py -I/usr/include/python3.10 -I/opt/ros/humble/include/rmw -isystem /opt/ros/humble/include/rosidl_runtime_c -isystem /opt/ros/humble/include/rosidl_typesupport_c -isystem /opt/ros/humble/include/rosidl_typesupport_interface -isystem /opt/ros/humble/include/rcutils -fPIC -Wall -Wextra -MD -MT CMakeFiles/control__rosidl_typesupport_c__pyext.dir/rosidl_generator_py/control/_control_s.ep.rosidl_typesupport_c.c.o -MF CMakeFiles/control__rosidl_typesupport_c__pyext.dir/rosidl_generator_py/control/_control_s.ep.rosidl_typesupport_c.c.o.d -o CMakeFiles/control__rosidl_typesupport_c__pyext.dir/rosidl_generator_py/control/_control_s.ep.rosidl_typesupport_c.c.o -c /home/blazar/lawny_ws/build/control/rosidl_generator_py/control/_control_s.ep.rosidl_typesupport_c.c
/usr/bin/cc -DRCUTILS_ENABLE_FAULT_INJECTION -DROS_PACKAGE_NAME=\"control\" -Dcontrol__rosidl_typesupport_fastrtps_c__pyext_EXPORTS -I/home/blazar/lawny_ws/build/control/rosidl_generator_c -I/home/blazar/lawny_ws/build/control/rosidl_generator_py -I/usr/include/python3.10 -I/home/blazar/lawny_ws/build/control/rosidl_typesupport_fastrtps_c -isystem /opt/ros/humble/include/rosidl_runtime_c -isystem /opt/ros/humble/include/rosidl_typesupport_c -isystem /opt/ros/humble/include/rosidl_typesupport_interface -isystem /opt/ros/humble/include/rmw -isystem /opt/ros/humble/include/rcutils -isystem /opt/ros/humble/include/fastcdr -isystem /opt/ros/humble/include/rosidl_runtime_cpp -isystem /opt/ros/humble/include/rosidl_typesupport_fastrtps_cpp -isystem /opt/ros/humble/include/rosidl_typesupport_fastrtps_c -fPIC -Wall -Wextra -MD -MT CMakeFiles/control__rosidl_typesupport_fastrtps_c__pyext.dir/rosidl_generator_py/control/_control_s.ep.rosidl_typesupport_fastrtps_c.c.o -MF CMakeFiles/control__rosidl_typesupport_fastrtps_ct_introspection_c__pyext.dir/rosidl_generator_py/control/_control_s.ep.rosidl_typesupport_introspection_c.c.o -c /home/blazar/lawny_ws/build/control/rosidl_generator_py/control/_control_s.ep.rosidl_typesupport_introspection_c.c
__pyext.dir/rosidl_generator_py/control/_control_s.ep.rosidl_typesupport_fastrtps_c.c.o.d -o CMakeFiles/control__rosidl_typesupport_fastrtps_c__pyext.dir/rosidl_generator_py/control/_control_s.ep.rosidl_typesupport_fastrtps_c.c.o -c /home/blazar/lawny_ws/build/control/rosidl_generator_py/control/_control_s.ep.rosidl_typesupport_fastrtps_c.c
[ 93%] [32m[1mLinking C shared library rosidl_generator_py/control/control_s__rosidl_typesupport_c.cpython-310-x86_64-linux-gnu.so[0m
/usr/bin/cmake -E cmake_link_script CMakeFiles/control__rosidl_typesupport_c__pyext.dir/link.txt --verbose=1
[ 96%] [32m[1mLinking C shared library rosidl_generator_py/control/control_s__rosidl_typesupport_introspection_c.cpython-310-x86_64-linux-gnu.so[0m
/usr/bin/cmake -E cmake_link_script CMakeFiles/control__rosidl_typesupport_introspection_c__pyext.dir/link.txt --verbose=1
[100%] [32m[1mLinking C shared library rosidl_generator_py/control/control_s__rosidl_typesupport_fastrtps_c.cpython-310-x86_64-linux-gnu.so[0m
/usr/bin/cmake -E cmake_link_script CMakeFiles/control__rosidl_typesupport_fastrtps_c__pyext.dir/link.txt --verbose=1
/usr/bin/cc -fPIC -shared -Wl,-soname,control_s__rosidl_typesupport_c.cpython-310-x86_64-linux-gnu.so -o rosidl_generator_py/control/control_s__rosidl_typesupport_c.cpython-310-x86_64-linux-gnu.so CMakeFiles/control__rosidl_typesupport_c__pyext.dir/rosidl_generator_py/control/_control_s.ep.rosidl_typesupport_c.c.o  -Wl,-rpath,/home/blazar/lawny_ws/build/control/rosidl_generator_py/control:/home/blazar/lawny_ws/build/control:/opt/ros/humble/lib: rosidl_generator_py/control/libcontrol__rosidl_generator_py.so /usr/lib/x86_64-linux-gnu/libpython3.10.so libcontrol__rosidl_typesupport_c.so /opt/ros/humble/lib/librosidl_typesupport_c.so /opt/ros/humble/lib/librmw.so libcontrol__rosidl_generator_c.so /opt/ros/humble/lib/librosidl_runtime_c.so /opt/ros/humble/lib/librcutils.so -ldl -Wl,-rpath-link,/opt/ros/humble/lib 
/usr/bin/cc -fPIC -shared -Wl,-soname,control_s__rosidl_typesupport_introspection_c.cpython-310-x86_64-linux-gnu.so -o rosidl_generator_py/control/control_s__rosidl_typesupport_introspection_c.cpython-310-x86_64-linux-gnu.so CMakeFiles/control__rosidl_typesupport_introspection_c__pyext.dir/rosidl_generator_py/control/_control_s.ep.rosidl_typesupport_introspection_c.c.o  -Wl,-rpath,/home/blazar/lawny_ws/build/control/rosidl_generator_py/control:/home/blazar/lawny_ws/build/control:/opt/ros/humble/lib: rosidl_generator_py/control/libcontrol__rosidl_generator_py.so /usr/lib/x86_64-linux-gnu/libpython3.10.so libcontrol__rosidl_typesupport_introspection_c.so libcontrol__rosidl_typesupport_c.so /opt/ros/humble/lib/librosidl_typesupport_c.so /opt/ros/humble/lib/librmw.so libcontrol__rosidl_generator_c.so /opt/ros/humble/lib/librosidl_runtime_c.so /opt/ros/humble/lib/librcutils.so -ldl /opt/ros/humble/lib/librosidl_typesupport_introspection_c.so -Wl,-rpath-link,/opt/ros/humble/lib 
/usr/bin/cc -fPIC -shared -Wl,-soname,control_s__rosidl_typesupport_fastrtps_c.cpython-310-x86_64-linux-gnu.so -o rosidl_generator_py/control/control_s__rosidl_typesupport_fastrtps_c.cpython-310-x86_64-linux-gnu.so CMakeFiles/control__rosidl_typesupport_fastrtps_c__pyext.dir/rosidl_generator_py/control/_control_s.ep.rosidl_typesupport_fastrtps_c.c.o  -Wl,-rpath,/home/blazar/lawny_ws/build/control/rosidl_generator_py/control:/home/blazar/lawny_ws/build/control:/opt/ros/humble/lib: rosidl_generator_py/control/libcontrol__rosidl_generator_py.so /usr/lib/x86_64-linux-gnu/libpython3.10.so libcontrol__rosidl_typesupport_fastrtps_c.so libcontrol__rosidl_typesupport_c.so /opt/ros/humble/lib/librosidl_typesupport_c.so /opt/ros/humble/lib/librmw.so libcontrol__rosidl_generator_c.so /opt/ros/humble/lib/librosidl_typesupport_fastrtps_cpp.so /opt/ros/humble/lib/libfastcdr.so.1.0.24 /opt/ros/humble/lib/librmw.so /opt/ros/humble/lib/librosidl_typesupport_fastrtps_c.so /opt/ros/humble/lib/librosidl_runtime_c.so /opt/ros/humble/lib/librcutils.so -ldl -Wl,-rpath-link,/opt/ros/humble/lib 
gmake[2]: Leaving directory '/home/blazar/lawny_ws/build/control'
gmake[2]: Leaving directory '/home/blazar/lawny_ws/build/control'
gmake[2]: Leaving directory '/home/blazar/lawny_ws/build/control'
[100%] Built target control__rosidl_typesupport_c__pyext
[100%] Built target control__rosidl_typesupport_introspection_c__pyext
[100%] Built target control__rosidl_typesupport_fastrtps_c__pyext
gmake[1]: Leaving directory '/home/blazar/lawny_ws/build/control'
/usr/bin/cmake -E cmake_progress_start /home/blazar/lawny_ws/build/control/CMakeFiles 0
-- Install configuration: ""
-- Installing: /home/blazar/lawny_ws/install/control/share/ament_index/resource_index/rosidl_interfaces/control
-- Installing: /home/blazar/lawny_ws/install/control/include/control/control
-- Installing: /home/blazar/lawny_ws/install/control/include/control/control/msg
-- Installing: /home/blazar/lawny_ws/install/control/include/control/control/msg/performance_metrics.h
-- Installing: /home/blazar/lawny_ws/install/control/include/control/control/msg/rosidl_generator_c__visibility_control.h
-- Installing: /home/blazar/lawny_ws/install/control/include/control/control/msg/detail
-- Installing: /home/blazar/lawny_ws/install/control/include/control/control/msg/detail/performance_metrics__functions.h
-- Installing: /home/blazar/lawny_ws/install/control/include/control/control/msg/detail/performance_metrics__struct.h
-- Installing: /home/blazar/lawny_ws/install/control/include/control/control/msg/detail/performance_metrics__functions.c
-- Installing: /home/blazar/lawny_ws/install/control/include/control/control/msg/detail/performance_metrics__type_support.h
-- Installing: /home/blazar/lawny_ws/install/control/share/control/environment/library_path.sh
-- Installing: /home/blazar/lawny_ws/install/control/share/control/environment/library_path.dsv
-- Installing: /home/blazar/lawny_ws/install/control/lib/libcontrol__rosidl_generator_c.so
-- Set runtime path of "/home/blazar/lawny_ws/install/control/lib/libcontrol__rosidl_generator_c.so" to ""
-- Up-to-date: /home/blazar/lawny_ws/install/control/include/control/control
-- Up-to-date: /home/blazar/lawny_ws/install/control/include/control/control/msg
-- Installing: /home/blazar/lawny_ws/install/control/include/control/control/msg/rosidl_typesupport_fastrtps_c__visibility_control.h
-- Up-to-date: /home/blazar/lawny_ws/install/control/include/control/control/msg/detail
-- Installing: /home/blazar/lawny_ws/install/control/include/control/control/msg/detail/performance_metrics__rosidl_typesupport_fastrtps_c.h
-- Installing: /home/blazar/lawny_ws/install/control/lib/libcontrol__rosidl_typesupport_fastrtps_c.so
-- Set runtime path of "/home/blazar/lawny_ws/install/control/lib/libcontrol__rosidl_typesupport_fastrtps_c.so" to ""
-- Up-to-date: /home/blazar/lawny_ws/install/control/include/control/control
-- Up-to-date: /home/blazar/lawny_ws/install/control/include/control/control/msg
-- Installing: /home/blazar/lawny_ws/install/control/include/control/control/msg/rosidl_typesupport_introspection_c__visibility_control.h
-- Up-to-date: /home/blazar/lawny_ws/install/control/include/control/control/msg/detail
-- Installing: /home/blazar/lawny_ws/install/control/include/control/control/msg/detail/performance_metrics__type_support.c
-- Installing: /home/blazar/lawny_ws/install/control/include/control/control/msg/detail/performance_metrics__rosidl_typesupport_introspection_c.h
-- Installing: /home/blazar/lawny_ws/install/control/lib/libcontrol__rosidl_typesupport_introspection_c.so
-- Set runtime path of "/home/blazar/lawny_ws/install/control/lib/libcontrol__rosidl_typesupport_introspection_c.so" to ""
-- Installing: /home/blazar/lawny_ws/install/control/lib/libcontrol__rosidl_typesupport_c.so
-- Set runtime path of "/home/blazar/lawny_ws/install/control/lib/libcontrol__rosidl_typesupport_c.so" to ""
-- Up-to-date: /home/blazar/lawny_ws/install/control/include/control/control
-- Up-to-date: /home/blazar/lawny_ws/install/control/include/control/control/msg
-- Installing: /home/blazar/lawny_ws/install/control/include/control/control/msg/rosidl_generator_cpp__visibility_control.hpp
-- Installing: /home/blazar/lawny_ws/install/control/include/control/control/msg/performance_metrics.hpp
-- Up-to-date: /home/blazar/lawny_ws/install/control/include/control/control/msg/detail
-- Installing: /home/blazar/lawny_ws/install/control/include/control/control/msg/detail/performance_metrics__builder.hpp
-- Installing: /home/blazar/lawny_ws/install/control/include/control/control/msg/detail/performance_metrics__struct.hpp
-- Installing: /home/blazar/lawny_ws/install/control/include/control/control/msg/detail/performance_metrics__traits.hpp
-- Installing: /home/blazar/lawny_ws/install/control/include/control/control/msg/detail/performance_metrics__type_support.hpp
-- Up-to-date: /home/blazar/lawny_ws/install/control/include/control/control
-- Up-to-date: /home/blazar/lawny_ws/install/control/include/control/control/msg
-- Installing: /home/blazar/lawny_ws/install/control/include/control/control/msg/rosidl_typesupport_fastrtps_cpp__visibility_control.h
-- Up-to-date: /home/blazar/lawny_ws/install/control/include/control/control/msg/detail
-- Installing: /home/blazar/lawny_ws/install/control/include/control/control/msg/detail/dds_fastrtps
-- Installing: /home/blazar/lawny_ws/install/control/include/control/control/msg/detail/performance_metrics__rosidl_typesupport_fastrtps_cpp.hpp
-- Installing: /home/blazar/lawny_ws/install/control/lib/libcontrol__rosidl_typesupport_fastrtps_cpp.so
-- Set runtime path of "/home/blazar/lawny_ws/install/control/lib/libcontrol__rosidl_typesupport_fastrtps_cpp.so" to ""
-- Up-to-date: /home/blazar/lawny_ws/install/control/include/control/control
-- Up-to-date: /home/blazar/lawny_ws/install/control/include/control/control/msg
-- Up-to-date: /home/blazar/lawny_ws/install/control/include/control/control/msg/detail
-- Installing: /home/blazar/lawny_ws/install/control/include/control/control/msg/detail/performance_metrics__type_support.cpp
-- Installing: /home/blazar/lawny_ws/install/control/include/control/control/msg/detail/performance_metrics__rosidl_typesupport_introspection_cpp.hpp
-- Installing: /home/blazar/lawny_ws/install/control/lib/libcontrol__rosidl_typesupport_introspection_cpp.so
-- Set runtime path of "/home/blazar/lawny_ws/install/control/lib/libcontrol__rosidl_typesupport_introspection_cpp.so" to ""
-- Installing: /home/blazar/lawny_ws/install/control/lib/libcontrol__rosidl_typesupport_cpp.so
-- Set runtime path of "/home/blazar/lawny_ws/install/control/lib/libcontrol__rosidl_typesupport_cpp.so" to ""
-- Installing: /home/blazar/lawny_ws/install/control/share/control/environment/pythonpath.sh
-- Installing: /home/blazar/lawny_ws/install/control/share/control/environment/pythonpath.dsv
-- Installing: /home/blazar/lawny_ws/install/control/local/lib/python3.10/dist-packages/control-0.0.1-py3.10.egg-info
-- Installing: /home/blazar/lawny_ws/install/control/local/lib/python3.10/dist-packages/control-0.0.1-py3.10.egg-info/PKG-INFO
-- Installing: /home/blazar/lawny_ws/install/control/local/lib/python3.10/dist-packages/control-0.0.1-py3.10.egg-info/dependency_links.txt
-- Installing: /home/blazar/lawny_ws/install/control/local/lib/python3.10/dist-packages/control-0.0.1-py3.10.egg-info/SOURCES.txt
-- Installing: /home/blazar/lawny_ws/install/control/local/lib/python3.10/dist-packages/control-0.0.1-py3.10.egg-info/top_level.txt
-- Installing: /home/blazar/lawny_ws/install/control/local/lib/python3.10/dist-packages/control
-- Installing: /home/blazar/lawny_ws/install/control/local/lib/python3.10/dist-packages/control/_control_s.ep.rosidl_typesupport_c.c
-- Installing: /home/blazar/lawny_ws/install/control/local/lib/python3.10/dist-packages/control/libcontrol__rosidl_generator_py.so
-- Installing: /home/blazar/lawny_ws/install/control/local/lib/python3.10/dist-packages/control/control_s__rosidl_typesupport_introspection_c.cpython-310-x86_64-linux-gnu.so
-- Installing: /home/blazar/lawny_ws/install/control/local/lib/python3.10/dist-packages/control/_control_s.ep.rosidl_typesupport_introspection_c.c
-- Installing: /home/blazar/lawny_ws/install/control/local/lib/python3.10/dist-packages/control/__init__.py
-- Installing: /home/blazar/lawny_ws/install/control/local/lib/python3.10/dist-packages/control/control_s__rosidl_typesupport_c.cpython-310-x86_64-linux-gnu.so
-- Installing: /home/blazar/lawny_ws/install/control/local/lib/python3.10/dist-packages/control/control_s__rosidl_typesupport_fastrtps_c.cpython-310-x86_64-linux-gnu.so
-- Installing: /home/blazar/lawny_ws/install/control/local/lib/python3.10/dist-packages/control/msg
-- Installing: /home/blazar/lawny_ws/install/control/local/lib/python3.10/dist-packages/control/msg/__init__.py
-- Installing: /home/blazar/lawny_ws/install/control/local/lib/python3.10/dist-packages/control/msg/_performance_metrics.py
-- Installing: /home/blazar/lawny_ws/install/control/local/lib/python3.10/dist-packages/control/msg/_performance_metrics_s.c
-- Installing: /home/blazar/lawny_ws/install/control/local/lib/python3.10/dist-packages/control/_control_s.ep.rosidl_typesupport_fastrtps_c.c
Listing '/home/blazar/lawny_ws/install/control/local/lib/python3.10/dist-packages/control'...
Compiling '/home/blazar/lawny_ws/install/control/local/lib/python3.10/dist-packages/control/__init__.py'...
Listing '/home/blazar/lawny_ws/install/control/local/lib/python3.10/dist-packages/control/msg'...
Compiling '/home/blazar/lawny_ws/install/control/local/lib/python3.10/dist-packages/control/msg/__init__.py'...
Compiling '/home/blazar/lawny_ws/install/control/local/lib/python3.10/dist-packages/control/msg/_performance_metrics.py'...
-- Installing: /home/blazar/lawny_ws/install/control/local/lib/python3.10/dist-packages/control/control_s__rosidl_typesupport_fastrtps_c.cpython-310-x86_64-linux-gnu.so
-- Set runtime path of "/home/blazar/lawny_ws/install/control/local/lib/python3.10/dist-packages/control/control_s__rosidl_typesupport_fastrtps_c.cpython-310-x86_64-linux-gnu.so" to ""
-- Installing: /home/blazar/lawny_ws/install/control/local/lib/python3.10/dist-packages/control/control_s__rosidl_typesupport_introspection_c.cpython-310-x86_64-linux-gnu.so
-- Set runtime path of "/home/blazar/lawny_ws/install/control/local/lib/python3.10/dist-packages/control/control_s__rosidl_typesupport_introspection_c.cpython-310-x86_64-linux-gnu.so" to ""
-- Installing: /home/blazar/lawny_ws/install/control/local/lib/python3.10/dist-packages/control/control_s__rosidl_typesupport_c.cpython-310-x86_64-linux-gnu.so
-- Set runtime path of "/home/blazar/lawny_ws/install/control/local/lib/python3.10/dist-packages/control/control_s__rosidl_typesupport_c.cpython-310-x86_64-linux-gnu.so" to ""
-- Installing: /home/blazar/lawny_ws/install/control/lib/libcontrol__rosidl_generator_py.so
-- Set runtime path of "/home/blazar/lawny_ws/install/control/lib/libcontrol__rosidl_generator_py.so" to ""
-- Installing: /home/blazar/lawny_ws/install/control/share/control/msg/PerformanceMetrics.idl
-- Installing: /home/blazar/lawny_ws/install/control/share/control/msg/PerformanceMetrics.msg
-- Installing: /home/blazar/lawny_ws/install/control/lib/control/controller.py
-- Installing: /home/blazar/lawny_ws/install/control/share/control/launch/launch
-- Installing: /home/blazar/lawny_ws/install/control/share/control/launch/launch/controller_launch.xml
-- Installing: /home/blazar/lawny_ws/install/control/share/ament_index/resource_index/package_run_dependencies/control
-- Installing: /home/blazar/lawny_ws/install/control/share/ament_index/resource_index/parent_prefix_path/control
-- Installing: /home/blazar/lawny_ws/install/control/share/control/environment/ament_prefix_path.sh
-- Installing: /home/blazar/lawny_ws/install/control/share/control/environment/ament_prefix_path.dsv
-- Installing: /home/blazar/lawny_ws/install/control/share/control/environment/path.sh
-- Installing: /home/blazar/lawny_ws/install/control/share/control/environment/path.dsv
-- Installing: /home/blazar/lawny_ws/install/control/share/control/local_setup.bash
-- Installing: /home/blazar/lawny_ws/install/control/share/control/local_setup.sh
-- Installing: /home/blazar/lawny_ws/install/control/share/control/local_setup.zsh
-- Installing: /home/blazar/lawny_ws/install/control/share/control/local_setup.dsv
-- Installing: /home/blazar/lawny_ws/install/control/share/control/package.dsv
-- Installing: /home/blazar/lawny_ws/install/control/share/ament_index/resource_index/packages/control
-- Installing: /home/blazar/lawny_ws/install/control/share/control/cmake/export_control__rosidl_generator_cExport.cmake
-- Installing: /home/blazar/lawny_ws/install/control/share/control/cmake/export_control__rosidl_generator_cExport-noconfig.cmake
-- Installing: /home/blazar/lawny_ws/install/control/share/control/cmake/export_control__rosidl_typesupport_fastrtps_cExport.cmake
-- Installing: /home/blazar/lawny_ws/install/control/share/control/cmake/export_control__rosidl_typesupport_fastrtps_cExport-noconfig.cmake
-- Installing: /home/blazar/lawny_ws/install/control/share/control/cmake/control__rosidl_typesupport_introspection_cExport.cmake
-- Installing: /home/blazar/lawny_ws/install/control/share/control/cmake/control__rosidl_typesupport_introspection_cExport-noconfig.cmake
-- Installing: /home/blazar/lawny_ws/install/control/share/control/cmake/control__rosidl_typesupport_cExport.cmake
-- Installing: /home/blazar/lawny_ws/install/control/share/control/cmake/control__rosidl_typesupport_cExport-noconfig.cmake
-- Installing: /home/blazar/lawny_ws/install/control/share/control/cmake/export_control__rosidl_generator_cppExport.cmake
-- Installing: /home/blazar/lawny_ws/install/control/share/control/cmake/export_control__rosidl_typesupport_fastrtps_cppExport.cmake
-- Installing: /home/blazar/lawny_ws/install/control/share/control/cmake/export_control__rosidl_typesupport_fastrtps_cppExport-noconfig.cmake
-- Installing: /home/blazar/lawny_ws/install/control/share/control/cmake/control__rosidl_typesupport_introspection_cppExport.cmake
-- Installing: /home/blazar/lawny_ws/install/control/share/control/cmake/control__rosidl_typesupport_introspection_cppExport-noconfig.cmake
-- Installing: /home/blazar/lawny_ws/install/control/share/control/cmake/control__rosidl_typesupport_cppExport.cmake
-- Installing: /home/blazar/lawny_ws/install/control/share/control/cmake/control__rosidl_typesupport_cppExport-noconfig.cmake
-- Installing: /home/blazar/lawny_ws/install/control/share/control/cmake/export_control__rosidl_generator_pyExport.cmake
-- Installing: /home/blazar/lawny_ws/install/control/share/control/cmake/export_control__rosidl_generator_pyExport-noconfig.cmake
-- Installing: /home/blazar/lawny_ws/install/control/share/control/cmake/rosidl_cmake-extras.cmake
-- Installing: /home/blazar/lawny_ws/install/control/share/control/cmake/ament_cmake_export_include_directories-extras.cmake
-- Installing: /home/blazar/lawny_ws/install/control/share/control/cmake/ament_cmake_export_libraries-extras.cmake
-- Installing: /home/blazar/lawny_ws/install/control/share/control/cmake/ament_cmake_export_targets-extras.cmake
-- Installing: /home/blazar/lawny_ws/install/control/share/control/cmake/rosidl_cmake_export_typesupport_targets-extras.cmake
-- Installing: /home/blazar/lawny_ws/install/control/share/control/cmake/ament_cmake_export_dependencies-extras.cmake
-- Installing: /home/blazar/lawny_ws/install/control/share/control/cmake/rosidl_cmake_export_typesupport_libraries-extras.cmake
-- Installing: /home/blazar/lawny_ws/install/control/share/control/cmake/controlConfig.cmake
-- Installing: /home/blazar/lawny_ws/install/control/share/control/cmake/controlConfig-version.cmake
-- Installing: /home/blazar/lawny_ws/install/control/share/control/package.xml
