[0.012s] Invoking command in '/home/blazar/lawny_ws/build/control': CMAKE_PREFIX_PATH=/opt/ros/humble /usr/bin/cmake /home/blazar/lawny_ws/src/control -DCMAKE_INSTALL_PREFIX=/home/blazar/lawny_ws/install/control
[0.022s] -- Found ament_cmake: 1.3.11 (/opt/ros/humble/share/ament_cmake/cmake)
[0.118s] -- Found rosidl_default_generators: 1.2.0 (/opt/ros/humble/share/rosidl_default_generators/cmake)
[0.119s] -- Using all available rosidl_typesupport_c: rosidl_typesupport_fastrtps_c;rosidl_typesupport_introspection_c
[0.121s] -- Found rosidl_adapter: 3.1.6 (/opt/ros/humble/share/rosidl_adapter/cmake)
[0.144s] -- Using all available rosidl_typesupport_cpp: rosidl_typesupport_fastrtps_cpp;rosidl_typesupport_introspection_cpp
[0.163s] -- Found rclpy: 3.3.15 (/opt/ros/humble/share/rclpy/cmake)
[0.163s] -- Found geometry_msgs: 4.2.4 (/opt/ros/humble/share/geometry_msgs/cmake)
[0.378s] -- Found ament_cmake_ros: 0.10.0 (/opt/ros/humble/share/ament_cmake_ros/cmake)
[0.526s] -- Using all available rosidl_typesupport_c: rosidl_typesupport_fastrtps_c;rosidl_typesupport_introspection_c
[0.717s] -- Using all available rosidl_typesupport_cpp: rosidl_typesupport_fastrtps_cpp;rosidl_typesupport_introspection_cpp
[0.737s] -- Found PythonInterp: /usr/bin/python3 (found suitable version "3.10.12", minimum required is "3.6") 
[0.738s] -- Found python_cmake_module: 0.10.0 (/opt/ros/humble/share/python_cmake_module/cmake)
[0.761s] -- Found PythonLibs: /usr/lib/x86_64-linux-gnu/libpython3.10.so (found suitable version "3.10.12", minimum required is "3.5") 
[0.761s] -- Using PYTHON_EXECUTABLE: /usr/bin/python3
[0.761s] -- Using PYTHON_INCLUDE_DIRS: /usr/include/python3.10
[0.761s] -- Using PYTHON_LIBRARIES: /usr/lib/x86_64-linux-gnu/libpython3.10.so
[0.777s] -- Found PythonExtra: .so  
[0.808s] -- Configuring done
[0.832s] -- Generating done
[0.840s] -- Build files have been written to: /home/blazar/lawny_ws/build/control
[0.846s] Invoked command in '/home/blazar/lawny_ws/build/control' returned '0': CMAKE_PREFIX_PATH=/opt/ros/humble /usr/bin/cmake /home/blazar/lawny_ws/src/control -DCMAKE_INSTALL_PREFIX=/home/blazar/lawny_ws/install/control
[0.848s] Invoking command in '/home/blazar/lawny_ws/build/control': CMAKE_PREFIX_PATH=/opt/ros/humble /usr/bin/cmake --build /home/blazar/lawny_ws/build/control -- -j16 -l16
[0.863s] /usr/bin/cmake -S/home/blazar/lawny_ws/src/control -B/home/blazar/lawny_ws/build/control --check-build-system CMakeFiles/Makefile.cmake 0
[0.872s] /usr/bin/cmake -E cmake_progress_start /home/blazar/lawny_ws/build/control/CMakeFiles /home/blazar/lawny_ws/build/control//CMakeFiles/progress.marks
[0.878s] /usr/bin/gmake  -f CMakeFiles/Makefile2 all
[0.879s] gmake[1]: Entering directory '/home/blazar/lawny_ws/build/control'
[0.879s] /usr/bin/gmake  -f CMakeFiles/control__rosidl_generator_c.dir/build.make CMakeFiles/control__rosidl_generator_c.dir/depend
[0.879s] /usr/bin/gmake  -f CMakeFiles/control__cpp.dir/build.make CMakeFiles/control__cpp.dir/depend
[0.880s] /usr/bin/gmake  -f CMakeFiles/ament_cmake_python_copy_control.dir/build.make CMakeFiles/ament_cmake_python_copy_control.dir/depend
[0.880s] gmake[2]: Entering directory '/home/blazar/lawny_ws/build/control'
[0.881s] gmake[2]: Entering directory '/home/blazar/lawny_ws/build/control'
[0.881s] cd /home/blazar/lawny_ws/build/control && /usr/bin/cmake -E cmake_depends "Unix Makefiles" /home/blazar/lawny_ws/src/control /home/blazar/lawny_ws/src/control /home/blazar/lawny_ws/build/control /home/blazar/lawny_ws/build/control /home/blazar/lawny_ws/build/control/CMakeFiles/control__cpp.dir/DependInfo.cmake --color=
[0.881s] gmake[2]: Entering directory '/home/blazar/lawny_ws/build/control'
[0.881s] cd /home/blazar/lawny_ws/build/control && /usr/bin/cmake -E cmake_depends "Unix Makefiles" /home/blazar/lawny_ws/src/control /home/blazar/lawny_ws/src/control /home/blazar/lawny_ws/build/control /home/blazar/lawny_ws/build/control /home/blazar/lawny_ws/build/control/CMakeFiles/ament_cmake_python_copy_control.dir/DependInfo.cmake --color=
[0.887s] [  3%] [34m[1mGenerating C code for ROS interfaces[0m
[0.888s] /usr/bin/python3 /opt/ros/humble/share/rosidl_generator_c/cmake/../../../lib/rosidl_generator_c/rosidl_generator_c --generator-arguments-file /home/blazar/lawny_ws/build/control/rosidl_generator_c__arguments.json
[0.888s] gmake[2]: Leaving directory '/home/blazar/lawny_ws/build/control'
[0.888s] gmake[2]: Leaving directory '/home/blazar/lawny_ws/build/control'
[0.888s] /usr/bin/gmake  -f CMakeFiles/ament_cmake_python_copy_control.dir/build.make CMakeFiles/ament_cmake_python_copy_control.dir/build
[0.888s] /usr/bin/gmake  -f CMakeFiles/control__cpp.dir/build.make CMakeFiles/control__cpp.dir/build
[0.889s] gmake[2]: Entering directory '/home/blazar/lawny_ws/build/control'
[0.889s] /usr/bin/cmake -E copy_directory /home/blazar/lawny_ws/build/control/rosidl_generator_py/control /home/blazar/lawny_ws/build/control/ament_cmake_python/control/control
[0.889s] gmake[2]: Entering directory '/home/blazar/lawny_ws/build/control'
[0.896s] [  6%] [34m[1mGenerating C++ code for ROS interfaces[0m
[0.896s] gmake[2]: Leaving directory '/home/blazar/lawny_ws/build/control'
[0.896s] /usr/bin/python3 /opt/ros/humble/share/rosidl_generator_cpp/cmake/../../../lib/rosidl_generator_cpp/rosidl_generator_cpp --generator-arguments-file /home/blazar/lawny_ws/build/control/rosidl_generator_cpp__arguments.json
[0.903s] [  6%] Built target ament_cmake_python_copy_control
[0.904s] /usr/bin/gmake  -f CMakeFiles/ament_cmake_python_build_control_egg.dir/build.make CMakeFiles/ament_cmake_python_build_control_egg.dir/depend
[0.905s] gmake[2]: Entering directory '/home/blazar/lawny_ws/build/control'
[0.905s] cd /home/blazar/lawny_ws/build/control && /usr/bin/cmake -E cmake_depends "Unix Makefiles" /home/blazar/lawny_ws/src/control /home/blazar/lawny_ws/src/control /home/blazar/lawny_ws/build/control /home/blazar/lawny_ws/build/control /home/blazar/lawny_ws/build/control/CMakeFiles/ament_cmake_python_build_control_egg.dir/DependInfo.cmake --color=
[0.913s] gmake[2]: Leaving directory '/home/blazar/lawny_ws/build/control'
[0.913s] /usr/bin/gmake  -f CMakeFiles/ament_cmake_python_build_control_egg.dir/build.make CMakeFiles/ament_cmake_python_build_control_egg.dir/build
[0.914s] gmake[2]: Entering directory '/home/blazar/lawny_ws/build/control'
[0.914s] cd /home/blazar/lawny_ws/build/control/ament_cmake_python/control && /usr/bin/python3 setup.py egg_info
[1.084s] running egg_info
[1.085s] creating control.egg-info
[1.085s] writing control.egg-info/PKG-INFO
[1.085s] writing dependency_links to control.egg-info/dependency_links.txt
[1.085s] writing top-level names to control.egg-info/top_level.txt
[1.086s] writing manifest file 'control.egg-info/SOURCES.txt'
[1.086s] gmake[2]: Leaving directory '/home/blazar/lawny_ws/build/control'
[1.087s] cd /home/blazar/lawny_ws/build/control && /usr/bin/cmake -E cmake_depends "Unix Makefiles" /home/blazar/lawny_ws/src/control /home/blazar/lawny_ws/src/control /home/blazar/lawny_ws/build/control /home/blazar/lawny_ws/build/control /home/blazar/lawny_ws/build/control/CMakeFiles/control__rosidl_generator_c.dir/DependInfo.cmake --color=
[1.088s] reading manifest file 'control.egg-info/SOURCES.txt'
[1.088s] writing manifest file 'control.egg-info/SOURCES.txt'
[1.093s] [  6%] Built target control__cpp
[1.094s] /usr/bin/gmake  -f CMakeFiles/control__rosidl_typesupport_cpp.dir/build.make CMakeFiles/control__rosidl_typesupport_cpp.dir/depend
[1.095s] /usr/bin/gmake  -f CMakeFiles/control__rosidl_typesupport_fastrtps_cpp.dir/build.make CMakeFiles/control__rosidl_typesupport_fastrtps_cpp.dir/depend
[1.095s] /usr/bin/gmake  -f CMakeFiles/control__rosidl_typesupport_introspection_cpp.dir/build.make CMakeFiles/control__rosidl_typesupport_introspection_cpp.dir/depend
[1.095s] gmake[2]: Leaving directory '/home/blazar/lawny_ws/build/control'
[1.095s] /usr/bin/gmake  -f CMakeFiles/control__rosidl_generator_c.dir/build.make CMakeFiles/control__rosidl_generator_c.dir/build
[1.096s] gmake[2]: Entering directory '/home/blazar/lawny_ws/build/control'
[1.096s] gmake[2]: Entering directory '/home/blazar/lawny_ws/build/control'
[1.096s] gmake[2]: Entering directory '/home/blazar/lawny_ws/build/control'
[1.096s] gmake[2]: Entering directory '/home/blazar/lawny_ws/build/control'
[1.103s] [ 16%] [34m[1mGenerating C++ introspection for ROS interfaces[0m
[1.103s] [ 16%] [34m[1mGenerating C++ type support for eProsima Fast-RTPS[0m
[1.103s] [ 16%] [32mBuilding C object CMakeFiles/control__rosidl_generator_c.dir/rosidl_generator_c/control/msg/detail/performance_metrics__functions.c.o[0m
[1.103s] [ 19%] [34m[1mGenerating C++ type support dispatch for ROS interfaces[0m
[1.104s] /usr/bin/python3 /opt/ros/humble/lib/rosidl_typesupport_fastrtps_cpp/rosidl_typesupport_fastrtps_cpp --generator-arguments-file /home/blazar/lawny_ws/build/control/rosidl_typesupport_fastrtps_cpp__arguments.json
[1.104s] /usr/bin/python3 /opt/ros/humble/lib/rosidl_typesupport_introspection_cpp/rosidl_typesupport_introspection_cpp --generator-arguments-file /home/blazar/lawny_ws/build/control/rosidl_typesupport_introspection_cpp__arguments.json
[1.104s] /usr/bin/cc -DRCUTILS_ENABLE_FAULT_INJECTION -DROSIDL_GENERATOR_C_BUILDING_DLL_control -DROS_PACKAGE_NAME=\"control\" -I/home/blazar/lawny_ws/build/control/rosidl_generator_c -isystem /opt/ros/humble/include/rosidl_runtime_c -isystem /opt/ros/humble/include/rcutils -isystem /opt/ros/humble/include/rosidl_typesupport_interface -fPIC -Wall -std=gnu11 -MD -MT CMakeFiles/control__rosidl_generator_c.dir/rosidl_generator_c/control/msg/detail/performance_metrics__functions.c.o -MF CMakeFiles/control__rosidl_generator_c.dir/rosidl_generator_c/control/msg/detail/performance_metrics__functions.c.o.d -o CMakeFiles/control__rosidl_generator_c.dir/rosidl_generator_c/control/msg/detail/performance_metrics__functions.c.o -c /home/blazar/lawny_ws/build/control/rosidl_generator_c/control/msg/detail/performance_metrics__functions.c
[1.104s] /usr/bin/python3 /opt/ros/humble/lib/rosidl_typesupport_cpp/rosidl_typesupport_cpp --generator-arguments-file /home/blazar/lawny_ws/build/control/rosidl_typesupport_cpp__arguments.json --typesupports rosidl_typesupport_fastrtps_cpp rosidl_typesupport_introspection_cpp
[1.112s] gmake[2]: Leaving directory '/home/blazar/lawny_ws/build/control'
[1.119s] [ 19%] Built target ament_cmake_python_build_control_egg
[1.157s] [ 22%] [32m[1mLinking C shared library libcontrol__rosidl_generator_c.so[0m
[1.157s] /usr/bin/cmake -E cmake_link_script CMakeFiles/control__rosidl_generator_c.dir/link.txt --verbose=1
[1.164s] /usr/bin/cc -fPIC -shared -Wl,-soname,libcontrol__rosidl_generator_c.so -o libcontrol__rosidl_generator_c.so CMakeFiles/control__rosidl_generator_c.dir/rosidl_generator_c/control/msg/detail/performance_metrics__functions.c.o  -Wl,-rpath,/opt/ros/humble/lib: /opt/ros/humble/lib/librosidl_runtime_c.so /opt/ros/humble/lib/librcutils.so -ldl 
[1.181s] gmake[2]: Leaving directory '/home/blazar/lawny_ws/build/control'
[1.189s] [ 22%] Built target control__rosidl_generator_c
[1.189s] /usr/bin/gmake  -f CMakeFiles/control__rosidl_typesupport_fastrtps_c.dir/build.make CMakeFiles/control__rosidl_typesupport_fastrtps_c.dir/depend
[1.190s] /usr/bin/gmake  -f CMakeFiles/control__rosidl_typesupport_introspection_c.dir/build.make CMakeFiles/control__rosidl_typesupport_introspection_c.dir/depend
[1.190s] /usr/bin/gmake  -f CMakeFiles/control__rosidl_typesupport_c.dir/build.make CMakeFiles/control__rosidl_typesupport_c.dir/depend
[1.191s] gmake[2]: Entering directory '/home/blazar/lawny_ws/build/control'
[1.191s] gmake[2]: Entering directory '/home/blazar/lawny_ws/build/control'
[1.191s] gmake[2]: Entering directory '/home/blazar/lawny_ws/build/control'
[1.198s] [ 32%] [34m[1mGenerating C type support dispatch for ROS interfaces[0m
[1.198s] [ 32%] [34m[1mGenerating C type support for eProsima Fast-RTPS[0m
[1.198s] [ 32%] [34m[1mGenerating C introspection for ROS interfaces[0m
[1.199s] /usr/bin/python3 /opt/ros/humble/lib/rosidl_typesupport_fastrtps_c/rosidl_typesupport_fastrtps_c --generator-arguments-file /home/blazar/lawny_ws/build/control/rosidl_typesupport_fastrtps_c__arguments.json
[1.199s] /usr/bin/python3 /opt/ros/humble/lib/rosidl_typesupport_introspection_c/rosidl_typesupport_introspection_c --generator-arguments-file /home/blazar/lawny_ws/build/control/rosidl_typesupport_introspection_c__arguments.json
[1.199s] /usr/bin/python3 /opt/ros/humble/lib/rosidl_typesupport_c/rosidl_typesupport_c --generator-arguments-file /home/blazar/lawny_ws/build/control/rosidl_typesupport_c__arguments.json --typesupports rosidl_typesupport_fastrtps_c rosidl_typesupport_introspection_c
[1.280s] cd /home/blazar/lawny_ws/build/control && /usr/bin/cmake -E cmake_depends "Unix Makefiles" /home/blazar/lawny_ws/src/control /home/blazar/lawny_ws/src/control /home/blazar/lawny_ws/build/control /home/blazar/lawny_ws/build/control /home/blazar/lawny_ws/build/control/CMakeFiles/control__rosidl_typesupport_cpp.dir/DependInfo.cmake --color=
[1.290s] gmake[2]: Leaving directory '/home/blazar/lawny_ws/build/control'
[1.290s] /usr/bin/gmake  -f CMakeFiles/control__rosidl_typesupport_cpp.dir/build.make CMakeFiles/control__rosidl_typesupport_cpp.dir/build
[1.291s] gmake[2]: Entering directory '/home/blazar/lawny_ws/build/control'
[1.296s] cd /home/blazar/lawny_ws/build/control && /usr/bin/cmake -E cmake_depends "Unix Makefiles" /home/blazar/lawny_ws/src/control /home/blazar/lawny_ws/src/control /home/blazar/lawny_ws/build/control /home/blazar/lawny_ws/build/control /home/blazar/lawny_ws/build/control/CMakeFiles/control__rosidl_typesupport_introspection_cpp.dir/DependInfo.cmake --color=
[1.298s] [ 35%] [32mBuilding CXX object CMakeFiles/control__rosidl_typesupport_cpp.dir/rosidl_typesupport_cpp/control/msg/performance_metrics__type_support.cpp.o[0m
[1.299s] /usr/bin/c++ -DRCUTILS_ENABLE_FAULT_INJECTION -DROSIDL_TYPESUPPORT_CPP_BUILDING_DLL -DROS_PACKAGE_NAME=\"control\" -I/home/blazar/lawny_ws/build/control/rosidl_generator_cpp -isystem /opt/ros/humble/include/rosidl_runtime_cpp -isystem /opt/ros/humble/include/rosidl_runtime_c -isystem /opt/ros/humble/include/rcutils -isystem /opt/ros/humble/include/rosidl_typesupport_interface -isystem /opt/ros/humble/include/rosidl_typesupport_cpp -isystem /opt/ros/humble/include/rosidl_typesupport_c -fPIC -Wall -Wextra -Wpedantic -std=gnu++14 -MD -MT CMakeFiles/control__rosidl_typesupport_cpp.dir/rosidl_typesupport_cpp/control/msg/performance_metrics__type_support.cpp.o -MF CMakeFiles/control__rosidl_typesupport_cpp.dir/rosidl_typesupport_cpp/control/msg/performance_metrics__type_support.cpp.o.d -o CMakeFiles/control__rosidl_typesupport_cpp.dir/rosidl_typesupport_cpp/control/msg/performance_metrics__type_support.cpp.o -c /home/blazar/lawny_ws/build/control/rosidl_typesupport_cpp/control/msg/performance_metrics__type_support.cpp
[1.300s] cd /home/blazar/lawny_ws/build/control && /usr/bin/cmake -E cmake_depends "Unix Makefiles" /home/blazar/lawny_ws/src/control /home/blazar/lawny_ws/src/control /home/blazar/lawny_ws/build/control /home/blazar/lawny_ws/build/control /home/blazar/lawny_ws/build/control/CMakeFiles/control__rosidl_typesupport_fastrtps_cpp.dir/DependInfo.cmake --color=
[1.304s] gmake[2]: Leaving directory '/home/blazar/lawny_ws/build/control'
[1.305s] /usr/bin/gmake  -f CMakeFiles/control__rosidl_typesupport_introspection_cpp.dir/build.make CMakeFiles/control__rosidl_typesupport_introspection_cpp.dir/build
[1.306s] gmake[2]: Entering directory '/home/blazar/lawny_ws/build/control'
[1.309s] gmake[2]: Leaving directory '/home/blazar/lawny_ws/build/control'
[1.309s] /usr/bin/gmake  -f CMakeFiles/control__rosidl_typesupport_fastrtps_cpp.dir/build.make CMakeFiles/control__rosidl_typesupport_fastrtps_cpp.dir/build
[1.310s] gmake[2]: Entering directory '/home/blazar/lawny_ws/build/control'
[1.313s] [ 38%] [32mBuilding CXX object CMakeFiles/control__rosidl_typesupport_introspection_cpp.dir/rosidl_typesupport_introspection_cpp/control/msg/detail/performance_metrics__type_support.cpp.o[0m
[1.314s] /usr/bin/c++ -DRCUTILS_ENABLE_FAULT_INJECTION -DROSIDL_TYPESUPPORT_INTROSPECTION_CPP_BUILDING_DLL -DROS_PACKAGE_NAME=\"control\" -I/home/blazar/lawny_ws/build/control/rosidl_typesupport_introspection_cpp -I/home/blazar/lawny_ws/build/control/rosidl_generator_cpp -isystem /opt/ros/humble/include/rosidl_runtime_cpp -isystem /opt/ros/humble/include/rosidl_runtime_c -isystem /opt/ros/humble/include/rcutils -isystem /opt/ros/humble/include/rosidl_typesupport_interface -isystem /opt/ros/humble/include/rosidl_typesupport_introspection_cpp -isystem /opt/ros/humble/include/rosidl_typesupport_introspection_c -fPIC -Wall -Wextra -Wpedantic -MD -MT CMakeFiles/control__rosidl_typesupport_introspection_cpp.dir/rosidl_typesupport_introspection_cpp/control/msg/detail/performance_metrics__type_support.cpp.o -MF CMakeFiles/control__rosidl_typesupport_introspection_cpp.dir/rosidl_typesupport_introspection_cpp/control/msg/detail/performance_metrics__type_support.cpp.o.d -o CMakeFiles/control__rosidl_typesupport_introspection_cpp.dir/rosidl_typesupport_introspection_cpp/control/msg/detail/performance_metrics__type_support.cpp.o -c /home/blazar/lawny_ws/build/control/rosidl_typesupport_introspection_cpp/control/msg/detail/performance_metrics__type_support.cpp
[1.317s] [ 41%] [32mBuilding CXX object CMakeFiles/control__rosidl_typesupport_fastrtps_cpp.dir/rosidl_typesupport_fastrtps_cpp/control/msg/detail/dds_fastrtps/performance_metrics__type_support.cpp.o[0m
[1.319s] /usr/bin/c++ -DRCUTILS_ENABLE_FAULT_INJECTION -DROSIDL_TYPESUPPORT_FASTRTPS_CPP_BUILDING_DLL_control -DROS_PACKAGE_NAME=\"control\" -I/home/blazar/lawny_ws/build/control/rosidl_typesupport_fastrtps_cpp -I/home/blazar/lawny_ws/build/control/rosidl_generator_cpp -isystem /opt/ros/humble/include/fastcdr -isystem /opt/ros/humble/include/rmw -isystem /opt/ros/humble/include/rcutils -isystem /opt/ros/humble/include/rosidl_runtime_c -isystem /opt/ros/humble/include/rosidl_typesupport_interface -isystem /opt/ros/humble/include/rosidl_runtime_cpp -isystem /opt/ros/humble/include/rosidl_typesupport_fastrtps_cpp -fPIC -Wall -Wextra -Wpedantic -Wredundant-decls -std=gnu++14 -MD -MT CMakeFiles/control__rosidl_typesupport_fastrtps_cpp.dir/rosidl_typesupport_fastrtps_cpp/control/msg/detail/dds_fastrtps/performance_metrics__type_support.cpp.o -MF CMakeFiles/control__rosidl_typesupport_fastrtps_cpp.dir/rosidl_typesupport_fastrtps_cpp/control/msg/detail/dds_fastrtps/performance_metrics__type_support.cpp.o.d -o CMakeFiles/control__rosidl_typesupport_fastrtps_cpp.dir/rosidl_typesupport_fastrtps_cpp/control/msg/detail/dds_fastrtps/performance_metrics__type_support.cpp.o -c /home/blazar/lawny_ws/build/control/rosidl_typesupport_fastrtps_cpp/control/msg/detail/dds_fastrtps/performance_metrics__type_support.cpp
[1.380s] cd /home/blazar/lawny_ws/build/control && /usr/bin/cmake -E cmake_depends "Unix Makefiles" /home/blazar/lawny_ws/src/control /home/blazar/lawny_ws/src/control /home/blazar/lawny_ws/build/control /home/blazar/lawny_ws/build/control /home/blazar/lawny_ws/build/control/CMakeFiles/control__rosidl_typesupport_c.dir/DependInfo.cmake --color=
[1.390s] gmake[2]: Leaving directory '/home/blazar/lawny_ws/build/control'
[1.390s] /usr/bin/gmake  -f CMakeFiles/control__rosidl_typesupport_c.dir/build.make CMakeFiles/control__rosidl_typesupport_c.dir/build
[1.392s] gmake[2]: Entering directory '/home/blazar/lawny_ws/build/control'
[1.400s] [ 45%] [32mBuilding CXX object CMakeFiles/control__rosidl_typesupport_c.dir/rosidl_typesupport_c/control/msg/performance_metrics__type_support.cpp.o[0m
[1.401s] /usr/bin/c++ -DRCUTILS_ENABLE_FAULT_INJECTION -DROSIDL_GENERATOR_C_BUILDING_DLL_control -DROS_PACKAGE_NAME=\"control\" -I/home/blazar/lawny_ws/build/control/rosidl_generator_c -isystem /opt/ros/humble/include/rosidl_runtime_c -isystem /opt/ros/humble/include/rcutils -isystem /opt/ros/humble/include/rosidl_typesupport_interface -isystem /opt/ros/humble/include/rosidl_typesupport_c -fPIC -Wall -std=gnu++14 -MD -MT CMakeFiles/control__rosidl_typesupport_c.dir/rosidl_typesupport_c/control/msg/performance_metrics__type_support.cpp.o -MF CMakeFiles/control__rosidl_typesupport_c.dir/rosidl_typesupport_c/control/msg/performance_metrics__type_support.cpp.o.d -o CMakeFiles/control__rosidl_typesupport_c.dir/rosidl_typesupport_c/control/msg/performance_metrics__type_support.cpp.o -c /home/blazar/lawny_ws/build/control/rosidl_typesupport_c/control/msg/performance_metrics__type_support.cpp
[1.405s] cd /home/blazar/lawny_ws/build/control && /usr/bin/cmake -E cmake_depends "Unix Makefiles" /home/blazar/lawny_ws/src/control /home/blazar/lawny_ws/src/control /home/blazar/lawny_ws/build/control /home/blazar/lawny_ws/build/control /home/blazar/lawny_ws/build/control/CMakeFiles/control__rosidl_typesupport_introspection_c.dir/DependInfo.cmake --color=
[1.407s] cd /home/blazar/lawny_ws/build/control && /usr/bin/cmake -E cmake_depends "Unix Makefiles" /home/blazar/lawny_ws/src/control /home/blazar/lawny_ws/src/control /home/blazar/lawny_ws/build/control /home/blazar/lawny_ws/build/control /home/blazar/lawny_ws/build/control/CMakeFiles/control__rosidl_typesupport_fastrtps_c.dir/DependInfo.cmake --color=
[1.414s] gmake[2]: Leaving directory '/home/blazar/lawny_ws/build/control'
[1.414s] /usr/bin/gmake  -f CMakeFiles/control__rosidl_typesupport_introspection_c.dir/build.make CMakeFiles/control__rosidl_typesupport_introspection_c.dir/build
[1.415s] gmake[2]: Entering directory '/home/blazar/lawny_ws/build/control'
[1.416s] gmake[2]: Leaving directory '/home/blazar/lawny_ws/build/control'
[1.416s] /usr/bin/gmake  -f CMakeFiles/control__rosidl_typesupport_fastrtps_c.dir/build.make CMakeFiles/control__rosidl_typesupport_fastrtps_c.dir/build
[1.417s] gmake[2]: Entering directory '/home/blazar/lawny_ws/build/control'
[1.423s] [ 48%] [32mBuilding C object CMakeFiles/control__rosidl_typesupport_introspection_c.dir/rosidl_typesupport_introspection_c/control/msg/detail/performance_metrics__type_support.c.o[0m
[1.424s] [ 51%] [32mBuilding CXX object CMakeFiles/control__rosidl_typesupport_fastrtps_c.dir/rosidl_typesupport_fastrtps_c/control/msg/detail/performance_metrics__type_support_c.cpp.o[0m
[1.424s] /usr/bin/cc -DRCUTILS_ENABLE_FAULT_INJECTION -DROSIDL_TYPESUPPORT_INTROSPECTION_C_BUILDING_DLL_control -DROS_PACKAGE_NAME=\"control\" -I/home/blazar/lawny_ws/build/control/rosidl_typesupport_introspection_c -I/home/blazar/lawny_ws/build/control/rosidl_generator_c -isystem /opt/ros/humble/include/rosidl_runtime_c -isystem /opt/ros/humble/include/rcutils -isystem /opt/ros/humble/include/rosidl_typesupport_interface -isystem /opt/ros/humble/include/rosidl_typesupport_introspection_c -fPIC -Wall -std=gnu11 -MD -MT CMakeFiles/control__rosidl_typesupport_introspection_c.dir/rosidl_typesupport_introspection_c/control/msg/detail/performance_metrics__type_support.c.o -MF CMakeFiles/control__rosidl_typesupport_introspection_c.dir/rosidl_typesupport_introspection_c/control/msg/detail/performance_metrics__type_support.c.o.d -o CMakeFiles/control__rosidl_typesupport_introspection_c.dir/rosidl_typesupport_introspection_c/control/msg/detail/performance_metrics__type_support.c.o -c /home/blazar/lawny_ws/build/control/rosidl_typesupport_introspection_c/control/msg/detail/performance_metrics__type_support.c
[1.425s] /usr/bin/c++ -DRCUTILS_ENABLE_FAULT_INJECTION -DROSIDL_TYPESUPPORT_FASTRTPS_C_BUILDING_DLL_control -DROS_PACKAGE_NAME=\"control\" -I/home/blazar/lawny_ws/build/control/rosidl_typesupport_fastrtps_c -I/home/blazar/lawny_ws/build/control/rosidl_generator_c -isystem /opt/ros/humble/include/fastcdr -isystem /opt/ros/humble/include/rosidl_runtime_c -isystem /opt/ros/humble/include/rcutils -isystem /opt/ros/humble/include/rosidl_typesupport_interface -isystem /opt/ros/humble/include/rosidl_runtime_cpp -isystem /opt/ros/humble/include/rosidl_typesupport_fastrtps_cpp -isystem /opt/ros/humble/include/rmw -isystem /opt/ros/humble/include/rosidl_typesupport_fastrtps_c -fPIC -Wall -Wextra -Wpedantic -std=gnu++14 -MD -MT CMakeFiles/control__rosidl_typesupport_fastrtps_c.dir/rosidl_typesupport_fastrtps_c/control/msg/detail/performance_metrics__type_support_c.cpp.o -MF CMakeFiles/control__rosidl_typesupport_fastrtps_c.dir/rosidl_typesupport_fastrtps_c/control/msg/detail/performance_metrics__type_support_c.cpp.o.d -o CMakeFiles/control__rosidl_typesupport_fastrtps_c.dir/rosidl_typesupport_fastrtps_c/control/msg/detail/performance_metrics__type_support_c.cpp.o -c /home/blazar/lawny_ws/build/control/rosidl_typesupport_fastrtps_c/control/msg/detail/performance_metrics__type_support_c.cpp
[1.428s] [ 54%] [32m[1mLinking CXX shared library libcontrol__rosidl_typesupport_c.so[0m
[1.430s] /usr/bin/cmake -E cmake_link_script CMakeFiles/control__rosidl_typesupport_c.dir/link.txt --verbose=1
[1.437s] /usr/bin/c++ -fPIC -shared -Wl,-soname,libcontrol__rosidl_typesupport_c.so -o libcontrol__rosidl_typesupport_c.so CMakeFiles/control__rosidl_typesupport_c.dir/rosidl_typesupport_c/control/msg/performance_metrics__type_support.cpp.o  -Wl,-rpath,/home/blazar/lawny_ws/build/control:/opt/ros/humble/lib: libcontrol__rosidl_generator_c.so /opt/ros/humble/lib/librosidl_typesupport_c.so /opt/ros/humble/lib/librosidl_runtime_c.so /opt/ros/humble/lib/librcutils.so -ldl -Wl,-rpath-link,/opt/ros/humble/lib 
[1.456s] [ 58%] [32m[1mLinking C shared library libcontrol__rosidl_typesupport_introspection_c.so[0m
[1.458s] /usr/bin/cmake -E cmake_link_script CMakeFiles/control__rosidl_typesupport_introspection_c.dir/link.txt --verbose=1
[1.461s] gmake[2]: Leaving directory '/home/blazar/lawny_ws/build/control'
[1.465s] /usr/bin/cc -fPIC -shared -Wl,-soname,libcontrol__rosidl_typesupport_introspection_c.so -o libcontrol__rosidl_typesupport_introspection_c.so CMakeFiles/control__rosidl_typesupport_introspection_c.dir/rosidl_typesupport_introspection_c/control/msg/detail/performance_metrics__type_support.c.o  -Wl,-rpath,/home/blazar/lawny_ws/build/control:/opt/ros/humble/lib: libcontrol__rosidl_generator_c.so /opt/ros/humble/lib/librosidl_typesupport_introspection_c.so /opt/ros/humble/lib/librosidl_runtime_c.so /opt/ros/humble/lib/librcutils.so -ldl 
[1.469s] [ 58%] Built target control__rosidl_typesupport_c
[1.479s] gmake[2]: Leaving directory '/home/blazar/lawny_ws/build/control'
[1.487s] [ 58%] Built target control__rosidl_typesupport_introspection_c
[1.541s] [ 61%] [32m[1mLinking CXX shared library libcontrol__rosidl_typesupport_cpp.so[0m
[1.541s] /usr/bin/cmake -E cmake_link_script CMakeFiles/control__rosidl_typesupport_cpp.dir/link.txt --verbose=1
[1.549s] /usr/bin/c++ -fPIC -shared -Wl,-soname,libcontrol__rosidl_typesupport_cpp.so -o libcontrol__rosidl_typesupport_cpp.so CMakeFiles/control__rosidl_typesupport_cpp.dir/rosidl_typesupport_cpp/control/msg/performance_metrics__type_support.cpp.o  -Wl,-rpath,/opt/ros/humble/lib: /opt/ros/humble/lib/librosidl_typesupport_cpp.so /opt/ros/humble/lib/librosidl_typesupport_c.so /opt/ros/humble/lib/librosidl_runtime_c.so /opt/ros/humble/lib/librcutils.so -ldl -Wl,-rpath-link,/opt/ros/humble/lib 
[1.571s] gmake[2]: Leaving directory '/home/blazar/lawny_ws/build/control'
[1.580s] [ 61%] Built target control__rosidl_typesupport_cpp
[1.639s] [ 64%] [32m[1mLinking CXX shared library libcontrol__rosidl_typesupport_introspection_cpp.so[0m
[1.640s] /usr/bin/cmake -E cmake_link_script CMakeFiles/control__rosidl_typesupport_introspection_cpp.dir/link.txt --verbose=1
[1.648s] /usr/bin/c++ -fPIC -shared -Wl,-soname,libcontrol__rosidl_typesupport_introspection_cpp.so -o libcontrol__rosidl_typesupport_introspection_cpp.so CMakeFiles/control__rosidl_typesupport_introspection_cpp.dir/rosidl_typesupport_introspection_cpp/control/msg/detail/performance_metrics__type_support.cpp.o  -Wl,-rpath,/opt/ros/humble/lib: /opt/ros/humble/lib/librosidl_typesupport_introspection_cpp.so /opt/ros/humble/lib/librosidl_runtime_c.so /opt/ros/humble/lib/librcutils.so -ldl /opt/ros/humble/lib/librosidl_typesupport_introspection_c.so 
[1.648s] [ 67%] [32m[1mLinking CXX shared library libcontrol__rosidl_typesupport_fastrtps_cpp.so[0m
[1.649s] /usr/bin/cmake -E cmake_link_script CMakeFiles/control__rosidl_typesupport_fastrtps_cpp.dir/link.txt --verbose=1
[1.655s] /usr/bin/c++ -fPIC -shared -Wl,-soname,libcontrol__rosidl_typesupport_fastrtps_cpp.so -o libcontrol__rosidl_typesupport_fastrtps_cpp.so CMakeFiles/control__rosidl_typesupport_fastrtps_cpp.dir/rosidl_typesupport_fastrtps_cpp/control/msg/detail/dds_fastrtps/performance_metrics__type_support.cpp.o  -Wl,-rpath,/opt/ros/humble/lib: /opt/ros/humble/lib/librosidl_typesupport_fastrtps_cpp.so /opt/ros/humble/lib/libfastcdr.so.1.0.24 /opt/ros/humble/lib/librmw.so /opt/ros/humble/lib/librosidl_runtime_c.so /opt/ros/humble/lib/librcutils.so -ldl 
[1.670s] gmake[2]: Leaving directory '/home/blazar/lawny_ws/build/control'
[1.678s] [ 67%] Built target control__rosidl_typesupport_introspection_cpp
[1.697s] [ 70%] [32m[1mLinking CXX shared library libcontrol__rosidl_typesupport_fastrtps_c.so[0m
[1.698s] /usr/bin/cmake -E cmake_link_script CMakeFiles/control__rosidl_typesupport_fastrtps_c.dir/link.txt --verbose=1
[1.705s] /usr/bin/c++ -fPIC -shared -Wl,-soname,libcontrol__rosidl_typesupport_fastrtps_c.so -o libcontrol__rosidl_typesupport_fastrtps_c.so CMakeFiles/control__rosidl_typesupport_fastrtps_c.dir/rosidl_typesupport_fastrtps_c/control/msg/detail/performance_metrics__type_support_c.cpp.o  -Wl,-rpath,/opt/ros/humble/lib:/home/blazar/lawny_ws/build/control: /opt/ros/humble/lib/librosidl_typesupport_fastrtps_cpp.so /opt/ros/humble/lib/librosidl_typesupport_fastrtps_c.so libcontrol__rosidl_generator_c.so /opt/ros/humble/lib/libfastcdr.so.1.0.24 /opt/ros/humble/lib/librmw.so /opt/ros/humble/lib/librosidl_runtime_c.so /opt/ros/humble/lib/librcutils.so -ldl 
[1.705s] gmake[2]: Leaving directory '/home/blazar/lawny_ws/build/control'
[1.712s] [ 70%] Built target control__rosidl_typesupport_fastrtps_cpp
[1.750s] gmake[2]: Leaving directory '/home/blazar/lawny_ws/build/control'
[1.758s] [ 70%] Built target control__rosidl_typesupport_fastrtps_c
[1.759s] /usr/bin/gmake  -f CMakeFiles/control.dir/build.make CMakeFiles/control.dir/depend
[1.760s] gmake[2]: Entering directory '/home/blazar/lawny_ws/build/control'
[1.760s] cd /home/blazar/lawny_ws/build/control && /usr/bin/cmake -E cmake_depends "Unix Makefiles" /home/blazar/lawny_ws/src/control /home/blazar/lawny_ws/src/control /home/blazar/lawny_ws/build/control /home/blazar/lawny_ws/build/control /home/blazar/lawny_ws/build/control/CMakeFiles/control.dir/DependInfo.cmake --color=
[1.768s] gmake[2]: Leaving directory '/home/blazar/lawny_ws/build/control'
[1.768s] /usr/bin/gmake  -f CMakeFiles/control.dir/build.make CMakeFiles/control.dir/build
[1.769s] gmake[2]: Entering directory '/home/blazar/lawny_ws/build/control'
[1.769s] gmake[2]: Nothing to be done for 'CMakeFiles/control.dir/build'.
[1.769s] gmake[2]: Leaving directory '/home/blazar/lawny_ws/build/control'
[1.775s] [ 70%] Built target control
[1.776s] /usr/bin/gmake  -f control__py/CMakeFiles/control__py.dir/build.make control__py/CMakeFiles/control__py.dir/depend
[1.777s] gmake[2]: Entering directory '/home/blazar/lawny_ws/build/control'
[1.777s] cd /home/blazar/lawny_ws/build/control && /usr/bin/cmake -E cmake_depends "Unix Makefiles" /home/blazar/lawny_ws/src/control /home/blazar/lawny_ws/build/control/control__py /home/blazar/lawny_ws/build/control /home/blazar/lawny_ws/build/control/control__py /home/blazar/lawny_ws/build/control/control__py/CMakeFiles/control__py.dir/DependInfo.cmake --color=
[1.784s] gmake[2]: Leaving directory '/home/blazar/lawny_ws/build/control'
[1.784s] /usr/bin/gmake  -f control__py/CMakeFiles/control__py.dir/build.make control__py/CMakeFiles/control__py.dir/build
[1.785s] gmake[2]: Entering directory '/home/blazar/lawny_ws/build/control'
[1.791s] [ 74%] [34m[1mGenerating Python code for ROS interfaces[0m
[1.792s] cd /home/blazar/lawny_ws/build/control/control__py && /usr/bin/python3 /opt/ros/humble/share/rosidl_generator_py/cmake/../../../lib/rosidl_generator_py/rosidl_generator_py --generator-arguments-file /home/blazar/lawny_ws/build/control/rosidl_generator_py__arguments.json --typesupport-impls "rosidl_typesupport_fastrtps_c;rosidl_typesupport_introspection_c;rosidl_typesupport_c"
[2.025s] gmake[2]: Leaving directory '/home/blazar/lawny_ws/build/control'
[2.033s] [ 74%] Built target control__py
[2.034s] /usr/bin/gmake  -f CMakeFiles/control__rosidl_generator_py.dir/build.make CMakeFiles/control__rosidl_generator_py.dir/depend
[2.035s] gmake[2]: Entering directory '/home/blazar/lawny_ws/build/control'
[2.035s] cd /home/blazar/lawny_ws/build/control && /usr/bin/cmake -E cmake_depends "Unix Makefiles" /home/blazar/lawny_ws/src/control /home/blazar/lawny_ws/src/control /home/blazar/lawny_ws/build/control /home/blazar/lawny_ws/build/control /home/blazar/lawny_ws/build/control/CMakeFiles/control__rosidl_generator_py.dir/DependInfo.cmake --color=
[2.043s] gmake[2]: Leaving directory '/home/blazar/lawny_ws/build/control'
[2.044s] /usr/bin/gmake  -f CMakeFiles/control__rosidl_generator_py.dir/build.make CMakeFiles/control__rosidl_generator_py.dir/build
[2.045s] gmake[2]: Entering directory '/home/blazar/lawny_ws/build/control'
[2.052s] [ 77%] [32mBuilding C object CMakeFiles/control__rosidl_generator_py.dir/rosidl_generator_py/control/msg/_performance_metrics_s.c.o[0m
[2.052s] /usr/bin/cc -DRCUTILS_ENABLE_FAULT_INJECTION -DROS_PACKAGE_NAME=\"control\" -Dcontrol__rosidl_generator_py_EXPORTS -I/home/blazar/lawny_ws/build/control/rosidl_generator_c -I/home/blazar/lawny_ws/build/control/rosidl_generator_py -I/usr/include/python3.10 -isystem /opt/ros/humble/include/rosidl_runtime_c -isystem /opt/ros/humble/include/rcutils -isystem /opt/ros/humble/include/rosidl_typesupport_interface -fPIC -Wall -Wextra -MD -MT CMakeFiles/control__rosidl_generator_py.dir/rosidl_generator_py/control/msg/_performance_metrics_s.c.o -MF CMakeFiles/control__rosidl_generator_py.dir/rosidl_generator_py/control/msg/_performance_metrics_s.c.o.d -o CMakeFiles/control__rosidl_generator_py.dir/rosidl_generator_py/control/msg/_performance_metrics_s.c.o -c /home/blazar/lawny_ws/build/control/rosidl_generator_py/control/msg/_performance_metrics_s.c
[2.145s] [ 80%] [32m[1mLinking C shared library rosidl_generator_py/control/libcontrol__rosidl_generator_py.so[0m
[2.146s] /usr/bin/cmake -E cmake_link_script CMakeFiles/control__rosidl_generator_py.dir/link.txt --verbose=1
[2.152s] /usr/bin/cc -fPIC -shared -Wl,-soname,libcontrol__rosidl_generator_py.so -o rosidl_generator_py/control/libcontrol__rosidl_generator_py.so CMakeFiles/control__rosidl_generator_py.dir/rosidl_generator_py/control/msg/_performance_metrics_s.c.o  -Wl,-rpath,/home/blazar/lawny_ws/build/control:/opt/ros/humble/lib: /usr/lib/x86_64-linux-gnu/libpython3.10.so libcontrol__rosidl_typesupport_c.so libcontrol__rosidl_generator_c.so /opt/ros/humble/lib/librosidl_runtime_c.so /opt/ros/humble/lib/librcutils.so -ldl -Wl,-rpath-link,/opt/ros/humble/lib 
[2.173s] gmake[2]: Leaving directory '/home/blazar/lawny_ws/build/control'
[2.181s] [ 80%] Built target control__rosidl_generator_py
[2.182s] /usr/bin/gmake  -f CMakeFiles/control__rosidl_typesupport_fastrtps_c__pyext.dir/build.make CMakeFiles/control__rosidl_typesupport_fastrtps_c__pyext.dir/depend
[2.182s] /usr/bin/gmake  -f CMakeFiles/control__rosidl_typesupport_introspection_c__pyext.dir/build.make CMakeFiles/control__rosidl_typesupport_introspection_c__pyext.dir/depend
[2.182s] /usr/bin/gmake  -f CMakeFiles/control__rosidl_typesupport_c__pyext.dir/build.make CMakeFiles/control__rosidl_typesupport_c__pyext.dir/depend
[2.183s] gmake[2]: Entering directory '/home/blazar/lawny_ws/build/control'
[2.183s] cd /home/blazar/lawny_ws/build/control && /usr/bin/cmake -E cmake_depends "Unix Makefiles" /home/blazar/lawny_ws/src/control /home/blazar/lawny_ws/src/control /home/blazar/lawny_ws/build/control /home/blazar/lawny_ws/build/control /home/blazar/lawny_ws/build/control/CMakeFiles/control__rosidl_typesupport_fastrtps_c__pyext.dir/DependInfo.cmake --color=
[2.183s] gmake[2]: Entering directory '/home/blazar/lawny_ws/build/control'
[2.183s] cd /home/blazar/lawny_ws/build/control && /usr/bin/cmake -E cmake_depends "Unix Makefiles" /home/blazar/lawny_ws/src/control /home/blazar/lawny_ws/src/control /home/blazar/lawny_ws/build/control /home/blazar/lawny_ws/build/control /home/blazar/lawny_ws/build/control/CMakeFiles/control__rosidl_typesupport_introspection_c__pyext.dir/DependInfo.cmake --color=
[2.183s] gmake[2]: Entering directory '/home/blazar/lawny_ws/build/control'
[2.183s] cd /home/blazar/lawny_ws/build/control && /usr/bin/cmake -E cmake_depends "Unix Makefiles" /home/blazar/lawny_ws/src/control /home/blazar/lawny_ws/src/control /home/blazar/lawny_ws/build/control /home/blazar/lawny_ws/build/control /home/blazar/lawny_ws/build/control/CMakeFiles/control__rosidl_typesupport_c__pyext.dir/DependInfo.cmake --color=
[2.191s] gmake[2]: Leaving directory '/home/blazar/lawny_ws/build/control'
[2.191s] gmake[2]: Leaving directory '/home/blazar/lawny_ws/build/control'
[2.191s] gmake[2]: Leaving directory '/home/blazar/lawny_ws/build/control'
[2.191s] /usr/bin/gmake  -f CMakeFiles/control__rosidl_typesupport_introspection_c__pyext.dir/build.make CMakeFiles/control__rosidl_typesupport_introspection_c__pyext.dir/build
[2.191s] /usr/bin/gmake  -f CMakeFiles/control__rosidl_typesupport_fastrtps_c__pyext.dir/build.make CMakeFiles/control__rosidl_typesupport_fastrtps_c__pyext.dir/build
[2.192s] /usr/bin/gmake  -f CMakeFiles/control__rosidl_typesupport_c__pyext.dir/build.make CMakeFiles/control__rosidl_typesupport_c__pyext.dir/build
[2.192s] gmake[2]: Entering directory '/home/blazar/lawny_ws/build/control'
[2.192s] gmake[2]: Entering directory '/home/blazar/lawny_ws/build/control'
[2.192s] gmake[2]: Entering directory '/home/blazar/lawny_ws/build/control'
[2.199s] [ 90%] [32mBuilding C object CMakeFiles/control__rosidl_typesupport_introspection_c__pyext.dir/rosidl_generator_py/control/_control_s.ep.rosidl_typesupport_introspection_c.c.o[0m
[2.199s] [ 90%] [32mBuilding C object CMakeFiles/control__rosidl_typesupport_c__pyext.dir/rosidl_generator_py/control/_control_s.ep.rosidl_typesupport_c.c.o[0m
[2.200s] [ 90%] [32mBuilding C object CMakeFiles/control__rosidl_typesupport_fastrtps_c__pyext.dir/rosidl_generator_py/control/_control_s.ep.rosidl_typesupport_fastrtps_c.c.o[0m
[2.200s] /usr/bin/cc -DRCUTILS_ENABLE_FAULT_INJECTION -DROS_PACKAGE_NAME=\"control\" -Dcontrol__rosidl_typesupport_introspection_c__pyext_EXPORTS -I/home/blazar/lawny_ws/build/control/rosidl_generator_c -I/home/blazar/lawny_ws/build/control/rosidl_generator_py -I/usr/include/python3.10 -I/opt/ros/humble/include/rmw -I/home/blazar/lawny_ws/build/control/rosidl_typesupport_introspection_c -isystem /opt/ros/humble/include/rosidl_runtime_c -isystem /opt/ros/humble/include/rosidl_typesupport_c -isystem /opt/ros/humble/include/rosidl_typesupport_interface -isystem /opt/ros/humble/include/rcutils -isystem /opt/ros/humble/include/rosidl_typesupport_introspection_c -fPIC -Wall -Wextra -MD -MT CMakeFiles/control__rosidl_typesupport_introspection_c__pyext.dir/rosidl_generator_py/control/_control_s.ep.rosidl_typesupport_introspection_c.c.o -MF CMakeFiles/control__rosidl_typesupport_introspection_c__pyext.dir/rosidl_generator_py/control/_control_s.ep.rosidl_typesupport_introspection_c.c.o.d -o CMakeFiles/control__rosidl_typesuppor/usr/bin/cc -DRCUTILS_ENABLE_FAULT_INJECTION -DROS_PACKAGE_NAME=\"control\" -Dcontrol__rosidl_typesupport_c__pyext_EXPORTS -I/home/blazar/lawny_ws/build/control/rosidl_generator_c -I/home/blazar/lawny_ws/build/control/rosidl_generator_py -I/usr/include/python3.10 -I/opt/ros/humble/include/rmw -isystem /opt/ros/humble/include/rosidl_runtime_c -isystem /opt/ros/humble/include/rosidl_typesupport_c -isystem /opt/ros/humble/include/rosidl_typesupport_interface -isystem /opt/ros/humble/include/rcutils -fPIC -Wall -Wextra -MD -MT CMakeFiles/control__rosidl_typesupport_c__pyext.dir/rosidl_generator_py/control/_control_s.ep.rosidl_typesupport_c.c.o -MF CMakeFiles/control__rosidl_typesupport_c__pyext.dir/rosidl_generator_py/control/_control_s.ep.rosidl_typesupport_c.c.o.d -o CMakeFiles/control__rosidl_typesupport_c__pyext.dir/rosidl_generator_py/control/_control_s.ep.rosidl_typesupport_c.c.o -c /home/blazar/lawny_ws/build/control/rosidl_generator_py/control/_control_s.ep.rosidl_typesupport_c.c
[2.200s] /usr/bin/cc -DRCUTILS_ENABLE_FAULT_INJECTION -DROS_PACKAGE_NAME=\"control\" -Dcontrol__rosidl_typesupport_fastrtps_c__pyext_EXPORTS -I/home/blazar/lawny_ws/build/control/rosidl_generator_c -I/home/blazar/lawny_ws/build/control/rosidl_generator_py -I/usr/include/python3.10 -I/home/blazar/lawny_ws/build/control/rosidl_typesupport_fastrtps_c -isystem /opt/ros/humble/include/rosidl_runtime_c -isystem /opt/ros/humble/include/rosidl_typesupport_c -isystem /opt/ros/humble/include/rosidl_typesupport_interface -isystem /opt/ros/humble/include/rmw -isystem /opt/ros/humble/include/rcutils -isystem /opt/ros/humble/include/fastcdr -isystem /opt/ros/humble/include/rosidl_runtime_cpp -isystem /opt/ros/humble/include/rosidl_typesupport_fastrtps_cpp -isystem /opt/ros/humble/include/rosidl_typesupport_fastrtps_c -fPIC -Wall -Wextra -MD -MT CMakeFiles/control__rosidl_typesupport_fastrtps_c__pyext.dir/rosidl_generator_py/control/_control_s.ep.rosidl_typesupport_fastrtps_c.c.o -MF CMakeFiles/control__rosidl_typesupport_fastrtps_ct_introspection_c__pyext.dir/rosidl_generator_py/control/_control_s.ep.rosidl_typesupport_introspection_c.c.o -c /home/blazar/lawny_ws/build/control/rosidl_generator_py/control/_control_s.ep.rosidl_typesupport_introspection_c.c
[2.200s] __pyext.dir/rosidl_generator_py/control/_control_s.ep.rosidl_typesupport_fastrtps_c.c.o.d -o CMakeFiles/control__rosidl_typesupport_fastrtps_c__pyext.dir/rosidl_generator_py/control/_control_s.ep.rosidl_typesupport_fastrtps_c.c.o -c /home/blazar/lawny_ws/build/control/rosidl_generator_py/control/_control_s.ep.rosidl_typesupport_fastrtps_c.c
[2.270s] [ 93%] [32m[1mLinking C shared library rosidl_generator_py/control/control_s__rosidl_typesupport_c.cpython-310-x86_64-linux-gnu.so[0m
[2.271s] /usr/bin/cmake -E cmake_link_script CMakeFiles/control__rosidl_typesupport_c__pyext.dir/link.txt --verbose=1
[2.273s] [ 96%] [32m[1mLinking C shared library rosidl_generator_py/control/control_s__rosidl_typesupport_introspection_c.cpython-310-x86_64-linux-gnu.so[0m
[2.274s] /usr/bin/cmake -E cmake_link_script CMakeFiles/control__rosidl_typesupport_introspection_c__pyext.dir/link.txt --verbose=1
[2.275s] [100%] [32m[1mLinking C shared library rosidl_generator_py/control/control_s__rosidl_typesupport_fastrtps_c.cpython-310-x86_64-linux-gnu.so[0m
[2.276s] /usr/bin/cmake -E cmake_link_script CMakeFiles/control__rosidl_typesupport_fastrtps_c__pyext.dir/link.txt --verbose=1
[2.277s] /usr/bin/cc -fPIC -shared -Wl,-soname,control_s__rosidl_typesupport_c.cpython-310-x86_64-linux-gnu.so -o rosidl_generator_py/control/control_s__rosidl_typesupport_c.cpython-310-x86_64-linux-gnu.so CMakeFiles/control__rosidl_typesupport_c__pyext.dir/rosidl_generator_py/control/_control_s.ep.rosidl_typesupport_c.c.o  -Wl,-rpath,/home/blazar/lawny_ws/build/control/rosidl_generator_py/control:/home/blazar/lawny_ws/build/control:/opt/ros/humble/lib: rosidl_generator_py/control/libcontrol__rosidl_generator_py.so /usr/lib/x86_64-linux-gnu/libpython3.10.so libcontrol__rosidl_typesupport_c.so /opt/ros/humble/lib/librosidl_typesupport_c.so /opt/ros/humble/lib/librmw.so libcontrol__rosidl_generator_c.so /opt/ros/humble/lib/librosidl_runtime_c.so /opt/ros/humble/lib/librcutils.so -ldl -Wl,-rpath-link,/opt/ros/humble/lib 
[2.280s] /usr/bin/cc -fPIC -shared -Wl,-soname,control_s__rosidl_typesupport_introspection_c.cpython-310-x86_64-linux-gnu.so -o rosidl_generator_py/control/control_s__rosidl_typesupport_introspection_c.cpython-310-x86_64-linux-gnu.so CMakeFiles/control__rosidl_typesupport_introspection_c__pyext.dir/rosidl_generator_py/control/_control_s.ep.rosidl_typesupport_introspection_c.c.o  -Wl,-rpath,/home/blazar/lawny_ws/build/control/rosidl_generator_py/control:/home/blazar/lawny_ws/build/control:/opt/ros/humble/lib: rosidl_generator_py/control/libcontrol__rosidl_generator_py.so /usr/lib/x86_64-linux-gnu/libpython3.10.so libcontrol__rosidl_typesupport_introspection_c.so libcontrol__rosidl_typesupport_c.so /opt/ros/humble/lib/librosidl_typesupport_c.so /opt/ros/humble/lib/librmw.so libcontrol__rosidl_generator_c.so /opt/ros/humble/lib/librosidl_runtime_c.so /opt/ros/humble/lib/librcutils.so -ldl /opt/ros/humble/lib/librosidl_typesupport_introspection_c.so -Wl,-rpath-link,/opt/ros/humble/lib 
[2.281s] /usr/bin/cc -fPIC -shared -Wl,-soname,control_s__rosidl_typesupport_fastrtps_c.cpython-310-x86_64-linux-gnu.so -o rosidl_generator_py/control/control_s__rosidl_typesupport_fastrtps_c.cpython-310-x86_64-linux-gnu.so CMakeFiles/control__rosidl_typesupport_fastrtps_c__pyext.dir/rosidl_generator_py/control/_control_s.ep.rosidl_typesupport_fastrtps_c.c.o  -Wl,-rpath,/home/blazar/lawny_ws/build/control/rosidl_generator_py/control:/home/blazar/lawny_ws/build/control:/opt/ros/humble/lib: rosidl_generator_py/control/libcontrol__rosidl_generator_py.so /usr/lib/x86_64-linux-gnu/libpython3.10.so libcontrol__rosidl_typesupport_fastrtps_c.so libcontrol__rosidl_typesupport_c.so /opt/ros/humble/lib/librosidl_typesupport_c.so /opt/ros/humble/lib/librmw.so libcontrol__rosidl_generator_c.so /opt/ros/humble/lib/librosidl_typesupport_fastrtps_cpp.so /opt/ros/humble/lib/libfastcdr.so.1.0.24 /opt/ros/humble/lib/librmw.so /opt/ros/humble/lib/librosidl_typesupport_fastrtps_c.so /opt/ros/humble/lib/librosidl_runtime_c.so /opt/ros/humble/lib/librcutils.so -ldl -Wl,-rpath-link,/opt/ros/humble/lib 
[2.292s] gmake[2]: Leaving directory '/home/blazar/lawny_ws/build/control'
[2.295s] gmake[2]: Leaving directory '/home/blazar/lawny_ws/build/control'
[2.297s] gmake[2]: Leaving directory '/home/blazar/lawny_ws/build/control'
[2.299s] [100%] Built target control__rosidl_typesupport_c__pyext
[2.301s] [100%] Built target control__rosidl_typesupport_introspection_c__pyext
[2.303s] [100%] Built target control__rosidl_typesupport_fastrtps_c__pyext
[2.304s] gmake[1]: Leaving directory '/home/blazar/lawny_ws/build/control'
[2.304s] /usr/bin/cmake -E cmake_progress_start /home/blazar/lawny_ws/build/control/CMakeFiles 0
[2.314s] Invoked command in '/home/blazar/lawny_ws/build/control' returned '0': CMAKE_PREFIX_PATH=/opt/ros/humble /usr/bin/cmake --build /home/blazar/lawny_ws/build/control -- -j16 -l16
[2.324s] Invoking command in '/home/blazar/lawny_ws/build/control': CMAKE_PREFIX_PATH=/opt/ros/humble /usr/bin/cmake --install /home/blazar/lawny_ws/build/control
[2.331s] -- Install configuration: ""
[2.331s] -- Installing: /home/blazar/lawny_ws/install/control/share/ament_index/resource_index/rosidl_interfaces/control
[2.331s] -- Installing: /home/blazar/lawny_ws/install/control/include/control/control
[2.331s] -- Installing: /home/blazar/lawny_ws/install/control/include/control/control/msg
[2.331s] -- Installing: /home/blazar/lawny_ws/install/control/include/control/control/msg/performance_metrics.h
[2.331s] -- Installing: /home/blazar/lawny_ws/install/control/include/control/control/msg/rosidl_generator_c__visibility_control.h
[2.331s] -- Installing: /home/blazar/lawny_ws/install/control/include/control/control/msg/detail
[2.331s] -- Installing: /home/blazar/lawny_ws/install/control/include/control/control/msg/detail/performance_metrics__functions.h
[2.332s] -- Installing: /home/blazar/lawny_ws/install/control/include/control/control/msg/detail/performance_metrics__struct.h
[2.332s] -- Installing: /home/blazar/lawny_ws/install/control/include/control/control/msg/detail/performance_metrics__functions.c
[2.332s] -- Installing: /home/blazar/lawny_ws/install/control/include/control/control/msg/detail/performance_metrics__type_support.h
[2.332s] -- Installing: /home/blazar/lawny_ws/install/control/share/control/environment/library_path.sh
[2.332s] -- Installing: /home/blazar/lawny_ws/install/control/share/control/environment/library_path.dsv
[2.332s] -- Installing: /home/blazar/lawny_ws/install/control/lib/libcontrol__rosidl_generator_c.so
[2.333s] -- Set runtime path of "/home/blazar/lawny_ws/install/control/lib/libcontrol__rosidl_generator_c.so" to ""
[2.333s] -- Up-to-date: /home/blazar/lawny_ws/install/control/include/control/control
[2.333s] -- Up-to-date: /home/blazar/lawny_ws/install/control/include/control/control/msg
[2.333s] -- Installing: /home/blazar/lawny_ws/install/control/include/control/control/msg/rosidl_typesupport_fastrtps_c__visibility_control.h
[2.333s] -- Up-to-date: /home/blazar/lawny_ws/install/control/include/control/control/msg/detail
[2.333s] -- Installing: /home/blazar/lawny_ws/install/control/include/control/control/msg/detail/performance_metrics__rosidl_typesupport_fastrtps_c.h
[2.333s] -- Installing: /home/blazar/lawny_ws/install/control/lib/libcontrol__rosidl_typesupport_fastrtps_c.so
[2.333s] -- Set runtime path of "/home/blazar/lawny_ws/install/control/lib/libcontrol__rosidl_typesupport_fastrtps_c.so" to ""
[2.333s] -- Up-to-date: /home/blazar/lawny_ws/install/control/include/control/control
[2.333s] -- Up-to-date: /home/blazar/lawny_ws/install/control/include/control/control/msg
[2.333s] -- Installing: /home/blazar/lawny_ws/install/control/include/control/control/msg/rosidl_typesupport_introspection_c__visibility_control.h
[2.334s] -- Up-to-date: /home/blazar/lawny_ws/install/control/include/control/control/msg/detail
[2.334s] -- Installing: /home/blazar/lawny_ws/install/control/include/control/control/msg/detail/performance_metrics__type_support.c
[2.334s] -- Installing: /home/blazar/lawny_ws/install/control/include/control/control/msg/detail/performance_metrics__rosidl_typesupport_introspection_c.h
[2.334s] -- Installing: /home/blazar/lawny_ws/install/control/lib/libcontrol__rosidl_typesupport_introspection_c.so
[2.334s] -- Set runtime path of "/home/blazar/lawny_ws/install/control/lib/libcontrol__rosidl_typesupport_introspection_c.so" to ""
[2.334s] -- Installing: /home/blazar/lawny_ws/install/control/lib/libcontrol__rosidl_typesupport_c.so
[2.335s] -- Set runtime path of "/home/blazar/lawny_ws/install/control/lib/libcontrol__rosidl_typesupport_c.so" to ""
[2.335s] -- Up-to-date: /home/blazar/lawny_ws/install/control/include/control/control
[2.335s] -- Up-to-date: /home/blazar/lawny_ws/install/control/include/control/control/msg
[2.335s] -- Installing: /home/blazar/lawny_ws/install/control/include/control/control/msg/rosidl_generator_cpp__visibility_control.hpp
[2.335s] -- Installing: /home/blazar/lawny_ws/install/control/include/control/control/msg/performance_metrics.hpp
[2.335s] -- Up-to-date: /home/blazar/lawny_ws/install/control/include/control/control/msg/detail
[2.335s] -- Installing: /home/blazar/lawny_ws/install/control/include/control/control/msg/detail/performance_metrics__builder.hpp
[2.335s] -- Installing: /home/blazar/lawny_ws/install/control/include/control/control/msg/detail/performance_metrics__struct.hpp
[2.335s] -- Installing: /home/blazar/lawny_ws/install/control/include/control/control/msg/detail/performance_metrics__traits.hpp
[2.335s] -- Installing: /home/blazar/lawny_ws/install/control/include/control/control/msg/detail/performance_metrics__type_support.hpp
[2.335s] -- Up-to-date: /home/blazar/lawny_ws/install/control/include/control/control
[2.335s] -- Up-to-date: /home/blazar/lawny_ws/install/control/include/control/control/msg
[2.336s] -- Installing: /home/blazar/lawny_ws/install/control/include/control/control/msg/rosidl_typesupport_fastrtps_cpp__visibility_control.h
[2.336s] -- Up-to-date: /home/blazar/lawny_ws/install/control/include/control/control/msg/detail
[2.336s] -- Installing: /home/blazar/lawny_ws/install/control/include/control/control/msg/detail/dds_fastrtps
[2.336s] -- Installing: /home/blazar/lawny_ws/install/control/include/control/control/msg/detail/performance_metrics__rosidl_typesupport_fastrtps_cpp.hpp
[2.336s] -- Installing: /home/blazar/lawny_ws/install/control/lib/libcontrol__rosidl_typesupport_fastrtps_cpp.so
[2.336s] -- Set runtime path of "/home/blazar/lawny_ws/install/control/lib/libcontrol__rosidl_typesupport_fastrtps_cpp.so" to ""
[2.336s] -- Up-to-date: /home/blazar/lawny_ws/install/control/include/control/control
[2.336s] -- Up-to-date: /home/blazar/lawny_ws/install/control/include/control/control/msg
[2.336s] -- Up-to-date: /home/blazar/lawny_ws/install/control/include/control/control/msg/detail
[2.336s] -- Installing: /home/blazar/lawny_ws/install/control/include/control/control/msg/detail/performance_metrics__type_support.cpp
[2.337s] -- Installing: /home/blazar/lawny_ws/install/control/include/control/control/msg/detail/performance_metrics__rosidl_typesupport_introspection_cpp.hpp
[2.337s] -- Installing: /home/blazar/lawny_ws/install/control/lib/libcontrol__rosidl_typesupport_introspection_cpp.so
[2.337s] -- Set runtime path of "/home/blazar/lawny_ws/install/control/lib/libcontrol__rosidl_typesupport_introspection_cpp.so" to ""
[2.337s] -- Installing: /home/blazar/lawny_ws/install/control/lib/libcontrol__rosidl_typesupport_cpp.so
[2.337s] -- Set runtime path of "/home/blazar/lawny_ws/install/control/lib/libcontrol__rosidl_typesupport_cpp.so" to ""
[2.337s] -- Installing: /home/blazar/lawny_ws/install/control/share/control/environment/pythonpath.sh
[2.337s] -- Installing: /home/blazar/lawny_ws/install/control/share/control/environment/pythonpath.dsv
[2.338s] -- Installing: /home/blazar/lawny_ws/install/control/local/lib/python3.10/dist-packages/control-0.0.1-py3.10.egg-info
[2.338s] -- Installing: /home/blazar/lawny_ws/install/control/local/lib/python3.10/dist-packages/control-0.0.1-py3.10.egg-info/PKG-INFO
[2.338s] -- Installing: /home/blazar/lawny_ws/install/control/local/lib/python3.10/dist-packages/control-0.0.1-py3.10.egg-info/dependency_links.txt
[2.338s] -- Installing: /home/blazar/lawny_ws/install/control/local/lib/python3.10/dist-packages/control-0.0.1-py3.10.egg-info/SOURCES.txt
[2.338s] -- Installing: /home/blazar/lawny_ws/install/control/local/lib/python3.10/dist-packages/control-0.0.1-py3.10.egg-info/top_level.txt
[2.338s] -- Installing: /home/blazar/lawny_ws/install/control/local/lib/python3.10/dist-packages/control
[2.338s] -- Installing: /home/blazar/lawny_ws/install/control/local/lib/python3.10/dist-packages/control/_control_s.ep.rosidl_typesupport_c.c
[2.338s] -- Installing: /home/blazar/lawny_ws/install/control/local/lib/python3.10/dist-packages/control/libcontrol__rosidl_generator_py.so
[2.338s] -- Installing: /home/blazar/lawny_ws/install/control/local/lib/python3.10/dist-packages/control/control_s__rosidl_typesupport_introspection_c.cpython-310-x86_64-linux-gnu.so
[2.339s] -- Installing: /home/blazar/lawny_ws/install/control/local/lib/python3.10/dist-packages/control/_control_s.ep.rosidl_typesupport_introspection_c.c
[2.339s] -- Installing: /home/blazar/lawny_ws/install/control/local/lib/python3.10/dist-packages/control/__init__.py
[2.339s] -- Installing: /home/blazar/lawny_ws/install/control/local/lib/python3.10/dist-packages/control/control_s__rosidl_typesupport_c.cpython-310-x86_64-linux-gnu.so
[2.339s] -- Installing: /home/blazar/lawny_ws/install/control/local/lib/python3.10/dist-packages/control/control_s__rosidl_typesupport_fastrtps_c.cpython-310-x86_64-linux-gnu.so
[2.339s] -- Installing: /home/blazar/lawny_ws/install/control/local/lib/python3.10/dist-packages/control/msg
[2.339s] -- Installing: /home/blazar/lawny_ws/install/control/local/lib/python3.10/dist-packages/control/msg/__init__.py
[2.339s] -- Installing: /home/blazar/lawny_ws/install/control/local/lib/python3.10/dist-packages/control/msg/_performance_metrics.py
[2.339s] -- Installing: /home/blazar/lawny_ws/install/control/local/lib/python3.10/dist-packages/control/msg/_performance_metrics_s.c
[2.339s] -- Installing: /home/blazar/lawny_ws/install/control/local/lib/python3.10/dist-packages/control/_control_s.ep.rosidl_typesupport_fastrtps_c.c
[2.366s] Listing '/home/blazar/lawny_ws/install/control/local/lib/python3.10/dist-packages/control'...
[2.366s] Compiling '/home/blazar/lawny_ws/install/control/local/lib/python3.10/dist-packages/control/__init__.py'...
[2.366s] Listing '/home/blazar/lawny_ws/install/control/local/lib/python3.10/dist-packages/control/msg'...
[2.366s] Compiling '/home/blazar/lawny_ws/install/control/local/lib/python3.10/dist-packages/control/msg/__init__.py'...
[2.366s] Compiling '/home/blazar/lawny_ws/install/control/local/lib/python3.10/dist-packages/control/msg/_performance_metrics.py'...
[2.369s] -- Installing: /home/blazar/lawny_ws/install/control/local/lib/python3.10/dist-packages/control/control_s__rosidl_typesupport_fastrtps_c.cpython-310-x86_64-linux-gnu.so
[2.370s] -- Set runtime path of "/home/blazar/lawny_ws/install/control/local/lib/python3.10/dist-packages/control/control_s__rosidl_typesupport_fastrtps_c.cpython-310-x86_64-linux-gnu.so" to ""
[2.370s] -- Installing: /home/blazar/lawny_ws/install/control/local/lib/python3.10/dist-packages/control/control_s__rosidl_typesupport_introspection_c.cpython-310-x86_64-linux-gnu.so
[2.370s] -- Set runtime path of "/home/blazar/lawny_ws/install/control/local/lib/python3.10/dist-packages/control/control_s__rosidl_typesupport_introspection_c.cpython-310-x86_64-linux-gnu.so" to ""
[2.370s] -- Installing: /home/blazar/lawny_ws/install/control/local/lib/python3.10/dist-packages/control/control_s__rosidl_typesupport_c.cpython-310-x86_64-linux-gnu.so
[2.371s] -- Set runtime path of "/home/blazar/lawny_ws/install/control/local/lib/python3.10/dist-packages/control/control_s__rosidl_typesupport_c.cpython-310-x86_64-linux-gnu.so" to ""
[2.371s] -- Installing: /home/blazar/lawny_ws/install/control/lib/libcontrol__rosidl_generator_py.so
[2.371s] -- Set runtime path of "/home/blazar/lawny_ws/install/control/lib/libcontrol__rosidl_generator_py.so" to ""
[2.371s] -- Installing: /home/blazar/lawny_ws/install/control/share/control/msg/PerformanceMetrics.idl
[2.371s] -- Installing: /home/blazar/lawny_ws/install/control/share/control/msg/PerformanceMetrics.msg
[2.371s] -- Installing: /home/blazar/lawny_ws/install/control/lib/control/controller.py
[2.372s] -- Installing: /home/blazar/lawny_ws/install/control/share/control/launch/launch
[2.372s] -- Installing: /home/blazar/lawny_ws/install/control/share/control/launch/launch/controller_launch.xml
[2.372s] -- Installing: /home/blazar/lawny_ws/install/control/share/ament_index/resource_index/package_run_dependencies/control
[2.372s] -- Installing: /home/blazar/lawny_ws/install/control/share/ament_index/resource_index/parent_prefix_path/control
[2.372s] -- Installing: /home/blazar/lawny_ws/install/control/share/control/environment/ament_prefix_path.sh
[2.372s] -- Installing: /home/blazar/lawny_ws/install/control/share/control/environment/ament_prefix_path.dsv
[2.372s] -- Installing: /home/blazar/lawny_ws/install/control/share/control/environment/path.sh
[2.373s] -- Installing: /home/blazar/lawny_ws/install/control/share/control/environment/path.dsv
[2.373s] -- Installing: /home/blazar/lawny_ws/install/control/share/control/local_setup.bash
[2.373s] -- Installing: /home/blazar/lawny_ws/install/control/share/control/local_setup.sh
[2.373s] -- Installing: /home/blazar/lawny_ws/install/control/share/control/local_setup.zsh
[2.373s] -- Installing: /home/blazar/lawny_ws/install/control/share/control/local_setup.dsv
[2.373s] -- Installing: /home/blazar/lawny_ws/install/control/share/control/package.dsv
[2.373s] -- Installing: /home/blazar/lawny_ws/install/control/share/ament_index/resource_index/packages/control
[2.374s] -- Installing: /home/blazar/lawny_ws/install/control/share/control/cmake/export_control__rosidl_generator_cExport.cmake
[2.374s] -- Installing: /home/blazar/lawny_ws/install/control/share/control/cmake/export_control__rosidl_generator_cExport-noconfig.cmake
[2.374s] -- Installing: /home/blazar/lawny_ws/install/control/share/control/cmake/export_control__rosidl_typesupport_fastrtps_cExport.cmake
[2.374s] -- Installing: /home/blazar/lawny_ws/install/control/share/control/cmake/export_control__rosidl_typesupport_fastrtps_cExport-noconfig.cmake
[2.374s] -- Installing: /home/blazar/lawny_ws/install/control/share/control/cmake/control__rosidl_typesupport_introspection_cExport.cmake
[2.374s] -- Installing: /home/blazar/lawny_ws/install/control/share/control/cmake/control__rosidl_typesupport_introspection_cExport-noconfig.cmake
[2.374s] -- Installing: /home/blazar/lawny_ws/install/control/share/control/cmake/control__rosidl_typesupport_cExport.cmake
[2.375s] -- Installing: /home/blazar/lawny_ws/install/control/share/control/cmake/control__rosidl_typesupport_cExport-noconfig.cmake
[2.375s] -- Installing: /home/blazar/lawny_ws/install/control/share/control/cmake/export_control__rosidl_generator_cppExport.cmake
[2.375s] -- Installing: /home/blazar/lawny_ws/install/control/share/control/cmake/export_control__rosidl_typesupport_fastrtps_cppExport.cmake
[2.375s] -- Installing: /home/blazar/lawny_ws/install/control/share/control/cmake/export_control__rosidl_typesupport_fastrtps_cppExport-noconfig.cmake
[2.375s] -- Installing: /home/blazar/lawny_ws/install/control/share/control/cmake/control__rosidl_typesupport_introspection_cppExport.cmake
[2.375s] -- Installing: /home/blazar/lawny_ws/install/control/share/control/cmake/control__rosidl_typesupport_introspection_cppExport-noconfig.cmake
[2.375s] -- Installing: /home/blazar/lawny_ws/install/control/share/control/cmake/control__rosidl_typesupport_cppExport.cmake
[2.375s] -- Installing: /home/blazar/lawny_ws/install/control/share/control/cmake/control__rosidl_typesupport_cppExport-noconfig.cmake
[2.376s] -- Installing: /home/blazar/lawny_ws/install/control/share/control/cmake/export_control__rosidl_generator_pyExport.cmake
[2.376s] -- Installing: /home/blazar/lawny_ws/install/control/share/control/cmake/export_control__rosidl_generator_pyExport-noconfig.cmake
[2.376s] -- Installing: /home/blazar/lawny_ws/install/control/share/control/cmake/rosidl_cmake-extras.cmake
[2.376s] -- Installing: /home/blazar/lawny_ws/install/control/share/control/cmake/ament_cmake_export_include_directories-extras.cmake
[2.376s] -- Installing: /home/blazar/lawny_ws/install/control/share/control/cmake/ament_cmake_export_libraries-extras.cmake
[2.376s] -- Installing: /home/blazar/lawny_ws/install/control/share/control/cmake/ament_cmake_export_targets-extras.cmake
[2.376s] -- Installing: /home/blazar/lawny_ws/install/control/share/control/cmake/rosidl_cmake_export_typesupport_targets-extras.cmake
[2.377s] -- Installing: /home/blazar/lawny_ws/install/control/share/control/cmake/ament_cmake_export_dependencies-extras.cmake
[2.377s] -- Installing: /home/blazar/lawny_ws/install/control/share/control/cmake/rosidl_cmake_export_typesupport_libraries-extras.cmake
[2.377s] -- Installing: /home/blazar/lawny_ws/install/control/share/control/cmake/controlConfig.cmake
[2.377s] -- Installing: /home/blazar/lawny_ws/install/control/share/control/cmake/controlConfig-version.cmake
[2.377s] -- Installing: /home/blazar/lawny_ws/install/control/share/control/package.xml
[2.380s] Invoked command in '/home/blazar/lawny_ws/build/control' returned '0': CMAKE_PREFIX_PATH=/opt/ros/humble /usr/bin/cmake --install /home/blazar/lawny_ws/build/control
