[0.536s] Invoking command in '/home/blazar/workspaces/cartip_ws/src/ralpoley': DEBUGINFOD_URLS=https://debuginfod.ubuntu.com PS1=(ros2_rl) \[\e]0;\u@\h: \w\a\]${debian_chroot:+($debian_chroot)}\[\033[01;32m\]\u@\h\[\033[00m\]:\[\033[01;34m\]\w\[\033[00m\]\$ PYTHONPATH=/home/blazar/workspaces/cartip_ws/build/ralpoley/prefix_override:/usr/lib/python3/dist-packages/colcon_core/task/python/colcon_distutils_commands:/home/blazar/workspaces/cartip_ws/install/ralpoley/lib/python3.12/site-packages:${PYTHONPATH} VIRTUAL_ENV_PROMPT=(ros2_rl) /usr/bin/python3 -W ignore:setup.py install is deprecated -W ignore:easy_install command is deprecated setup.py egg_info --egg-base ../../build/ralpoley build --build-base /home/blazar/workspaces/cartip_ws/build/ralpoley/build install --record /home/blazar/workspaces/cartip_ws/build/ralpoley/install.log --single-version-externally-managed install_data
[0.660s] running egg_info
[0.668s] writing ../../build/ralpoley/ralpoley.egg-info/PKG-INFO
[0.668s] writing dependency_links to ../../build/ralpoley/ralpoley.egg-info/dependency_links.txt
[0.668s] writing entry points to ../../build/ralpoley/ralpoley.egg-info/entry_points.txt
[0.668s] writing requirements to ../../build/ralpoley/ralpoley.egg-info/requires.txt
[0.668s] writing top-level names to ../../build/ralpoley/ralpoley.egg-info/top_level.txt
[0.685s] reading manifest file '../../build/ralpoley/ralpoley.egg-info/SOURCES.txt'
[0.685s] writing manifest file '../../build/ralpoley/ralpoley.egg-info/SOURCES.txt'
[0.685s] running build
[0.685s] running build_py
[0.685s] running install
[0.688s] running install_lib
[0.697s] running install_data
[0.697s] running install_egg_info
[0.706s] Copying ../../build/ralpoley/ralpoley.egg-info to /home/blazar/workspaces/cartip_ws/install/ralpoley/lib/python3.12/site-packages/ralpoley-0.0.1-py3.12.egg-info
[0.706s] running install_scripts
[0.767s] Installing gym script to /home/blazar/workspaces/cartip_ws/install/ralpoley/lib/ralpoley
[0.767s] writing list of installed files to '/home/blazar/workspaces/cartip_ws/build/ralpoley/install.log'
[0.779s] Invoked command in '/home/blazar/workspaces/cartip_ws/src/ralpoley' returned '0': DEBUGINFOD_URLS=https://debuginfod.ubuntu.com PS1=(ros2_rl) \[\e]0;\u@\h: \w\a\]${debian_chroot:+($debian_chroot)}\[\033[01;32m\]\u@\h\[\033[00m\]:\[\033[01;34m\]\w\[\033[00m\]\$ PYTHONPATH=/home/blazar/workspaces/cartip_ws/build/ralpoley/prefix_override:/usr/lib/python3/dist-packages/colcon_core/task/python/colcon_distutils_commands:/home/blazar/workspaces/cartip_ws/install/ralpoley/lib/python3.12/site-packages:${PYTHONPATH} VIRTUAL_ENV_PROMPT=(ros2_rl) /usr/bin/python3 -W ignore:setup.py install is deprecated -W ignore:easy_install command is deprecated setup.py egg_info --egg-base ../../build/ralpoley build --build-base /home/blazar/workspaces/cartip_ws/build/ralpoley/build install --record /home/blazar/workspaces/cartip_ws/build/ralpoley/install.log --single-version-externally-managed install_data
