[0.007s] Invoking command in '/home/blazar/workspaces/rockytimes_ws/build/mission': CMAKE_PREFIX_PATH=${CMAKE_PREFIX_PATH}:/home/blazar/workspaces/rockytimes_ws/install/terrain_mapping_drone_control:/opt/ros/jazzy DEBUGINFOD_URLS=https://debuginfod.ubuntu.com VIRTUAL_ENV_PROMPT=(gennie) /usr/bin/cmake --build /home/blazar/workspaces/rockytimes_ws/build/mission -- -j16 -l16
[0.038s] Invoked command in '/home/blazar/workspaces/rockytimes_ws/build/mission' returned '0': CMAKE_PREFIX_PATH=${CMAKE_PREFIX_PATH}:/home/blazar/workspaces/rockytimes_ws/install/terrain_mapping_drone_control:/opt/ros/jazzy DEBUGINFOD_URLS=https://debuginfod.ubuntu.com VIRTUAL_ENV_PROMPT=(gennie) /usr/bin/cmake --build /home/blazar/workspaces/rockytimes_ws/build/mission -- -j16 -l16
[0.045s] Invoking command in '/home/blazar/workspaces/rockytimes_ws/build/mission': CMAKE_PREFIX_PATH=${CMAKE_PREFIX_PATH}:/home/blazar/workspaces/rockytimes_ws/install/terrain_mapping_drone_control:/opt/ros/jazzy DEBUGINFOD_URLS=https://debuginfod.ubuntu.com VIRTUAL_ENV_PROMPT=(gennie) /usr/bin/cmake --install /home/blazar/workspaces/rockytimes_ws/build/mission
[0.050s] -- Install configuration: ""
[0.050s] -- Up-to-date: /home/blazar/workspaces/rockytimes_ws/install/mission/lib/mission/mission.py
[0.050s] -- Installing: /home/blazar/workspaces/rockytimes_ws/install/mission/lib/mission/aruco_tracker.py
[0.050s] -- Up-to-date: /home/blazar/workspaces/rockytimes_ws/install/mission/lib/mission/spiral_trajectory.py
[0.050s] -- Up-to-date: /home/blazar/workspaces/rockytimes_ws/install/mission/lib/mission/estimate.py
[0.051s] -- Installing: /home/blazar/workspaces/rockytimes_ws/install/mission/lib/mission/landing.py
[0.051s] -- Up-to-date: /home/blazar/workspaces/rockytimes_ws/install/mission/lib/mission/return.py
[0.051s] -- Up-to-date: /home/blazar/workspaces/rockytimes_ws/install/mission/share/mission/launch
[0.051s] -- Up-to-date: /home/blazar/workspaces/rockytimes_ws/install/mission/share/mission/launch/terrain_mapping.launch.py
[0.051s] -- Up-to-date: /home/blazar/workspaces/rockytimes_ws/install/mission/share/mission/launch/mission.launch.py
[0.051s] -- Up-to-date: /home/blazar/workspaces/rockytimes_ws/install/mission/share/mission/launch/__pycache__
[0.051s] -- Up-to-date: /home/blazar/workspaces/rockytimes_ws/install/mission/share/mission/launch/__pycache__/cylinder_landing.launch.cpython-312.pyc
[0.051s] -- Up-to-date: /home/blazar/workspaces/rockytimes_ws/install/mission/share/mission/launch/cylinder_landing.launch.py
[0.051s] -- Up-to-date: /home/blazar/workspaces/rockytimes_ws/install/mission/share/mission/launch/rtabmap.launch.py
[0.051s] -- Up-to-date: /home/blazar/workspaces/rockytimes_ws/install/mission/share/mission/config
[0.051s] -- Up-to-date: /home/blazar/workspaces/rockytimes_ws/install/mission/share/mission/config/Default.perspective
[0.051s] -- Up-to-date: /home/blazar/workspaces/rockytimes_ws/install/mission/share/mission/config/terrain_mapping_params.yaml
[0.051s] -- Up-to-date: /home/blazar/workspaces/rockytimes_ws/install/mission/share/mission/config/drone_viz.rviz
[0.051s] -- Up-to-date: /home/blazar/workspaces/rockytimes_ws/install/mission/share/mission/scripts
[0.051s] -- Up-to-date: /home/blazar/workspaces/rockytimes_ws/install/mission/share/mission/scripts/estimate.py
[0.051s] -- Up-to-date: /home/blazar/workspaces/rockytimes_ws/install/mission/share/mission/scripts/return.py
[0.051s] -- Installing: /home/blazar/workspaces/rockytimes_ws/install/mission/share/mission/scripts/aruco_tracker.py
[0.051s] -- Up-to-date: /home/blazar/workspaces/rockytimes_ws/install/mission/share/mission/scripts/__init__.py
[0.052s] -- Up-to-date: /home/blazar/workspaces/rockytimes_ws/install/mission/share/mission/scripts/spiral_trajectory.py
[0.052s] -- Up-to-date: /home/blazar/workspaces/rockytimes_ws/install/mission/share/mission/scripts/mission.py
[0.052s] -- Installing: /home/blazar/workspaces/rockytimes_ws/install/mission/share/mission/scripts/landing.py
[0.052s] -- Up-to-date: /home/blazar/workspaces/rockytimes_ws/install/mission/share/mission/models
[0.052s] -- Up-to-date: /home/blazar/workspaces/rockytimes_ws/install/mission/share/mission/models/cylinder_short
[0.052s] -- Up-to-date: /home/blazar/workspaces/rockytimes_ws/install/mission/share/mission/models/cylinder_short/model.config
[0.052s] -- Up-to-date: /home/blazar/workspaces/rockytimes_ws/install/mission/share/mission/models/cylinder_short/model.sdf
[0.052s] -- Up-to-date: /home/blazar/workspaces/rockytimes_ws/install/mission/share/mission/models/cylinder_short/materials
[0.052s] -- Up-to-date: /home/blazar/workspaces/rockytimes_ws/install/mission/share/mission/models/cylinder_short/materials/aruco_marker_0.png
[0.052s] -- Up-to-date: /home/blazar/workspaces/rockytimes_ws/install/mission/share/mission/models/cylinder_short/materials/cylinder_texture.png
[0.052s] -- Up-to-date: /home/blazar/workspaces/rockytimes_ws/install/mission/share/mission/models/px4_models
[0.052s] -- Up-to-date: /home/blazar/workspaces/rockytimes_ws/install/mission/share/mission/models/px4_models/airframes
[0.052s] -- Up-to-date: /home/blazar/workspaces/rockytimes_ws/install/mission/share/mission/models/px4_models/airframes/CMakeLists.txt
[0.053s] -- Up-to-date: /home/blazar/workspaces/rockytimes_ws/install/mission/share/mission/models/px4_models/airframes/4022_gz_x500_depth_mono
[0.053s] -- Up-to-date: /home/blazar/workspaces/rockytimes_ws/install/mission/share/mission/models/px4_models/gz_models
[0.053s] -- Up-to-date: /home/blazar/workspaces/rockytimes_ws/install/mission/share/mission/models/px4_models/gz_models/x500_depth_mono
[0.053s] -- Up-to-date: /home/blazar/workspaces/rockytimes_ws/install/mission/share/mission/models/px4_models/gz_models/x500_depth_mono/model.config
[0.053s] -- Up-to-date: /home/blazar/workspaces/rockytimes_ws/install/mission/share/mission/models/px4_models/gz_models/x500_depth_mono/thumbnails
[0.053s] -- Up-to-date: /home/blazar/workspaces/rockytimes_ws/install/mission/share/mission/models/px4_models/gz_models/x500_depth_mono/thumbnails/5.png
[0.053s] -- Up-to-date: /home/blazar/workspaces/rockytimes_ws/install/mission/share/mission/models/px4_models/gz_models/x500_depth_mono/thumbnails/4.png
[0.053s] -- Up-to-date: /home/blazar/workspaces/rockytimes_ws/install/mission/share/mission/models/px4_models/gz_models/x500_depth_mono/thumbnails/2.png
[0.053s] -- Up-to-date: /home/blazar/workspaces/rockytimes_ws/install/mission/share/mission/models/px4_models/gz_models/x500_depth_mono/thumbnails/3.png
[0.053s] -- Up-to-date: /home/blazar/workspaces/rockytimes_ws/install/mission/share/mission/models/px4_models/gz_models/x500_depth_mono/thumbnails/1.png
[0.053s] -- Up-to-date: /home/blazar/workspaces/rockytimes_ws/install/mission/share/mission/models/px4_models/gz_models/x500_depth_mono/model.sdf
[0.054s] -- Up-to-date: /home/blazar/workspaces/rockytimes_ws/install/mission/share/mission/models/px4_models/gz_models/x500_depth_mono/LICENSE
[0.054s] -- Up-to-date: /home/blazar/workspaces/rockytimes_ws/install/mission/share/mission/models/OakD-Lite-Modify
[0.054s] -- Up-to-date: /home/blazar/workspaces/rockytimes_ws/install/mission/share/mission/models/OakD-Lite-Modify/model.config
[0.054s] -- Up-to-date: /home/blazar/workspaces/rockytimes_ws/install/mission/share/mission/models/OakD-Lite-Modify/thumbnails
[0.054s] -- Up-to-date: /home/blazar/workspaces/rockytimes_ws/install/mission/share/mission/models/OakD-Lite-Modify/thumbnails/5.png
[0.054s] -- Up-to-date: /home/blazar/workspaces/rockytimes_ws/install/mission/share/mission/models/OakD-Lite-Modify/thumbnails/4.png
[0.054s] -- Up-to-date: /home/blazar/workspaces/rockytimes_ws/install/mission/share/mission/models/OakD-Lite-Modify/thumbnails/2.png
[0.054s] -- Up-to-date: /home/blazar/workspaces/rockytimes_ws/install/mission/share/mission/models/OakD-Lite-Modify/thumbnails/3.png
[0.054s] -- Up-to-date: /home/blazar/workspaces/rockytimes_ws/install/mission/share/mission/models/OakD-Lite-Modify/thumbnails/1.png
[0.054s] -- Up-to-date: /home/blazar/workspaces/rockytimes_ws/install/mission/share/mission/models/OakD-Lite-Modify/model.sdf
[0.054s] -- Up-to-date: /home/blazar/workspaces/rockytimes_ws/install/mission/share/mission/models/OakD-Lite-Modify/LICENSE
[0.054s] -- Up-to-date: /home/blazar/workspaces/rockytimes_ws/install/mission/share/mission/models/OakD-Lite-Modify/meshes
[0.054s] -- Up-to-date: /home/blazar/workspaces/rockytimes_ws/install/mission/share/mission/models/OakD-Lite-Modify/meshes/OakDLite.dae
[0.054s] -- Up-to-date: /home/blazar/workspaces/rockytimes_ws/install/mission/share/mission/models/terrain
[0.054s] -- Up-to-date: /home/blazar/workspaces/rockytimes_ws/install/mission/share/mission/models/terrain/model.config
[0.054s] -- Up-to-date: /home/blazar/workspaces/rockytimes_ws/install/mission/share/mission/models/terrain/model.sdf
[0.054s] -- Up-to-date: /home/blazar/workspaces/rockytimes_ws/install/mission/share/mission/models/terrain/meshes
[0.054s] -- Up-to-date: /home/blazar/workspaces/rockytimes_ws/install/mission/share/mission/models/terrain/meshes/artburysol175.stl
[0.054s] -- Up-to-date: /home/blazar/workspaces/rockytimes_ws/install/mission/share/mission/models/cylinder
[0.054s] -- Up-to-date: /home/blazar/workspaces/rockytimes_ws/install/mission/share/mission/models/cylinder/model.config
[0.054s] -- Up-to-date: /home/blazar/workspaces/rockytimes_ws/install/mission/share/mission/models/cylinder/model.sdf
[0.054s] -- Up-to-date: /home/blazar/workspaces/rockytimes_ws/install/mission/share/mission/models/cylinder/materials
[0.054s] -- Up-to-date: /home/blazar/workspaces/rockytimes_ws/install/mission/share/mission/models/cylinder/materials/aruco_marker_0.png
[0.054s] -- Up-to-date: /home/blazar/workspaces/rockytimes_ws/install/mission/share/mission/models/cylinder/materials/cylinder_texture.png
[0.055s] -- Up-to-date: /home/blazar/workspaces/rockytimes_ws/install/mission/share/ament_index/resource_index/package_run_dependencies/mission
[0.055s] -- Up-to-date: /home/blazar/workspaces/rockytimes_ws/install/mission/share/ament_index/resource_index/parent_prefix_path/mission
[0.055s] -- Up-to-date: /home/blazar/workspaces/rockytimes_ws/install/mission/share/mission/environment/ament_prefix_path.sh
[0.055s] -- Up-to-date: /home/blazar/workspaces/rockytimes_ws/install/mission/share/mission/environment/ament_prefix_path.dsv
[0.055s] -- Up-to-date: /home/blazar/workspaces/rockytimes_ws/install/mission/share/mission/environment/path.sh
[0.055s] -- Up-to-date: /home/blazar/workspaces/rockytimes_ws/install/mission/share/mission/environment/path.dsv
[0.055s] -- Up-to-date: /home/blazar/workspaces/rockytimes_ws/install/mission/share/mission/local_setup.bash
[0.055s] -- Up-to-date: /home/blazar/workspaces/rockytimes_ws/install/mission/share/mission/local_setup.sh
[0.055s] -- Up-to-date: /home/blazar/workspaces/rockytimes_ws/install/mission/share/mission/local_setup.zsh
[0.055s] -- Up-to-date: /home/blazar/workspaces/rockytimes_ws/install/mission/share/mission/local_setup.dsv
[0.055s] -- Installing: /home/blazar/workspaces/rockytimes_ws/install/mission/share/mission/package.dsv
[0.055s] -- Up-to-date: /home/blazar/workspaces/rockytimes_ws/install/mission/share/ament_index/resource_index/packages/mission
[0.055s] -- Up-to-date: /home/blazar/workspaces/rockytimes_ws/install/mission/share/mission/cmake/missionConfig.cmake
[0.055s] -- Up-to-date: /home/blazar/workspaces/rockytimes_ws/install/mission/share/mission/cmake/missionConfig-version.cmake
[0.055s] -- Up-to-date: /home/blazar/workspaces/rockytimes_ws/install/mission/share/mission/package.xml
[0.056s] Invoked command in '/home/blazar/workspaces/rockytimes_ws/build/mission' returned '0': CMAKE_PREFIX_PATH=${CMAKE_PREFIX_PATH}:/home/blazar/workspaces/rockytimes_ws/install/terrain_mapping_drone_control:/opt/ros/jazzy DEBUGINFOD_URLS=https://debuginfod.ubuntu.com VIRTUAL_ENV_PROMPT=(gennie) /usr/bin/cmake --install /home/blazar/workspaces/rockytimes_ws/build/mission
