[0.010s] Invoking command in '/home/blazar/workspaces/rockytimes_ws/build/mission': CMAKE_PREFIX_PATH=${CMAKE_PREFIX_PATH}:/home/blazar/workspaces/rockytimes_ws/install/terrain_mapping_drone_control:/home/blazar/workspaces/ellie_ws/install/ellie:/home/blazar/robotics1/scara_ws/install/desco:/home/blazar/workspaces/arduinobot_ws/install/arduinobot_py_examples:/home/blazar/workspaces/cartip_ws/install/ralpoley:/home/blazar/workspaces/cartip_ws/install/cart_pole_optimal_control:/opt/ros/jazzy DEBUGINFOD_URLS=https://debuginfod.ubuntu.com VIRTUAL_ENV_PROMPT=(thingsbro) /usr/bin/cmake --build /home/blazar/workspaces/rockytimes_ws/build/mission -- -j16 -l16
[0.037s] -- Found ament_cmake: 2.5.3 (/opt/ros/jazzy/share/ament_cmake/cmake)
[0.211s] -- Found rclcpp: 28.1.6 (/opt/ros/jazzy/share/rclcpp/cmake)
[0.241s] -- Found rosidl_generator_c: 4.6.5 (/opt/ros/jazzy/share/rosidl_generator_c/cmake)
[0.249s] -- Found rosidl_generator_cpp: 4.6.5 (/opt/ros/jazzy/share/rosidl_generator_cpp/cmake)
[0.261s] -- Using all available rosidl_typesupport_c: rosidl_typesupport_fastrtps_c;rosidl_typesupport_introspection_c
[0.277s] -- Using all available rosidl_typesupport_cpp: rosidl_typesupport_fastrtps_cpp;rosidl_typesupport_introspection_cpp
[0.336s] -- Found rmw_implementation_cmake: 7.3.1 (/opt/ros/jazzy/share/rmw_implementation_cmake/cmake)
[0.338s] -- Found rmw_fastrtps_cpp: 8.4.1 (/opt/ros/jazzy/share/rmw_fastrtps_cpp/cmake)
[0.399s] -- Using RMW implementation 'rmw_fastrtps_cpp' as default
[0.535s] -- Configuring done (0.5s)
[0.540s] -- Generating done (0.0s)
[0.542s] -- Build files have been written to: /home/blazar/workspaces/rockytimes_ws/build/mission
[0.568s] Invoked command in '/home/blazar/workspaces/rockytimes_ws/build/mission' returned '0': CMAKE_PREFIX_PATH=${CMAKE_PREFIX_PATH}:/home/blazar/workspaces/rockytimes_ws/install/terrain_mapping_drone_control:/home/blazar/workspaces/ellie_ws/install/ellie:/home/blazar/robotics1/scara_ws/install/desco:/home/blazar/workspaces/arduinobot_ws/install/arduinobot_py_examples:/home/blazar/workspaces/cartip_ws/install/ralpoley:/home/blazar/workspaces/cartip_ws/install/cart_pole_optimal_control:/opt/ros/jazzy DEBUGINFOD_URLS=https://debuginfod.ubuntu.com VIRTUAL_ENV_PROMPT=(thingsbro) /usr/bin/cmake --build /home/blazar/workspaces/rockytimes_ws/build/mission -- -j16 -l16
[0.578s] Invoking command in '/home/blazar/workspaces/rockytimes_ws/build/mission': CMAKE_PREFIX_PATH=${CMAKE_PREFIX_PATH}:/home/blazar/workspaces/rockytimes_ws/install/terrain_mapping_drone_control:/home/blazar/workspaces/ellie_ws/install/ellie:/home/blazar/robotics1/scara_ws/install/desco:/home/blazar/workspaces/arduinobot_ws/install/arduinobot_py_examples:/home/blazar/workspaces/cartip_ws/install/ralpoley:/home/blazar/workspaces/cartip_ws/install/cart_pole_optimal_control:/opt/ros/jazzy DEBUGINFOD_URLS=https://debuginfod.ubuntu.com VIRTUAL_ENV_PROMPT=(thingsbro) /usr/bin/cmake --install /home/blazar/workspaces/rockytimes_ws/build/mission
[0.587s] -- Install configuration: ""
[0.587s] -- Up-to-date: /home/blazar/workspaces/rockytimes_ws/install/mission/lib/mission/mission.py
[0.587s] -- Up-to-date: /home/blazar/workspaces/rockytimes_ws/install/mission/lib/mission/aruco_tracker.py
[0.587s] -- Up-to-date: /home/blazar/workspaces/rockytimes_ws/install/mission/lib/mission/geometry_tracker.py
[0.587s] -- Up-to-date: /home/blazar/workspaces/rockytimes_ws/install/mission/lib/mission/feature_tracker.py
[0.587s] -- Up-to-date: /home/blazar/workspaces/rockytimes_ws/install/mission/lib/mission/pose_visualizer.py
[0.587s] -- Up-to-date: /home/blazar/workspaces/rockytimes_ws/install/mission/lib/mission/spiral_trajectory.py
[0.587s] -- Up-to-date: /home/blazar/workspaces/rockytimes_ws/install/mission/lib/mission/cylinder_landing_node.py
[0.587s] -- Up-to-date: /home/blazar/workspaces/rockytimes_ws/install/mission/lib/mission/estimate.py
[0.587s] -- Up-to-date: /home/blazar/workspaces/rockytimes_ws/install/mission/lib/mission/landing.py
[0.587s] -- Installing: /home/blazar/workspaces/rockytimes_ws/install/mission/lib/mission/zigzag.py
[0.588s] -- Up-to-date: /home/blazar/workspaces/rockytimes_ws/install/mission/share/mission/launch
[0.588s] -- Up-to-date: /home/blazar/workspaces/rockytimes_ws/install/mission/share/mission/launch/rtabmap.launch.py
[0.588s] -- Up-to-date: /home/blazar/workspaces/rockytimes_ws/install/mission/share/mission/launch/mission.launch.py
[0.588s] -- Up-to-date: /home/blazar/workspaces/rockytimes_ws/install/mission/share/mission/launch/terrain_mapping.launch.py
[0.588s] -- Up-to-date: /home/blazar/workspaces/rockytimes_ws/install/mission/share/mission/launch/__pycache__
[0.588s] -- Up-to-date: /home/blazar/workspaces/rockytimes_ws/install/mission/share/mission/launch/__pycache__/cylinder_landing.launch.cpython-312.pyc
[0.588s] -- Up-to-date: /home/blazar/workspaces/rockytimes_ws/install/mission/share/mission/launch/cylinder_landing.launch.py
[0.588s] -- Up-to-date: /home/blazar/workspaces/rockytimes_ws/install/mission/share/mission/config
[0.588s] -- Up-to-date: /home/blazar/workspaces/rockytimes_ws/install/mission/share/mission/config/Default.perspective
[0.588s] -- Up-to-date: /home/blazar/workspaces/rockytimes_ws/install/mission/share/mission/config/terrain_mapping_params.yaml
[0.588s] -- Up-to-date: /home/blazar/workspaces/rockytimes_ws/install/mission/share/mission/config/drone_viz.rviz
[0.588s] -- Up-to-date: /home/blazar/workspaces/rockytimes_ws/install/mission/share/mission/scripts
[0.588s] -- Up-to-date: /home/blazar/workspaces/rockytimes_ws/install/mission/share/mission/scripts/pose_visualizer.py
[0.588s] -- Up-to-date: /home/blazar/workspaces/rockytimes_ws/install/mission/share/mission/scripts/cylinder_landing_node.py
[0.588s] -- Up-to-date: /home/blazar/workspaces/rockytimes_ws/install/mission/share/mission/scripts/aruco_tracker.py
[0.588s] -- Up-to-date: /home/blazar/workspaces/rockytimes_ws/install/mission/share/mission/scripts/feature_tracker.py
[0.588s] -- Installing: /home/blazar/workspaces/rockytimes_ws/install/mission/share/mission/scripts/zigzag.py
[0.588s] -- Up-to-date: /home/blazar/workspaces/rockytimes_ws/install/mission/share/mission/scripts/estimate.py
[0.588s] -- Up-to-date: /home/blazar/workspaces/rockytimes_ws/install/mission/share/mission/scripts/mission.py
[0.589s] -- Up-to-date: /home/blazar/workspaces/rockytimes_ws/install/mission/share/mission/scripts/geometry_tracker.py
[0.589s] -- Up-to-date: /home/blazar/workspaces/rockytimes_ws/install/mission/share/mission/scripts/__init__.py
[0.589s] -- Up-to-date: /home/blazar/workspaces/rockytimes_ws/install/mission/share/mission/scripts/spiral_trajectory.py
[0.589s] -- Up-to-date: /home/blazar/workspaces/rockytimes_ws/install/mission/share/mission/scripts/landing.py
[0.589s] -- Up-to-date: /home/blazar/workspaces/rockytimes_ws/install/mission/share/mission/models
[0.589s] -- Up-to-date: /home/blazar/workspaces/rockytimes_ws/install/mission/share/mission/models/terrain
[0.589s] -- Up-to-date: /home/blazar/workspaces/rockytimes_ws/install/mission/share/mission/models/terrain/model.config
[0.589s] -- Up-to-date: /home/blazar/workspaces/rockytimes_ws/install/mission/share/mission/models/terrain/model.sdf
[0.589s] -- Up-to-date: /home/blazar/workspaces/rockytimes_ws/install/mission/share/mission/models/terrain/meshes
[0.589s] -- Up-to-date: /home/blazar/workspaces/rockytimes_ws/install/mission/share/mission/models/terrain/meshes/artburysol175.stl
[0.589s] -- Up-to-date: /home/blazar/workspaces/rockytimes_ws/install/mission/share/mission/models/px4_models
[0.589s] -- Up-to-date: /home/blazar/workspaces/rockytimes_ws/install/mission/share/mission/models/px4_models/airframes
[0.589s] -- Up-to-date: /home/blazar/workspaces/rockytimes_ws/install/mission/share/mission/models/px4_models/airframes/CMakeLists.txt
[0.589s] -- Up-to-date: /home/blazar/workspaces/rockytimes_ws/install/mission/share/mission/models/px4_models/airframes/4022_gz_x500_depth_mono
[0.589s] -- Up-to-date: /home/blazar/workspaces/rockytimes_ws/install/mission/share/mission/models/px4_models/gz_models
[0.590s] -- Up-to-date: /home/blazar/workspaces/rockytimes_ws/install/mission/share/mission/models/px4_models/gz_models/x500_depth_mono
[0.590s] -- Up-to-date: /home/blazar/workspaces/rockytimes_ws/install/mission/share/mission/models/px4_models/gz_models/x500_depth_mono/model.config
[0.590s] -- Up-to-date: /home/blazar/workspaces/rockytimes_ws/install/mission/share/mission/models/px4_models/gz_models/x500_depth_mono/model.sdf
[0.590s] -- Up-to-date: /home/blazar/workspaces/rockytimes_ws/install/mission/share/mission/models/px4_models/gz_models/x500_depth_mono/LICENSE
[0.590s] -- Up-to-date: /home/blazar/workspaces/rockytimes_ws/install/mission/share/mission/models/px4_models/gz_models/x500_depth_mono/thumbnails
[0.590s] -- Up-to-date: /home/blazar/workspaces/rockytimes_ws/install/mission/share/mission/models/px4_models/gz_models/x500_depth_mono/thumbnails/3.png
[0.590s] -- Up-to-date: /home/blazar/workspaces/rockytimes_ws/install/mission/share/mission/models/px4_models/gz_models/x500_depth_mono/thumbnails/5.png
[0.590s] -- Up-to-date: /home/blazar/workspaces/rockytimes_ws/install/mission/share/mission/models/px4_models/gz_models/x500_depth_mono/thumbnails/4.png
[0.590s] -- Up-to-date: /home/blazar/workspaces/rockytimes_ws/install/mission/share/mission/models/px4_models/gz_models/x500_depth_mono/thumbnails/2.png
[0.590s] -- Up-to-date: /home/blazar/workspaces/rockytimes_ws/install/mission/share/mission/models/px4_models/gz_models/x500_depth_mono/thumbnails/1.png
[0.590s] -- Up-to-date: /home/blazar/workspaces/rockytimes_ws/install/mission/share/mission/models/cylinder_short
[0.590s] -- Up-to-date: /home/blazar/workspaces/rockytimes_ws/install/mission/share/mission/models/cylinder_short/model.config
[0.590s] -- Up-to-date: /home/blazar/workspaces/rockytimes_ws/install/mission/share/mission/models/cylinder_short/model.sdf
[0.590s] -- Up-to-date: /home/blazar/workspaces/rockytimes_ws/install/mission/share/mission/models/cylinder_short/materials
[0.590s] -- Up-to-date: /home/blazar/workspaces/rockytimes_ws/install/mission/share/mission/models/cylinder_short/materials/aruco_marker_0.png
[0.590s] -- Up-to-date: /home/blazar/workspaces/rockytimes_ws/install/mission/share/mission/models/cylinder_short/materials/cylinder_texture.png
[0.590s] -- Up-to-date: /home/blazar/workspaces/rockytimes_ws/install/mission/share/mission/models/OakD-Lite-Modify
[0.590s] -- Up-to-date: /home/blazar/workspaces/rockytimes_ws/install/mission/share/mission/models/OakD-Lite-Modify/model.config
[0.590s] -- Up-to-date: /home/blazar/workspaces/rockytimes_ws/install/mission/share/mission/models/OakD-Lite-Modify/model.sdf
[0.590s] -- Up-to-date: /home/blazar/workspaces/rockytimes_ws/install/mission/share/mission/models/OakD-Lite-Modify/LICENSE
[0.590s] -- Up-to-date: /home/blazar/workspaces/rockytimes_ws/install/mission/share/mission/models/OakD-Lite-Modify/meshes
[0.590s] -- Up-to-date: /home/blazar/workspaces/rockytimes_ws/install/mission/share/mission/models/OakD-Lite-Modify/meshes/OakDLite.dae
[0.590s] -- Up-to-date: /home/blazar/workspaces/rockytimes_ws/install/mission/share/mission/models/OakD-Lite-Modify/thumbnails
[0.590s] -- Up-to-date: /home/blazar/workspaces/rockytimes_ws/install/mission/share/mission/models/OakD-Lite-Modify/thumbnails/3.png
[0.590s] -- Up-to-date: /home/blazar/workspaces/rockytimes_ws/install/mission/share/mission/models/OakD-Lite-Modify/thumbnails/5.png
[0.591s] -- Up-to-date: /home/blazar/workspaces/rockytimes_ws/install/mission/share/mission/models/OakD-Lite-Modify/thumbnails/4.png
[0.591s] -- Up-to-date: /home/blazar/workspaces/rockytimes_ws/install/mission/share/mission/models/OakD-Lite-Modify/thumbnails/2.png
[0.591s] -- Up-to-date: /home/blazar/workspaces/rockytimes_ws/install/mission/share/mission/models/OakD-Lite-Modify/thumbnails/1.png
[0.591s] -- Up-to-date: /home/blazar/workspaces/rockytimes_ws/install/mission/share/mission/models/cylinder
[0.591s] -- Up-to-date: /home/blazar/workspaces/rockytimes_ws/install/mission/share/mission/models/cylinder/model.config
[0.591s] -- Up-to-date: /home/blazar/workspaces/rockytimes_ws/install/mission/share/mission/models/cylinder/model.sdf
[0.591s] -- Up-to-date: /home/blazar/workspaces/rockytimes_ws/install/mission/share/mission/models/cylinder/materials
[0.591s] -- Up-to-date: /home/blazar/workspaces/rockytimes_ws/install/mission/share/mission/models/cylinder/materials/aruco_marker_0.png
[0.591s] -- Up-to-date: /home/blazar/workspaces/rockytimes_ws/install/mission/share/mission/models/cylinder/materials/cylinder_texture.png
[0.591s] -- Up-to-date: /home/blazar/workspaces/rockytimes_ws/install/mission/share/ament_index/resource_index/package_run_dependencies/mission
[0.591s] -- Up-to-date: /home/blazar/workspaces/rockytimes_ws/install/mission/share/ament_index/resource_index/parent_prefix_path/mission
[0.591s] -- Up-to-date: /home/blazar/workspaces/rockytimes_ws/install/mission/share/mission/environment/ament_prefix_path.sh
[0.591s] -- Up-to-date: /home/blazar/workspaces/rockytimes_ws/install/mission/share/mission/environment/ament_prefix_path.dsv
[0.591s] -- Up-to-date: /home/blazar/workspaces/rockytimes_ws/install/mission/share/mission/environment/path.sh
[0.591s] -- Up-to-date: /home/blazar/workspaces/rockytimes_ws/install/mission/share/mission/environment/path.dsv
[0.591s] -- Up-to-date: /home/blazar/workspaces/rockytimes_ws/install/mission/share/mission/local_setup.bash
[0.591s] -- Up-to-date: /home/blazar/workspaces/rockytimes_ws/install/mission/share/mission/local_setup.sh
[0.591s] -- Up-to-date: /home/blazar/workspaces/rockytimes_ws/install/mission/share/mission/local_setup.zsh
[0.591s] -- Up-to-date: /home/blazar/workspaces/rockytimes_ws/install/mission/share/mission/local_setup.dsv
[0.591s] -- Installing: /home/blazar/workspaces/rockytimes_ws/install/mission/share/mission/package.dsv
[0.591s] -- Up-to-date: /home/blazar/workspaces/rockytimes_ws/install/mission/share/ament_index/resource_index/packages/mission
[0.592s] -- Up-to-date: /home/blazar/workspaces/rockytimes_ws/install/mission/share/mission/cmake/missionConfig.cmake
[0.592s] -- Up-to-date: /home/blazar/workspaces/rockytimes_ws/install/mission/share/mission/cmake/missionConfig-version.cmake
[0.592s] -- Up-to-date: /home/blazar/workspaces/rockytimes_ws/install/mission/share/mission/package.xml
[0.592s] Invoked command in '/home/blazar/workspaces/rockytimes_ws/build/mission' returned '0': CMAKE_PREFIX_PATH=${CMAKE_PREFIX_PATH}:/home/blazar/workspaces/rockytimes_ws/install/terrain_mapping_drone_control:/home/blazar/workspaces/ellie_ws/install/ellie:/home/blazar/robotics1/scara_ws/install/desco:/home/blazar/workspaces/arduinobot_ws/install/arduinobot_py_examples:/home/blazar/workspaces/cartip_ws/install/ralpoley:/home/blazar/workspaces/cartip_ws/install/cart_pole_optimal_control:/opt/ros/jazzy DEBUGINFOD_URLS=https://debuginfod.ubuntu.com VIRTUAL_ENV_PROMPT=(thingsbro) /usr/bin/cmake --install /home/blazar/workspaces/rockytimes_ws/build/mission
