[0.535s] Invoking command in '/home/blazar/workspaces/cartip_ws/src/cart_pole_optimal_control': DEBUGINFOD_URLS=https://debuginfod.ubuntu.com PS1=(ros2_rl) \[\e]0;\u@\h: \w\a\]${debian_chroot:+($debian_chroot)}\[\033[01;32m\]\u@\h\[\033[00m\]:\[\033[01;34m\]\w\[\033[00m\]\$ PYTHONPATH=/home/blazar/workspaces/cartip_ws/build/cart_pole_optimal_control/prefix_override:/usr/lib/python3/dist-packages/colcon_core/task/python/colcon_distutils_commands:/home/blazar/workspaces/cartip_ws/install/cart_pole_optimal_control/lib/python3.12/site-packages:${PYTHONPATH} VIRTUAL_ENV_PROMPT=(ros2_rl) /usr/bin/python3 -W ignore:setup.py install is deprecated -W ignore:easy_install command is deprecated setup.py egg_info --egg-base ../../build/cart_pole_optimal_control build --build-base /home/blazar/workspaces/cartip_ws/build/cart_pole_optimal_control/build install --record /home/blazar/workspaces/cartip_ws/build/cart_pole_optimal_control/install.log --single-version-externally-managed install_data
[0.663s] running egg_info
[0.671s] writing ../../build/cart_pole_optimal_control/cart_pole_optimal_control.egg-info/PKG-INFO
[0.671s] writing dependency_links to ../../build/cart_pole_optimal_control/cart_pole_optimal_control.egg-info/dependency_links.txt
[0.671s] writing entry points to ../../build/cart_pole_optimal_control/cart_pole_optimal_control.egg-info/entry_points.txt
[0.671s] writing requirements to ../../build/cart_pole_optimal_control/cart_pole_optimal_control.egg-info/requires.txt
[0.672s] writing top-level names to ../../build/cart_pole_optimal_control/cart_pole_optimal_control.egg-info/top_level.txt
[0.688s] reading manifest file '../../build/cart_pole_optimal_control/cart_pole_optimal_control.egg-info/SOURCES.txt'
[0.689s] writing manifest file '../../build/cart_pole_optimal_control/cart_pole_optimal_control.egg-info/SOURCES.txt'
[0.689s] running build
[0.689s] running build_py
[0.689s] copying cart_pole_optimal_control/bryson_lqr_controller.py -> /home/blazar/workspaces/cartip_ws/build/cart_pole_optimal_control/build/lib/cart_pole_optimal_control
[0.689s] running install
[0.692s] running install_lib
[0.701s] copying /home/blazar/workspaces/cartip_ws/build/cart_pole_optimal_control/build/lib/cart_pole_optimal_control/bryson_lqr_controller.py -> /home/blazar/workspaces/cartip_ws/install/cart_pole_optimal_control/lib/python3.12/site-packages/cart_pole_optimal_control
[0.701s] byte-compiling /home/blazar/workspaces/cartip_ws/install/cart_pole_optimal_control/lib/python3.12/site-packages/cart_pole_optimal_control/bryson_lqr_controller.py to bryson_lqr_controller.cpython-312.pyc
[0.703s] running install_data
[0.703s] running install_egg_info
[0.711s] removing '/home/blazar/workspaces/cartip_ws/install/cart_pole_optimal_control/lib/python3.12/site-packages/cart_pole_optimal_control-0.0.1-py3.12.egg-info' (and everything under it)
[0.712s] Copying ../../build/cart_pole_optimal_control/cart_pole_optimal_control.egg-info to /home/blazar/workspaces/cartip_ws/install/cart_pole_optimal_control/lib/python3.12/site-packages/cart_pole_optimal_control-0.0.1-py3.12.egg-info
[0.712s] running install_scripts
[0.773s] Installing bryson_graph script to /home/blazar/workspaces/cartip_ws/install/cart_pole_optimal_control/lib/cart_pole_optimal_control
[0.773s] Installing bryson_lqr_controller script to /home/blazar/workspaces/cartip_ws/install/cart_pole_optimal_control/lib/cart_pole_optimal_control
[0.773s] Installing earthquake_force_generator script to /home/blazar/workspaces/cartip_ws/install/cart_pole_optimal_control/lib/cart_pole_optimal_control
[0.773s] Installing force_visualizer script to /home/blazar/workspaces/cartip_ws/install/cart_pole_optimal_control/lib/cart_pole_optimal_control
[0.773s] Installing lqr_controller script to /home/blazar/workspaces/cartip_ws/install/cart_pole_optimal_control/lib/cart_pole_optimal_control
[0.774s] Installing ros_control_env script to /home/blazar/workspaces/cartip_ws/install/cart_pole_optimal_control/lib/cart_pole_optimal_control
[0.774s] Installing state_republisher script to /home/blazar/workspaces/cartip_ws/install/cart_pole_optimal_control/lib/cart_pole_optimal_control
[0.774s] writing list of installed files to '/home/blazar/workspaces/cartip_ws/build/cart_pole_optimal_control/install.log'
[0.791s] Invoked command in '/home/blazar/workspaces/cartip_ws/src/cart_pole_optimal_control' returned '0': DEBUGINFOD_URLS=https://debuginfod.ubuntu.com PS1=(ros2_rl) \[\e]0;\u@\h: \w\a\]${debian_chroot:+($debian_chroot)}\[\033[01;32m\]\u@\h\[\033[00m\]:\[\033[01;34m\]\w\[\033[00m\]\$ PYTHONPATH=/home/blazar/workspaces/cartip_ws/build/cart_pole_optimal_control/prefix_override:/usr/lib/python3/dist-packages/colcon_core/task/python/colcon_distutils_commands:/home/blazar/workspaces/cartip_ws/install/cart_pole_optimal_control/lib/python3.12/site-packages:${PYTHONPATH} VIRTUAL_ENV_PROMPT=(ros2_rl) /usr/bin/python3 -W ignore:setup.py install is deprecated -W ignore:easy_install command is deprecated setup.py egg_info --egg-base ../../build/cart_pole_optimal_control build --build-base /home/blazar/workspaces/cartip_ws/build/cart_pole_optimal_control/build install --record /home/blazar/workspaces/cartip_ws/build/cart_pole_optimal_control/install.log --single-version-externally-managed install_data
