/home/blazar/workspaces/cartip_ws/install/cart_pole_optimal_control/lib/python3.12/site-packages/cart_pole_optimal_control/earthquake_force_generator.py
/home/blazar/workspaces/cartip_ws/install/cart_pole_optimal_control/lib/python3.12/site-packages/cart_pole_optimal_control/state_republisher.py
/home/blazar/workspaces/cartip_ws/install/cart_pole_optimal_control/lib/python3.12/site-packages/cart_pole_optimal_control/lqr_controller.py
/home/blazar/workspaces/cartip_ws/install/cart_pole_optimal_control/lib/python3.12/site-packages/cart_pole_optimal_control/force_visualizer.py
/home/blazar/workspaces/cartip_ws/install/cart_pole_optimal_control/lib/python3.12/site-packages/cart_pole_optimal_control/bryson_lqr_controller.py
/home/blazar/workspaces/cartip_ws/install/cart_pole_optimal_control/lib/python3.12/site-packages/cart_pole_optimal_control/bryson_multipliers.py
/home/blazar/workspaces/cartip_ws/install/cart_pole_optimal_control/lib/python3.12/site-packages/cart_pole_optimal_control/__init__.py
/home/blazar/workspaces/cartip_ws/install/cart_pole_optimal_control/lib/python3.12/site-packages/cart_pole_optimal_control/__pycache__/earthquake_force_generator.cpython-312.pyc
/home/blazar/workspaces/cartip_ws/install/cart_pole_optimal_control/lib/python3.12/site-packages/cart_pole_optimal_control/__pycache__/state_republisher.cpython-312.pyc
/home/blazar/workspaces/cartip_ws/install/cart_pole_optimal_control/lib/python3.12/site-packages/cart_pole_optimal_control/__pycache__/lqr_controller.cpython-312.pyc
/home/blazar/workspaces/cartip_ws/install/cart_pole_optimal_control/lib/python3.12/site-packages/cart_pole_optimal_control/__pycache__/force_visualizer.cpython-312.pyc
/home/blazar/workspaces/cartip_ws/install/cart_pole_optimal_control/lib/python3.12/site-packages/cart_pole_optimal_control/__pycache__/bryson_lqr_controller.cpython-312.pyc
/home/blazar/workspaces/cartip_ws/install/cart_pole_optimal_control/lib/python3.12/site-packages/cart_pole_optimal_control/__pycache__/bryson_multipliers.cpython-312.pyc
/home/blazar/workspaces/cartip_ws/install/cart_pole_optimal_control/lib/python3.12/site-packages/cart_pole_optimal_control/__pycache__/__init__.cpython-312.pyc
/home/blazar/workspaces/cartip_ws/install/cart_pole_optimal_control/share/ament_index/resource_index/packages/cart_pole_optimal_control
/home/blazar/workspaces/cartip_ws/install/cart_pole_optimal_control/share/cart_pole_optimal_control/package.xml
/home/blazar/workspaces/cartip_ws/install/cart_pole_optimal_control/share/cart_pole_optimal_control/launch/cart_pole.launch.py
/home/blazar/workspaces/cartip_ws/install/cart_pole_optimal_control/share/cart_pole_optimal_control/launch/cart_pole_rviz.launch.py
/home/blazar/workspaces/cartip_ws/install/cart_pole_optimal_control/share/cart_pole_optimal_control/launch/cart_pole_bryson_multipliers.launch.py
/home/blazar/workspaces/cartip_ws/install/cart_pole_optimal_control/share/cart_pole_optimal_control/launch/cart_pole_bryson.launch.py
/home/blazar/workspaces/cartip_ws/install/cart_pole_optimal_control/share/cart_pole_optimal_control/config/cart_pole.rviz
/home/blazar/workspaces/cartip_ws/install/cart_pole_optimal_control/share/cart_pole_optimal_control/config/hyper.yaml
/home/blazar/workspaces/cartip_ws/install/cart_pole_optimal_control/share/cart_pole_optimal_control/models/cart_pole/model.urdf
/home/blazar/workspaces/cartip_ws/install/cart_pole_optimal_control/share/cart_pole_optimal_control/models/cart_pole/meshes
/home/blazar/workspaces/cartip_ws/install/cart_pole_optimal_control/lib/python3.12/site-packages/cart_pole_optimal_control-0.0.1-py3.12.egg-info/requires.txt
/home/blazar/workspaces/cartip_ws/install/cart_pole_optimal_control/lib/python3.12/site-packages/cart_pole_optimal_control-0.0.1-py3.12.egg-info/dependency_links.txt
/home/blazar/workspaces/cartip_ws/install/cart_pole_optimal_control/lib/python3.12/site-packages/cart_pole_optimal_control-0.0.1-py3.12.egg-info/SOURCES.txt
/home/blazar/workspaces/cartip_ws/install/cart_pole_optimal_control/lib/python3.12/site-packages/cart_pole_optimal_control-0.0.1-py3.12.egg-info/entry_points.txt
/home/blazar/workspaces/cartip_ws/install/cart_pole_optimal_control/lib/python3.12/site-packages/cart_pole_optimal_control-0.0.1-py3.12.egg-info/PKG-INFO
/home/blazar/workspaces/cartip_ws/install/cart_pole_optimal_control/lib/python3.12/site-packages/cart_pole_optimal_control-0.0.1-py3.12.egg-info/zip-safe
/home/blazar/workspaces/cartip_ws/install/cart_pole_optimal_control/lib/python3.12/site-packages/cart_pole_optimal_control-0.0.1-py3.12.egg-info/top_level.txt
/home/blazar/workspaces/cartip_ws/install/cart_pole_optimal_control/lib/cart_pole_optimal_control/bryson_lqr_controller
/home/blazar/workspaces/cartip_ws/install/cart_pole_optimal_control/lib/cart_pole_optimal_control/bryson_multipliers
/home/blazar/workspaces/cartip_ws/install/cart_pole_optimal_control/lib/cart_pole_optimal_control/earthquake_force_generator
/home/blazar/workspaces/cartip_ws/install/cart_pole_optimal_control/lib/cart_pole_optimal_control/force_visualizer
/home/blazar/workspaces/cartip_ws/install/cart_pole_optimal_control/lib/cart_pole_optimal_control/lqr_controller
/home/blazar/workspaces/cartip_ws/install/cart_pole_optimal_control/lib/cart_pole_optimal_control/state_republisher
