[0.066s] DEBUG:colcon:Command line arguments: ['/usr/bin/colcon', 'build']
[0.066s] DEBUG:colcon:Parsed command line arguments: Namespace(log_base=None, log_level=None, verb_name='build', build_base='build', install_base='install', merge_install=False, symlink_install=False, test_result_base=None, continue_on_error=False, executor='parallel', parallel_workers=16, event_handlers=None, ignore_user_meta=False, metas=['./colcon.meta'], base_paths=['.'], packages_ignore=None, packages_ignore_regex=None, paths=None, packages_up_to=None, packages_up_to_regex=None, packages_above=None, packages_above_and_dependencies=None, packages_above_depth=None, packages_select_by_dep=None, packages_skip_by_dep=None, packages_skip_up_to=None, packages_select_build_failed=False, packages_skip_build_finished=False, packages_select_test_failures=False, packages_skip_test_passed=False, packages_select=None, packages_skip=None, packages_select_regex=None, packages_skip_regex=None, packages_start=None, packages_end=None, allow_overriding=[], cmake_args=None, cmake_target=None, cmake_target_skip_unavailable=False, cmake_clean_cache=False, cmake_clean_first=False, cmake_force_configure=False, ament_cmake_args=None, catkin_cmake_args=None, catkin_skip_building_tests=False, mixin_files=None, mixin=None, verb_parser=<colcon_mixin.mixin.mixin_argument.MixinArgumentDecorator object at 0x7a58cdc9e840>, verb_extension=<colcon_core.verb.build.BuildVerb object at 0x7a58cdc9e570>, main=<bound method BuildVerb.main of <colcon_core.verb.build.BuildVerb object at 0x7a58cdc9e570>>, mixin_verb=('build',))
[0.091s] Level 1:colcon.colcon_core.package_discovery:discover_packages(colcon_meta) check parameters
[0.091s] Level 1:colcon.colcon_core.package_discovery:discover_packages(recursive) check parameters
[0.091s] Level 1:colcon.colcon_core.package_discovery:discover_packages(ignore) check parameters
[0.091s] Level 1:colcon.colcon_core.package_discovery:discover_packages(path) check parameters
[0.091s] Level 1:colcon.colcon_core.package_discovery:discover_packages(colcon_meta) discover
[0.091s] Level 1:colcon.colcon_core.package_discovery:discover_packages(recursive) discover
[0.091s] INFO:colcon.colcon_core.package_discovery:Crawling recursively for packages in '/home/blazar/workspaces/rockytimes_ws'
[0.091s] Level 1:colcon.colcon_core.package_identification:_identify(.) by extensions ['ignore', 'ignore_ament_install']
[0.091s] Level 1:colcon.colcon_core.package_identification:_identify(.) by extension 'ignore'
[0.091s] Level 1:colcon.colcon_core.package_identification:_identify(.) by extension 'ignore_ament_install'
[0.091s] Level 1:colcon.colcon_core.package_identification:_identify(.) by extensions ['colcon_pkg']
[0.091s] Level 1:colcon.colcon_core.package_identification:_identify(.) by extension 'colcon_pkg'
[0.091s] Level 1:colcon.colcon_core.package_identification:_identify(.) by extensions ['colcon_meta']
[0.091s] Level 1:colcon.colcon_core.package_identification:_identify(.) by extension 'colcon_meta'
[0.091s] Level 1:colcon.colcon_core.package_identification:_identify(.) by extensions ['ros']
[0.091s] Level 1:colcon.colcon_core.package_identification:_identify(.) by extension 'ros'
[0.107s] Level 1:colcon.colcon_core.package_identification:_identify(.) by extensions ['cmake', 'python']
[0.107s] Level 1:colcon.colcon_core.package_identification:_identify(.) by extension 'cmake'
[0.107s] Level 1:colcon.colcon_core.package_identification:_identify(.) by extension 'python'
[0.107s] Level 1:colcon.colcon_core.package_identification:_identify(.) by extensions ['python_setup_py']
[0.107s] Level 1:colcon.colcon_core.package_identification:_identify(.) by extension 'python_setup_py'
[0.107s] Level 1:colcon.colcon_core.package_identification:_identify(build) by extensions ['ignore', 'ignore_ament_install']
[0.108s] Level 1:colcon.colcon_core.package_identification:_identify(build) by extension 'ignore'
[0.108s] Level 1:colcon.colcon_core.package_identification:_identify(build) ignored
[0.108s] Level 1:colcon.colcon_core.package_identification:_identify(install) by extensions ['ignore', 'ignore_ament_install']
[0.108s] Level 1:colcon.colcon_core.package_identification:_identify(install) by extension 'ignore'
[0.108s] Level 1:colcon.colcon_core.package_identification:_identify(install) ignored
[0.108s] Level 1:colcon.colcon_core.package_identification:_identify(log) by extensions ['ignore', 'ignore_ament_install']
[0.108s] Level 1:colcon.colcon_core.package_identification:_identify(log) by extension 'ignore'
[0.108s] Level 1:colcon.colcon_core.package_identification:_identify(log) ignored
[0.108s] Level 1:colcon.colcon_core.package_identification:_identify(src) by extensions ['ignore', 'ignore_ament_install']
[0.108s] Level 1:colcon.colcon_core.package_identification:_identify(src) by extension 'ignore'
[0.108s] Level 1:colcon.colcon_core.package_identification:_identify(src) by extension 'ignore_ament_install'
[0.108s] Level 1:colcon.colcon_core.package_identification:_identify(src) by extensions ['colcon_pkg']
[0.108s] Level 1:colcon.colcon_core.package_identification:_identify(src) by extension 'colcon_pkg'
[0.108s] Level 1:colcon.colcon_core.package_identification:_identify(src) by extensions ['colcon_meta']
[0.108s] Level 1:colcon.colcon_core.package_identification:_identify(src) by extension 'colcon_meta'
[0.108s] Level 1:colcon.colcon_core.package_identification:_identify(src) by extensions ['ros']
[0.108s] Level 1:colcon.colcon_core.package_identification:_identify(src) by extension 'ros'
[0.108s] Level 1:colcon.colcon_core.package_identification:_identify(src) by extensions ['cmake', 'python']
[0.108s] Level 1:colcon.colcon_core.package_identification:_identify(src) by extension 'cmake'
[0.108s] Level 1:colcon.colcon_core.package_identification:_identify(src) by extension 'python'
[0.108s] Level 1:colcon.colcon_core.package_identification:_identify(src) by extensions ['python_setup_py']
[0.108s] Level 1:colcon.colcon_core.package_identification:_identify(src) by extension 'python_setup_py'
[0.108s] Level 1:colcon.colcon_core.package_identification:_identify(src/mission) by extensions ['ignore', 'ignore_ament_install']
[0.108s] Level 1:colcon.colcon_core.package_identification:_identify(src/mission) by extension 'ignore'
[0.108s] Level 1:colcon.colcon_core.package_identification:_identify(src/mission) by extension 'ignore_ament_install'
[0.108s] Level 1:colcon.colcon_core.package_identification:_identify(src/mission) by extensions ['colcon_pkg']
[0.108s] Level 1:colcon.colcon_core.package_identification:_identify(src/mission) by extension 'colcon_pkg'
[0.108s] Level 1:colcon.colcon_core.package_identification:_identify(src/mission) by extensions ['colcon_meta']
[0.108s] Level 1:colcon.colcon_core.package_identification:_identify(src/mission) by extension 'colcon_meta'
[0.108s] Level 1:colcon.colcon_core.package_identification:_identify(src/mission) by extensions ['ros']
[0.108s] Level 1:colcon.colcon_core.package_identification:_identify(src/mission) by extension 'ros'
[0.110s] DEBUG:colcon.colcon_core.package_identification:Package 'src/mission' with type 'ros.ament_cmake' and name 'mission'
[0.110s] Level 1:colcon.colcon_core.package_identification:_identify(src/px4_msgs) by extensions ['ignore', 'ignore_ament_install']
[0.110s] Level 1:colcon.colcon_core.package_identification:_identify(src/px4_msgs) by extension 'ignore'
[0.110s] Level 1:colcon.colcon_core.package_identification:_identify(src/px4_msgs) by extension 'ignore_ament_install'
[0.110s] Level 1:colcon.colcon_core.package_identification:_identify(src/px4_msgs) by extensions ['colcon_pkg']
[0.110s] Level 1:colcon.colcon_core.package_identification:_identify(src/px4_msgs) by extension 'colcon_pkg'
[0.110s] Level 1:colcon.colcon_core.package_identification:_identify(src/px4_msgs) by extensions ['colcon_meta']
[0.110s] Level 1:colcon.colcon_core.package_identification:_identify(src/px4_msgs) by extension 'colcon_meta'
[0.110s] Level 1:colcon.colcon_core.package_identification:_identify(src/px4_msgs) by extensions ['ros']
[0.110s] Level 1:colcon.colcon_core.package_identification:_identify(src/px4_msgs) by extension 'ros'
[0.110s] DEBUG:colcon.colcon_core.package_identification:Package 'src/px4_msgs' with type 'ros.ament_cmake' and name 'px4_msgs'
[0.110s] Level 1:colcon.colcon_core.package_identification:_identify(src/terrain_mapping_drone_control) by extensions ['ignore', 'ignore_ament_install']
[0.110s] Level 1:colcon.colcon_core.package_identification:_identify(src/terrain_mapping_drone_control) by extension 'ignore'
[0.111s] Level 1:colcon.colcon_core.package_identification:_identify(src/terrain_mapping_drone_control) by extension 'ignore_ament_install'
[0.111s] Level 1:colcon.colcon_core.package_identification:_identify(src/terrain_mapping_drone_control) by extensions ['colcon_pkg']
[0.111s] Level 1:colcon.colcon_core.package_identification:_identify(src/terrain_mapping_drone_control) by extension 'colcon_pkg'
[0.111s] Level 1:colcon.colcon_core.package_identification:_identify(src/terrain_mapping_drone_control) by extensions ['colcon_meta']
[0.111s] Level 1:colcon.colcon_core.package_identification:_identify(src/terrain_mapping_drone_control) by extension 'colcon_meta'
[0.111s] Level 1:colcon.colcon_core.package_identification:_identify(src/terrain_mapping_drone_control) by extensions ['ros']
[0.111s] Level 1:colcon.colcon_core.package_identification:_identify(src/terrain_mapping_drone_control) by extension 'ros'
[0.112s] DEBUG:colcon.colcon_core.package_identification:Package 'src/terrain_mapping_drone_control' with type 'ros.ament_python' and name 'terrain_mapping_drone_control'
[0.112s] Level 1:colcon.colcon_core.package_discovery:discover_packages(recursive) using defaults
[0.112s] Level 1:colcon.colcon_core.package_discovery:discover_packages(ignore) discover
[0.112s] Level 1:colcon.colcon_core.package_discovery:discover_packages(ignore) using defaults
[0.112s] Level 1:colcon.colcon_core.package_discovery:discover_packages(path) discover
[0.112s] Level 1:colcon.colcon_core.package_discovery:discover_packages(path) using defaults
[0.122s] Level 1:colcon.colcon_core.package_discovery:discover_packages(prefix_path) check parameters
[0.123s] Level 1:colcon.colcon_core.package_discovery:discover_packages(prefix_path) discover
[0.124s] DEBUG:colcon.colcon_installed_package_information.package_discovery:Found 1 installed packages in /home/blazar/robotics1/scara_ws/install
[0.124s] DEBUG:colcon.colcon_installed_package_information.package_discovery:Found 7 installed packages in /home/blazar/workspaces/arduinobot_ws/install
[0.124s] DEBUG:colcon.colcon_installed_package_information.package_discovery:Found 2 installed packages in /home/blazar/workspaces/cartip_ws/install
[0.125s] DEBUG:colcon.colcon_installed_package_information.package_discovery:Found 2 installed packages in /home/blazar/workspaces/dobbie_ws/install
[0.125s] DEBUG:colcon.colcon_installed_package_information.package_discovery:Found 3 installed packages in /home/blazar/workspaces/rockytimes_ws/install
[0.125s] DEBUG:colcon.colcon_installed_package_information.package_discovery:Found 2 installed packages in /home/blazar/workspaces/ellie_ws/install
[0.127s] DEBUG:colcon.colcon_installed_package_information.package_discovery:Found 422 installed packages in /opt/ros/jazzy
[0.128s] Level 1:colcon.colcon_core.package_discovery:discover_packages(prefix_path) using defaults
[0.161s] Level 5:colcon.colcon_core.verb:set package 'mission' build argument 'cmake_args' from command line to 'None'
[0.161s] Level 5:colcon.colcon_core.verb:set package 'mission' build argument 'cmake_target' from command line to 'None'
[0.161s] Level 5:colcon.colcon_core.verb:set package 'mission' build argument 'cmake_target_skip_unavailable' from command line to 'False'
[0.161s] Level 5:colcon.colcon_core.verb:set package 'mission' build argument 'cmake_clean_cache' from command line to 'False'
[0.161s] Level 5:colcon.colcon_core.verb:set package 'mission' build argument 'cmake_clean_first' from command line to 'False'
[0.161s] Level 5:colcon.colcon_core.verb:set package 'mission' build argument 'cmake_force_configure' from command line to 'False'
[0.161s] Level 5:colcon.colcon_core.verb:set package 'mission' build argument 'ament_cmake_args' from command line to 'None'
[0.161s] Level 5:colcon.colcon_core.verb:set package 'mission' build argument 'catkin_cmake_args' from command line to 'None'
[0.161s] Level 5:colcon.colcon_core.verb:set package 'mission' build argument 'catkin_skip_building_tests' from command line to 'False'
[0.161s] DEBUG:colcon.colcon_core.verb:Building package 'mission' with the following arguments: {'ament_cmake_args': None, 'build_base': '/home/blazar/workspaces/rockytimes_ws/build/mission', 'catkin_cmake_args': None, 'catkin_skip_building_tests': False, 'cmake_args': None, 'cmake_clean_cache': False, 'cmake_clean_first': False, 'cmake_force_configure': False, 'cmake_target': None, 'cmake_target_skip_unavailable': False, 'install_base': '/home/blazar/workspaces/rockytimes_ws/install/mission', 'merge_install': False, 'path': '/home/blazar/workspaces/rockytimes_ws/src/mission', 'symlink_install': False, 'test_result_base': None}
[0.161s] Level 5:colcon.colcon_core.verb:set package 'px4_msgs' build argument 'cmake_args' from command line to 'None'
[0.161s] Level 5:colcon.colcon_core.verb:set package 'px4_msgs' build argument 'cmake_target' from command line to 'None'
[0.161s] Level 5:colcon.colcon_core.verb:set package 'px4_msgs' build argument 'cmake_target_skip_unavailable' from command line to 'False'
[0.161s] Level 5:colcon.colcon_core.verb:set package 'px4_msgs' build argument 'cmake_clean_cache' from command line to 'False'
[0.161s] Level 5:colcon.colcon_core.verb:set package 'px4_msgs' build argument 'cmake_clean_first' from command line to 'False'
[0.161s] Level 5:colcon.colcon_core.verb:set package 'px4_msgs' build argument 'cmake_force_configure' from command line to 'False'
[0.161s] Level 5:colcon.colcon_core.verb:set package 'px4_msgs' build argument 'ament_cmake_args' from command line to 'None'
[0.161s] Level 5:colcon.colcon_core.verb:set package 'px4_msgs' build argument 'catkin_cmake_args' from command line to 'None'
[0.161s] Level 5:colcon.colcon_core.verb:set package 'px4_msgs' build argument 'catkin_skip_building_tests' from command line to 'False'
[0.161s] DEBUG:colcon.colcon_core.verb:Building package 'px4_msgs' with the following arguments: {'ament_cmake_args': None, 'build_base': '/home/blazar/workspaces/rockytimes_ws/build/px4_msgs', 'catkin_cmake_args': None, 'catkin_skip_building_tests': False, 'cmake_args': None, 'cmake_clean_cache': False, 'cmake_clean_first': False, 'cmake_force_configure': False, 'cmake_target': None, 'cmake_target_skip_unavailable': False, 'install_base': '/home/blazar/workspaces/rockytimes_ws/install/px4_msgs', 'merge_install': False, 'path': '/home/blazar/workspaces/rockytimes_ws/src/px4_msgs', 'symlink_install': False, 'test_result_base': None}
[0.161s] Level 5:colcon.colcon_core.verb:set package 'terrain_mapping_drone_control' build argument 'cmake_args' from command line to 'None'
[0.161s] Level 5:colcon.colcon_core.verb:set package 'terrain_mapping_drone_control' build argument 'cmake_target' from command line to 'None'
[0.161s] Level 5:colcon.colcon_core.verb:set package 'terrain_mapping_drone_control' build argument 'cmake_target_skip_unavailable' from command line to 'False'
[0.161s] Level 5:colcon.colcon_core.verb:set package 'terrain_mapping_drone_control' build argument 'cmake_clean_cache' from command line to 'False'
[0.161s] Level 5:colcon.colcon_core.verb:set package 'terrain_mapping_drone_control' build argument 'cmake_clean_first' from command line to 'False'
[0.161s] Level 5:colcon.colcon_core.verb:set package 'terrain_mapping_drone_control' build argument 'cmake_force_configure' from command line to 'False'
[0.161s] Level 5:colcon.colcon_core.verb:set package 'terrain_mapping_drone_control' build argument 'ament_cmake_args' from command line to 'None'
[0.161s] Level 5:colcon.colcon_core.verb:set package 'terrain_mapping_drone_control' build argument 'catkin_cmake_args' from command line to 'None'
[0.161s] Level 5:colcon.colcon_core.verb:set package 'terrain_mapping_drone_control' build argument 'catkin_skip_building_tests' from command line to 'False'
[0.162s] DEBUG:colcon.colcon_core.verb:Building package 'terrain_mapping_drone_control' with the following arguments: {'ament_cmake_args': None, 'build_base': '/home/blazar/workspaces/rockytimes_ws/build/terrain_mapping_drone_control', 'catkin_cmake_args': None, 'catkin_skip_building_tests': False, 'cmake_args': None, 'cmake_clean_cache': False, 'cmake_clean_first': False, 'cmake_force_configure': False, 'cmake_target': None, 'cmake_target_skip_unavailable': False, 'install_base': '/home/blazar/workspaces/rockytimes_ws/install/terrain_mapping_drone_control', 'merge_install': False, 'path': '/home/blazar/workspaces/rockytimes_ws/src/terrain_mapping_drone_control', 'symlink_install': False, 'test_result_base': None}
[0.162s] INFO:colcon.colcon_core.executor:Executing jobs using 'parallel' executor
[0.162s] DEBUG:colcon.colcon_parallel_executor.executor.parallel:run_until_complete
[0.162s] INFO:colcon.colcon_ros.task.ament_cmake.build:Building ROS package in '/home/blazar/workspaces/rockytimes_ws/src/px4_msgs' with build type 'ament_cmake'
[0.162s] INFO:colcon.colcon_cmake.task.cmake.build:Building CMake package in '/home/blazar/workspaces/rockytimes_ws/src/px4_msgs'
[0.163s] INFO:colcon.colcon_core.plugin_system:Skipping extension 'colcon_core.shell.bat': Not used on non-Windows systems
[0.163s] INFO:colcon.colcon_core.shell:Skip shell extension 'powershell' for command environment: Not usable outside of PowerShell
[0.163s] DEBUG:colcon.colcon_core.shell:Skip shell extension 'dsv' for command environment
[0.167s] INFO:colcon.colcon_ros.task.ament_cmake.build:Building ROS package in '/home/blazar/workspaces/rockytimes_ws/src/mission' with build type 'ament_cmake'
[0.167s] INFO:colcon.colcon_cmake.task.cmake.build:Building CMake package in '/home/blazar/workspaces/rockytimes_ws/src/mission'
[0.167s] INFO:colcon.colcon_core.shell:Skip shell extension 'powershell' for command environment: Not usable outside of PowerShell
[0.167s] DEBUG:colcon.colcon_core.shell:Skip shell extension 'dsv' for command environment
[0.174s] DEBUG:colcon.colcon_core.event_handler.log_command:Invoking command in '/home/blazar/workspaces/rockytimes_ws/build/px4_msgs': CMAKE_PREFIX_PATH=${CMAKE_PREFIX_PATH}:/home/blazar/workspaces/rockytimes_ws/install/terrain_mapping_drone_control:/home/blazar/workspaces/ellie_ws/install/ellie:/home/blazar/robotics1/scara_ws/install/desco:/home/blazar/workspaces/arduinobot_ws/install/arduinobot_py_examples:/home/blazar/workspaces/cartip_ws/install/ralpoley:/home/blazar/workspaces/cartip_ws/install/cart_pole_optimal_control:/opt/ros/jazzy DEBUGINFOD_URLS=https://debuginfod.ubuntu.com VIRTUAL_ENV_PROMPT=(thingsbro) /usr/bin/cmake --build /home/blazar/workspaces/rockytimes_ws/build/px4_msgs -- -j16 -l16
[0.177s] DEBUG:colcon.colcon_core.event_handler.log_command:Invoking command in '/home/blazar/workspaces/rockytimes_ws/build/mission': CMAKE_PREFIX_PATH=${CMAKE_PREFIX_PATH}:/home/blazar/workspaces/rockytimes_ws/install/terrain_mapping_drone_control:/home/blazar/workspaces/ellie_ws/install/ellie:/home/blazar/robotics1/scara_ws/install/desco:/home/blazar/workspaces/arduinobot_ws/install/arduinobot_py_examples:/home/blazar/workspaces/cartip_ws/install/ralpoley:/home/blazar/workspaces/cartip_ws/install/cart_pole_optimal_control:/opt/ros/jazzy DEBUGINFOD_URLS=https://debuginfod.ubuntu.com VIRTUAL_ENV_PROMPT=(thingsbro) /usr/bin/cmake --build /home/blazar/workspaces/rockytimes_ws/build/mission -- -j16 -l16
[0.211s] DEBUG:colcon.colcon_core.event_handler.log_command:Invoked command in '/home/blazar/workspaces/rockytimes_ws/build/mission' returned '0': CMAKE_PREFIX_PATH=${CMAKE_PREFIX_PATH}:/home/blazar/workspaces/rockytimes_ws/install/terrain_mapping_drone_control:/home/blazar/workspaces/ellie_ws/install/ellie:/home/blazar/robotics1/scara_ws/install/desco:/home/blazar/workspaces/arduinobot_ws/install/arduinobot_py_examples:/home/blazar/workspaces/cartip_ws/install/ralpoley:/home/blazar/workspaces/cartip_ws/install/cart_pole_optimal_control:/opt/ros/jazzy DEBUGINFOD_URLS=https://debuginfod.ubuntu.com VIRTUAL_ENV_PROMPT=(thingsbro) /usr/bin/cmake --build /home/blazar/workspaces/rockytimes_ws/build/mission -- -j16 -l16
[0.219s] DEBUG:colcon.colcon_core.event_handler.log_command:Invoking command in '/home/blazar/workspaces/rockytimes_ws/build/mission': CMAKE_PREFIX_PATH=${CMAKE_PREFIX_PATH}:/home/blazar/workspaces/rockytimes_ws/install/terrain_mapping_drone_control:/home/blazar/workspaces/ellie_ws/install/ellie:/home/blazar/robotics1/scara_ws/install/desco:/home/blazar/workspaces/arduinobot_ws/install/arduinobot_py_examples:/home/blazar/workspaces/cartip_ws/install/ralpoley:/home/blazar/workspaces/cartip_ws/install/cart_pole_optimal_control:/opt/ros/jazzy DEBUGINFOD_URLS=https://debuginfod.ubuntu.com VIRTUAL_ENV_PROMPT=(thingsbro) /usr/bin/cmake --install /home/blazar/workspaces/rockytimes_ws/build/mission
[0.230s] Level 1:colcon.colcon_core.environment:create_environment_scripts_only(mission)
[0.230s] DEBUG:colcon.colcon_core.event_handler.log_command:Invoked command in '/home/blazar/workspaces/rockytimes_ws/build/mission' returned '0': CMAKE_PREFIX_PATH=${CMAKE_PREFIX_PATH}:/home/blazar/workspaces/rockytimes_ws/install/terrain_mapping_drone_control:/home/blazar/workspaces/ellie_ws/install/ellie:/home/blazar/robotics1/scara_ws/install/desco:/home/blazar/workspaces/arduinobot_ws/install/arduinobot_py_examples:/home/blazar/workspaces/cartip_ws/install/ralpoley:/home/blazar/workspaces/cartip_ws/install/cart_pole_optimal_control:/opt/ros/jazzy DEBUGINFOD_URLS=https://debuginfod.ubuntu.com VIRTUAL_ENV_PROMPT=(thingsbro) /usr/bin/cmake --install /home/blazar/workspaces/rockytimes_ws/build/mission
[0.231s] Level 1:colcon.colcon_core.environment:checking '/home/blazar/workspaces/rockytimes_ws/install/mission' for CMake module files
[0.232s] Level 1:colcon.colcon_core.environment:checking '/home/blazar/workspaces/rockytimes_ws/install/mission' for CMake config files
[0.232s] Level 1:colcon.colcon_core.shell:create_environment_hook('mission', 'cmake_prefix_path')
[0.232s] INFO:colcon.colcon_core.shell:Creating environment hook '/home/blazar/workspaces/rockytimes_ws/install/mission/share/mission/hook/cmake_prefix_path.ps1'
[0.233s] INFO:colcon.colcon_core.shell:Creating environment descriptor '/home/blazar/workspaces/rockytimes_ws/install/mission/share/mission/hook/cmake_prefix_path.dsv'
[0.233s] INFO:colcon.colcon_core.shell:Creating environment hook '/home/blazar/workspaces/rockytimes_ws/install/mission/share/mission/hook/cmake_prefix_path.sh'
[0.233s] Level 1:colcon.colcon_core.environment:checking '/home/blazar/workspaces/rockytimes_ws/install/mission/lib'
[0.233s] Level 1:colcon.colcon_core.environment:checking '/home/blazar/workspaces/rockytimes_ws/install/mission/bin'
[0.233s] Level 1:colcon.colcon_core.environment:checking '/home/blazar/workspaces/rockytimes_ws/install/mission/lib/pkgconfig/mission.pc'
[0.234s] Level 1:colcon.colcon_core.environment:checking '/home/blazar/workspaces/rockytimes_ws/install/mission/lib/python3.12/site-packages'
[0.234s] Level 1:colcon.colcon_core.environment:checking '/home/blazar/workspaces/rockytimes_ws/install/mission/bin'
[0.234s] INFO:colcon.colcon_core.shell:Creating package script '/home/blazar/workspaces/rockytimes_ws/install/mission/share/mission/package.ps1'
[0.234s] INFO:colcon.colcon_core.shell:Creating package descriptor '/home/blazar/workspaces/rockytimes_ws/install/mission/share/mission/package.dsv'
[0.234s] INFO:colcon.colcon_core.shell:Creating package script '/home/blazar/workspaces/rockytimes_ws/install/mission/share/mission/package.sh'
[0.235s] INFO:colcon.colcon_core.shell:Creating package script '/home/blazar/workspaces/rockytimes_ws/install/mission/share/mission/package.bash'
[0.235s] INFO:colcon.colcon_core.shell:Creating package script '/home/blazar/workspaces/rockytimes_ws/install/mission/share/mission/package.zsh'
[0.235s] Level 1:colcon.colcon_core.environment:create_file_with_runtime_dependencies(/home/blazar/workspaces/rockytimes_ws/install/mission/share/colcon-core/packages/mission)
[0.236s] Level 1:colcon.colcon_core.environment:create_environment_scripts_only(mission)
[0.236s] Level 1:colcon.colcon_core.environment:checking '/home/blazar/workspaces/rockytimes_ws/install/mission' for CMake module files
[0.236s] Level 1:colcon.colcon_core.environment:checking '/home/blazar/workspaces/rockytimes_ws/install/mission' for CMake config files
[0.236s] Level 1:colcon.colcon_core.shell:create_environment_hook('mission', 'cmake_prefix_path')
[0.236s] INFO:colcon.colcon_core.shell:Creating environment hook '/home/blazar/workspaces/rockytimes_ws/install/mission/share/mission/hook/cmake_prefix_path.ps1'
[0.237s] INFO:colcon.colcon_core.shell:Creating environment descriptor '/home/blazar/workspaces/rockytimes_ws/install/mission/share/mission/hook/cmake_prefix_path.dsv'
[0.237s] INFO:colcon.colcon_core.shell:Creating environment hook '/home/blazar/workspaces/rockytimes_ws/install/mission/share/mission/hook/cmake_prefix_path.sh'
[0.237s] Level 1:colcon.colcon_core.environment:checking '/home/blazar/workspaces/rockytimes_ws/install/mission/lib'
[0.237s] Level 1:colcon.colcon_core.environment:checking '/home/blazar/workspaces/rockytimes_ws/install/mission/bin'
[0.237s] Level 1:colcon.colcon_core.environment:checking '/home/blazar/workspaces/rockytimes_ws/install/mission/lib/pkgconfig/mission.pc'
[0.237s] Level 1:colcon.colcon_core.environment:checking '/home/blazar/workspaces/rockytimes_ws/install/mission/lib/python3.12/site-packages'
[0.237s] Level 1:colcon.colcon_core.environment:checking '/home/blazar/workspaces/rockytimes_ws/install/mission/bin'
[0.238s] INFO:colcon.colcon_core.shell:Creating package script '/home/blazar/workspaces/rockytimes_ws/install/mission/share/mission/package.ps1'
[0.238s] INFO:colcon.colcon_core.shell:Creating package descriptor '/home/blazar/workspaces/rockytimes_ws/install/mission/share/mission/package.dsv'
[0.238s] INFO:colcon.colcon_core.shell:Creating package script '/home/blazar/workspaces/rockytimes_ws/install/mission/share/mission/package.sh'
[0.238s] INFO:colcon.colcon_core.shell:Creating package script '/home/blazar/workspaces/rockytimes_ws/install/mission/share/mission/package.bash'
[0.239s] INFO:colcon.colcon_core.shell:Creating package script '/home/blazar/workspaces/rockytimes_ws/install/mission/share/mission/package.zsh'
[0.239s] Level 1:colcon.colcon_core.environment:create_file_with_runtime_dependencies(/home/blazar/workspaces/rockytimes_ws/install/mission/share/colcon-core/packages/mission)
[1.083s] DEBUG:colcon.colcon_core.event_handler.log_command:Invoked command in '/home/blazar/workspaces/rockytimes_ws/build/px4_msgs' returned '0': CMAKE_PREFIX_PATH=${CMAKE_PREFIX_PATH}:/home/blazar/workspaces/rockytimes_ws/install/terrain_mapping_drone_control:/home/blazar/workspaces/ellie_ws/install/ellie:/home/blazar/robotics1/scara_ws/install/desco:/home/blazar/workspaces/arduinobot_ws/install/arduinobot_py_examples:/home/blazar/workspaces/cartip_ws/install/ralpoley:/home/blazar/workspaces/cartip_ws/install/cart_pole_optimal_control:/opt/ros/jazzy DEBUGINFOD_URLS=https://debuginfod.ubuntu.com VIRTUAL_ENV_PROMPT=(thingsbro) /usr/bin/cmake --build /home/blazar/workspaces/rockytimes_ws/build/px4_msgs -- -j16 -l16
[1.084s] DEBUG:colcon.colcon_core.event_handler.log_command:Invoking command in '/home/blazar/workspaces/rockytimes_ws/build/px4_msgs': CMAKE_PREFIX_PATH=${CMAKE_PREFIX_PATH}:/home/blazar/workspaces/rockytimes_ws/install/terrain_mapping_drone_control:/home/blazar/workspaces/ellie_ws/install/ellie:/home/blazar/robotics1/scara_ws/install/desco:/home/blazar/workspaces/arduinobot_ws/install/arduinobot_py_examples:/home/blazar/workspaces/cartip_ws/install/ralpoley:/home/blazar/workspaces/cartip_ws/install/cart_pole_optimal_control:/opt/ros/jazzy DEBUGINFOD_URLS=https://debuginfod.ubuntu.com VIRTUAL_ENV_PROMPT=(thingsbro) /usr/bin/cmake --install /home/blazar/workspaces/rockytimes_ws/build/px4_msgs
[1.421s] Level 1:colcon.colcon_core.environment:create_environment_scripts_only(px4_msgs)
[1.421s] Level 1:colcon.colcon_core.environment:checking '/home/blazar/workspaces/rockytimes_ws/install/px4_msgs' for CMake module files
[1.421s] DEBUG:colcon.colcon_core.event_handler.log_command:Invoked command in '/home/blazar/workspaces/rockytimes_ws/build/px4_msgs' returned '0': CMAKE_PREFIX_PATH=${CMAKE_PREFIX_PATH}:/home/blazar/workspaces/rockytimes_ws/install/terrain_mapping_drone_control:/home/blazar/workspaces/ellie_ws/install/ellie:/home/blazar/robotics1/scara_ws/install/desco:/home/blazar/workspaces/arduinobot_ws/install/arduinobot_py_examples:/home/blazar/workspaces/cartip_ws/install/ralpoley:/home/blazar/workspaces/cartip_ws/install/cart_pole_optimal_control:/opt/ros/jazzy DEBUGINFOD_URLS=https://debuginfod.ubuntu.com VIRTUAL_ENV_PROMPT=(thingsbro) /usr/bin/cmake --install /home/blazar/workspaces/rockytimes_ws/build/px4_msgs
[1.422s] Level 1:colcon.colcon_core.environment:checking '/home/blazar/workspaces/rockytimes_ws/install/px4_msgs' for CMake config files
[1.422s] Level 1:colcon.colcon_core.shell:create_environment_hook('px4_msgs', 'cmake_prefix_path')
[1.422s] INFO:colcon.colcon_core.shell:Creating environment hook '/home/blazar/workspaces/rockytimes_ws/install/px4_msgs/share/px4_msgs/hook/cmake_prefix_path.ps1'
[1.422s] INFO:colcon.colcon_core.shell:Creating environment descriptor '/home/blazar/workspaces/rockytimes_ws/install/px4_msgs/share/px4_msgs/hook/cmake_prefix_path.dsv'
[1.422s] INFO:colcon.colcon_core.shell:Creating environment hook '/home/blazar/workspaces/rockytimes_ws/install/px4_msgs/share/px4_msgs/hook/cmake_prefix_path.sh'
[1.423s] Level 1:colcon.colcon_core.environment:checking '/home/blazar/workspaces/rockytimes_ws/install/px4_msgs/lib'
[1.423s] Level 1:colcon.colcon_core.shell:create_environment_hook('px4_msgs', 'ld_library_path_lib')
[1.423s] INFO:colcon.colcon_core.shell:Creating environment hook '/home/blazar/workspaces/rockytimes_ws/install/px4_msgs/share/px4_msgs/hook/ld_library_path_lib.ps1'
[1.423s] INFO:colcon.colcon_core.shell:Creating environment descriptor '/home/blazar/workspaces/rockytimes_ws/install/px4_msgs/share/px4_msgs/hook/ld_library_path_lib.dsv'
[1.423s] INFO:colcon.colcon_core.shell:Creating environment hook '/home/blazar/workspaces/rockytimes_ws/install/px4_msgs/share/px4_msgs/hook/ld_library_path_lib.sh'
[1.423s] Level 1:colcon.colcon_core.environment:checking '/home/blazar/workspaces/rockytimes_ws/install/px4_msgs/bin'
[1.423s] Level 1:colcon.colcon_core.environment:checking '/home/blazar/workspaces/rockytimes_ws/install/px4_msgs/lib/pkgconfig/px4_msgs.pc'
[1.423s] Level 1:colcon.colcon_core.environment:checking '/home/blazar/workspaces/rockytimes_ws/install/px4_msgs/lib/python3.12/site-packages'
[1.424s] Level 1:colcon.colcon_core.shell:create_environment_hook('px4_msgs', 'pythonpath')
[1.424s] INFO:colcon.colcon_core.shell:Creating environment hook '/home/blazar/workspaces/rockytimes_ws/install/px4_msgs/share/px4_msgs/hook/pythonpath.ps1'
[1.424s] INFO:colcon.colcon_core.shell:Creating environment descriptor '/home/blazar/workspaces/rockytimes_ws/install/px4_msgs/share/px4_msgs/hook/pythonpath.dsv'
[1.424s] INFO:colcon.colcon_core.shell:Creating environment hook '/home/blazar/workspaces/rockytimes_ws/install/px4_msgs/share/px4_msgs/hook/pythonpath.sh'
[1.424s] Level 1:colcon.colcon_core.environment:checking '/home/blazar/workspaces/rockytimes_ws/install/px4_msgs/bin'
[1.424s] INFO:colcon.colcon_core.shell:Creating package script '/home/blazar/workspaces/rockytimes_ws/install/px4_msgs/share/px4_msgs/package.ps1'
[1.425s] INFO:colcon.colcon_core.shell:Creating package descriptor '/home/blazar/workspaces/rockytimes_ws/install/px4_msgs/share/px4_msgs/package.dsv'
[1.425s] INFO:colcon.colcon_core.shell:Creating package script '/home/blazar/workspaces/rockytimes_ws/install/px4_msgs/share/px4_msgs/package.sh'
[1.425s] INFO:colcon.colcon_core.shell:Creating package script '/home/blazar/workspaces/rockytimes_ws/install/px4_msgs/share/px4_msgs/package.bash'
[1.425s] INFO:colcon.colcon_core.shell:Creating package script '/home/blazar/workspaces/rockytimes_ws/install/px4_msgs/share/px4_msgs/package.zsh'
[1.426s] Level 1:colcon.colcon_core.environment:create_file_with_runtime_dependencies(/home/blazar/workspaces/rockytimes_ws/install/px4_msgs/share/colcon-core/packages/px4_msgs)
[1.426s] Level 1:colcon.colcon_core.environment:create_environment_scripts_only(px4_msgs)
[1.426s] Level 1:colcon.colcon_core.environment:checking '/home/blazar/workspaces/rockytimes_ws/install/px4_msgs' for CMake module files
[1.426s] Level 1:colcon.colcon_core.environment:checking '/home/blazar/workspaces/rockytimes_ws/install/px4_msgs' for CMake config files
[1.426s] Level 1:colcon.colcon_core.shell:create_environment_hook('px4_msgs', 'cmake_prefix_path')
[1.427s] INFO:colcon.colcon_core.shell:Creating environment hook '/home/blazar/workspaces/rockytimes_ws/install/px4_msgs/share/px4_msgs/hook/cmake_prefix_path.ps1'
[1.427s] INFO:colcon.colcon_core.shell:Creating environment descriptor '/home/blazar/workspaces/rockytimes_ws/install/px4_msgs/share/px4_msgs/hook/cmake_prefix_path.dsv'
[1.427s] INFO:colcon.colcon_core.shell:Creating environment hook '/home/blazar/workspaces/rockytimes_ws/install/px4_msgs/share/px4_msgs/hook/cmake_prefix_path.sh'
[1.427s] Level 1:colcon.colcon_core.environment:checking '/home/blazar/workspaces/rockytimes_ws/install/px4_msgs/lib'
[1.427s] Level 1:colcon.colcon_core.shell:create_environment_hook('px4_msgs', 'ld_library_path_lib')
[1.427s] INFO:colcon.colcon_core.shell:Creating environment hook '/home/blazar/workspaces/rockytimes_ws/install/px4_msgs/share/px4_msgs/hook/ld_library_path_lib.ps1'
[1.428s] INFO:colcon.colcon_core.shell:Creating environment descriptor '/home/blazar/workspaces/rockytimes_ws/install/px4_msgs/share/px4_msgs/hook/ld_library_path_lib.dsv'
[1.428s] INFO:colcon.colcon_core.shell:Creating environment hook '/home/blazar/workspaces/rockytimes_ws/install/px4_msgs/share/px4_msgs/hook/ld_library_path_lib.sh'
[1.428s] Level 1:colcon.colcon_core.environment:checking '/home/blazar/workspaces/rockytimes_ws/install/px4_msgs/bin'
[1.428s] Level 1:colcon.colcon_core.environment:checking '/home/blazar/workspaces/rockytimes_ws/install/px4_msgs/lib/pkgconfig/px4_msgs.pc'
[1.428s] Level 1:colcon.colcon_core.environment:checking '/home/blazar/workspaces/rockytimes_ws/install/px4_msgs/lib/python3.12/site-packages'
[1.428s] Level 1:colcon.colcon_core.shell:create_environment_hook('px4_msgs', 'pythonpath')
[1.428s] INFO:colcon.colcon_core.shell:Creating environment hook '/home/blazar/workspaces/rockytimes_ws/install/px4_msgs/share/px4_msgs/hook/pythonpath.ps1'
[1.428s] INFO:colcon.colcon_core.shell:Creating environment descriptor '/home/blazar/workspaces/rockytimes_ws/install/px4_msgs/share/px4_msgs/hook/pythonpath.dsv'
[1.429s] INFO:colcon.colcon_core.shell:Creating environment hook '/home/blazar/workspaces/rockytimes_ws/install/px4_msgs/share/px4_msgs/hook/pythonpath.sh'
[1.429s] Level 1:colcon.colcon_core.environment:checking '/home/blazar/workspaces/rockytimes_ws/install/px4_msgs/bin'
[1.429s] INFO:colcon.colcon_core.shell:Creating package script '/home/blazar/workspaces/rockytimes_ws/install/px4_msgs/share/px4_msgs/package.ps1'
[1.429s] INFO:colcon.colcon_core.shell:Creating package descriptor '/home/blazar/workspaces/rockytimes_ws/install/px4_msgs/share/px4_msgs/package.dsv'
[1.430s] INFO:colcon.colcon_core.shell:Creating package script '/home/blazar/workspaces/rockytimes_ws/install/px4_msgs/share/px4_msgs/package.sh'
[1.430s] INFO:colcon.colcon_core.shell:Creating package script '/home/blazar/workspaces/rockytimes_ws/install/px4_msgs/share/px4_msgs/package.bash'
[1.430s] INFO:colcon.colcon_core.shell:Creating package script '/home/blazar/workspaces/rockytimes_ws/install/px4_msgs/share/px4_msgs/package.zsh'
[1.430s] Level 1:colcon.colcon_core.environment:create_file_with_runtime_dependencies(/home/blazar/workspaces/rockytimes_ws/install/px4_msgs/share/colcon-core/packages/px4_msgs)
[1.430s] INFO:colcon.colcon_ros.task.ament_python.build:Building ROS package in '/home/blazar/workspaces/rockytimes_ws/src/terrain_mapping_drone_control' with build type 'ament_python'
[1.430s] Level 1:colcon.colcon_core.shell:create_environment_hook('terrain_mapping_drone_control', 'ament_prefix_path')
[1.430s] INFO:colcon.colcon_core.shell:Creating environment hook '/home/blazar/workspaces/rockytimes_ws/install/terrain_mapping_drone_control/share/terrain_mapping_drone_control/hook/ament_prefix_path.ps1'
[1.431s] INFO:colcon.colcon_core.shell:Creating environment descriptor '/home/blazar/workspaces/rockytimes_ws/install/terrain_mapping_drone_control/share/terrain_mapping_drone_control/hook/ament_prefix_path.dsv'
[1.431s] INFO:colcon.colcon_core.shell:Creating environment hook '/home/blazar/workspaces/rockytimes_ws/install/terrain_mapping_drone_control/share/terrain_mapping_drone_control/hook/ament_prefix_path.sh'
[1.431s] INFO:colcon.colcon_core.shell:Skip shell extension 'powershell' for command environment: Not usable outside of PowerShell
[1.431s] DEBUG:colcon.colcon_core.shell:Skip shell extension 'dsv' for command environment
[1.567s] INFO:colcon.colcon_core.task.python.build:Building Python package in '/home/blazar/workspaces/rockytimes_ws/src/terrain_mapping_drone_control'
[1.567s] INFO:colcon.colcon_core.shell:Skip shell extension 'powershell' for command environment: Not usable outside of PowerShell
[1.567s] DEBUG:colcon.colcon_core.shell:Skip shell extension 'dsv' for command environment
[1.901s] DEBUG:colcon.colcon_core.event_handler.log_command:Invoking command in '/home/blazar/workspaces/rockytimes_ws/src/terrain_mapping_drone_control': DEBUGINFOD_URLS=https://debuginfod.ubuntu.com LD_LIBRARY_PATH=/home/blazar/workspaces/rockytimes_ws/install/px4_msgs/lib:/tmp/.mount_cursorI6UsqM/usr/lib:/home/blazar/workspaces/arduinobot_ws/install/arduinobot_msgs/lib:/opt/ros/jazzy/opt/gz_sim_vendor/lib:/opt/ros/jazzy/opt/gz_sensors_vendor/lib:/opt/ros/jazzy/opt/gz_physics_vendor/lib:/opt/ros/jazzy/opt/sdformat_vendor/lib:/opt/ros/jazzy/opt/rviz_ogre_vendor/lib:/opt/ros/jazzy/lib/x86_64-linux-gnu:/opt/ros/jazzy/opt/gz_gui_vendor/lib:/opt/ros/jazzy/opt/gz_transport_vendor/lib:/opt/ros/jazzy/opt/gz_rendering_vendor/lib:/opt/ros/jazzy/opt/gz_plugin_vendor/lib:/opt/ros/jazzy/opt/gz_fuel_tools_vendor/lib:/opt/ros/jazzy/opt/gz_msgs_vendor/lib:/opt/ros/jazzy/opt/gz_common_vendor/lib:/opt/ros/jazzy/opt/gz_math_vendor/lib:/opt/ros/jazzy/opt/gz_utils_vendor/lib:/opt/ros/jazzy/opt/gz_tools_vendor/lib:/opt/ros/jazzy/opt/gz_ogre_next_vendor/lib:/opt/ros/jazzy/opt/gz_dartsim_vendor/lib:/opt/ros/jazzy/opt/gz_cmake_vendor/lib:/opt/ros/jazzy/lib:/opt/ros/noetic/lib/x86_64-linux-gnu:/opt/ros/noetic/lib/x86_64-linux-gnu:/opt/ros/noetic/lib/x86_64-linux-gnu PYTHONPATH=/home/blazar/workspaces/rockytimes_ws/build/terrain_mapping_drone_control/prefix_override:/usr/lib/python3/dist-packages/colcon_core/task/python/colcon_distutils_commands:/home/blazar/workspaces/rockytimes_ws/install/terrain_mapping_drone_control/lib/python3.12/site-packages:/home/blazar/workspaces/rockytimes_ws/install/px4_msgs/lib/python3.12/site-packages:/home/blazar/workspaces/rockytimes_ws/install/terrain_mapping_drone_control/lib/python3.12/site-packages:/home/blazar/workspaces/ellie_ws/build/ellie:/home/blazar/workspaces/ellie_ws/install/ellie/lib/python3.12/site-packages:/home/blazar/robotics1/scara_ws/install/desco/lib/python3.12/site-packages:/home/blazar/workspaces/arduinobot_ws/install/arduinobot_utils/lib/python3.12/site-packages:/home/blazar/workspaces/arduinobot_ws/install/arduinobot_py_examples/lib/python3.12/site-packages:/home/blazar/workspaces/arduinobot_ws/install/arduinobot_msgs/lib/python3.12/site-packages:/home/blazar/workspaces/arduinobot_ws/install/arduinobot_controller/lib/python3.12/site-packages:/home/blazar/workspaces/cartip_ws/install/ralpoley/lib/python3.12/site-packages:/home/blazar/workspaces/cartip_ws/install/cart_pole_optimal_control/lib/python3.12/site-packages:/opt/ros/jazzy/lib/python3.12/site-packages VIRTUAL_ENV_PROMPT=(thingsbro) /usr/bin/python3 -W ignore:setup.py install is deprecated -W ignore:easy_install command is deprecated setup.py egg_info --egg-base ../../build/terrain_mapping_drone_control build --build-base /home/blazar/workspaces/rockytimes_ws/build/terrain_mapping_drone_control/build install --record /home/blazar/workspaces/rockytimes_ws/build/terrain_mapping_drone_control/install.log --single-version-externally-managed install_data
[2.193s] Level 1:colcon.colcon_core.environment:checking '/home/blazar/workspaces/rockytimes_ws/install/terrain_mapping_drone_control' for CMake module files
[2.193s] DEBUG:colcon.colcon_core.event_handler.log_command:Invoked command in '/home/blazar/workspaces/rockytimes_ws/src/terrain_mapping_drone_control' returned '0': DEBUGINFOD_URLS=https://debuginfod.ubuntu.com LD_LIBRARY_PATH=/home/blazar/workspaces/rockytimes_ws/install/px4_msgs/lib:/tmp/.mount_cursorI6UsqM/usr/lib:/home/blazar/workspaces/arduinobot_ws/install/arduinobot_msgs/lib:/opt/ros/jazzy/opt/gz_sim_vendor/lib:/opt/ros/jazzy/opt/gz_sensors_vendor/lib:/opt/ros/jazzy/opt/gz_physics_vendor/lib:/opt/ros/jazzy/opt/sdformat_vendor/lib:/opt/ros/jazzy/opt/rviz_ogre_vendor/lib:/opt/ros/jazzy/lib/x86_64-linux-gnu:/opt/ros/jazzy/opt/gz_gui_vendor/lib:/opt/ros/jazzy/opt/gz_transport_vendor/lib:/opt/ros/jazzy/opt/gz_rendering_vendor/lib:/opt/ros/jazzy/opt/gz_plugin_vendor/lib:/opt/ros/jazzy/opt/gz_fuel_tools_vendor/lib:/opt/ros/jazzy/opt/gz_msgs_vendor/lib:/opt/ros/jazzy/opt/gz_common_vendor/lib:/opt/ros/jazzy/opt/gz_math_vendor/lib:/opt/ros/jazzy/opt/gz_utils_vendor/lib:/opt/ros/jazzy/opt/gz_tools_vendor/lib:/opt/ros/jazzy/opt/gz_ogre_next_vendor/lib:/opt/ros/jazzy/opt/gz_dartsim_vendor/lib:/opt/ros/jazzy/opt/gz_cmake_vendor/lib:/opt/ros/jazzy/lib:/opt/ros/noetic/lib/x86_64-linux-gnu:/opt/ros/noetic/lib/x86_64-linux-gnu:/opt/ros/noetic/lib/x86_64-linux-gnu PYTHONPATH=/home/blazar/workspaces/rockytimes_ws/build/terrain_mapping_drone_control/prefix_override:/usr/lib/python3/dist-packages/colcon_core/task/python/colcon_distutils_commands:/home/blazar/workspaces/rockytimes_ws/install/terrain_mapping_drone_control/lib/python3.12/site-packages:/home/blazar/workspaces/rockytimes_ws/install/px4_msgs/lib/python3.12/site-packages:/home/blazar/workspaces/rockytimes_ws/install/terrain_mapping_drone_control/lib/python3.12/site-packages:/home/blazar/workspaces/ellie_ws/build/ellie:/home/blazar/workspaces/ellie_ws/install/ellie/lib/python3.12/site-packages:/home/blazar/robotics1/scara_ws/install/desco/lib/python3.12/site-packages:/home/blazar/workspaces/arduinobot_ws/install/arduinobot_utils/lib/python3.12/site-packages:/home/blazar/workspaces/arduinobot_ws/install/arduinobot_py_examples/lib/python3.12/site-packages:/home/blazar/workspaces/arduinobot_ws/install/arduinobot_msgs/lib/python3.12/site-packages:/home/blazar/workspaces/arduinobot_ws/install/arduinobot_controller/lib/python3.12/site-packages:/home/blazar/workspaces/cartip_ws/install/ralpoley/lib/python3.12/site-packages:/home/blazar/workspaces/cartip_ws/install/cart_pole_optimal_control/lib/python3.12/site-packages:/opt/ros/jazzy/lib/python3.12/site-packages VIRTUAL_ENV_PROMPT=(thingsbro) /usr/bin/python3 -W ignore:setup.py install is deprecated -W ignore:easy_install command is deprecated setup.py egg_info --egg-base ../../build/terrain_mapping_drone_control build --build-base /home/blazar/workspaces/rockytimes_ws/build/terrain_mapping_drone_control/build install --record /home/blazar/workspaces/rockytimes_ws/build/terrain_mapping_drone_control/install.log --single-version-externally-managed install_data
[2.194s] Level 1:colcon.colcon_core.environment:checking '/home/blazar/workspaces/rockytimes_ws/install/terrain_mapping_drone_control' for CMake config files
[2.194s] Level 1:colcon.colcon_core.environment:checking '/home/blazar/workspaces/rockytimes_ws/install/terrain_mapping_drone_control/lib'
[2.194s] Level 1:colcon.colcon_core.environment:checking '/home/blazar/workspaces/rockytimes_ws/install/terrain_mapping_drone_control/libexec'
[2.194s] Level 1:colcon.colcon_core.environment:checking '/home/blazar/workspaces/rockytimes_ws/install/terrain_mapping_drone_control/bin'
[2.194s] Level 1:colcon.colcon_core.shell:create_environment_hook('terrain_mapping_drone_control', 'path')
[2.194s] INFO:colcon.colcon_core.shell:Creating environment hook '/home/blazar/workspaces/rockytimes_ws/install/terrain_mapping_drone_control/share/terrain_mapping_drone_control/hook/path.ps1'
[2.195s] INFO:colcon.colcon_core.shell:Creating environment descriptor '/home/blazar/workspaces/rockytimes_ws/install/terrain_mapping_drone_control/share/terrain_mapping_drone_control/hook/path.dsv'
[2.195s] INFO:colcon.colcon_core.shell:Creating environment hook '/home/blazar/workspaces/rockytimes_ws/install/terrain_mapping_drone_control/share/terrain_mapping_drone_control/hook/path.sh'
[2.195s] Level 1:colcon.colcon_core.environment:checking '/home/blazar/workspaces/rockytimes_ws/install/terrain_mapping_drone_control/lib/pkgconfig/terrain_mapping_drone_control.pc'
[2.196s] Level 1:colcon.colcon_core.environment:checking '/home/blazar/workspaces/rockytimes_ws/install/terrain_mapping_drone_control/lib/python3.12/site-packages'
[2.196s] Level 1:colcon.colcon_core.shell:create_environment_hook('terrain_mapping_drone_control', 'pythonpath')
[2.196s] INFO:colcon.colcon_core.shell:Creating environment hook '/home/blazar/workspaces/rockytimes_ws/install/terrain_mapping_drone_control/share/terrain_mapping_drone_control/hook/pythonpath.ps1'
[2.196s] INFO:colcon.colcon_core.shell:Creating environment descriptor '/home/blazar/workspaces/rockytimes_ws/install/terrain_mapping_drone_control/share/terrain_mapping_drone_control/hook/pythonpath.dsv'
[2.196s] INFO:colcon.colcon_core.shell:Creating environment hook '/home/blazar/workspaces/rockytimes_ws/install/terrain_mapping_drone_control/share/terrain_mapping_drone_control/hook/pythonpath.sh'
[2.197s] Level 1:colcon.colcon_core.environment:checking '/home/blazar/workspaces/rockytimes_ws/install/terrain_mapping_drone_control/bin'
[2.197s] Level 1:colcon.colcon_core.shell:create_environment_hook('terrain_mapping_drone_control', 'pythonscriptspath')
[2.197s] INFO:colcon.colcon_core.shell:Creating environment hook '/home/blazar/workspaces/rockytimes_ws/install/terrain_mapping_drone_control/share/terrain_mapping_drone_control/hook/pythonscriptspath.ps1'
[2.197s] INFO:colcon.colcon_core.shell:Creating environment descriptor '/home/blazar/workspaces/rockytimes_ws/install/terrain_mapping_drone_control/share/terrain_mapping_drone_control/hook/pythonscriptspath.dsv'
[2.197s] INFO:colcon.colcon_core.shell:Creating environment hook '/home/blazar/workspaces/rockytimes_ws/install/terrain_mapping_drone_control/share/terrain_mapping_drone_control/hook/pythonscriptspath.sh'
[2.198s] Level 1:colcon.colcon_core.environment:create_environment_scripts_only(terrain_mapping_drone_control)
[2.198s] INFO:colcon.colcon_core.shell:Creating package script '/home/blazar/workspaces/rockytimes_ws/install/terrain_mapping_drone_control/share/terrain_mapping_drone_control/package.ps1'
[2.198s] INFO:colcon.colcon_core.shell:Creating package descriptor '/home/blazar/workspaces/rockytimes_ws/install/terrain_mapping_drone_control/share/terrain_mapping_drone_control/package.dsv'
[2.198s] INFO:colcon.colcon_core.shell:Creating package script '/home/blazar/workspaces/rockytimes_ws/install/terrain_mapping_drone_control/share/terrain_mapping_drone_control/package.sh'
[2.199s] INFO:colcon.colcon_core.shell:Creating package script '/home/blazar/workspaces/rockytimes_ws/install/terrain_mapping_drone_control/share/terrain_mapping_drone_control/package.bash'
[2.199s] INFO:colcon.colcon_core.shell:Creating package script '/home/blazar/workspaces/rockytimes_ws/install/terrain_mapping_drone_control/share/terrain_mapping_drone_control/package.zsh'
[2.199s] Level 1:colcon.colcon_core.environment:create_file_with_runtime_dependencies(/home/blazar/workspaces/rockytimes_ws/install/terrain_mapping_drone_control/share/colcon-core/packages/terrain_mapping_drone_control)
[2.199s] DEBUG:colcon.colcon_parallel_executor.executor.parallel:closing loop
[2.200s] DEBUG:colcon.colcon_parallel_executor.executor.parallel:loop closed
[2.200s] DEBUG:colcon.colcon_parallel_executor.executor.parallel:run_until_complete finished with '0'
[2.200s] DEBUG:colcon.colcon_core.event_reactor:joining thread
[2.204s] INFO:colcon.colcon_core.plugin_system:Skipping extension 'colcon_notification.desktop_notification.terminal_notifier': Not used on non-Darwin systems
[2.204s] INFO:colcon.colcon_core.plugin_system:Skipping extension 'colcon_notification.desktop_notification.win32': Not used on non-Windows systems
[2.204s] INFO:colcon.colcon_notification.desktop_notification:Sending desktop notification using 'notify2'
[2.213s] DEBUG:colcon.colcon_core.event_reactor:joined thread
[2.214s] INFO:colcon.colcon_core.shell:Creating prefix script '/home/blazar/workspaces/rockytimes_ws/install/local_setup.ps1'
[2.214s] INFO:colcon.colcon_core.shell:Creating prefix util module '/home/blazar/workspaces/rockytimes_ws/install/_local_setup_util_ps1.py'
[2.215s] INFO:colcon.colcon_core.shell:Creating prefix chain script '/home/blazar/workspaces/rockytimes_ws/install/setup.ps1'
[2.216s] INFO:colcon.colcon_core.shell:Creating prefix script '/home/blazar/workspaces/rockytimes_ws/install/local_setup.sh'
[2.216s] INFO:colcon.colcon_core.shell:Creating prefix util module '/home/blazar/workspaces/rockytimes_ws/install/_local_setup_util_sh.py'
[2.216s] INFO:colcon.colcon_core.shell:Creating prefix chain script '/home/blazar/workspaces/rockytimes_ws/install/setup.sh'
[2.217s] INFO:colcon.colcon_core.shell:Creating prefix script '/home/blazar/workspaces/rockytimes_ws/install/local_setup.bash'
[2.217s] INFO:colcon.colcon_core.shell:Creating prefix chain script '/home/blazar/workspaces/rockytimes_ws/install/setup.bash'
[2.218s] INFO:colcon.colcon_core.shell:Creating prefix script '/home/blazar/workspaces/rockytimes_ws/install/local_setup.zsh'
[2.219s] INFO:colcon.colcon_core.shell:Creating prefix chain script '/home/blazar/workspaces/rockytimes_ws/install/setup.zsh'
