running egg_info
writing ../../build/terrain_mapping_drone_control/terrain_mapping_drone_control.egg-info/PKG-INFO
writing dependency_links to ../../build/terrain_mapping_drone_control/terrain_mapping_drone_control.egg-info/dependency_links.txt
writing entry points to ../../build/terrain_mapping_drone_control/terrain_mapping_drone_control.egg-info/entry_points.txt
writing requirements to ../../build/terrain_mapping_drone_control/terrain_mapping_drone_control.egg-info/requires.txt
writing top-level names to ../../build/terrain_mapping_drone_control/terrain_mapping_drone_control.egg-info/top_level.txt
reading manifest file '../../build/terrain_mapping_drone_control/terrain_mapping_drone_control.egg-info/SOURCES.txt'
writing manifest file '../../build/terrain_mapping_drone_control/terrain_mapping_drone_control.egg-info/SOURCES.txt'
running build
running build_py
copying terrain_mapping_drone_control/mission_node.py -> /home/blazar/workspaces/rockytimes_ws/build/terrain_mapping_drone_control/build/lib/terrain_mapping_drone_control
running install
running install_lib
copying /home/blazar/workspaces/rockytimes_ws/build/terrain_mapping_drone_control/build/lib/terrain_mapping_drone_control/mission_node.py -> /home/blazar/workspaces/rockytimes_ws/install/terrain_mapping_drone_control/lib/python3.12/site-packages/terrain_mapping_drone_control
byte-compiling /home/blazar/workspaces/rockytimes_ws/install/terrain_mapping_drone_control/lib/python3.12/site-packages/terrain_mapping_drone_control/mission_node.py to mission_node.cpython-312.pyc
running install_data
copying launch/cylinder_landing.launch.py -> /home/blazar/workspaces/rockytimes_ws/install/terrain_mapping_drone_control/share/terrain_mapping_drone_control/launch
copying terrain_mapping_drone_control/mission_node.py -> /home/blazar/workspaces/rockytimes_ws/install/terrain_mapping_drone_control/lib/terrain_mapping_drone_control
running install_egg_info
removing '/home/blazar/workspaces/rockytimes_ws/install/terrain_mapping_drone_control/lib/python3.12/site-packages/terrain_mapping_drone_control-0.0.1-py3.12.egg-info' (and everything under it)
Copying ../../build/terrain_mapping_drone_control/terrain_mapping_drone_control.egg-info to /home/blazar/workspaces/rockytimes_ws/install/terrain_mapping_drone_control/lib/python3.12/site-packages/terrain_mapping_drone_control-0.0.1-py3.12.egg-info
running install_scripts
Installing aruco_tracker script to /home/blazar/workspaces/rockytimes_ws/install/terrain_mapping_drone_control/bin
Installing cylinder_landing_node script to /home/blazar/workspaces/rockytimes_ws/install/terrain_mapping_drone_control/bin
Installing feature_tracker script to /home/blazar/workspaces/rockytimes_ws/install/terrain_mapping_drone_control/bin
Installing mission_node script to /home/blazar/workspaces/rockytimes_ws/install/terrain_mapping_drone_control/bin
Installing pose_visualizer script to /home/blazar/workspaces/rockytimes_ws/install/terrain_mapping_drone_control/bin
Installing px4_odom_converter script to /home/blazar/workspaces/rockytimes_ws/install/terrain_mapping_drone_control/bin
Installing spiral_trajectory script to /home/blazar/workspaces/rockytimes_ws/install/terrain_mapping_drone_control/bin
writing list of installed files to '/home/blazar/workspaces/rockytimes_ws/build/terrain_mapping_drone_control/install.log'
