This is pdfTeX, Version 3.141592653-2.6-1.40.27 (MiKTeX 25.2) (preloaded format=pdflatex 2025.3.2)  15 APR 2025 04:52
entering extended mode
 restricted \write18 enabled.
 file:line:error style messages enabled.
 %&-line parsing enabled.
**"c:/ASU/Semester 2/space robotics and ai/codeyy/GP/SFR/sfr.tex"
(c:/ASU/Semester 2/space robotics and ai/codeyy/GP/SFR/sfr.tex
LaTeX2e <2024-11-01> patch level 2
L3 programming layer <2025-01-18>
(C:\Users\battu\AppData\Local\Programs\MiKTeX\tex/latex/ieeetran\IEEEtran.cls
Document Class: IEEEtran 2015/08/26 V1.8b by Michael Shell
-- See the "IEEEtran_HOWTO" manual for usage information.
-- http://www.michaelshell.org/tex/ieeetran/
\@IEEEtrantmpdimenA=\dimen141
\@IEEEtrantmpdimenB=\dimen142
\@IEEEtrantmpdimenC=\dimen143
\@IEEEtrantmpcountA=\count196
\@IEEEtrantmpcountB=\count197
\@IEEEtrantmpcountC=\count198
\@IEEEtrantmptoksA=\toks17
LaTeX Font Info:    Trying to load font information for OT1+ptm on input line 503.
(C:\Users\battu\AppData\Local\Programs\MiKTeX\tex/latex/psnfss\ot1ptm.fd
File: ot1ptm.fd 2001/06/04 font definitions for OT1/ptm.
)
-- Using 8.5in x 11in (letter) paper.
-- Using PDF output.
\@IEEEnormalsizeunitybaselineskip=\dimen144
-- This is a 10 point document.
\CLASSINFOnormalsizebaselineskip=\dimen145
\CLASSINFOnormalsizeunitybaselineskip=\dimen146
\IEEEnormaljot=\dimen147
LaTeX Font Info:    Font shape `OT1/ptm/bx/n' in size <5> not available
(Font)              Font shape `OT1/ptm/b/n' tried instead on input line 1090.
LaTeX Font Info:    Font shape `OT1/ptm/bx/it' in size <5> not available
(Font)              Font shape `OT1/ptm/b/it' tried instead on input line 1090.
LaTeX Font Info:    Font shape `OT1/ptm/bx/n' in size <7> not available
(Font)              Font shape `OT1/ptm/b/n' tried instead on input line 1090.
LaTeX Font Info:    Font shape `OT1/ptm/bx/it' in size <7> not available
(Font)              Font shape `OT1/ptm/b/it' tried instead on input line 1090.
LaTeX Font Info:    Font shape `OT1/ptm/bx/n' in size <8> not available
(Font)              Font shape `OT1/ptm/b/n' tried instead on input line 1090.
LaTeX Font Info:    Font shape `OT1/ptm/bx/it' in size <8> not available
(Font)              Font shape `OT1/ptm/b/it' tried instead on input line 1090.
LaTeX Font Info:    Font shape `OT1/ptm/bx/n' in size <9> not available
(Font)              Font shape `OT1/ptm/b/n' tried instead on input line 1090.
LaTeX Font Info:    Font shape `OT1/ptm/bx/it' in size <9> not available
(Font)              Font shape `OT1/ptm/b/it' tried instead on input line 1090.
LaTeX Font Info:    Font shape `OT1/ptm/bx/n' in size <10> not available
(Font)              Font shape `OT1/ptm/b/n' tried instead on input line 1090.
LaTeX Font Info:    Font shape `OT1/ptm/bx/it' in size <10> not available
(Font)              Font shape `OT1/ptm/b/it' tried instead on input line 1090.
LaTeX Font Info:    Font shape `OT1/ptm/bx/n' in size <11> not available
(Font)              Font shape `OT1/ptm/b/n' tried instead on input line 1090.
LaTeX Font Info:    Font shape `OT1/ptm/bx/it' in size <11> not available
(Font)              Font shape `OT1/ptm/b/it' tried instead on input line 1090.
LaTeX Font Info:    Font shape `OT1/ptm/bx/n' in size <12> not available
(Font)              Font shape `OT1/ptm/b/n' tried instead on input line 1090.
LaTeX Font Info:    Font shape `OT1/ptm/bx/it' in size <12> not available
(Font)              Font shape `OT1/ptm/b/it' tried instead on input line 1090.
LaTeX Font Info:    Font shape `OT1/ptm/bx/n' in size <17> not available
(Font)              Font shape `OT1/ptm/b/n' tried instead on input line 1090.
LaTeX Font Info:    Font shape `OT1/ptm/bx/it' in size <17> not available
(Font)              Font shape `OT1/ptm/b/it' tried instead on input line 1090.
LaTeX Font Info:    Font shape `OT1/ptm/bx/n' in size <20> not available
(Font)              Font shape `OT1/ptm/b/n' tried instead on input line 1090.
LaTeX Font Info:    Font shape `OT1/ptm/bx/it' in size <20> not available
(Font)              Font shape `OT1/ptm/b/it' tried instead on input line 1090.
LaTeX Font Info:    Font shape `OT1/ptm/bx/n' in size <24> not available
(Font)              Font shape `OT1/ptm/b/n' tried instead on input line 1090.
LaTeX Font Info:    Font shape `OT1/ptm/bx/it' in size <24> not available
(Font)              Font shape `OT1/ptm/b/it' tried instead on input line 1090.
\IEEEquantizedlength=\dimen148
\IEEEquantizedlengthdiff=\dimen149
\IEEEquantizedtextheightdiff=\dimen150
\IEEEilabelindentA=\dimen151
\IEEEilabelindentB=\dimen152
\IEEEilabelindent=\dimen153
\IEEEelabelindent=\dimen154
\IEEEdlabelindent=\dimen155
\IEEElabelindent=\dimen156
\IEEEiednormlabelsep=\dimen157
\IEEEiedmathlabelsep=\dimen158
\IEEEiedtopsep=\skip49
\c@section=\count199
\c@subsection=\count266
\c@subsubsection=\count267
\c@paragraph=\count268
\c@IEEEsubequation=\count269
\abovecaptionskip=\skip50
\belowcaptionskip=\skip51
\c@figure=\count270
\c@table=\count271
\@IEEEeqnnumcols=\count272
\@IEEEeqncolcnt=\count273
\@IEEEsubeqnnumrollback=\count274
\@IEEEquantizeheightA=\dimen159
\@IEEEquantizeheightB=\dimen160
\@IEEEquantizeheightC=\dimen161
\@IEEEquantizeprevdepth=\dimen162
\@IEEEquantizemultiple=\count275
\@IEEEquantizeboxA=\box52
\@IEEEtmpitemindent=\dimen163
\IEEEPARstartletwidth=\dimen164
\c@IEEEbiography=\count276
\@IEEEtranrubishbin=\box53
) (C:\Users\battu\AppData\Local\Programs\MiKTeX\tex/latex/graphics\graphicx.sty
Package: graphicx 2021/09/16 v1.2d Enhanced LaTeX Graphics (DPC,SPQR)
 (C:\Users\battu\AppData\Local\Programs\MiKTeX\tex/latex/graphics\keyval.sty
Package: keyval 2022/05/29 v1.15 key=value parser (DPC)
\KV@toks@=\toks18
) (C:\Users\battu\AppData\Local\Programs\MiKTeX\tex/latex/graphics\graphics.sty
Package: graphics 2024/08/06 v1.4g Standard LaTeX Graphics (DPC,SPQR)
 (C:\Users\battu\AppData\Local\Programs\MiKTeX\tex/latex/graphics\trig.sty
Package: trig 2023/12/02 v1.11 sin cos tan (DPC)
) (C:\Users\battu\AppData\Local\Programs\MiKTeX\tex/latex/graphics-cfg\graphics.cfg
File: graphics.cfg 2016/06/04 v1.11 sample graphics configuration
)
Package graphics Info: Driver file: pdftex.def on input line 106.
 (C:\Users\battu\AppData\Local\Programs\MiKTeX\tex/latex/graphics-def\pdftex.def
File: pdftex.def 2024/04/13 v1.2c Graphics/color driver for pdftex
))
\Gin@req@height=\dimen165
\Gin@req@width=\dimen166
) (C:\Users\battu\AppData\Local\Programs\MiKTeX\tex/latex/amsmath\amsmath.sty
Package: amsmath 2024/11/05 v2.17t AMS math features
\@mathmargin=\skip52

For additional information on amsmath, use the `?' option.
(C:\Users\battu\AppData\Local\Programs\MiKTeX\tex/latex/amsmath\amstext.sty
Package: amstext 2021/08/26 v2.01 AMS text
 (C:\Users\battu\AppData\Local\Programs\MiKTeX\tex/latex/amsmath\amsgen.sty
File: amsgen.sty 1999/11/30 v2.0 generic functions
\@emptytoks=\toks19
\ex@=\dimen167
)) (C:\Users\battu\AppData\Local\Programs\MiKTeX\tex/latex/amsmath\amsbsy.sty
Package: amsbsy 1999/11/29 v1.2d Bold Symbols
\pmbraise@=\dimen168
) (C:\Users\battu\AppData\Local\Programs\MiKTeX\tex/latex/amsmath\amsopn.sty
Package: amsopn 2022/04/08 v2.04 operator names
)
\inf@bad=\count277
LaTeX Info: Redefining \frac on input line 233.
\uproot@=\count278
\leftroot@=\count279
LaTeX Info: Redefining \overline on input line 398.
LaTeX Info: Redefining \colon on input line 409.
\classnum@=\count280
\DOTSCASE@=\count281
LaTeX Info: Redefining \ldots on input line 495.
LaTeX Info: Redefining \dots on input line 498.
LaTeX Info: Redefining \cdots on input line 619.
\Mathstrutbox@=\box54
\strutbox@=\box55
LaTeX Info: Redefining \big on input line 721.
LaTeX Info: Redefining \Big on input line 722.
LaTeX Info: Redefining \bigg on input line 723.
LaTeX Info: Redefining \Bigg on input line 724.
\big@size=\dimen169
LaTeX Font Info:    Redeclaring font encoding OML on input line 742.
LaTeX Font Info:    Redeclaring font encoding OMS on input line 743.
\macc@depth=\count282
LaTeX Info: Redefining \bmod on input line 904.
LaTeX Info: Redefining \pmod on input line 909.
LaTeX Info: Redefining \smash on input line 939.
LaTeX Info: Redefining \relbar on input line 969.
LaTeX Info: Redefining \Relbar on input line 970.
\c@MaxMatrixCols=\count283
\dotsspace@=\muskip17
\c@parentequation=\count284
\dspbrk@lvl=\count285
\tag@help=\toks20
\row@=\count286
\column@=\count287
\maxfields@=\count288
\andhelp@=\toks21
\eqnshift@=\dimen170
\alignsep@=\dimen171
\tagshift@=\dimen172
\tagwidth@=\dimen173
\totwidth@=\dimen174
\lineht@=\dimen175
\@envbody=\toks22
\multlinegap=\skip53
\multlinetaggap=\skip54
\mathdisplay@stack=\toks23
LaTeX Info: Redefining \[ on input line 2953.
LaTeX Info: Redefining \] on input line 2954.
) (C:\Users\battu\AppData\Local\Programs\MiKTeX\tex/latex/amsfonts\amssymb.sty
Package: amssymb 2013/01/14 v3.01 AMS font symbols
 (C:\Users\battu\AppData\Local\Programs\MiKTeX\tex/latex/amsfonts\amsfonts.sty
Package: amsfonts 2013/01/14 v3.01 Basic AMSFonts support
\symAMSa=\mathgroup4
\symAMSb=\mathgroup5
LaTeX Font Info:    Redeclaring math symbol \hbar on input line 98.
LaTeX Font Info:    Overwriting math alphabet `\mathfrak' in version `bold'
(Font)                  U/euf/m/n --> U/euf/b/n on input line 106.
)) (C:\Users\battu\AppData\Local\Programs\MiKTeX\tex/latex/cite\cite.sty
LaTeX Info: Redefining \cite on input line 302.
LaTeX Info: Redefining \nocite on input line 332.
Package: cite 2015/02/27  v 5.5
) (C:\Users\battu\AppData\Local\Programs\MiKTeX\tex/latex/mathtools\mathtools.sty
Package: mathtools 2024/10/04 v1.31 mathematical typesetting tools
 (C:\Users\battu\AppData\Local\Programs\MiKTeX\tex/latex/tools\calc.sty
Package: calc 2023/07/08 v4.3 Infix arithmetic (KKT,FJ)
\calc@Acount=\count289
\calc@Bcount=\count290
\calc@Adimen=\dimen176
\calc@Bdimen=\dimen177
\calc@Askip=\skip55
\calc@Bskip=\skip56
LaTeX Info: Redefining \setlength on input line 80.
LaTeX Info: Redefining \addtolength on input line 81.
\calc@Ccount=\count291
\calc@Cskip=\skip57
) (C:\Users\battu\AppData\Local\Programs\MiKTeX\tex/latex/mathtools\mhsetup.sty
Package: mhsetup 2021/03/18 v1.4 programming setup (MH)
)
\g_MT_multlinerow_int=\count292
\l_MT_multwidth_dim=\dimen178
\origjot=\skip58
\l_MT_shortvdotswithinadjustabove_dim=\dimen179
\l_MT_shortvdotswithinadjustbelow_dim=\dimen180
\l_MT_above_intertext_sep=\dimen181
\l_MT_below_intertext_sep=\dimen182
\l_MT_above_shortintertext_sep=\dimen183
\l_MT_below_shortintertext_sep=\dimen184
\xmathstrut@box=\box56
\xmathstrut@dim=\dimen185
) (C:\Users\battu\AppData\Local\Programs\MiKTeX\tex/latex/subfig\subfig.sty
Package: subfig 2005/06/28 ver: 1.3 subfig package
 (C:\Users\battu\AppData\Local\Programs\MiKTeX\tex/latex/caption\caption.sty
Package: caption 2023/08/05 v3.6o Customizing captions (AR)
 (C:\Users\battu\AppData\Local\Programs\MiKTeX\tex/latex/caption\caption3.sty
Package: caption3 2023/07/31 v2.4d caption3 kernel (AR)
\caption@tempdima=\dimen186
\captionmargin=\dimen187
\caption@leftmargin=\dimen188
\caption@rightmargin=\dimen189
\caption@width=\dimen190
\caption@indent=\dimen191
\caption@parindent=\dimen192
\caption@hangindent=\dimen193
Package caption Info: Unknown document class (or package),
(caption)             standard defaults will be used.
Package caption Info: \@makecaption = \long macro:#1#2->\ifx \@captype \@IEEEtablestring \footnotesize \bgroup \par \centering \@IEEEtabletopskipstrut {\normalfont \footnotesize #1}\\{\normalfont \footnotesize \scshape #2}\par \addvspace {0.5\baselineskip }\egroup \@IEEEtablecaptionsepspace \else \@IEEEfigurecaptionsepspace \setbox \@tempboxa \hbox {\normalfont \footnotesize {#1.}\nobreakspace \nobreakspace #2}\ifdim \wd \@tempboxa >\hsize \setbox \@tempboxa \hbox {\normalfont \footnotesize {#1.}\nobreakspace \nobreakspace }\parbox [t]{\hsize }{\normalfont \footnotesize \noindent \unhbox \@tempboxa #2}\else \ifCLASSOPTIONconference \hbox to\hsize {\normalfont \footnotesize \hfil \box \@tempboxa \hfil }\else \hbox to\hsize {\normalfont \footnotesize \box \@tempboxa \hfil }\fi \fi \fi  on input line 1175.
)

Package caption Warning: Unknown document class (or package),
(caption)                standard defaults will be used.
See the caption package documentation for explanation.

\c@caption@flags=\count293
\c@continuedfloat=\count294
)
\c@KVtest=\count295
\sf@farskip=\skip59
\sf@captopadj=\dimen194
\sf@capskip=\skip60
\sf@nearskip=\skip61
\c@subfigure=\count296
\c@subfigure@save=\count297
\c@lofdepth=\count298
\c@subtable=\count299
\c@subtable@save=\count300
\c@lotdepth=\count301
\sf@top=\skip62
\sf@bottom=\skip63
) (C:\Users\battu\AppData\Local\Programs\MiKTeX\tex/latex/url\url.sty
\Urlmuskip=\muskip18
Package: url 2013/09/16  ver 3.4  Verb mode for urls, etc.
) (C:\Users\battu\AppData\Local\Programs\MiKTeX\tex/latex/l3backend\l3backend-pdftex.def
File: l3backend-pdftex.def 2024-05-08 L3 backend support: PDF output (pdfTeX)
\l__color_backend_stack_int=\count302
\l__pdf_internal_box=\box57
) (sfr.aux)
\openout1 = `sfr.aux'.

LaTeX Font Info:    Checking defaults for OML/cmm/m/it on input line 18.
LaTeX Font Info:    ... okay on input line 18.
LaTeX Font Info:    Checking defaults for OMS/cmsy/m/n on input line 18.
LaTeX Font Info:    ... okay on input line 18.
LaTeX Font Info:    Checking defaults for OT1/cmr/m/n on input line 18.
LaTeX Font Info:    ... okay on input line 18.
LaTeX Font Info:    Checking defaults for T1/cmr/m/n on input line 18.
LaTeX Font Info:    ... okay on input line 18.
LaTeX Font Info:    Checking defaults for TS1/cmr/m/n on input line 18.
LaTeX Font Info:    ... okay on input line 18.
LaTeX Font Info:    Checking defaults for OMX/cmex/m/n on input line 18.
LaTeX Font Info:    ... okay on input line 18.
LaTeX Font Info:    Checking defaults for U/cmr/m/n on input line 18.
LaTeX Font Info:    ... okay on input line 18.

-- Lines per column: 56 (exact).
(C:\Users\battu\AppData\Local\Programs\MiKTeX\tex/context/base/mkii\supp-pdf.mkii
[Loading MPS to PDF converter (version 2006.09.02).]
\scratchcounter=\count303
\scratchdimen=\dimen195
\scratchbox=\box58
\nofMPsegments=\count304
\nofMParguments=\count305
\everyMPshowfont=\toks24
\MPscratchCnt=\count306
\MPscratchDim=\dimen196
\MPnumerator=\count307
\makeMPintoPDFobject=\count308
\everyMPtoPDFconversion=\toks25
) (C:\Users\battu\AppData\Local\Programs\MiKTeX\tex/latex/epstopdf-pkg\epstopdf-base.sty
Package: epstopdf-base 2020-01-24 v2.11 Base part for package epstopdf
Package epstopdf-base Info: Redefining graphics rule for `.eps' on input line 485.
 (C:\Users\battu\AppData\Local\Programs\MiKTeX\tex/latex/00miktex\epstopdf-sys.cfg
File: epstopdf-sys.cfg 2021/03/18 v2.0 Configuration of epstopdf for MiKTeX
))
Package caption Info: Begin \AtBeginDocument code.
Package caption Info: subfig package v1.3 is loaded.
Package caption Info: End \AtBeginDocument code.
LaTeX Font Info:    Calculating math sizes for size <11> on input line 20.
LaTeX Font Info:    Trying to load font information for U+msa on input line 20.
 (C:\Users\battu\AppData\Local\Programs\MiKTeX\tex/latex/amsfonts\umsa.fd
File: umsa.fd 2013/01/14 v3.01 AMS symbols A
)
LaTeX Font Info:    Trying to load font information for U+msb on input line 20.
 (C:\Users\battu\AppData\Local\Programs\MiKTeX\tex/latex/amsfonts\umsb.fd
File: umsb.fd 2013/01/14 v3.01 AMS symbols B
)

<C:/ASU/Semester 2/space robotics and ai/codeyy/GP/SFR/safir/exponential/1.png, id=1, 737.8767pt x 628.0263pt>
File: C:/ASU/Semester 2/space robotics and ai/codeyy/GP/SFR/safir/exponential/1.png Graphic file (type png)
<use C:/ASU/Semester 2/space robotics and ai/codeyy/GP/SFR/safir/exponential/1.png>
Package pdftex.def Info: C:/ASU/Semester 2/space robotics and ai/codeyy/GP/SFR/safir/exponential/1.png  used on input line 84.
(pdftex.def)             Requested size: 113.52063pt x 96.61476pt.
<C:/ASU/Semester 2/space robotics and ai/codeyy/GP/SFR/safir/matern_1.5/1.png, id=3, 737.8767pt x 628.0263pt>
File: C:/ASU/Semester 2/space robotics and ai/codeyy/GP/SFR/safir/matern_1.5/1.png Graphic file (type png)
<use C:/ASU/Semester 2/space robotics and ai/codeyy/GP/SFR/safir/matern_1.5/1.png>
Package pdftex.def Info: C:/ASU/Semester 2/space robotics and ai/codeyy/GP/SFR/safir/matern_1.5/1.png  used on input line 86.
(pdftex.def)             Requested size: 113.52063pt x 96.61476pt.
<C:/ASU/Semester 2/space robotics and ai/codeyy/GP/SFR/safir/matern_2.5/1.png, id=4, 737.8767pt x 628.0263pt>
File: C:/ASU/Semester 2/space robotics and ai/codeyy/GP/SFR/safir/matern_2.5/1.png Graphic file (type png)
<use C:/ASU/Semester 2/space robotics and ai/codeyy/GP/SFR/safir/matern_2.5/1.png>
Package pdftex.def Info: C:/ASU/Semester 2/space robotics and ai/codeyy/GP/SFR/safir/matern_2.5/1.png  used on input line 88.
(pdftex.def)             Requested size: 113.52063pt x 96.61476pt.
<C:/ASU/Semester 2/space robotics and ai/codeyy/GP/SFR/safir/squared exponential/1.png, id=5, 728.4816pt x 628.0263pt>
File: C:/ASU/Semester 2/space robotics and ai/codeyy/GP/SFR/safir/squared exponential/1.png Graphic file (type png)
<use C:/ASU/Semester 2/space robotics and ai/codeyy/GP/SFR/safir/squared exponential/1.png>
Package pdftex.def Info: C:/ASU/Semester 2/space robotics and ai/codeyy/GP/SFR/safir/squared exponential/1.png  used on input line 90.
(pdftex.def)             Requested size: 113.52063pt x 97.86053pt.
<C:/ASU/Semester 2/space robotics and ai/codeyy/GP/SFR/safir/exponential/2.png, id=6, 737.8767pt x 628.0263pt>
File: C:/ASU/Semester 2/space robotics and ai/codeyy/GP/SFR/safir/exponential/2.png Graphic file (type png)
<use C:/ASU/Semester 2/space robotics and ai/codeyy/GP/SFR/safir/exponential/2.png>
Package pdftex.def Info: C:/ASU/Semester 2/space robotics and ai/codeyy/GP/SFR/safir/exponential/2.png  used on input line 92.
(pdftex.def)             Requested size: 113.52063pt x 96.61476pt.
<C:/ASU/Semester 2/space robotics and ai/codeyy/GP/SFR/safir/matern_1.5/2.png, id=7, 737.8767pt x 628.0263pt>
File: C:/ASU/Semester 2/space robotics and ai/codeyy/GP/SFR/safir/matern_1.5/2.png Graphic file (type png)
<use C:/ASU/Semester 2/space robotics and ai/codeyy/GP/SFR/safir/matern_1.5/2.png>
Package pdftex.def Info: C:/ASU/Semester 2/space robotics and ai/codeyy/GP/SFR/safir/matern_1.5/2.png  used on input line 94.
(pdftex.def)             Requested size: 113.52063pt x 96.61476pt.
<C:/ASU/Semester 2/space robotics and ai/codeyy/GP/SFR/safir/matern_2.5/2.png, id=8, 737.8767pt x 628.0263pt>
File: C:/ASU/Semester 2/space robotics and ai/codeyy/GP/SFR/safir/matern_2.5/2.png Graphic file (type png)
<use C:/ASU/Semester 2/space robotics and ai/codeyy/GP/SFR/safir/matern_2.5/2.png>
Package pdftex.def Info: C:/ASU/Semester 2/space robotics and ai/codeyy/GP/SFR/safir/matern_2.5/2.png  used on input line 96.
(pdftex.def)             Requested size: 113.52063pt x 96.61476pt.
<C:/ASU/Semester 2/space robotics and ai/codeyy/GP/SFR/safir/squared exponential/2.png, id=9, 737.8767pt x 628.0263pt>
File: C:/ASU/Semester 2/space robotics and ai/codeyy/GP/SFR/safir/squared exponential/2.png Graphic file (type png)
<use C:/ASU/Semester 2/space robotics and ai/codeyy/GP/SFR/safir/squared exponential/2.png>
Package pdftex.def Info: C:/ASU/Semester 2/space robotics and ai/codeyy/GP/SFR/safir/squared exponential/2.png  used on input line 98.
(pdftex.def)             Requested size: 113.52063pt x 96.61476pt.

Underfull \hbox (badness 1490) in paragraph at lines 98--98
[]\OT1/ptm/m/n/8 (h) |Squared Ex-po-nen-tial Un-cer-
 []



[1{C:/Users/battu/AppData/Local/MiKTeX/fonts/map/pdftex/pdftex.map}{C:/Users/battu/AppData/Local/Programs/MiKTeX/fonts/enc/dvips/base/8r.enc}


]
<C:/ASU/Semester 2/space robotics and ai/codeyy/GP/SFR/safir/exponential/3.png, id=27, 1277.7336pt x 357.7365pt>
File: C:/ASU/Semester 2/space robotics and ai/codeyy/GP/SFR/safir/exponential/3.png Graphic file (type png)
<use C:/ASU/Semester 2/space robotics and ai/codeyy/GP/SFR/safir/exponential/3.png>
Package pdftex.def Info: C:/ASU/Semester 2/space robotics and ai/codeyy/GP/SFR/safir/exponential/3.png  used on input line 121.
(pdftex.def)             Requested size: 464.39685pt x 130.01868pt.
<C:/ASU/Semester 2/space robotics and ai/codeyy/GP/SFR/safir/matern_1.5/3.png, id=28, 1279.9017pt x 357.7365pt>
File: C:/ASU/Semester 2/space robotics and ai/codeyy/GP/SFR/safir/matern_1.5/3.png Graphic file (type png)
<use C:/ASU/Semester 2/space robotics and ai/codeyy/GP/SFR/safir/matern_1.5/3.png>
Package pdftex.def Info: C:/ASU/Semester 2/space robotics and ai/codeyy/GP/SFR/safir/matern_1.5/3.png  used on input line 123.
(pdftex.def)             Requested size: 464.39685pt x 129.80034pt.
<C:/ASU/Semester 2/space robotics and ai/codeyy/GP/SFR/safir/matern_2.5/3.png, id=29, 1279.9017pt x 357.7365pt>
File: C:/ASU/Semester 2/space robotics and ai/codeyy/GP/SFR/safir/matern_2.5/3.png Graphic file (type png)
<use C:/ASU/Semester 2/space robotics and ai/codeyy/GP/SFR/safir/matern_2.5/3.png>
Package pdftex.def Info: C:/ASU/Semester 2/space robotics and ai/codeyy/GP/SFR/safir/matern_2.5/3.png  used on input line 125.
(pdftex.def)             Requested size: 464.39685pt x 129.80034pt.
<C:/ASU/Semester 2/space robotics and ai/codeyy/GP/SFR/safir/squared exponential/3.png, id=30, 1279.9017pt x 357.7365pt>
File: C:/ASU/Semester 2/space robotics and ai/codeyy/GP/SFR/safir/squared exponential/3.png Graphic file (type png)
<use C:/ASU/Semester 2/space robotics and ai/codeyy/GP/SFR/safir/squared exponential/3.png>
Package pdftex.def Info: C:/ASU/Semester 2/space robotics and ai/codeyy/GP/SFR/safir/squared exponential/3.png  used on input line 127.
(pdftex.def)             Requested size: 464.39685pt x 129.80034pt.


** Conference Paper **
Before submitting the final camera ready copy, remember to:

 1. Manually equalize the lengths of two columns on the last page
 of your paper;

 2. Ensure that any PostScript and/or PDF output post-processing
 uses only Type 1 fonts and that every step in the generation
 process uses the appropriate paper size.





[2

 <C:/ASU/Semester 2/space robotics and ai/codeyy/GP/SFR/safir/exponential/1.png> <C:/ASU/Semester 2/space robotics and ai/codeyy/GP/SFR/safir/matern_1.5/1.png> <C:/ASU/Semester 2/space robotics and ai/codeyy/GP/SFR/safir/matern_2.5/1.png> <C:/ASU/Semester 2/space robotics and ai/codeyy/GP/SFR/safir/squared exponential/1.png> <C:/ASU/Semester 2/space robotics and ai/codeyy/GP/SFR/safir/exponential/2.png> <C:/ASU/Semester 2/space robotics and ai/codeyy/GP/SFR/safir/matern_1.5/2.png> <C:/ASU/Semester 2/space robotics and ai/codeyy/GP/SFR/safir/matern_2.5/2.png> <C:/ASU/Semester 2/space robotics and ai/codeyy/GP/SFR/safir/squared exponential/2.png>]

LaTeX Warning: Text page 3 contains only floats.


Overfull \vbox (17.61977pt too high) has occurred while \output is active []




LaTeX Warning: Text page 3 contains only floats.


Overfull \vbox (17.61977pt too high) has occurred while \output is active []




Overfull \vbox (0.81985pt too high) has occurred while \output is active []

 [3 <C:/ASU/Semester 2/space robotics and ai/codeyy/GP/SFR/safir/exponential/3.png> <C:/ASU/Semester 2/space robotics and ai/codeyy/GP/SFR/safir/matern_1.5/3.png> <C:/ASU/Semester 2/space robotics and ai/codeyy/GP/SFR/safir/matern_2.5/3.png> <C:/ASU/Semester 2/space robotics and ai/codeyy/GP/SFR/safir/squared exponential/3.png>] (sfr.aux)
 ***********
LaTeX2e <2024-11-01> patch level 2
L3 programming layer <2025-01-18>
 ***********
 ) 
Here is how much of TeX's memory you used:
 5816 strings out of 473523
 105177 string characters out of 5714631
 506163 words of memory out of 5000000
 29001 multiletter control sequences out of 15000+600000
 598350 words of font info for 121 fonts, out of 8000000 for 9000
 1141 hyphenation exceptions out of 8191
 69i,14n,79p,350b,404s stack positions out of 10000i,1000n,20000p,200000b,200000s
<C:/Users/battu/AppData/Local/Programs/MiKTeX/fonts/type1/public/amsfonts/cm/cmbx10.pfb><C:/Users/battu/AppData/Local/Programs/MiKTeX/fonts/type1/public/amsfonts/cm/cmex10.pfb><C:/Users/battu/AppData/Local/Programs/MiKTeX/fonts/type1/public/amsfonts/cm/cmmi10.pfb><C:/Users/battu/AppData/Local/Programs/MiKTeX/fonts/type1/public/amsfonts/cm/cmmi7.pfb><C:/Users/battu/AppData/Local/Programs/MiKTeX/fonts/type1/public/amsfonts/cm/cmr10.pfb><C:/Users/battu/AppData/Local/Programs/MiKTeX/fonts/type1/public/amsfonts/cm/cmr7.pfb><C:/Users/battu/AppData/Local/Programs/MiKTeX/fonts/type1/public/amsfonts/cm/cmsy10.pfb><C:/Users/battu/AppData/Local/Programs/MiKTeX/fonts/type1/public/amsfonts/cm/cmsy7.pfb><C:/Users/battu/AppData/Local/Programs/MiKTeX/fonts/type1/public/amsfonts/cm/cmsy8.pfb><C:/Users/battu/AppData/Local/Programs/MiKTeX/fonts/type1/urw/times/utmb8a.pfb><C:/Users/battu/AppData/Local/Programs/MiKTeX/fonts/type1/urw/times/utmbi8a.pfb><C:/Users/battu/AppData/Local/Programs/MiKTeX/fonts/type1/urw/times/utmr8a.pfb><C:/Users/battu/AppData/Local/Programs/MiKTeX/fonts/type1/urw/times/utmri8a.pfb>
Output written on sfr.pdf (3 pages, 2165262 bytes).
PDF statistics:
 103 PDF objects out of 1000 (max. 8388607)
 0 named destinations out of 1000 (max. 500000)
 61 words of extra memory for PDF output out of 10000 (max. 10000000)

