[0.076s] DEBUG:colcon:Command line arguments: ['/usr/bin/colcon', 'build']
[0.076s] DEBUG:colcon:Parsed command line arguments: Namespace(log_base=None, log_level=None, verb_name='build', build_base='build', install_base='install', merge_install=False, symlink_install=False, test_result_base=None, continue_on_error=False, executor='parallel', parallel_workers=16, event_handlers=None, ignore_user_meta=False, metas=['./colcon.meta'], base_paths=['.'], packages_ignore=None, packages_ignore_regex=None, paths=None, packages_up_to=None, packages_up_to_regex=None, packages_above=None, packages_above_and_dependencies=None, packages_above_depth=None, packages_select_by_dep=None, packages_skip_by_dep=None, packages_skip_up_to=None, packages_select_build_failed=False, packages_skip_build_finished=False, packages_select_test_failures=False, packages_skip_test_passed=False, packages_select=None, packages_skip=None, packages_select_regex=None, packages_skip_regex=None, packages_start=None, packages_end=None, allow_overriding=[], cmake_args=None, cmake_target=None, cmake_target_skip_unavailable=False, cmake_clean_cache=False, cmake_clean_first=False, cmake_force_configure=False, ament_cmake_args=None, catkin_cmake_args=None, catkin_skip_building_tests=False, mixin_files=None, mixin=None, verb_parser=<colcon_mixin.mixin.mixin_argument.MixinArgumentDecorator object at 0x79738689e810>, verb_extension=<colcon_core.verb.build.BuildVerb object at 0x79738689e4e0>, main=<bound method BuildVerb.main of <colcon_core.verb.build.BuildVerb object at 0x79738689e4e0>>, mixin_verb=('build',))
[0.105s] Level 1:colcon.colcon_core.package_discovery:discover_packages(colcon_meta) check parameters
[0.105s] Level 1:colcon.colcon_core.package_discovery:discover_packages(recursive) check parameters
[0.105s] Level 1:colcon.colcon_core.package_discovery:discover_packages(ignore) check parameters
[0.105s] Level 1:colcon.colcon_core.package_discovery:discover_packages(path) check parameters
[0.105s] Level 1:colcon.colcon_core.package_discovery:discover_packages(colcon_meta) discover
[0.105s] Level 1:colcon.colcon_core.package_discovery:discover_packages(recursive) discover
[0.105s] INFO:colcon.colcon_core.package_discovery:Crawling recursively for packages in '/home/blazar/workspaces/rockytimes_ws'
[0.105s] Level 1:colcon.colcon_core.package_identification:_identify(.) by extensions ['ignore', 'ignore_ament_install']
[0.105s] Level 1:colcon.colcon_core.package_identification:_identify(.) by extension 'ignore'
[0.105s] Level 1:colcon.colcon_core.package_identification:_identify(.) by extension 'ignore_ament_install'
[0.105s] Level 1:colcon.colcon_core.package_identification:_identify(.) by extensions ['colcon_pkg']
[0.105s] Level 1:colcon.colcon_core.package_identification:_identify(.) by extension 'colcon_pkg'
[0.105s] Level 1:colcon.colcon_core.package_identification:_identify(.) by extensions ['colcon_meta']
[0.105s] Level 1:colcon.colcon_core.package_identification:_identify(.) by extension 'colcon_meta'
[0.105s] Level 1:colcon.colcon_core.package_identification:_identify(.) by extensions ['ros']
[0.105s] Level 1:colcon.colcon_core.package_identification:_identify(.) by extension 'ros'
[0.124s] Level 1:colcon.colcon_core.package_identification:_identify(.) by extensions ['cmake', 'python']
[0.124s] Level 1:colcon.colcon_core.package_identification:_identify(.) by extension 'cmake'
[0.124s] Level 1:colcon.colcon_core.package_identification:_identify(.) by extension 'python'
[0.124s] Level 1:colcon.colcon_core.package_identification:_identify(.) by extensions ['python_setup_py']
[0.124s] Level 1:colcon.colcon_core.package_identification:_identify(.) by extension 'python_setup_py'
[0.124s] Level 1:colcon.colcon_core.package_identification:_identify(build) by extensions ['ignore', 'ignore_ament_install']
[0.124s] Level 1:colcon.colcon_core.package_identification:_identify(build) by extension 'ignore'
[0.124s] Level 1:colcon.colcon_core.package_identification:_identify(build) ignored
[0.124s] Level 1:colcon.colcon_core.package_identification:_identify(install) by extensions ['ignore', 'ignore_ament_install']
[0.125s] Level 1:colcon.colcon_core.package_identification:_identify(install) by extension 'ignore'
[0.125s] Level 1:colcon.colcon_core.package_identification:_identify(install) ignored
[0.125s] Level 1:colcon.colcon_core.package_identification:_identify(log) by extensions ['ignore', 'ignore_ament_install']
[0.125s] Level 1:colcon.colcon_core.package_identification:_identify(log) by extension 'ignore'
[0.125s] Level 1:colcon.colcon_core.package_identification:_identify(log) ignored
[0.125s] Level 1:colcon.colcon_core.package_identification:_identify(src) by extensions ['ignore', 'ignore_ament_install']
[0.125s] Level 1:colcon.colcon_core.package_identification:_identify(src) by extension 'ignore'
[0.125s] Level 1:colcon.colcon_core.package_identification:_identify(src) by extension 'ignore_ament_install'
[0.125s] Level 1:colcon.colcon_core.package_identification:_identify(src) by extensions ['colcon_pkg']
[0.125s] Level 1:colcon.colcon_core.package_identification:_identify(src) by extension 'colcon_pkg'
[0.125s] Level 1:colcon.colcon_core.package_identification:_identify(src) by extensions ['colcon_meta']
[0.125s] Level 1:colcon.colcon_core.package_identification:_identify(src) by extension 'colcon_meta'
[0.125s] Level 1:colcon.colcon_core.package_identification:_identify(src) by extensions ['ros']
[0.125s] Level 1:colcon.colcon_core.package_identification:_identify(src) by extension 'ros'
[0.125s] Level 1:colcon.colcon_core.package_identification:_identify(src) by extensions ['cmake', 'python']
[0.125s] Level 1:colcon.colcon_core.package_identification:_identify(src) by extension 'cmake'
[0.125s] Level 1:colcon.colcon_core.package_identification:_identify(src) by extension 'python'
[0.125s] Level 1:colcon.colcon_core.package_identification:_identify(src) by extensions ['python_setup_py']
[0.125s] Level 1:colcon.colcon_core.package_identification:_identify(src) by extension 'python_setup_py'
[0.125s] Level 1:colcon.colcon_core.package_identification:_identify(src/mission) by extensions ['ignore', 'ignore_ament_install']
[0.125s] Level 1:colcon.colcon_core.package_identification:_identify(src/mission) by extension 'ignore'
[0.125s] Level 1:colcon.colcon_core.package_identification:_identify(src/mission) by extension 'ignore_ament_install'
[0.125s] Level 1:colcon.colcon_core.package_identification:_identify(src/mission) by extensions ['colcon_pkg']
[0.125s] Level 1:colcon.colcon_core.package_identification:_identify(src/mission) by extension 'colcon_pkg'
[0.125s] Level 1:colcon.colcon_core.package_identification:_identify(src/mission) by extensions ['colcon_meta']
[0.125s] Level 1:colcon.colcon_core.package_identification:_identify(src/mission) by extension 'colcon_meta'
[0.125s] Level 1:colcon.colcon_core.package_identification:_identify(src/mission) by extensions ['ros']
[0.125s] Level 1:colcon.colcon_core.package_identification:_identify(src/mission) by extension 'ros'
[0.127s] DEBUG:colcon.colcon_core.package_identification:Package 'src/mission' with type 'ros.ament_cmake' and name 'mission'
[0.127s] Level 1:colcon.colcon_core.package_identification:_identify(src/px4_msgs) by extensions ['ignore', 'ignore_ament_install']
[0.127s] Level 1:colcon.colcon_core.package_identification:_identify(src/px4_msgs) by extension 'ignore'
[0.127s] Level 1:colcon.colcon_core.package_identification:_identify(src/px4_msgs) by extension 'ignore_ament_install'
[0.127s] Level 1:colcon.colcon_core.package_identification:_identify(src/px4_msgs) by extensions ['colcon_pkg']
[0.127s] Level 1:colcon.colcon_core.package_identification:_identify(src/px4_msgs) by extension 'colcon_pkg'
[0.127s] Level 1:colcon.colcon_core.package_identification:_identify(src/px4_msgs) by extensions ['colcon_meta']
[0.127s] Level 1:colcon.colcon_core.package_identification:_identify(src/px4_msgs) by extension 'colcon_meta'
[0.127s] Level 1:colcon.colcon_core.package_identification:_identify(src/px4_msgs) by extensions ['ros']
[0.127s] Level 1:colcon.colcon_core.package_identification:_identify(src/px4_msgs) by extension 'ros'
[0.128s] DEBUG:colcon.colcon_core.package_identification:Package 'src/px4_msgs' with type 'ros.ament_cmake' and name 'px4_msgs'
[0.128s] Level 1:colcon.colcon_core.package_identification:_identify(src/terrain_mapping_drone_control) by extensions ['ignore', 'ignore_ament_install']
[0.128s] Level 1:colcon.colcon_core.package_identification:_identify(src/terrain_mapping_drone_control) by extension 'ignore'
[0.128s] Level 1:colcon.colcon_core.package_identification:_identify(src/terrain_mapping_drone_control) by extension 'ignore_ament_install'
[0.128s] Level 1:colcon.colcon_core.package_identification:_identify(src/terrain_mapping_drone_control) by extensions ['colcon_pkg']
[0.128s] Level 1:colcon.colcon_core.package_identification:_identify(src/terrain_mapping_drone_control) by extension 'colcon_pkg'
[0.128s] Level 1:colcon.colcon_core.package_identification:_identify(src/terrain_mapping_drone_control) by extensions ['colcon_meta']
[0.128s] Level 1:colcon.colcon_core.package_identification:_identify(src/terrain_mapping_drone_control) by extension 'colcon_meta'
[0.128s] Level 1:colcon.colcon_core.package_identification:_identify(src/terrain_mapping_drone_control) by extensions ['ros']
[0.128s] Level 1:colcon.colcon_core.package_identification:_identify(src/terrain_mapping_drone_control) by extension 'ros'
[0.129s] DEBUG:colcon.colcon_core.package_identification:Package 'src/terrain_mapping_drone_control' with type 'ros.ament_python' and name 'terrain_mapping_drone_control'
[0.129s] Level 1:colcon.colcon_core.package_discovery:discover_packages(recursive) using defaults
[0.129s] Level 1:colcon.colcon_core.package_discovery:discover_packages(ignore) discover
[0.129s] Level 1:colcon.colcon_core.package_discovery:discover_packages(ignore) using defaults
[0.129s] Level 1:colcon.colcon_core.package_discovery:discover_packages(path) discover
[0.129s] Level 1:colcon.colcon_core.package_discovery:discover_packages(path) using defaults
[0.141s] Level 1:colcon.colcon_core.package_discovery:discover_packages(prefix_path) check parameters
[0.141s] Level 1:colcon.colcon_core.package_discovery:discover_packages(prefix_path) discover
[0.142s] DEBUG:colcon.colcon_installed_package_information.package_discovery:Found 3 installed packages in /home/blazar/workspaces/rockytimes_ws/install
[0.143s] DEBUG:colcon.colcon_installed_package_information.package_discovery:Found 1 installed packages in /home/blazar/robotics1/scara_ws/install
[0.143s] DEBUG:colcon.colcon_installed_package_information.package_discovery:Found 7 installed packages in /home/blazar/workspaces/arduinobot_ws/install
[0.143s] DEBUG:colcon.colcon_installed_package_information.package_discovery:Found 2 installed packages in /home/blazar/workspaces/cartip_ws/install
[0.144s] DEBUG:colcon.colcon_installed_package_information.package_discovery:Found 2 installed packages in /home/blazar/workspaces/dobbie_ws/install
[0.144s] DEBUG:colcon.colcon_installed_package_information.package_discovery:Found 2 installed packages in /home/blazar/workspaces/ellie_ws/install
[0.145s] DEBUG:colcon.colcon_installed_package_information.package_discovery:Found 422 installed packages in /opt/ros/jazzy
[0.147s] Level 1:colcon.colcon_core.package_discovery:discover_packages(prefix_path) using defaults
[0.186s] Level 5:colcon.colcon_core.verb:set package 'mission' build argument 'cmake_args' from command line to 'None'
[0.186s] Level 5:colcon.colcon_core.verb:set package 'mission' build argument 'cmake_target' from command line to 'None'
[0.186s] Level 5:colcon.colcon_core.verb:set package 'mission' build argument 'cmake_target_skip_unavailable' from command line to 'False'
[0.186s] Level 5:colcon.colcon_core.verb:set package 'mission' build argument 'cmake_clean_cache' from command line to 'False'
[0.186s] Level 5:colcon.colcon_core.verb:set package 'mission' build argument 'cmake_clean_first' from command line to 'False'
[0.186s] Level 5:colcon.colcon_core.verb:set package 'mission' build argument 'cmake_force_configure' from command line to 'False'
[0.186s] Level 5:colcon.colcon_core.verb:set package 'mission' build argument 'ament_cmake_args' from command line to 'None'
[0.186s] Level 5:colcon.colcon_core.verb:set package 'mission' build argument 'catkin_cmake_args' from command line to 'None'
[0.186s] Level 5:colcon.colcon_core.verb:set package 'mission' build argument 'catkin_skip_building_tests' from command line to 'False'
[0.186s] DEBUG:colcon.colcon_core.verb:Building package 'mission' with the following arguments: {'ament_cmake_args': None, 'build_base': '/home/blazar/workspaces/rockytimes_ws/build/mission', 'catkin_cmake_args': None, 'catkin_skip_building_tests': False, 'cmake_args': None, 'cmake_clean_cache': False, 'cmake_clean_first': False, 'cmake_force_configure': False, 'cmake_target': None, 'cmake_target_skip_unavailable': False, 'install_base': '/home/blazar/workspaces/rockytimes_ws/install/mission', 'merge_install': False, 'path': '/home/blazar/workspaces/rockytimes_ws/src/mission', 'symlink_install': False, 'test_result_base': None}
[0.187s] Level 5:colcon.colcon_core.verb:set package 'px4_msgs' build argument 'cmake_args' from command line to 'None'
[0.187s] Level 5:colcon.colcon_core.verb:set package 'px4_msgs' build argument 'cmake_target' from command line to 'None'
[0.187s] Level 5:colcon.colcon_core.verb:set package 'px4_msgs' build argument 'cmake_target_skip_unavailable' from command line to 'False'
[0.187s] Level 5:colcon.colcon_core.verb:set package 'px4_msgs' build argument 'cmake_clean_cache' from command line to 'False'
[0.187s] Level 5:colcon.colcon_core.verb:set package 'px4_msgs' build argument 'cmake_clean_first' from command line to 'False'
[0.187s] Level 5:colcon.colcon_core.verb:set package 'px4_msgs' build argument 'cmake_force_configure' from command line to 'False'
[0.187s] Level 5:colcon.colcon_core.verb:set package 'px4_msgs' build argument 'ament_cmake_args' from command line to 'None'
[0.187s] Level 5:colcon.colcon_core.verb:set package 'px4_msgs' build argument 'catkin_cmake_args' from command line to 'None'
[0.187s] Level 5:colcon.colcon_core.verb:set package 'px4_msgs' build argument 'catkin_skip_building_tests' from command line to 'False'
[0.187s] DEBUG:colcon.colcon_core.verb:Building package 'px4_msgs' with the following arguments: {'ament_cmake_args': None, 'build_base': '/home/blazar/workspaces/rockytimes_ws/build/px4_msgs', 'catkin_cmake_args': None, 'catkin_skip_building_tests': False, 'cmake_args': None, 'cmake_clean_cache': False, 'cmake_clean_first': False, 'cmake_force_configure': False, 'cmake_target': None, 'cmake_target_skip_unavailable': False, 'install_base': '/home/blazar/workspaces/rockytimes_ws/install/px4_msgs', 'merge_install': False, 'path': '/home/blazar/workspaces/rockytimes_ws/src/px4_msgs', 'symlink_install': False, 'test_result_base': None}
[0.187s] Level 5:colcon.colcon_core.verb:set package 'terrain_mapping_drone_control' build argument 'cmake_args' from command line to 'None'
[0.187s] Level 5:colcon.colcon_core.verb:set package 'terrain_mapping_drone_control' build argument 'cmake_target' from command line to 'None'
[0.187s] Level 5:colcon.colcon_core.verb:set package 'terrain_mapping_drone_control' build argument 'cmake_target_skip_unavailable' from command line to 'False'
[0.187s] Level 5:colcon.colcon_core.verb:set package 'terrain_mapping_drone_control' build argument 'cmake_clean_cache' from command line to 'False'
[0.187s] Level 5:colcon.colcon_core.verb:set package 'terrain_mapping_drone_control' build argument 'cmake_clean_first' from command line to 'False'
[0.187s] Level 5:colcon.colcon_core.verb:set package 'terrain_mapping_drone_control' build argument 'cmake_force_configure' from command line to 'False'
[0.187s] Level 5:colcon.colcon_core.verb:set package 'terrain_mapping_drone_control' build argument 'ament_cmake_args' from command line to 'None'
[0.187s] Level 5:colcon.colcon_core.verb:set package 'terrain_mapping_drone_control' build argument 'catkin_cmake_args' from command line to 'None'
[0.187s] Level 5:colcon.colcon_core.verb:set package 'terrain_mapping_drone_control' build argument 'catkin_skip_building_tests' from command line to 'False'
[0.187s] DEBUG:colcon.colcon_core.verb:Building package 'terrain_mapping_drone_control' with the following arguments: {'ament_cmake_args': None, 'build_base': '/home/blazar/workspaces/rockytimes_ws/build/terrain_mapping_drone_control', 'catkin_cmake_args': None, 'catkin_skip_building_tests': False, 'cmake_args': None, 'cmake_clean_cache': False, 'cmake_clean_first': False, 'cmake_force_configure': False, 'cmake_target': None, 'cmake_target_skip_unavailable': False, 'install_base': '/home/blazar/workspaces/rockytimes_ws/install/terrain_mapping_drone_control', 'merge_install': False, 'path': '/home/blazar/workspaces/rockytimes_ws/src/terrain_mapping_drone_control', 'symlink_install': False, 'test_result_base': None}
[0.187s] INFO:colcon.colcon_core.executor:Executing jobs using 'parallel' executor
[0.188s] DEBUG:colcon.colcon_parallel_executor.executor.parallel:run_until_complete
[0.188s] INFO:colcon.colcon_ros.task.ament_cmake.build:Building ROS package in '/home/blazar/workspaces/rockytimes_ws/src/px4_msgs' with build type 'ament_cmake'
[0.188s] INFO:colcon.colcon_cmake.task.cmake.build:Building CMake package in '/home/blazar/workspaces/rockytimes_ws/src/px4_msgs'
[0.190s] INFO:colcon.colcon_core.plugin_system:Skipping extension 'colcon_core.shell.bat': Not used on non-Windows systems
[0.190s] INFO:colcon.colcon_core.shell:Skip shell extension 'powershell' for command environment: Not usable outside of PowerShell
[0.190s] DEBUG:colcon.colcon_core.shell:Skip shell extension 'dsv' for command environment
[0.194s] INFO:colcon.colcon_ros.task.ament_cmake.build:Building ROS package in '/home/blazar/workspaces/rockytimes_ws/src/mission' with build type 'ament_cmake'
[0.194s] INFO:colcon.colcon_cmake.task.cmake.build:Building CMake package in '/home/blazar/workspaces/rockytimes_ws/src/mission'
[0.194s] INFO:colcon.colcon_core.shell:Skip shell extension 'powershell' for command environment: Not usable outside of PowerShell
[0.194s] DEBUG:colcon.colcon_core.shell:Skip shell extension 'dsv' for command environment
[0.201s] DEBUG:colcon.colcon_core.event_handler.log_command:Invoking command in '/home/blazar/workspaces/rockytimes_ws/build/px4_msgs': CMAKE_PREFIX_PATH=${CMAKE_PREFIX_PATH}:/home/blazar/workspaces/rockytimes_ws/install/terrain_mapping_drone_control:/home/blazar/workspaces/ellie_ws/install/ellie:/home/blazar/robotics1/scara_ws/install/desco:/home/blazar/workspaces/arduinobot_ws/install/arduinobot_py_examples:/home/blazar/workspaces/cartip_ws/install/ralpoley:/home/blazar/workspaces/cartip_ws/install/cart_pole_optimal_control:/opt/ros/jazzy DEBUGINFOD_URLS=https://debuginfod.ubuntu.com PS1=(thingsbro) \[\e]0;\u@\h: \w\a\]${debian_chroot:+($debian_chroot)}\[\033[01;32m\]\u@\h\[\033[00m\]:\[\033[01;34m\]\w\[\033[00m\]\$ VIRTUAL_ENV_PROMPT=(thingsbro) /usr/bin/cmake --build /home/blazar/workspaces/rockytimes_ws/build/px4_msgs -- -j16 -l16
[0.204s] DEBUG:colcon.colcon_core.event_handler.log_command:Invoking command in '/home/blazar/workspaces/rockytimes_ws/build/mission': CMAKE_PREFIX_PATH=${CMAKE_PREFIX_PATH}:/home/blazar/workspaces/rockytimes_ws/install/terrain_mapping_drone_control:/home/blazar/workspaces/ellie_ws/install/ellie:/home/blazar/robotics1/scara_ws/install/desco:/home/blazar/workspaces/arduinobot_ws/install/arduinobot_py_examples:/home/blazar/workspaces/cartip_ws/install/ralpoley:/home/blazar/workspaces/cartip_ws/install/cart_pole_optimal_control:/opt/ros/jazzy DEBUGINFOD_URLS=https://debuginfod.ubuntu.com PS1=(thingsbro) \[\e]0;\u@\h: \w\a\]${debian_chroot:+($debian_chroot)}\[\033[01;32m\]\u@\h\[\033[00m\]:\[\033[01;34m\]\w\[\033[00m\]\$ VIRTUAL_ENV_PROMPT=(thingsbro) /usr/bin/cmake --build /home/blazar/workspaces/rockytimes_ws/build/mission -- -j16 -l16
[0.240s] DEBUG:colcon.colcon_core.event_handler.log_command:Invoked command in '/home/blazar/workspaces/rockytimes_ws/build/mission' returned '0': CMAKE_PREFIX_PATH=${CMAKE_PREFIX_PATH}:/home/blazar/workspaces/rockytimes_ws/install/terrain_mapping_drone_control:/home/blazar/workspaces/ellie_ws/install/ellie:/home/blazar/robotics1/scara_ws/install/desco:/home/blazar/workspaces/arduinobot_ws/install/arduinobot_py_examples:/home/blazar/workspaces/cartip_ws/install/ralpoley:/home/blazar/workspaces/cartip_ws/install/cart_pole_optimal_control:/opt/ros/jazzy DEBUGINFOD_URLS=https://debuginfod.ubuntu.com PS1=(thingsbro) \[\e]0;\u@\h: \w\a\]${debian_chroot:+($debian_chroot)}\[\033[01;32m\]\u@\h\[\033[00m\]:\[\033[01;34m\]\w\[\033[00m\]\$ VIRTUAL_ENV_PROMPT=(thingsbro) /usr/bin/cmake --build /home/blazar/workspaces/rockytimes_ws/build/mission -- -j16 -l16
[0.250s] DEBUG:colcon.colcon_core.event_handler.log_command:Invoking command in '/home/blazar/workspaces/rockytimes_ws/build/mission': CMAKE_PREFIX_PATH=${CMAKE_PREFIX_PATH}:/home/blazar/workspaces/rockytimes_ws/install/terrain_mapping_drone_control:/home/blazar/workspaces/ellie_ws/install/ellie:/home/blazar/robotics1/scara_ws/install/desco:/home/blazar/workspaces/arduinobot_ws/install/arduinobot_py_examples:/home/blazar/workspaces/cartip_ws/install/ralpoley:/home/blazar/workspaces/cartip_ws/install/cart_pole_optimal_control:/opt/ros/jazzy DEBUGINFOD_URLS=https://debuginfod.ubuntu.com PS1=(thingsbro) \[\e]0;\u@\h: \w\a\]${debian_chroot:+($debian_chroot)}\[\033[01;32m\]\u@\h\[\033[00m\]:\[\033[01;34m\]\w\[\033[00m\]\$ VIRTUAL_ENV_PROMPT=(thingsbro) /usr/bin/cmake --install /home/blazar/workspaces/rockytimes_ws/build/mission
[0.263s] Level 1:colcon.colcon_core.environment:create_environment_scripts_only(mission)
[0.264s] DEBUG:colcon.colcon_core.event_handler.log_command:Invoked command in '/home/blazar/workspaces/rockytimes_ws/build/mission' returned '0': CMAKE_PREFIX_PATH=${CMAKE_PREFIX_PATH}:/home/blazar/workspaces/rockytimes_ws/install/terrain_mapping_drone_control:/home/blazar/workspaces/ellie_ws/install/ellie:/home/blazar/robotics1/scara_ws/install/desco:/home/blazar/workspaces/arduinobot_ws/install/arduinobot_py_examples:/home/blazar/workspaces/cartip_ws/install/ralpoley:/home/blazar/workspaces/cartip_ws/install/cart_pole_optimal_control:/opt/ros/jazzy DEBUGINFOD_URLS=https://debuginfod.ubuntu.com PS1=(thingsbro) \[\e]0;\u@\h: \w\a\]${debian_chroot:+($debian_chroot)}\[\033[01;32m\]\u@\h\[\033[00m\]:\[\033[01;34m\]\w\[\033[00m\]\$ VIRTUAL_ENV_PROMPT=(thingsbro) /usr/bin/cmake --install /home/blazar/workspaces/rockytimes_ws/build/mission
[0.265s] Level 1:colcon.colcon_core.environment:checking '/home/blazar/workspaces/rockytimes_ws/install/mission' for CMake module files
[0.266s] Level 1:colcon.colcon_core.environment:checking '/home/blazar/workspaces/rockytimes_ws/install/mission' for CMake config files
[0.266s] Level 1:colcon.colcon_core.shell:create_environment_hook('mission', 'cmake_prefix_path')
[0.266s] INFO:colcon.colcon_core.shell:Creating environment hook '/home/blazar/workspaces/rockytimes_ws/install/mission/share/mission/hook/cmake_prefix_path.ps1'
[0.267s] INFO:colcon.colcon_core.shell:Creating environment descriptor '/home/blazar/workspaces/rockytimes_ws/install/mission/share/mission/hook/cmake_prefix_path.dsv'
[0.267s] INFO:colcon.colcon_core.shell:Creating environment hook '/home/blazar/workspaces/rockytimes_ws/install/mission/share/mission/hook/cmake_prefix_path.sh'
[0.267s] Level 1:colcon.colcon_core.environment:checking '/home/blazar/workspaces/rockytimes_ws/install/mission/lib'
[0.268s] Level 1:colcon.colcon_core.environment:checking '/home/blazar/workspaces/rockytimes_ws/install/mission/bin'
[0.268s] Level 1:colcon.colcon_core.environment:checking '/home/blazar/workspaces/rockytimes_ws/install/mission/lib/pkgconfig/mission.pc'
[0.268s] Level 1:colcon.colcon_core.environment:checking '/home/blazar/workspaces/rockytimes_ws/install/mission/lib/python3.12/site-packages'
[0.268s] Level 1:colcon.colcon_core.environment:checking '/home/blazar/workspaces/rockytimes_ws/install/mission/bin'
[0.268s] INFO:colcon.colcon_core.shell:Creating package script '/home/blazar/workspaces/rockytimes_ws/install/mission/share/mission/package.ps1'
[0.269s] INFO:colcon.colcon_core.shell:Creating package descriptor '/home/blazar/workspaces/rockytimes_ws/install/mission/share/mission/package.dsv'
[0.269s] INFO:colcon.colcon_core.shell:Creating package script '/home/blazar/workspaces/rockytimes_ws/install/mission/share/mission/package.sh'
[0.269s] INFO:colcon.colcon_core.shell:Creating package script '/home/blazar/workspaces/rockytimes_ws/install/mission/share/mission/package.bash'
[0.270s] INFO:colcon.colcon_core.shell:Creating package script '/home/blazar/workspaces/rockytimes_ws/install/mission/share/mission/package.zsh'
[0.270s] Level 1:colcon.colcon_core.environment:create_file_with_runtime_dependencies(/home/blazar/workspaces/rockytimes_ws/install/mission/share/colcon-core/packages/mission)
[0.270s] Level 1:colcon.colcon_core.environment:create_environment_scripts_only(mission)
[0.270s] Level 1:colcon.colcon_core.environment:checking '/home/blazar/workspaces/rockytimes_ws/install/mission' for CMake module files
[0.271s] Level 1:colcon.colcon_core.environment:checking '/home/blazar/workspaces/rockytimes_ws/install/mission' for CMake config files
[0.271s] Level 1:colcon.colcon_core.shell:create_environment_hook('mission', 'cmake_prefix_path')
[0.271s] INFO:colcon.colcon_core.shell:Creating environment hook '/home/blazar/workspaces/rockytimes_ws/install/mission/share/mission/hook/cmake_prefix_path.ps1'
[0.272s] INFO:colcon.colcon_core.shell:Creating environment descriptor '/home/blazar/workspaces/rockytimes_ws/install/mission/share/mission/hook/cmake_prefix_path.dsv'
[0.272s] INFO:colcon.colcon_core.shell:Creating environment hook '/home/blazar/workspaces/rockytimes_ws/install/mission/share/mission/hook/cmake_prefix_path.sh'
[0.272s] Level 1:colcon.colcon_core.environment:checking '/home/blazar/workspaces/rockytimes_ws/install/mission/lib'
[0.272s] Level 1:colcon.colcon_core.environment:checking '/home/blazar/workspaces/rockytimes_ws/install/mission/bin'
[0.272s] Level 1:colcon.colcon_core.environment:checking '/home/blazar/workspaces/rockytimes_ws/install/mission/lib/pkgconfig/mission.pc'
[0.273s] Level 1:colcon.colcon_core.environment:checking '/home/blazar/workspaces/rockytimes_ws/install/mission/lib/python3.12/site-packages'
[0.273s] Level 1:colcon.colcon_core.environment:checking '/home/blazar/workspaces/rockytimes_ws/install/mission/bin'
[0.273s] INFO:colcon.colcon_core.shell:Creating package script '/home/blazar/workspaces/rockytimes_ws/install/mission/share/mission/package.ps1'
[0.273s] INFO:colcon.colcon_core.shell:Creating package descriptor '/home/blazar/workspaces/rockytimes_ws/install/mission/share/mission/package.dsv'
[0.274s] INFO:colcon.colcon_core.shell:Creating package script '/home/blazar/workspaces/rockytimes_ws/install/mission/share/mission/package.sh'
[0.274s] INFO:colcon.colcon_core.shell:Creating package script '/home/blazar/workspaces/rockytimes_ws/install/mission/share/mission/package.bash'
[0.274s] INFO:colcon.colcon_core.shell:Creating package script '/home/blazar/workspaces/rockytimes_ws/install/mission/share/mission/package.zsh'
[0.274s] Level 1:colcon.colcon_core.environment:create_file_with_runtime_dependencies(/home/blazar/workspaces/rockytimes_ws/install/mission/share/colcon-core/packages/mission)
[1.274s] DEBUG:colcon.colcon_core.event_handler.log_command:Invoked command in '/home/blazar/workspaces/rockytimes_ws/build/px4_msgs' returned '0': CMAKE_PREFIX_PATH=${CMAKE_PREFIX_PATH}:/home/blazar/workspaces/rockytimes_ws/install/terrain_mapping_drone_control:/home/blazar/workspaces/ellie_ws/install/ellie:/home/blazar/robotics1/scara_ws/install/desco:/home/blazar/workspaces/arduinobot_ws/install/arduinobot_py_examples:/home/blazar/workspaces/cartip_ws/install/ralpoley:/home/blazar/workspaces/cartip_ws/install/cart_pole_optimal_control:/opt/ros/jazzy DEBUGINFOD_URLS=https://debuginfod.ubuntu.com PS1=(thingsbro) \[\e]0;\u@\h: \w\a\]${debian_chroot:+($debian_chroot)}\[\033[01;32m\]\u@\h\[\033[00m\]:\[\033[01;34m\]\w\[\033[00m\]\$ VIRTUAL_ENV_PROMPT=(thingsbro) /usr/bin/cmake --build /home/blazar/workspaces/rockytimes_ws/build/px4_msgs -- -j16 -l16
[1.275s] DEBUG:colcon.colcon_core.event_handler.log_command:Invoking command in '/home/blazar/workspaces/rockytimes_ws/build/px4_msgs': CMAKE_PREFIX_PATH=${CMAKE_PREFIX_PATH}:/home/blazar/workspaces/rockytimes_ws/install/terrain_mapping_drone_control:/home/blazar/workspaces/ellie_ws/install/ellie:/home/blazar/robotics1/scara_ws/install/desco:/home/blazar/workspaces/arduinobot_ws/install/arduinobot_py_examples:/home/blazar/workspaces/cartip_ws/install/ralpoley:/home/blazar/workspaces/cartip_ws/install/cart_pole_optimal_control:/opt/ros/jazzy DEBUGINFOD_URLS=https://debuginfod.ubuntu.com PS1=(thingsbro) \[\e]0;\u@\h: \w\a\]${debian_chroot:+($debian_chroot)}\[\033[01;32m\]\u@\h\[\033[00m\]:\[\033[01;34m\]\w\[\033[00m\]\$ VIRTUAL_ENV_PROMPT=(thingsbro) /usr/bin/cmake --install /home/blazar/workspaces/rockytimes_ws/build/px4_msgs
[1.676s] Level 1:colcon.colcon_core.environment:create_environment_scripts_only(px4_msgs)
[1.677s] Level 1:colcon.colcon_core.environment:checking '/home/blazar/workspaces/rockytimes_ws/install/px4_msgs' for CMake module files
[1.677s] DEBUG:colcon.colcon_core.event_handler.log_command:Invoked command in '/home/blazar/workspaces/rockytimes_ws/build/px4_msgs' returned '0': CMAKE_PREFIX_PATH=${CMAKE_PREFIX_PATH}:/home/blazar/workspaces/rockytimes_ws/install/terrain_mapping_drone_control:/home/blazar/workspaces/ellie_ws/install/ellie:/home/blazar/robotics1/scara_ws/install/desco:/home/blazar/workspaces/arduinobot_ws/install/arduinobot_py_examples:/home/blazar/workspaces/cartip_ws/install/ralpoley:/home/blazar/workspaces/cartip_ws/install/cart_pole_optimal_control:/opt/ros/jazzy DEBUGINFOD_URLS=https://debuginfod.ubuntu.com PS1=(thingsbro) \[\e]0;\u@\h: \w\a\]${debian_chroot:+($debian_chroot)}\[\033[01;32m\]\u@\h\[\033[00m\]:\[\033[01;34m\]\w\[\033[00m\]\$ VIRTUAL_ENV_PROMPT=(thingsbro) /usr/bin/cmake --install /home/blazar/workspaces/rockytimes_ws/build/px4_msgs
[1.678s] Level 1:colcon.colcon_core.environment:checking '/home/blazar/workspaces/rockytimes_ws/install/px4_msgs' for CMake config files
[1.678s] Level 1:colcon.colcon_core.shell:create_environment_hook('px4_msgs', 'cmake_prefix_path')
[1.678s] INFO:colcon.colcon_core.shell:Creating environment hook '/home/blazar/workspaces/rockytimes_ws/install/px4_msgs/share/px4_msgs/hook/cmake_prefix_path.ps1'
[1.678s] INFO:colcon.colcon_core.shell:Creating environment descriptor '/home/blazar/workspaces/rockytimes_ws/install/px4_msgs/share/px4_msgs/hook/cmake_prefix_path.dsv'
[1.679s] INFO:colcon.colcon_core.shell:Creating environment hook '/home/blazar/workspaces/rockytimes_ws/install/px4_msgs/share/px4_msgs/hook/cmake_prefix_path.sh'
[1.679s] Level 1:colcon.colcon_core.environment:checking '/home/blazar/workspaces/rockytimes_ws/install/px4_msgs/lib'
[1.679s] Level 1:colcon.colcon_core.shell:create_environment_hook('px4_msgs', 'ld_library_path_lib')
[1.679s] INFO:colcon.colcon_core.shell:Creating environment hook '/home/blazar/workspaces/rockytimes_ws/install/px4_msgs/share/px4_msgs/hook/ld_library_path_lib.ps1'
[1.679s] INFO:colcon.colcon_core.shell:Creating environment descriptor '/home/blazar/workspaces/rockytimes_ws/install/px4_msgs/share/px4_msgs/hook/ld_library_path_lib.dsv'
[1.680s] INFO:colcon.colcon_core.shell:Creating environment hook '/home/blazar/workspaces/rockytimes_ws/install/px4_msgs/share/px4_msgs/hook/ld_library_path_lib.sh'
[1.680s] Level 1:colcon.colcon_core.environment:checking '/home/blazar/workspaces/rockytimes_ws/install/px4_msgs/bin'
[1.680s] Level 1:colcon.colcon_core.environment:checking '/home/blazar/workspaces/rockytimes_ws/install/px4_msgs/lib/pkgconfig/px4_msgs.pc'
[1.680s] Level 1:colcon.colcon_core.environment:checking '/home/blazar/workspaces/rockytimes_ws/install/px4_msgs/lib/python3.12/site-packages'
[1.680s] Level 1:colcon.colcon_core.shell:create_environment_hook('px4_msgs', 'pythonpath')
[1.680s] INFO:colcon.colcon_core.shell:Creating environment hook '/home/blazar/workspaces/rockytimes_ws/install/px4_msgs/share/px4_msgs/hook/pythonpath.ps1'
[1.680s] INFO:colcon.colcon_core.shell:Creating environment descriptor '/home/blazar/workspaces/rockytimes_ws/install/px4_msgs/share/px4_msgs/hook/pythonpath.dsv'
[1.681s] INFO:colcon.colcon_core.shell:Creating environment hook '/home/blazar/workspaces/rockytimes_ws/install/px4_msgs/share/px4_msgs/hook/pythonpath.sh'
[1.681s] Level 1:colcon.colcon_core.environment:checking '/home/blazar/workspaces/rockytimes_ws/install/px4_msgs/bin'
[1.681s] INFO:colcon.colcon_core.shell:Creating package script '/home/blazar/workspaces/rockytimes_ws/install/px4_msgs/share/px4_msgs/package.ps1'
[1.681s] INFO:colcon.colcon_core.shell:Creating package descriptor '/home/blazar/workspaces/rockytimes_ws/install/px4_msgs/share/px4_msgs/package.dsv'
[1.682s] INFO:colcon.colcon_core.shell:Creating package script '/home/blazar/workspaces/rockytimes_ws/install/px4_msgs/share/px4_msgs/package.sh'
[1.682s] INFO:colcon.colcon_core.shell:Creating package script '/home/blazar/workspaces/rockytimes_ws/install/px4_msgs/share/px4_msgs/package.bash'
[1.682s] INFO:colcon.colcon_core.shell:Creating package script '/home/blazar/workspaces/rockytimes_ws/install/px4_msgs/share/px4_msgs/package.zsh'
[1.682s] Level 1:colcon.colcon_core.environment:create_file_with_runtime_dependencies(/home/blazar/workspaces/rockytimes_ws/install/px4_msgs/share/colcon-core/packages/px4_msgs)
[1.683s] Level 1:colcon.colcon_core.environment:create_environment_scripts_only(px4_msgs)
[1.683s] Level 1:colcon.colcon_core.environment:checking '/home/blazar/workspaces/rockytimes_ws/install/px4_msgs' for CMake module files
[1.683s] Level 1:colcon.colcon_core.environment:checking '/home/blazar/workspaces/rockytimes_ws/install/px4_msgs' for CMake config files
[1.683s] Level 1:colcon.colcon_core.shell:create_environment_hook('px4_msgs', 'cmake_prefix_path')
[1.684s] INFO:colcon.colcon_core.shell:Creating environment hook '/home/blazar/workspaces/rockytimes_ws/install/px4_msgs/share/px4_msgs/hook/cmake_prefix_path.ps1'
[1.684s] INFO:colcon.colcon_core.shell:Creating environment descriptor '/home/blazar/workspaces/rockytimes_ws/install/px4_msgs/share/px4_msgs/hook/cmake_prefix_path.dsv'
[1.684s] INFO:colcon.colcon_core.shell:Creating environment hook '/home/blazar/workspaces/rockytimes_ws/install/px4_msgs/share/px4_msgs/hook/cmake_prefix_path.sh'
[1.685s] Level 1:colcon.colcon_core.environment:checking '/home/blazar/workspaces/rockytimes_ws/install/px4_msgs/lib'
[1.685s] Level 1:colcon.colcon_core.shell:create_environment_hook('px4_msgs', 'ld_library_path_lib')
[1.685s] INFO:colcon.colcon_core.shell:Creating environment hook '/home/blazar/workspaces/rockytimes_ws/install/px4_msgs/share/px4_msgs/hook/ld_library_path_lib.ps1'
[1.685s] INFO:colcon.colcon_core.shell:Creating environment descriptor '/home/blazar/workspaces/rockytimes_ws/install/px4_msgs/share/px4_msgs/hook/ld_library_path_lib.dsv'
[1.685s] INFO:colcon.colcon_core.shell:Creating environment hook '/home/blazar/workspaces/rockytimes_ws/install/px4_msgs/share/px4_msgs/hook/ld_library_path_lib.sh'
[1.686s] Level 1:colcon.colcon_core.environment:checking '/home/blazar/workspaces/rockytimes_ws/install/px4_msgs/bin'
[1.686s] Level 1:colcon.colcon_core.environment:checking '/home/blazar/workspaces/rockytimes_ws/install/px4_msgs/lib/pkgconfig/px4_msgs.pc'
[1.686s] Level 1:colcon.colcon_core.environment:checking '/home/blazar/workspaces/rockytimes_ws/install/px4_msgs/lib/python3.12/site-packages'
[1.686s] Level 1:colcon.colcon_core.shell:create_environment_hook('px4_msgs', 'pythonpath')
[1.686s] INFO:colcon.colcon_core.shell:Creating environment hook '/home/blazar/workspaces/rockytimes_ws/install/px4_msgs/share/px4_msgs/hook/pythonpath.ps1'
[1.686s] INFO:colcon.colcon_core.shell:Creating environment descriptor '/home/blazar/workspaces/rockytimes_ws/install/px4_msgs/share/px4_msgs/hook/pythonpath.dsv'
[1.686s] INFO:colcon.colcon_core.shell:Creating environment hook '/home/blazar/workspaces/rockytimes_ws/install/px4_msgs/share/px4_msgs/hook/pythonpath.sh'
[1.687s] Level 1:colcon.colcon_core.environment:checking '/home/blazar/workspaces/rockytimes_ws/install/px4_msgs/bin'
[1.687s] INFO:colcon.colcon_core.shell:Creating package script '/home/blazar/workspaces/rockytimes_ws/install/px4_msgs/share/px4_msgs/package.ps1'
[1.687s] INFO:colcon.colcon_core.shell:Creating package descriptor '/home/blazar/workspaces/rockytimes_ws/install/px4_msgs/share/px4_msgs/package.dsv'
[1.687s] INFO:colcon.colcon_core.shell:Creating package script '/home/blazar/workspaces/rockytimes_ws/install/px4_msgs/share/px4_msgs/package.sh'
[1.688s] INFO:colcon.colcon_core.shell:Creating package script '/home/blazar/workspaces/rockytimes_ws/install/px4_msgs/share/px4_msgs/package.bash'
[1.688s] INFO:colcon.colcon_core.shell:Creating package script '/home/blazar/workspaces/rockytimes_ws/install/px4_msgs/share/px4_msgs/package.zsh'
[1.688s] Level 1:colcon.colcon_core.environment:create_file_with_runtime_dependencies(/home/blazar/workspaces/rockytimes_ws/install/px4_msgs/share/colcon-core/packages/px4_msgs)
[1.688s] INFO:colcon.colcon_ros.task.ament_python.build:Building ROS package in '/home/blazar/workspaces/rockytimes_ws/src/terrain_mapping_drone_control' with build type 'ament_python'
[1.688s] Level 1:colcon.colcon_core.shell:create_environment_hook('terrain_mapping_drone_control', 'ament_prefix_path')
[1.689s] INFO:colcon.colcon_core.shell:Creating environment hook '/home/blazar/workspaces/rockytimes_ws/install/terrain_mapping_drone_control/share/terrain_mapping_drone_control/hook/ament_prefix_path.ps1'
[1.689s] INFO:colcon.colcon_core.shell:Creating environment descriptor '/home/blazar/workspaces/rockytimes_ws/install/terrain_mapping_drone_control/share/terrain_mapping_drone_control/hook/ament_prefix_path.dsv'
[1.689s] INFO:colcon.colcon_core.shell:Creating environment hook '/home/blazar/workspaces/rockytimes_ws/install/terrain_mapping_drone_control/share/terrain_mapping_drone_control/hook/ament_prefix_path.sh'
[1.690s] INFO:colcon.colcon_core.shell:Skip shell extension 'powershell' for command environment: Not usable outside of PowerShell
[1.690s] DEBUG:colcon.colcon_core.shell:Skip shell extension 'dsv' for command environment
[1.851s] INFO:colcon.colcon_core.task.python.build:Building Python package in '/home/blazar/workspaces/rockytimes_ws/src/terrain_mapping_drone_control'
[1.851s] INFO:colcon.colcon_core.shell:Skip shell extension 'powershell' for command environment: Not usable outside of PowerShell
[1.851s] DEBUG:colcon.colcon_core.shell:Skip shell extension 'dsv' for command environment
[2.270s] DEBUG:colcon.colcon_core.event_handler.log_command:Invoking command in '/home/blazar/workspaces/rockytimes_ws/src/terrain_mapping_drone_control': DEBUGINFOD_URLS=https://debuginfod.ubuntu.com PS1=(thingsbro) \[\e]0;\u@\h: \w\a\]${debian_chroot:+($debian_chroot)}\[\033[01;32m\]\u@\h\[\033[00m\]:\[\033[01;34m\]\w\[\033[00m\]\$ PYTHONPATH=/home/blazar/workspaces/rockytimes_ws/build/terrain_mapping_drone_control/prefix_override:/usr/lib/python3/dist-packages/colcon_core/task/python/colcon_distutils_commands:/home/blazar/workspaces/rockytimes_ws/install/terrain_mapping_drone_control/lib/python3.12/site-packages:/home/blazar/workspaces/rockytimes_ws/install/px4_msgs/lib/python3.12/site-packages:/home/blazar/workspaces/rockytimes_ws/install/terrain_mapping_drone_control/lib/python3.12/site-packages:/home/blazar/workspaces/ellie_ws/build/ellie:/home/blazar/workspaces/ellie_ws/install/ellie/lib/python3.12/site-packages:/home/blazar/robotics1/scara_ws/install/desco/lib/python3.12/site-packages:/home/blazar/workspaces/arduinobot_ws/install/arduinobot_utils/lib/python3.12/site-packages:/home/blazar/workspaces/arduinobot_ws/install/arduinobot_py_examples/lib/python3.12/site-packages:/home/blazar/workspaces/arduinobot_ws/install/arduinobot_msgs/lib/python3.12/site-packages:/home/blazar/workspaces/arduinobot_ws/install/arduinobot_controller/lib/python3.12/site-packages:/home/blazar/workspaces/cartip_ws/install/ralpoley/lib/python3.12/site-packages:/home/blazar/workspaces/cartip_ws/install/cart_pole_optimal_control/lib/python3.12/site-packages:/opt/ros/jazzy/lib/python3.12/site-packages VIRTUAL_ENV_PROMPT=(thingsbro) /usr/bin/python3 -W ignore:setup.py install is deprecated -W ignore:easy_install command is deprecated setup.py egg_info --egg-base ../../build/terrain_mapping_drone_control build --build-base /home/blazar/workspaces/rockytimes_ws/build/terrain_mapping_drone_control/build install --record /home/blazar/workspaces/rockytimes_ws/build/terrain_mapping_drone_control/install.log --single-version-externally-managed install_data
[2.654s] Level 1:colcon.colcon_core.environment:checking '/home/blazar/workspaces/rockytimes_ws/install/terrain_mapping_drone_control' for CMake module files
[2.654s] DEBUG:colcon.colcon_core.event_handler.log_command:Invoked command in '/home/blazar/workspaces/rockytimes_ws/src/terrain_mapping_drone_control' returned '0': DEBUGINFOD_URLS=https://debuginfod.ubuntu.com PS1=(thingsbro) \[\e]0;\u@\h: \w\a\]${debian_chroot:+($debian_chroot)}\[\033[01;32m\]\u@\h\[\033[00m\]:\[\033[01;34m\]\w\[\033[00m\]\$ PYTHONPATH=/home/blazar/workspaces/rockytimes_ws/build/terrain_mapping_drone_control/prefix_override:/usr/lib/python3/dist-packages/colcon_core/task/python/colcon_distutils_commands:/home/blazar/workspaces/rockytimes_ws/install/terrain_mapping_drone_control/lib/python3.12/site-packages:/home/blazar/workspaces/rockytimes_ws/install/px4_msgs/lib/python3.12/site-packages:/home/blazar/workspaces/rockytimes_ws/install/terrain_mapping_drone_control/lib/python3.12/site-packages:/home/blazar/workspaces/ellie_ws/build/ellie:/home/blazar/workspaces/ellie_ws/install/ellie/lib/python3.12/site-packages:/home/blazar/robotics1/scara_ws/install/desco/lib/python3.12/site-packages:/home/blazar/workspaces/arduinobot_ws/install/arduinobot_utils/lib/python3.12/site-packages:/home/blazar/workspaces/arduinobot_ws/install/arduinobot_py_examples/lib/python3.12/site-packages:/home/blazar/workspaces/arduinobot_ws/install/arduinobot_msgs/lib/python3.12/site-packages:/home/blazar/workspaces/arduinobot_ws/install/arduinobot_controller/lib/python3.12/site-packages:/home/blazar/workspaces/cartip_ws/install/ralpoley/lib/python3.12/site-packages:/home/blazar/workspaces/cartip_ws/install/cart_pole_optimal_control/lib/python3.12/site-packages:/opt/ros/jazzy/lib/python3.12/site-packages VIRTUAL_ENV_PROMPT=(thingsbro) /usr/bin/python3 -W ignore:setup.py install is deprecated -W ignore:easy_install command is deprecated setup.py egg_info --egg-base ../../build/terrain_mapping_drone_control build --build-base /home/blazar/workspaces/rockytimes_ws/build/terrain_mapping_drone_control/build install --record /home/blazar/workspaces/rockytimes_ws/build/terrain_mapping_drone_control/install.log --single-version-externally-managed install_data
[2.655s] Level 1:colcon.colcon_core.environment:checking '/home/blazar/workspaces/rockytimes_ws/install/terrain_mapping_drone_control' for CMake config files
[2.655s] Level 1:colcon.colcon_core.environment:checking '/home/blazar/workspaces/rockytimes_ws/install/terrain_mapping_drone_control/lib'
[2.655s] Level 1:colcon.colcon_core.environment:checking '/home/blazar/workspaces/rockytimes_ws/install/terrain_mapping_drone_control/libexec'
[2.655s] Level 1:colcon.colcon_core.environment:checking '/home/blazar/workspaces/rockytimes_ws/install/terrain_mapping_drone_control/bin'
[2.655s] Level 1:colcon.colcon_core.shell:create_environment_hook('terrain_mapping_drone_control', 'path')
[2.656s] INFO:colcon.colcon_core.shell:Creating environment hook '/home/blazar/workspaces/rockytimes_ws/install/terrain_mapping_drone_control/share/terrain_mapping_drone_control/hook/path.ps1'
[2.656s] INFO:colcon.colcon_core.shell:Creating environment descriptor '/home/blazar/workspaces/rockytimes_ws/install/terrain_mapping_drone_control/share/terrain_mapping_drone_control/hook/path.dsv'
[2.656s] INFO:colcon.colcon_core.shell:Creating environment hook '/home/blazar/workspaces/rockytimes_ws/install/terrain_mapping_drone_control/share/terrain_mapping_drone_control/hook/path.sh'
[2.656s] Level 1:colcon.colcon_core.environment:checking '/home/blazar/workspaces/rockytimes_ws/install/terrain_mapping_drone_control/lib/pkgconfig/terrain_mapping_drone_control.pc'
[2.657s] Level 1:colcon.colcon_core.environment:checking '/home/blazar/workspaces/rockytimes_ws/install/terrain_mapping_drone_control/lib/python3.12/site-packages'
[2.657s] Level 1:colcon.colcon_core.shell:create_environment_hook('terrain_mapping_drone_control', 'pythonpath')
[2.657s] INFO:colcon.colcon_core.shell:Creating environment hook '/home/blazar/workspaces/rockytimes_ws/install/terrain_mapping_drone_control/share/terrain_mapping_drone_control/hook/pythonpath.ps1'
[2.657s] INFO:colcon.colcon_core.shell:Creating environment descriptor '/home/blazar/workspaces/rockytimes_ws/install/terrain_mapping_drone_control/share/terrain_mapping_drone_control/hook/pythonpath.dsv'
[2.657s] INFO:colcon.colcon_core.shell:Creating environment hook '/home/blazar/workspaces/rockytimes_ws/install/terrain_mapping_drone_control/share/terrain_mapping_drone_control/hook/pythonpath.sh'
[2.658s] Level 1:colcon.colcon_core.environment:checking '/home/blazar/workspaces/rockytimes_ws/install/terrain_mapping_drone_control/bin'
[2.658s] Level 1:colcon.colcon_core.shell:create_environment_hook('terrain_mapping_drone_control', 'pythonscriptspath')
[2.658s] INFO:colcon.colcon_core.shell:Creating environment hook '/home/blazar/workspaces/rockytimes_ws/install/terrain_mapping_drone_control/share/terrain_mapping_drone_control/hook/pythonscriptspath.ps1'
[2.658s] INFO:colcon.colcon_core.shell:Creating environment descriptor '/home/blazar/workspaces/rockytimes_ws/install/terrain_mapping_drone_control/share/terrain_mapping_drone_control/hook/pythonscriptspath.dsv'
[2.659s] INFO:colcon.colcon_core.shell:Creating environment hook '/home/blazar/workspaces/rockytimes_ws/install/terrain_mapping_drone_control/share/terrain_mapping_drone_control/hook/pythonscriptspath.sh'
[2.659s] Level 1:colcon.colcon_core.environment:create_environment_scripts_only(terrain_mapping_drone_control)
[2.659s] INFO:colcon.colcon_core.shell:Creating package script '/home/blazar/workspaces/rockytimes_ws/install/terrain_mapping_drone_control/share/terrain_mapping_drone_control/package.ps1'
[2.659s] INFO:colcon.colcon_core.shell:Creating package descriptor '/home/blazar/workspaces/rockytimes_ws/install/terrain_mapping_drone_control/share/terrain_mapping_drone_control/package.dsv'
[2.660s] INFO:colcon.colcon_core.shell:Creating package script '/home/blazar/workspaces/rockytimes_ws/install/terrain_mapping_drone_control/share/terrain_mapping_drone_control/package.sh'
[2.660s] INFO:colcon.colcon_core.shell:Creating package script '/home/blazar/workspaces/rockytimes_ws/install/terrain_mapping_drone_control/share/terrain_mapping_drone_control/package.bash'
[2.660s] INFO:colcon.colcon_core.shell:Creating package script '/home/blazar/workspaces/rockytimes_ws/install/terrain_mapping_drone_control/share/terrain_mapping_drone_control/package.zsh'
[2.660s] Level 1:colcon.colcon_core.environment:create_file_with_runtime_dependencies(/home/blazar/workspaces/rockytimes_ws/install/terrain_mapping_drone_control/share/colcon-core/packages/terrain_mapping_drone_control)
[2.661s] DEBUG:colcon.colcon_parallel_executor.executor.parallel:closing loop
[2.661s] DEBUG:colcon.colcon_parallel_executor.executor.parallel:loop closed
[2.661s] DEBUG:colcon.colcon_parallel_executor.executor.parallel:run_until_complete finished with '0'
[2.661s] DEBUG:colcon.colcon_core.event_reactor:joining thread
[2.666s] INFO:colcon.colcon_core.plugin_system:Skipping extension 'colcon_notification.desktop_notification.terminal_notifier': Not used on non-Darwin systems
[2.666s] INFO:colcon.colcon_core.plugin_system:Skipping extension 'colcon_notification.desktop_notification.win32': Not used on non-Windows systems
[2.666s] INFO:colcon.colcon_notification.desktop_notification:Sending desktop notification using 'notify2'
[2.677s] DEBUG:colcon.colcon_core.event_reactor:joined thread
[2.678s] INFO:colcon.colcon_core.shell:Creating prefix script '/home/blazar/workspaces/rockytimes_ws/install/local_setup.ps1'
[2.679s] INFO:colcon.colcon_core.shell:Creating prefix util module '/home/blazar/workspaces/rockytimes_ws/install/_local_setup_util_ps1.py'
[2.680s] INFO:colcon.colcon_core.shell:Creating prefix chain script '/home/blazar/workspaces/rockytimes_ws/install/setup.ps1'
[2.681s] INFO:colcon.colcon_core.shell:Creating prefix script '/home/blazar/workspaces/rockytimes_ws/install/local_setup.sh'
[2.682s] INFO:colcon.colcon_core.shell:Creating prefix util module '/home/blazar/workspaces/rockytimes_ws/install/_local_setup_util_sh.py'
[2.682s] INFO:colcon.colcon_core.shell:Creating prefix chain script '/home/blazar/workspaces/rockytimes_ws/install/setup.sh'
[2.683s] INFO:colcon.colcon_core.shell:Creating prefix script '/home/blazar/workspaces/rockytimes_ws/install/local_setup.bash'
[2.683s] INFO:colcon.colcon_core.shell:Creating prefix chain script '/home/blazar/workspaces/rockytimes_ws/install/setup.bash'
[2.684s] INFO:colcon.colcon_core.shell:Creating prefix script '/home/blazar/workspaces/rockytimes_ws/install/local_setup.zsh'
[2.685s] INFO:colcon.colcon_core.shell:Creating prefix chain script '/home/blazar/workspaces/rockytimes_ws/install/setup.zsh'
