[0.008s] Invoking command in '/home/blazar/workspaces/rockytimes_ws/build/px4_msgs': CMAKE_PREFIX_PATH=${CMAKE_PREFIX_PATH}:/home/blazar/workspaces/rockytimes_ws/install/terrain_mapping_drone_control:/opt/ros/jazzy DEBUGINFOD_URLS=https://debuginfod.ubuntu.com VIRTUAL_ENV_PROMPT=(gennie) /usr/bin/cmake --build /home/blazar/workspaces/rockytimes_ws/build/px4_msgs -- -j16 -l16
[0.355s] [  0%] Built target px4_msgs__rosidl_generator_type_description
[0.389s] [  0%] Built target px4_msgs__cpp
[0.401s] [  0%] Built target ament_cmake_python_copy_px4_msgs
[0.463s] [ 29%] Built target px4_msgs__rosidl_generator_c
[0.511s] [ 39%] Built target px4_msgs__rosidl_typesupport_c
[0.517s] [ 49%] Built target px4_msgs__rosidl_typesupport_introspection_c
[0.525s] running egg_info
[0.535s] writing px4_msgs.egg-info/PKG-INFO
[0.535s] writing dependency_links to px4_msgs.egg-info/dependency_links.txt
[0.535s] writing top-level names to px4_msgs.egg-info/top_level.txt
[0.541s] [ 59%] Built target px4_msgs__rosidl_typesupport_cpp
[0.546s] [ 69%] Built target px4_msgs__rosidl_typesupport_introspection_cpp
[0.549s] [ 79%] Built target px4_msgs__rosidl_typesupport_fastrtps_c
[0.551s] [ 89%] Built target px4_msgs__rosidl_typesupport_fastrtps_cpp
[0.564s] reading manifest file 'px4_msgs.egg-info/SOURCES.txt'
[0.566s] writing manifest file 'px4_msgs.egg-info/SOURCES.txt'
[0.567s] [ 89%] Built target px4_msgs
[0.583s] [ 89%] Built target ament_cmake_python_build_px4_msgs_egg
[0.589s] [ 89%] Built target px4_msgs__py
[0.664s] [ 99%] Built target px4_msgs__rosidl_generator_py
[0.683s] [ 99%] Built target px4_msgs_s__rosidl_typesupport_fastrtps_c
[0.683s] [ 99%] Built target px4_msgs_s__rosidl_typesupport_c
[0.684s] [100%] Built target px4_msgs_s__rosidl_typesupport_introspection_c
