[0.418s] Invoking command in '/home/blazar/workspaces/cartiep_ws/build/cart_pole_optimal_control': DEBUGINFOD_URLS=https://debuginfod.ubuntu.com PYTHONPATH=/home/blazar/workspaces/cartiep_ws/build/cart_pole_optimal_control/prefix_override:/usr/lib/python3/dist-packages/colcon_core/task/python/colcon_distutils_commands:/home/blazar/workspaces/cartiep_ws/install/cart_pole_optimal_control/lib/python3.12/site-packages:${PYTHONPATH} /usr/bin/python3 -W ignore:setup.py install is deprecated -W ignore:easy_install command is deprecated setup.py develop --uninstall --editable --build-directory /home/blazar/workspaces/cartiep_ws/build/cart_pole_optimal_control/build
[0.565s] running develop
[0.652s] Removing /home/blazar/workspaces/cartiep_ws/install/cart_pole_optimal_control/lib/python3.12/site-packages/cart-pole-optimal-control.egg-link (link to .)
[0.665s] Invoked command in '/home/blazar/workspaces/cartiep_ws/build/cart_pole_optimal_control' returned '0': DEBUGINFOD_URLS=https://debuginfod.ubuntu.com PYTHONPATH=/home/blazar/workspaces/cartiep_ws/build/cart_pole_optimal_control/prefix_override:/usr/lib/python3/dist-packages/colcon_core/task/python/colcon_distutils_commands:/home/blazar/workspaces/cartiep_ws/install/cart_pole_optimal_control/lib/python3.12/site-packages:${PYTHONPATH} /usr/bin/python3 -W ignore:setup.py install is deprecated -W ignore:easy_install command is deprecated setup.py develop --uninstall --editable --build-directory /home/blazar/workspaces/cartiep_ws/build/cart_pole_optimal_control/build
[0.666s] Invoking command in '/home/blazar/workspaces/cartiep_ws/src/cart_pole_optimal_control': DEBUGINFOD_URLS=https://debuginfod.ubuntu.com PYTHONPATH=/home/blazar/workspaces/cartiep_ws/build/cart_pole_optimal_control/prefix_override:/usr/lib/python3/dist-packages/colcon_core/task/python/colcon_distutils_commands:/home/blazar/workspaces/cartiep_ws/install/cart_pole_optimal_control/lib/python3.12/site-packages:${PYTHONPATH} /usr/bin/python3 -W ignore:setup.py install is deprecated -W ignore:easy_install command is deprecated setup.py egg_info --egg-base ../../build/cart_pole_optimal_control build --build-base /home/blazar/workspaces/cartiep_ws/build/cart_pole_optimal_control/build install --record /home/blazar/workspaces/cartiep_ws/build/cart_pole_optimal_control/install.log --single-version-externally-managed install_data --force
[0.788s] running egg_info
[0.796s] writing ../../build/cart_pole_optimal_control/cart_pole_optimal_control.egg-info/PKG-INFO
[0.796s] writing dependency_links to ../../build/cart_pole_optimal_control/cart_pole_optimal_control.egg-info/dependency_links.txt
[0.796s] writing entry points to ../../build/cart_pole_optimal_control/cart_pole_optimal_control.egg-info/entry_points.txt
[0.796s] writing requirements to ../../build/cart_pole_optimal_control/cart_pole_optimal_control.egg-info/requires.txt
[0.796s] writing top-level names to ../../build/cart_pole_optimal_control/cart_pole_optimal_control.egg-info/top_level.txt
[0.812s] reading manifest file '../../build/cart_pole_optimal_control/cart_pole_optimal_control.egg-info/SOURCES.txt'
[0.813s] writing manifest file '../../build/cart_pole_optimal_control/cart_pole_optimal_control.egg-info/SOURCES.txt'
[0.813s] running build
[0.813s] running build_py
[0.813s] running install
[0.817s] running install_lib
[0.825s] copying /home/blazar/workspaces/cartiep_ws/build/cart_pole_optimal_control/build/lib/cart_pole_optimal_control/earthquake_force_generator.py -> /home/blazar/workspaces/cartiep_ws/install/cart_pole_optimal_control/lib/python3.12/site-packages/cart_pole_optimal_control
[0.825s] copying /home/blazar/workspaces/cartiep_ws/build/cart_pole_optimal_control/build/lib/cart_pole_optimal_control/state_republisher.py -> /home/blazar/workspaces/cartiep_ws/install/cart_pole_optimal_control/lib/python3.12/site-packages/cart_pole_optimal_control
[0.825s] copying /home/blazar/workspaces/cartiep_ws/build/cart_pole_optimal_control/build/lib/cart_pole_optimal_control/lqr_controller.py -> /home/blazar/workspaces/cartiep_ws/install/cart_pole_optimal_control/lib/python3.12/site-packages/cart_pole_optimal_control
[0.825s] copying /home/blazar/workspaces/cartiep_ws/build/cart_pole_optimal_control/build/lib/cart_pole_optimal_control/gym.py -> /home/blazar/workspaces/cartiep_ws/install/cart_pole_optimal_control/lib/python3.12/site-packages/cart_pole_optimal_control
[0.825s] copying /home/blazar/workspaces/cartiep_ws/build/cart_pole_optimal_control/build/lib/cart_pole_optimal_control/dqn_cartpole.py -> /home/blazar/workspaces/cartiep_ws/install/cart_pole_optimal_control/lib/python3.12/site-packages/cart_pole_optimal_control
[0.825s] copying /home/blazar/workspaces/cartiep_ws/build/cart_pole_optimal_control/build/lib/cart_pole_optimal_control/force_visualizer.py -> /home/blazar/workspaces/cartiep_ws/install/cart_pole_optimal_control/lib/python3.12/site-packages/cart_pole_optimal_control
[0.825s] copying /home/blazar/workspaces/cartiep_ws/build/cart_pole_optimal_control/build/lib/cart_pole_optimal_control/bryson_lqr_controller.py -> /home/blazar/workspaces/cartiep_ws/install/cart_pole_optimal_control/lib/python3.12/site-packages/cart_pole_optimal_control
[0.825s] copying /home/blazar/workspaces/cartiep_ws/build/cart_pole_optimal_control/build/lib/cart_pole_optimal_control/__init__.py -> /home/blazar/workspaces/cartiep_ws/install/cart_pole_optimal_control/lib/python3.12/site-packages/cart_pole_optimal_control
[0.826s] byte-compiling /home/blazar/workspaces/cartiep_ws/install/cart_pole_optimal_control/lib/python3.12/site-packages/cart_pole_optimal_control/earthquake_force_generator.py to earthquake_force_generator.cpython-312.pyc
[0.826s] byte-compiling /home/blazar/workspaces/cartiep_ws/install/cart_pole_optimal_control/lib/python3.12/site-packages/cart_pole_optimal_control/state_republisher.py to state_republisher.cpython-312.pyc
[0.827s] byte-compiling /home/blazar/workspaces/cartiep_ws/install/cart_pole_optimal_control/lib/python3.12/site-packages/cart_pole_optimal_control/lqr_controller.py to lqr_controller.cpython-312.pyc
[0.827s] byte-compiling /home/blazar/workspaces/cartiep_ws/install/cart_pole_optimal_control/lib/python3.12/site-packages/cart_pole_optimal_control/gym.py to gym.cpython-312.pyc
[0.828s] byte-compiling /home/blazar/workspaces/cartiep_ws/install/cart_pole_optimal_control/lib/python3.12/site-packages/cart_pole_optimal_control/dqn_cartpole.py to dqn_cartpole.cpython-312.pyc
[0.829s] byte-compiling /home/blazar/workspaces/cartiep_ws/install/cart_pole_optimal_control/lib/python3.12/site-packages/cart_pole_optimal_control/force_visualizer.py to force_visualizer.cpython-312.pyc
[0.829s] byte-compiling /home/blazar/workspaces/cartiep_ws/install/cart_pole_optimal_control/lib/python3.12/site-packages/cart_pole_optimal_control/bryson_lqr_controller.py to bryson_lqr_controller.cpython-312.pyc
[0.830s] byte-compiling /home/blazar/workspaces/cartiep_ws/install/cart_pole_optimal_control/lib/python3.12/site-packages/cart_pole_optimal_control/__init__.py to __init__.cpython-312.pyc
[0.830s] running install_data
[0.830s] copying resource/cart_pole_optimal_control -> /home/blazar/workspaces/cartiep_ws/install/cart_pole_optimal_control/share/ament_index/resource_index/packages
[0.830s] copying package.xml -> /home/blazar/workspaces/cartiep_ws/install/cart_pole_optimal_control/share/cart_pole_optimal_control
[0.830s] copying launch/cart_pole.launch.py -> /home/blazar/workspaces/cartiep_ws/install/cart_pole_optimal_control/share/cart_pole_optimal_control/launch
[0.830s] copying launch/cart_pole_rviz.launch.py -> /home/blazar/workspaces/cartiep_ws/install/cart_pole_optimal_control/share/cart_pole_optimal_control/launch
[0.830s] copying launch/cart_pole_bryson.launch.py -> /home/blazar/workspaces/cartiep_ws/install/cart_pole_optimal_control/share/cart_pole_optimal_control/launch
[0.830s] copying launch/cart_pole_dqn.launch.py -> /home/blazar/workspaces/cartiep_ws/install/cart_pole_optimal_control/share/cart_pole_optimal_control/launch
[0.831s] copying config/cart_pole.rviz -> /home/blazar/workspaces/cartiep_ws/install/cart_pole_optimal_control/share/cart_pole_optimal_control/config
[0.831s] copying config/hyper.yaml -> /home/blazar/workspaces/cartiep_ws/install/cart_pole_optimal_control/share/cart_pole_optimal_control/config
[0.831s] copying models/cart_pole/model.urdf -> /home/blazar/workspaces/cartiep_ws/install/cart_pole_optimal_control/share/cart_pole_optimal_control/models/cart_pole
[0.831s] running install_egg_info
[0.839s] Copying ../../build/cart_pole_optimal_control/cart_pole_optimal_control.egg-info to /home/blazar/workspaces/cartiep_ws/install/cart_pole_optimal_control/lib/python3.12/site-packages/cart_pole_optimal_control-0.0.1-py3.12.egg-info
[0.840s] running install_scripts
[0.899s] Installing bryson_lqr_controller script to /home/blazar/workspaces/cartiep_ws/install/cart_pole_optimal_control/lib/cart_pole_optimal_control
[0.900s] Installing dqn_cartpole script to /home/blazar/workspaces/cartiep_ws/install/cart_pole_optimal_control/lib/cart_pole_optimal_control
[0.900s] Installing earthquake_force_generator script to /home/blazar/workspaces/cartiep_ws/install/cart_pole_optimal_control/lib/cart_pole_optimal_control
[0.900s] Installing force_visualizer script to /home/blazar/workspaces/cartiep_ws/install/cart_pole_optimal_control/lib/cart_pole_optimal_control
[0.900s] Installing gym script to /home/blazar/workspaces/cartiep_ws/install/cart_pole_optimal_control/lib/cart_pole_optimal_control
[0.900s] Installing lqr_controller script to /home/blazar/workspaces/cartiep_ws/install/cart_pole_optimal_control/lib/cart_pole_optimal_control
[0.900s] Installing performance_monitor script to /home/blazar/workspaces/cartiep_ws/install/cart_pole_optimal_control/lib/cart_pole_optimal_control
[0.900s] Installing ros_control_env script to /home/blazar/workspaces/cartiep_ws/install/cart_pole_optimal_control/lib/cart_pole_optimal_control
[0.900s] Installing state_republisher script to /home/blazar/workspaces/cartiep_ws/install/cart_pole_optimal_control/lib/cart_pole_optimal_control
[0.900s] writing list of installed files to '/home/blazar/workspaces/cartiep_ws/build/cart_pole_optimal_control/install.log'
[0.912s] Invoked command in '/home/blazar/workspaces/cartiep_ws/src/cart_pole_optimal_control' returned '0': DEBUGINFOD_URLS=https://debuginfod.ubuntu.com PYTHONPATH=/home/blazar/workspaces/cartiep_ws/build/cart_pole_optimal_control/prefix_override:/usr/lib/python3/dist-packages/colcon_core/task/python/colcon_distutils_commands:/home/blazar/workspaces/cartiep_ws/install/cart_pole_optimal_control/lib/python3.12/site-packages:${PYTHONPATH} /usr/bin/python3 -W ignore:setup.py install is deprecated -W ignore:easy_install command is deprecated setup.py egg_info --egg-base ../../build/cart_pole_optimal_control build --build-base /home/blazar/workspaces/cartiep_ws/build/cart_pole_optimal_control/build install --record /home/blazar/workspaces/cartiep_ws/build/cart_pole_optimal_control/install.log --single-version-externally-managed install_data --force
