[0.562s] Invoking command in '/home/blazar/workspaces/rockytimes_ws/src/terrain_mapping_drone_control': AMENT_PREFIX_PATH=/home/blazar/workspaces/rockytimes_ws/install/px4_msgs:${AMENT_PREFIX_PATH} CMAKE_PREFIX_PATH=/home/blazar/workspaces/rockytimes_ws/install/px4_msgs:${CMAKE_PREFIX_PATH} DEBUGINFOD_URLS=https://debuginfod.ubuntu.com LD_LIBRARY_PATH=/home/blazar/workspaces/rockytimes_ws/install/px4_msgs/lib:${LD_LIBRARY_PATH} PYTHONPATH=/home/blazar/workspaces/rockytimes_ws/build/terrain_mapping_drone_control/prefix_override:/usr/lib/python3/dist-packages/colcon_core/task/python/colcon_distutils_commands:/home/blazar/workspaces/rockytimes_ws/install/terrain_mapping_drone_control/lib/python3.12/site-packages:/home/blazar/workspaces/rockytimes_ws/install/px4_msgs/lib/python3.12/site-packages:${PYTHONPATH} /usr/bin/python3 -W ignore:setup.py install is deprecated -W ignore:easy_install command is deprecated setup.py egg_info --egg-base ../../build/terrain_mapping_drone_control build --build-base /home/blazar/workspaces/rockytimes_ws/build/terrain_mapping_drone_control/build install --record /home/blazar/workspaces/rockytimes_ws/build/terrain_mapping_drone_control/install.log --single-version-externally-managed install_data
[0.738s] running egg_info
[0.750s] writing ../../build/terrain_mapping_drone_control/terrain_mapping_drone_control.egg-info/PKG-INFO
[0.750s] writing dependency_links to ../../build/terrain_mapping_drone_control/terrain_mapping_drone_control.egg-info/dependency_links.txt
[0.751s] writing entry points to ../../build/terrain_mapping_drone_control/terrain_mapping_drone_control.egg-info/entry_points.txt
[0.751s] writing requirements to ../../build/terrain_mapping_drone_control/terrain_mapping_drone_control.egg-info/requires.txt
[0.751s] writing top-level names to ../../build/terrain_mapping_drone_control/terrain_mapping_drone_control.egg-info/top_level.txt
[0.777s] reading manifest file '../../build/terrain_mapping_drone_control/terrain_mapping_drone_control.egg-info/SOURCES.txt'
[0.778s] writing manifest file '../../build/terrain_mapping_drone_control/terrain_mapping_drone_control.egg-info/SOURCES.txt'
[0.778s] running build
[0.778s] running build_py
[0.778s] running install
[0.782s] running install_lib
[0.797s] running install_data
[0.797s] running install_egg_info
[0.810s] removing '/home/blazar/workspaces/rockytimes_ws/install/terrain_mapping_drone_control/lib/python3.12/site-packages/terrain_mapping_drone_control-0.0.1-py3.12.egg-info' (and everything under it)
[0.810s] Copying ../../build/terrain_mapping_drone_control/terrain_mapping_drone_control.egg-info to /home/blazar/workspaces/rockytimes_ws/install/terrain_mapping_drone_control/lib/python3.12/site-packages/terrain_mapping_drone_control-0.0.1-py3.12.egg-info
[0.810s] running install_scripts
[0.900s] Installing aruco_tracker script to /home/blazar/workspaces/rockytimes_ws/install/terrain_mapping_drone_control/bin
[0.900s] Installing cylinder_landing_node script to /home/blazar/workspaces/rockytimes_ws/install/terrain_mapping_drone_control/bin
[0.900s] Installing feature_tracker script to /home/blazar/workspaces/rockytimes_ws/install/terrain_mapping_drone_control/bin
[0.900s] Installing geometry_tracker script to /home/blazar/workspaces/rockytimes_ws/install/terrain_mapping_drone_control/bin
[0.900s] Installing mission script to /home/blazar/workspaces/rockytimes_ws/install/terrain_mapping_drone_control/bin
[0.900s] Installing pose_visualizer script to /home/blazar/workspaces/rockytimes_ws/install/terrain_mapping_drone_control/bin
[0.900s] Installing px4_odom_converter script to /home/blazar/workspaces/rockytimes_ws/install/terrain_mapping_drone_control/bin
[0.900s] Installing spiral_trajectory script to /home/blazar/workspaces/rockytimes_ws/install/terrain_mapping_drone_control/bin
[0.901s] writing list of installed files to '/home/blazar/workspaces/rockytimes_ws/build/terrain_mapping_drone_control/install.log'
[0.923s] Invoked command in '/home/blazar/workspaces/rockytimes_ws/src/terrain_mapping_drone_control' returned '0': AMENT_PREFIX_PATH=/home/blazar/workspaces/rockytimes_ws/install/px4_msgs:${AMENT_PREFIX_PATH} CMAKE_PREFIX_PATH=/home/blazar/workspaces/rockytimes_ws/install/px4_msgs:${CMAKE_PREFIX_PATH} DEBUGINFOD_URLS=https://debuginfod.ubuntu.com LD_LIBRARY_PATH=/home/blazar/workspaces/rockytimes_ws/install/px4_msgs/lib:${LD_LIBRARY_PATH} PYTHONPATH=/home/blazar/workspaces/rockytimes_ws/build/terrain_mapping_drone_control/prefix_override:/usr/lib/python3/dist-packages/colcon_core/task/python/colcon_distutils_commands:/home/blazar/workspaces/rockytimes_ws/install/terrain_mapping_drone_control/lib/python3.12/site-packages:/home/blazar/workspaces/rockytimes_ws/install/px4_msgs/lib/python3.12/site-packages:${PYTHONPATH} /usr/bin/python3 -W ignore:setup.py install is deprecated -W ignore:easy_install command is deprecated setup.py egg_info --egg-base ../../build/terrain_mapping_drone_control build --build-base /home/blazar/workspaces/rockytimes_ws/build/terrain_mapping_drone_control/build install --record /home/blazar/workspaces/rockytimes_ws/build/terrain_mapping_drone_control/install.log --single-version-externally-managed install_data
