[0.006s] Invoking command in '/home/blazar/lawny_ws/build/control': CMAKE_PREFIX_PATH=${CMAKE_PREFIX_PATH}:/home/blazar/lawny_ws/install/first_order_boustrophedon_navigator:/opt/ros/humble /usr/bin/cmake --build /home/blazar/lawny_ws/build/control -- -j16 -l16
[0.017s] /usr/bin/cmake -S/home/blazar/lawny_ws/src/control -B/home/blazar/lawny_ws/build/control --check-build-system CMakeFiles/Makefile.cmake 0
[0.023s] Re-run cmake file: Makefile older than: /home/blazar/lawny_ws/src/control/CMakeLists.txt
[0.026s] -- Found ament_cmake: 1.3.11 (/opt/ros/humble/share/ament_cmake/cmake)
[0.095s] -- Found rosidl_default_generators: 1.2.0 (/opt/ros/humble/share/rosidl_default_generators/cmake)
[0.096s] -- Using all available rosidl_typesupport_c: rosidl_typesupport_fastrtps_c;rosidl_typesupport_introspection_c
[0.097s] -- Found rosidl_adapter: 3.1.6 (/opt/ros/humble/share/rosidl_adapter/cmake)
[0.113s] -- Using all available rosidl_typesupport_cpp: rosidl_typesupport_fastrtps_cpp;rosidl_typesupport_introspection_cpp
[0.130s] -- Found rclpy: 3.3.15 (/opt/ros/humble/share/rclpy/cmake)
[0.130s] -- Found geometry_msgs: 4.2.4 (/opt/ros/humble/share/geometry_msgs/cmake)
[0.293s] -- Found ament_cmake_ros: 0.10.0 (/opt/ros/humble/share/ament_cmake_ros/cmake)
[0.393s] -- Using all available rosidl_typesupport_c: rosidl_typesupport_fastrtps_c;rosidl_typesupport_introspection_c
[0.528s] -- Using all available rosidl_typesupport_cpp: rosidl_typesupport_fastrtps_cpp;rosidl_typesupport_introspection_cpp
[0.541s] -- Found python_cmake_module: 0.10.0 (/opt/ros/humble/share/python_cmake_module/cmake)
[0.554s] -- Using PYTHON_EXECUTABLE: /usr/bin/python3
[0.554s] -- Using PYTHON_INCLUDE_DIRS: /usr/include/python3.10
[0.554s] -- Using PYTHON_LIBRARIES: /usr/lib/x86_64-linux-gnu/libpython3.10.so
[0.562s] -- Configuring done
[0.578s] -- Generating done
[0.584s] -- Build files have been written to: /home/blazar/lawny_ws/build/control
[0.588s] /usr/bin/cmake -E cmake_progress_start /home/blazar/lawny_ws/build/control/CMakeFiles /home/blazar/lawny_ws/build/control//CMakeFiles/progress.marks
[0.593s] /usr/bin/gmake  -f CMakeFiles/Makefile2 all
[0.594s] gmake[1]: Entering directory '/home/blazar/lawny_ws/build/control'
[0.594s] /usr/bin/gmake  -f CMakeFiles/control__cpp.dir/build.make CMakeFiles/control__cpp.dir/depend
[0.594s] /usr/bin/gmake  -f CMakeFiles/control__rosidl_generator_c.dir/build.make CMakeFiles/control__rosidl_generator_c.dir/depend
[0.594s] /usr/bin/gmake  -f CMakeFiles/ament_cmake_python_copy_control.dir/build.make CMakeFiles/ament_cmake_python_copy_control.dir/depend
[0.595s] gmake[2]: Entering directory '/home/blazar/lawny_ws/build/control'
[0.595s] cd /home/blazar/lawny_ws/build/control && /usr/bin/cmake -E cmake_depends "Unix Makefiles" /home/blazar/lawny_ws/src/control /home/blazar/lawny_ws/src/control /home/blazar/lawny_ws/build/control /home/blazar/lawny_ws/build/control /home/blazar/lawny_ws/build/control/CMakeFiles/control__cpp.dir/DependInfo.cmake --color=
[0.595s] gmake[2]: Entering directory '/home/blazar/lawny_ws/build/control'
[0.595s] cd /home/blazar/lawny_ws/build/control && /usr/bin/cmake -E cmake_depends "Unix Makefiles" /home/blazar/lawny_ws/src/control /home/blazar/lawny_ws/src/control /home/blazar/lawny_ws/build/control /home/blazar/lawny_ws/build/control /home/blazar/lawny_ws/build/control/CMakeFiles/control__rosidl_generator_c.dir/DependInfo.cmake --color=
[0.595s] gmake[2]: Entering directory '/home/blazar/lawny_ws/build/control'
[0.595s] cd /home/blazar/lawny_ws/build/control && /usr/bin/cmake -E cmake_depends "Unix Makefiles" /home/blazar/lawny_ws/src/control /home/blazar/lawny_ws/src/control /home/blazar/lawny_ws/build/control /home/blazar/lawny_ws/build/control /home/blazar/lawny_ws/build/control/CMakeFiles/ament_cmake_python_copy_control.dir/DependInfo.cmake --color=
[0.599s] Dependencies file "CMakeFiles/control__rosidl_generator_c.dir/rosidl_generator_c/control/msg/detail/performance_metrics__functions.c.o.d" is newer than depends file "/home/blazar/lawny_ws/build/control/CMakeFiles/control__rosidl_generator_c.dir/compiler_depend.internal".
[0.599s] [35m[1mConsolidate compiler generated dependencies of target control__rosidl_generator_c[0m
[0.600s] gmake[2]: Leaving directory '/home/blazar/lawny_ws/build/control'
[0.600s] /usr/bin/gmake  -f CMakeFiles/ament_cmake_python_copy_control.dir/build.make CMakeFiles/ament_cmake_python_copy_control.dir/build
[0.600s] gmake[2]: Leaving directory '/home/blazar/lawny_ws/build/control'
[0.600s] /usr/bin/gmake  -f CMakeFiles/control__cpp.dir/build.make CMakeFiles/control__cpp.dir/build
[0.601s] gmake[2]: Entering directory '/home/blazar/lawny_ws/build/control'
[0.601s] /usr/bin/cmake -E copy_directory /home/blazar/lawny_ws/build/control/rosidl_generator_py/control /home/blazar/lawny_ws/build/control/ament_cmake_python/control/control
[0.601s] gmake[2]: Leaving directory '/home/blazar/lawny_ws/build/control'
[0.601s] /usr/bin/gmake  -f CMakeFiles/control__rosidl_generator_c.dir/build.make CMakeFiles/control__rosidl_generator_c.dir/build
[0.601s] gmake[2]: Entering directory '/home/blazar/lawny_ws/build/control'
[0.601s] gmake[2]: Nothing to be done for 'CMakeFiles/control__cpp.dir/build'.
[0.601s] gmake[2]: Leaving directory '/home/blazar/lawny_ws/build/control'
[0.602s] gmake[2]: Entering directory '/home/blazar/lawny_ws/build/control'
[0.602s] gmake[2]: Nothing to be done for 'CMakeFiles/control__rosidl_generator_c.dir/build'.
[0.602s] gmake[2]: Leaving directory '/home/blazar/lawny_ws/build/control'
[0.606s] [  3%] Built target control__cpp
[0.606s] gmake[2]: Leaving directory '/home/blazar/lawny_ws/build/control'
[0.606s] /usr/bin/gmake  -f CMakeFiles/control__rosidl_typesupport_cpp.dir/build.make CMakeFiles/control__rosidl_typesupport_cpp.dir/depend
[0.606s] [ 12%] Built target control__rosidl_generator_c
[0.607s] /usr/bin/gmake  -f CMakeFiles/control__rosidl_typesupport_fastrtps_cpp.dir/build.make CMakeFiles/control__rosidl_typesupport_fastrtps_cpp.dir/depend
[0.607s] /usr/bin/gmake  -f CMakeFiles/control__rosidl_typesupport_introspection_cpp.dir/build.make CMakeFiles/control__rosidl_typesupport_introspection_cpp.dir/depend
[0.607s] gmake[2]: Entering directory '/home/blazar/lawny_ws/build/control'
[0.607s] cd /home/blazar/lawny_ws/build/control && /usr/bin/cmake -E cmake_depends "Unix Makefiles" /home/blazar/lawny_ws/src/control /home/blazar/lawny_ws/src/control /home/blazar/lawny_ws/build/control /home/blazar/lawny_ws/build/control /home/blazar/lawny_ws/build/control/CMakeFiles/control__rosidl_typesupport_cpp.dir/DependInfo.cmake --color=
[0.607s] /usr/bin/gmake  -f CMakeFiles/control__rosidl_typesupport_fastrtps_c.dir/build.make CMakeFiles/control__rosidl_typesupport_fastrtps_c.dir/depend
[0.607s] /usr/bin/gmake  -f CMakeFiles/control__rosidl_typesupport_introspection_c.dir/build.make CMakeFiles/control__rosidl_typesupport_introspection_c.dir/depend
[0.607s] /usr/bin/gmake  -f CMakeFiles/control__rosidl_typesupport_c.dir/build.make CMakeFiles/control__rosidl_typesupport_c.dir/depend
[0.608s] gmake[2]: Entering directory '/home/blazar/lawny_ws/build/control'
[0.608s] cd /home/blazar/lawny_ws/build/control && /usr/bin/cmake -E cmake_depends "Unix Makefiles" /home/blazar/lawny_ws/src/control /home/blazar/lawny_ws/src/control /home/blazar/lawny_ws/build/control /home/blazar/lawny_ws/build/control /home/blazar/lawny_ws/build/control/CMakeFiles/control__rosidl_typesupport_fastrtps_cpp.dir/DependInfo.cmake --color=
[0.608s] gmake[2]: Entering directory '/home/blazar/lawny_ws/build/control'
[0.608s] cd /home/blazar/lawny_ws/build/control && /usr/bin/cmake -E cmake_depends "Unix Makefiles" /home/blazar/lawny_ws/src/control /home/blazar/lawny_ws/src/control /home/blazar/lawny_ws/build/control /home/blazar/lawny_ws/build/control /home/blazar/lawny_ws/build/control/CMakeFiles/control__rosidl_typesupport_introspection_cpp.dir/DependInfo.cmake --color=
[0.608s] gmake[2]: Entering directory '/home/blazar/lawny_ws/build/control'
[0.608s] cd /home/blazar/lawny_ws/build/control && /usr/bin/cmake -E cmake_depends "Unix Makefiles" /home/blazar/lawny_ws/src/control /home/blazar/lawny_ws/src/control /home/blazar/lawny_ws/build/control /home/blazar/lawny_ws/build/control /home/blazar/lawny_ws/build/control/CMakeFiles/control__rosidl_typesupport_fastrtps_c.dir/DependInfo.cmake --color=
[0.608s] gmake[2]: Entering directory '/home/blazar/lawny_ws/build/control'
[0.608s] cd /home/blazar/lawny_ws/build/control && /usr/bin/cmake -E cmake_depends "Unix Makefiles" /home/blazar/lawny_ws/src/control /home/blazar/lawny_ws/src/control /home/blazar/lawny_ws/build/control /home/blazar/lawny_ws/build/control /home/blazar/lawny_ws/build/control/CMakeFiles/control__rosidl_typesupport_c.dir/DependInfo.cmake --color=
[0.608s] gmake[2]: Entering directory '/home/blazar/lawny_ws/build/control'
[0.608s] cd /home/blazar/lawny_ws/build/control && /usr/bin/cmake -E cmake_depends "Unix Makefiles" /home/blazar/lawny_ws/src/control /home/blazar/lawny_ws/src/control /home/blazar/lawny_ws/build/control /home/blazar/lawny_ws/build/control /home/blazar/lawny_ws/build/control/CMakeFiles/control__rosidl_typesupport_introspection_c.dir/DependInfo.cmake --color=
[0.611s] [ 12%] Built target ament_cmake_python_copy_control
[0.611s] /usr/bin/gmake  -f CMakeFiles/ament_cmake_python_build_control_egg.dir/build.make CMakeFiles/ament_cmake_python_build_control_egg.dir/depend
[0.612s] Dependencies file "CMakeFiles/control__rosidl_typesupport_cpp.dir/rosidl_typesupport_cpp/control/msg/performance_metrics__type_support.cpp.o.d" is newer than depends file "/home/blazar/lawny_ws/build/control/CMakeFiles/control__rosidl_typesupport_cpp.dir/compiler_depend.internal".
[0.612s] [35m[1mConsolidate compiler generated dependencies of target control__rosidl_typesupport_cpp[0m
[0.612s] Dependencies file "CMakeFiles/control__rosidl_typesupport_introspection_cpp.dir/rosidl_typesupport_introspection_cpp/control/msg/detail/performance_metrics__type_support.cpp.o.d" is newer than depends file "/home/blazar/lawny_ws/build/control/CMakeFiles/control__rosidl_typesupport_introspection_cpp.dir/compiler_depend.internal".
[0.612s] gmake[2]: Entering directory '/home/blazar/lawny_ws/build/control'
[0.612s] cd /home/blazar/lawny_ws/build/control && /usr/bin/cmake -E cmake_depends "Unix Makefiles" /home/blazar/lawny_ws/src/control /home/blazar/lawny_ws/src/control /home/blazar/lawny_ws/build/control /home/blazar/lawny_ws/build/control /home/blazar/lawny_ws/build/control/CMakeFiles/ament_cmake_python_build_control_egg.dir/DependInfo.cmake --color=
[0.612s] [35m[1mConsolidate compiler generated dependencies of target control__rosidl_typesupport_introspection_cpp[0m
[0.612s] Dependencies file "CMakeFiles/control__rosidl_typesupport_fastrtps_c.dir/rosidl_typesupport_fastrtps_c/control/msg/detail/performance_metrics__type_support_c.cpp.o.d" is newer than depends file "/home/blazar/lawny_ws/build/control/CMakeFiles/control__rosidl_typesupport_fastrtps_c.dir/compiler_depend.internal".
[0.612s] Dependencies file "CMakeFiles/control__rosidl_typesupport_fastrtps_cpp.dir/rosidl_typesupport_fastrtps_cpp/control/msg/detail/dds_fastrtps/performance_metrics__type_support.cpp.o.d" is newer than depends file "/home/blazar/lawny_ws/build/control/CMakeFiles/control__rosidl_typesupport_fastrtps_cpp.dir/compiler_depend.internal".
[0.612s] [35m[1mConsolidate compiler generated dependencies of target control__rosidl_typesupport_fastrtps_c[0m
[0.612s] Dependencies file "CMakeFiles/control__rosidl_typesupport_c.dir/rosidl_typesupport_c/control/msg/performance_metrics__type_support.cpp.o.d" is newer than depends file "/home/blazar/lawny_ws/build/control/CMakeFiles/control__rosidl_typesupport_c.dir/compiler_depend.internal".
[0.613s] [35m[1mConsolidate compiler generated dependencies of target control__rosidl_typesupport_c[0m
[0.613s] [35m[1mConsolidate compiler generated dependencies of target control__rosidl_typesupport_fastrtps_cpp[0m
[0.613s] Dependencies file "CMakeFiles/control__rosidl_typesupport_introspection_c.dir/rosidl_typesupport_introspection_c/control/msg/detail/performance_metrics__type_support.c.o.d" is newer than depends file "/home/blazar/lawny_ws/build/control/CMakeFiles/control__rosidl_typesupport_introspection_c.dir/compiler_depend.internal".
[0.613s] [35m[1mConsolidate compiler generated dependencies of target control__rosidl_typesupport_introspection_c[0m
[0.613s] gmake[2]: Leaving directory '/home/blazar/lawny_ws/build/control'
[0.613s] /usr/bin/gmake  -f CMakeFiles/control__rosidl_typesupport_cpp.dir/build.make CMakeFiles/control__rosidl_typesupport_cpp.dir/build
[0.613s] gmake[2]: Leaving directory '/home/blazar/lawny_ws/build/control'
[0.614s] /usr/bin/gmake  -f CMakeFiles/control__rosidl_typesupport_c.dir/build.make CMakeFiles/control__rosidl_typesupport_c.dir/build
[0.614s] gmake[2]: Leaving directory '/home/blazar/lawny_ws/build/control'
[0.614s] /usr/bin/gmake  -f CMakeFiles/control__rosidl_typesupport_introspection_cpp.dir/build.make CMakeFiles/control__rosidl_typesupport_introspection_cpp.dir/build
[0.614s] gmake[2]: Leaving directory '/home/blazar/lawny_ws/build/control'
[0.614s] /usr/bin/gmake  -f CMakeFiles/control__rosidl_typesupport_fastrtps_c.dir/build.make CMakeFiles/control__rosidl_typesupport_fastrtps_c.dir/build
[0.614s] gmake[2]: Leaving directory '/home/blazar/lawny_ws/build/control'
[0.614s] gmake[2]: Entering directory '/home/blazar/lawny_ws/build/control'
[0.614s] gmake[2]: Nothing to be done for 'CMakeFiles/control__rosidl_typesupport_c.dir/build'.
[0.615s] gmake[2]: Leaving directory '/home/blazar/lawny_ws/build/control'
[0.615s] /usr/bin/gmake  -f CMakeFiles/control__rosidl_typesupport_introspection_c.dir/build.make CMakeFiles/control__rosidl_typesupport_introspection_c.dir/build
[0.615s] gmake[2]: Leaving directory '/home/blazar/lawny_ws/build/control'
[0.615s] /usr/bin/gmake  -f CMakeFiles/control__rosidl_typesupport_fastrtps_cpp.dir/build.make CMakeFiles/control__rosidl_typesupport_fastrtps_cpp.dir/build
[0.615s] gmake[2]: Entering directory '/home/blazar/lawny_ws/build/control'
[0.615s] gmake[2]: Nothing to be done for 'CMakeFiles/control__rosidl_typesupport_cpp.dir/build'.
[0.615s] gmake[2]: Leaving directory '/home/blazar/lawny_ws/build/control'
[0.615s] gmake[2]: Entering directory '/home/blazar/lawny_ws/build/control'
[0.615s] gmake[2]: Nothing to be done for 'CMakeFiles/control__rosidl_typesupport_introspection_c.dir/build'.
[0.615s] gmake[2]: Leaving directory '/home/blazar/lawny_ws/build/control'
[0.615s] gmake[2]: Entering directory '/home/blazar/lawny_ws/build/control'
[0.616s] gmake[2]: Nothing to be done for 'CMakeFiles/control__rosidl_typesupport_introspection_cpp.dir/build'.
[0.616s] gmake[2]: Leaving directory '/home/blazar/lawny_ws/build/control'
[0.616s] gmake[2]: Entering directory '/home/blazar/lawny_ws/build/control'
[0.616s] gmake[2]: Nothing to be done for 'CMakeFiles/control__rosidl_typesupport_fastrtps_c.dir/build'.
[0.616s] gmake[2]: Leaving directory '/home/blazar/lawny_ws/build/control'
[0.616s] gmake[2]: Entering directory '/home/blazar/lawny_ws/build/control'
[0.616s] gmake[2]: Nothing to be done for 'CMakeFiles/control__rosidl_typesupport_fastrtps_cpp.dir/build'.
[0.616s] gmake[2]: Leaving directory '/home/blazar/lawny_ws/build/control'
[0.617s] gmake[2]: Leaving directory '/home/blazar/lawny_ws/build/control'
[0.617s] /usr/bin/gmake  -f CMakeFiles/ament_cmake_python_build_control_egg.dir/build.make CMakeFiles/ament_cmake_python_build_control_egg.dir/build
[0.618s] gmake[2]: Entering directory '/home/blazar/lawny_ws/build/control'
[0.618s] cd /home/blazar/lawny_ws/build/control/ament_cmake_python/control && /usr/bin/python3 setup.py egg_info
[0.619s] [ 22%] Built target control__rosidl_typesupport_c
[0.619s] [ 32%] Built target control__rosidl_typesupport_cpp
[0.620s] [ 41%] Built target control__rosidl_typesupport_introspection_cpp
[0.620s] [ 51%] Built target control__rosidl_typesupport_fastrtps_c
[0.620s] [ 61%] Built target control__rosidl_typesupport_introspection_c
[0.620s] [ 70%] Built target control__rosidl_typesupport_fastrtps_cpp
[0.621s] /usr/bin/gmake  -f CMakeFiles/control.dir/build.make CMakeFiles/control.dir/depend
[0.622s] gmake[2]: Entering directory '/home/blazar/lawny_ws/build/control'
[0.622s] cd /home/blazar/lawny_ws/build/control && /usr/bin/cmake -E cmake_depends "Unix Makefiles" /home/blazar/lawny_ws/src/control /home/blazar/lawny_ws/src/control /home/blazar/lawny_ws/build/control /home/blazar/lawny_ws/build/control /home/blazar/lawny_ws/build/control/CMakeFiles/control.dir/DependInfo.cmake --color=
[0.627s] gmake[2]: Leaving directory '/home/blazar/lawny_ws/build/control'
[0.627s] /usr/bin/gmake  -f CMakeFiles/control.dir/build.make CMakeFiles/control.dir/build
[0.628s] gmake[2]: Entering directory '/home/blazar/lawny_ws/build/control'
[0.628s] gmake[2]: Nothing to be done for 'CMakeFiles/control.dir/build'.
[0.628s] gmake[2]: Leaving directory '/home/blazar/lawny_ws/build/control'
[0.633s] [ 70%] Built target control
[0.634s] /usr/bin/gmake  -f control__py/CMakeFiles/control__py.dir/build.make control__py/CMakeFiles/control__py.dir/depend
[0.635s] gmake[2]: Entering directory '/home/blazar/lawny_ws/build/control'
[0.635s] cd /home/blazar/lawny_ws/build/control && /usr/bin/cmake -E cmake_depends "Unix Makefiles" /home/blazar/lawny_ws/src/control /home/blazar/lawny_ws/build/control/control__py /home/blazar/lawny_ws/build/control /home/blazar/lawny_ws/build/control/control__py /home/blazar/lawny_ws/build/control/control__py/CMakeFiles/control__py.dir/DependInfo.cmake --color=
[0.640s] gmake[2]: Leaving directory '/home/blazar/lawny_ws/build/control'
[0.640s] /usr/bin/gmake  -f control__py/CMakeFiles/control__py.dir/build.make control__py/CMakeFiles/control__py.dir/build
[0.641s] gmake[2]: Entering directory '/home/blazar/lawny_ws/build/control'
[0.641s] gmake[2]: Nothing to be done for 'control__py/CMakeFiles/control__py.dir/build'.
[0.641s] gmake[2]: Leaving directory '/home/blazar/lawny_ws/build/control'
[0.645s] [ 74%] Built target control__py
[0.646s] /usr/bin/gmake  -f CMakeFiles/control__rosidl_generator_py.dir/build.make CMakeFiles/control__rosidl_generator_py.dir/depend
[0.647s] gmake[2]: Entering directory '/home/blazar/lawny_ws/build/control'
[0.647s] cd /home/blazar/lawny_ws/build/control && /usr/bin/cmake -E cmake_depends "Unix Makefiles" /home/blazar/lawny_ws/src/control /home/blazar/lawny_ws/src/control /home/blazar/lawny_ws/build/control /home/blazar/lawny_ws/build/control /home/blazar/lawny_ws/build/control/CMakeFiles/control__rosidl_generator_py.dir/DependInfo.cmake --color=
[0.652s] Dependencies file "CMakeFiles/control__rosidl_generator_py.dir/rosidl_generator_py/control/msg/_performance_metrics_s.c.o.d" is newer than depends file "/home/blazar/lawny_ws/build/control/CMakeFiles/control__rosidl_generator_py.dir/compiler_depend.internal".
[0.652s] [35m[1mConsolidate compiler generated dependencies of target control__rosidl_generator_py[0m
[0.654s] gmake[2]: Leaving directory '/home/blazar/lawny_ws/build/control'
[0.654s] /usr/bin/gmake  -f CMakeFiles/control__rosidl_generator_py.dir/build.make CMakeFiles/control__rosidl_generator_py.dir/build
[0.655s] gmake[2]: Entering directory '/home/blazar/lawny_ws/build/control'
[0.655s] gmake[2]: Nothing to be done for 'CMakeFiles/control__rosidl_generator_py.dir/build'.
[0.655s] gmake[2]: Leaving directory '/home/blazar/lawny_ws/build/control'
[0.659s] [ 80%] Built target control__rosidl_generator_py
[0.660s] /usr/bin/gmake  -f CMakeFiles/control__rosidl_typesupport_fastrtps_c__pyext.dir/build.make CMakeFiles/control__rosidl_typesupport_fastrtps_c__pyext.dir/depend
[0.660s] /usr/bin/gmake  -f CMakeFiles/control__rosidl_typesupport_introspection_c__pyext.dir/build.make CMakeFiles/control__rosidl_typesupport_introspection_c__pyext.dir/depend
[0.660s] /usr/bin/gmake  -f CMakeFiles/control__rosidl_typesupport_c__pyext.dir/build.make CMakeFiles/control__rosidl_typesupport_c__pyext.dir/depend
[0.661s] gmake[2]: Entering directory '/home/blazar/lawny_ws/build/control'
[0.661s] cd /home/blazar/lawny_ws/build/control && /usr/bin/cmake -E cmake_depends "Unix Makefiles" /home/blazar/lawny_ws/src/control /home/blazar/lawny_ws/src/control /home/blazar/lawny_ws/build/control /home/blazar/lawny_ws/build/control /home/blazar/lawny_ws/build/control/CMakeFiles/control__rosidl_typesupport_fastrtps_c__pyext.dir/DependInfo.cmake --color=
[0.661s] gmake[2]: Entering directory '/home/blazar/lawny_ws/build/control'
[0.661s] cd /home/blazar/lawny_ws/build/control && /usr/bin/cmake -E cmake_depends "Unix Makefiles" /home/blazar/lawny_ws/src/control /home/blazar/lawny_ws/src/control /home/blazar/lawny_ws/build/control /home/blazar/lawny_ws/build/control /home/blazar/lawny_ws/build/control/CMakeFiles/control__rosidl_typesupport_introspection_c__pyext.dir/DependInfo.cmake --color=
[0.661s] gmake[2]: Entering directory '/home/blazar/lawny_ws/build/control'
[0.661s] cd /home/blazar/lawny_ws/build/control && /usr/bin/cmake -E cmake_depends "Unix Makefiles" /home/blazar/lawny_ws/src/control /home/blazar/lawny_ws/src/control /home/blazar/lawny_ws/build/control /home/blazar/lawny_ws/build/control /home/blazar/lawny_ws/build/control/CMakeFiles/control__rosidl_typesupport_c__pyext.dir/DependInfo.cmake --color=
[0.665s] Dependencies file "CMakeFiles/control__rosidl_typesupport_fastrtps_c__pyext.dir/rosidl_generator_py/control/_control_s.ep.rosidl_typesupport_fastrtps_c.c.o.d" is newer than depends file "/home/blazar/lawny_ws/build/control/CMakeFiles/control__rosidl_typesupport_fastrtps_c__pyext.dir/compiler_depend.internal".
[0.665s] [35m[1mConsolidate compiler generated dependencies of target control__rosidl_typesupport_fastrtps_c__pyext[0m
[0.665s] Dependencies file "CMakeFiles/control__rosidl_typesupport_introspection_c__pyext.dir/rosidl_generator_py/control/_control_s.ep.rosidl_typesupport_introspection_c.c.o.d" is newer than depends file "/home/blazar/lawny_ws/build/control/CMakeFiles/control__rosidl_typesupport_introspection_c__pyext.dir/compiler_depend.internal".
[0.666s] [35m[1mConsolidate compiler generated dependencies of target control__rosidl_typesupport_introspection_c__pyext[0m
[0.666s] Dependencies file "CMakeFiles/control__rosidl_typesupport_c__pyext.dir/rosidl_generator_py/control/_control_s.ep.rosidl_typesupport_c.c.o.d" is newer than depends file "/home/blazar/lawny_ws/build/control/CMakeFiles/control__rosidl_typesupport_c__pyext.dir/compiler_depend.internal".
[0.666s] [35m[1mConsolidate compiler generated dependencies of target control__rosidl_typesupport_c__pyext[0m
[0.667s] gmake[2]: Leaving directory '/home/blazar/lawny_ws/build/control'
[0.667s] /usr/bin/gmake  -f CMakeFiles/control__rosidl_typesupport_fastrtps_c__pyext.dir/build.make CMakeFiles/control__rosidl_typesupport_fastrtps_c__pyext.dir/build
[0.667s] gmake[2]: Leaving directory '/home/blazar/lawny_ws/build/control'
[0.667s] /usr/bin/gmake  -f CMakeFiles/control__rosidl_typesupport_introspection_c__pyext.dir/build.make CMakeFiles/control__rosidl_typesupport_introspection_c__pyext.dir/build
[0.667s] gmake[2]: Leaving directory '/home/blazar/lawny_ws/build/control'
[0.668s] /usr/bin/gmake  -f CMakeFiles/control__rosidl_typesupport_c__pyext.dir/build.make CMakeFiles/control__rosidl_typesupport_c__pyext.dir/build
[0.668s] gmake[2]: Entering directory '/home/blazar/lawny_ws/build/control'
[0.668s] gmake[2]: Nothing to be done for 'CMakeFiles/control__rosidl_typesupport_fastrtps_c__pyext.dir/build'.
[0.668s] gmake[2]: Leaving directory '/home/blazar/lawny_ws/build/control'
[0.669s] gmake[2]: Entering directory '/home/blazar/lawny_ws/build/control'
[0.669s] gmake[2]: Nothing to be done for 'CMakeFiles/control__rosidl_typesupport_introspection_c__pyext.dir/build'.
[0.669s] gmake[2]: Leaving directory '/home/blazar/lawny_ws/build/control'
[0.669s] gmake[2]: Entering directory '/home/blazar/lawny_ws/build/control'
[0.669s] gmake[2]: Nothing to be done for 'CMakeFiles/control__rosidl_typesupport_c__pyext.dir/build'.
[0.669s] gmake[2]: Leaving directory '/home/blazar/lawny_ws/build/control'
[0.672s] [ 87%] Built target control__rosidl_typesupport_fastrtps_c__pyext
[0.673s] [ 93%] Built target control__rosidl_typesupport_introspection_c__pyext
[0.673s] [100%] Built target control__rosidl_typesupport_c__pyext
[0.730s] running egg_info
[0.731s] writing control.egg-info/PKG-INFO
[0.731s] writing dependency_links to control.egg-info/dependency_links.txt
[0.731s] writing top-level names to control.egg-info/top_level.txt
[0.732s] reading manifest file 'control.egg-info/SOURCES.txt'
[0.732s] writing manifest file 'control.egg-info/SOURCES.txt'
[0.741s] gmake[2]: Leaving directory '/home/blazar/lawny_ws/build/control'
[0.746s] [100%] Built target ament_cmake_python_build_control_egg
[0.747s] gmake[1]: Leaving directory '/home/blazar/lawny_ws/build/control'
[0.747s] /usr/bin/cmake -E cmake_progress_start /home/blazar/lawny_ws/build/control/CMakeFiles 0
[0.754s] Invoked command in '/home/blazar/lawny_ws/build/control' returned '0': CMAKE_PREFIX_PATH=${CMAKE_PREFIX_PATH}:/home/blazar/lawny_ws/install/first_order_boustrophedon_navigator:/opt/ros/humble /usr/bin/cmake --build /home/blazar/lawny_ws/build/control -- -j16 -l16
[0.760s] Invoking command in '/home/blazar/lawny_ws/build/control': CMAKE_PREFIX_PATH=${CMAKE_PREFIX_PATH}:/home/blazar/lawny_ws/install/first_order_boustrophedon_navigator:/opt/ros/humble /usr/bin/cmake --install /home/blazar/lawny_ws/build/control
[0.765s] -- Install configuration: ""
[0.765s] -- Up-to-date: /home/blazar/lawny_ws/install/control/share/ament_index/resource_index/rosidl_interfaces/control
[0.765s] -- Up-to-date: /home/blazar/lawny_ws/install/control/include/control/control
[0.765s] -- Up-to-date: /home/blazar/lawny_ws/install/control/include/control/control/msg
[0.765s] -- Up-to-date: /home/blazar/lawny_ws/install/control/include/control/control/msg/detail
[0.765s] -- Up-to-date: /home/blazar/lawny_ws/install/control/include/control/control/msg/detail/performance_metrics__type_support.h
[0.765s] -- Up-to-date: /home/blazar/lawny_ws/install/control/include/control/control/msg/detail/performance_metrics__functions.c
[0.765s] -- Up-to-date: /home/blazar/lawny_ws/install/control/include/control/control/msg/detail/performance_metrics__functions.h
[0.765s] -- Up-to-date: /home/blazar/lawny_ws/install/control/include/control/control/msg/detail/performance_metrics__struct.h
[0.765s] -- Up-to-date: /home/blazar/lawny_ws/install/control/include/control/control/msg/rosidl_generator_c__visibility_control.h
[0.765s] -- Up-to-date: /home/blazar/lawny_ws/install/control/include/control/control/msg/performance_metrics.h
[0.765s] -- Up-to-date: /home/blazar/lawny_ws/install/control/share/control/environment/library_path.sh
[0.765s] -- Installing: /home/blazar/lawny_ws/install/control/share/control/environment/library_path.dsv
[0.765s] -- Up-to-date: /home/blazar/lawny_ws/install/control/lib/libcontrol__rosidl_generator_c.so
[0.765s] -- Up-to-date: /home/blazar/lawny_ws/install/control/include/control/control
[0.765s] -- Up-to-date: /home/blazar/lawny_ws/install/control/include/control/control/msg
[0.765s] -- Up-to-date: /home/blazar/lawny_ws/install/control/include/control/control/msg/detail
[0.765s] -- Up-to-date: /home/blazar/lawny_ws/install/control/include/control/control/msg/detail/performance_metrics__rosidl_typesupport_fastrtps_c.h
[0.765s] -- Up-to-date: /home/blazar/lawny_ws/install/control/include/control/control/msg/rosidl_typesupport_fastrtps_c__visibility_control.h
[0.765s] -- Up-to-date: /home/blazar/lawny_ws/install/control/lib/libcontrol__rosidl_typesupport_fastrtps_c.so
[0.766s] -- Up-to-date: /home/blazar/lawny_ws/install/control/include/control/control
[0.766s] -- Up-to-date: /home/blazar/lawny_ws/install/control/include/control/control/msg
[0.766s] -- Up-to-date: /home/blazar/lawny_ws/install/control/include/control/control/msg/detail
[0.766s] -- Up-to-date: /home/blazar/lawny_ws/install/control/include/control/control/msg/detail/performance_metrics__rosidl_typesupport_introspection_c.h
[0.766s] -- Up-to-date: /home/blazar/lawny_ws/install/control/include/control/control/msg/detail/performance_metrics__type_support.c
[0.766s] -- Up-to-date: /home/blazar/lawny_ws/install/control/include/control/control/msg/rosidl_typesupport_introspection_c__visibility_control.h
[0.766s] -- Up-to-date: /home/blazar/lawny_ws/install/control/lib/libcontrol__rosidl_typesupport_introspection_c.so
[0.766s] -- Up-to-date: /home/blazar/lawny_ws/install/control/lib/libcontrol__rosidl_typesupport_c.so
[0.766s] -- Up-to-date: /home/blazar/lawny_ws/install/control/include/control/control
[0.766s] -- Up-to-date: /home/blazar/lawny_ws/install/control/include/control/control/msg
[0.766s] -- Up-to-date: /home/blazar/lawny_ws/install/control/include/control/control/msg/performance_metrics.hpp
[0.766s] -- Up-to-date: /home/blazar/lawny_ws/install/control/include/control/control/msg/detail
[0.766s] -- Up-to-date: /home/blazar/lawny_ws/install/control/include/control/control/msg/detail/performance_metrics__builder.hpp
[0.766s] -- Up-to-date: /home/blazar/lawny_ws/install/control/include/control/control/msg/detail/performance_metrics__type_support.hpp
[0.766s] -- Up-to-date: /home/blazar/lawny_ws/install/control/include/control/control/msg/detail/performance_metrics__traits.hpp
[0.766s] -- Up-to-date: /home/blazar/lawny_ws/install/control/include/control/control/msg/detail/performance_metrics__struct.hpp
[0.766s] -- Up-to-date: /home/blazar/lawny_ws/install/control/include/control/control/msg/rosidl_generator_cpp__visibility_control.hpp
[0.766s] -- Up-to-date: /home/blazar/lawny_ws/install/control/include/control/control
[0.766s] -- Up-to-date: /home/blazar/lawny_ws/install/control/include/control/control/msg
[0.766s] -- Up-to-date: /home/blazar/lawny_ws/install/control/include/control/control/msg/rosidl_typesupport_fastrtps_cpp__visibility_control.h
[0.766s] -- Up-to-date: /home/blazar/lawny_ws/install/control/include/control/control/msg/detail
[0.766s] -- Up-to-date: /home/blazar/lawny_ws/install/control/include/control/control/msg/detail/dds_fastrtps
[0.766s] -- Up-to-date: /home/blazar/lawny_ws/install/control/include/control/control/msg/detail/performance_metrics__rosidl_typesupport_fastrtps_cpp.hpp
[0.766s] -- Up-to-date: /home/blazar/lawny_ws/install/control/lib/libcontrol__rosidl_typesupport_fastrtps_cpp.so
[0.767s] -- Up-to-date: /home/blazar/lawny_ws/install/control/include/control/control
[0.767s] -- Up-to-date: /home/blazar/lawny_ws/install/control/include/control/control/msg
[0.767s] -- Up-to-date: /home/blazar/lawny_ws/install/control/include/control/control/msg/detail
[0.767s] -- Up-to-date: /home/blazar/lawny_ws/install/control/include/control/control/msg/detail/performance_metrics__type_support.cpp
[0.767s] -- Up-to-date: /home/blazar/lawny_ws/install/control/include/control/control/msg/detail/performance_metrics__rosidl_typesupport_introspection_cpp.hpp
[0.767s] -- Up-to-date: /home/blazar/lawny_ws/install/control/lib/libcontrol__rosidl_typesupport_introspection_cpp.so
[0.767s] -- Up-to-date: /home/blazar/lawny_ws/install/control/lib/libcontrol__rosidl_typesupport_cpp.so
[0.767s] -- Up-to-date: /home/blazar/lawny_ws/install/control/share/control/environment/pythonpath.sh
[0.767s] -- Installing: /home/blazar/lawny_ws/install/control/share/control/environment/pythonpath.dsv
[0.767s] -- Up-to-date: /home/blazar/lawny_ws/install/control/local/lib/python3.10/dist-packages/control-0.0.1-py3.10.egg-info
[0.767s] -- Installing: /home/blazar/lawny_ws/install/control/local/lib/python3.10/dist-packages/control-0.0.1-py3.10.egg-info/PKG-INFO
[0.767s] -- Installing: /home/blazar/lawny_ws/install/control/local/lib/python3.10/dist-packages/control-0.0.1-py3.10.egg-info/top_level.txt
[0.767s] -- Installing: /home/blazar/lawny_ws/install/control/local/lib/python3.10/dist-packages/control-0.0.1-py3.10.egg-info/SOURCES.txt
[0.767s] -- Installing: /home/blazar/lawny_ws/install/control/local/lib/python3.10/dist-packages/control-0.0.1-py3.10.egg-info/dependency_links.txt
[0.767s] -- Up-to-date: /home/blazar/lawny_ws/install/control/local/lib/python3.10/dist-packages/control
[0.767s] -- Up-to-date: /home/blazar/lawny_ws/install/control/local/lib/python3.10/dist-packages/control/_control_s.ep.rosidl_typesupport_fastrtps_c.c
[0.768s] -- Up-to-date: /home/blazar/lawny_ws/install/control/local/lib/python3.10/dist-packages/control/control_s__rosidl_typesupport_c.cpython-310-x86_64-linux-gnu.so
[0.768s] -- Up-to-date: /home/blazar/lawny_ws/install/control/local/lib/python3.10/dist-packages/control/_control_s.ep.rosidl_typesupport_introspection_c.c
[0.768s] -- Up-to-date: /home/blazar/lawny_ws/install/control/local/lib/python3.10/dist-packages/control/control_s__rosidl_typesupport_introspection_c.cpython-310-x86_64-linux-gnu.so
[0.768s] -- Up-to-date: /home/blazar/lawny_ws/install/control/local/lib/python3.10/dist-packages/control/control_s__rosidl_typesupport_fastrtps_c.cpython-310-x86_64-linux-gnu.so
[0.768s] -- Up-to-date: /home/blazar/lawny_ws/install/control/local/lib/python3.10/dist-packages/control/libcontrol__rosidl_generator_py.so
[0.768s] -- Up-to-date: /home/blazar/lawny_ws/install/control/local/lib/python3.10/dist-packages/control/msg
[0.768s] -- Up-to-date: /home/blazar/lawny_ws/install/control/local/lib/python3.10/dist-packages/control/msg/_performance_metrics.py
[0.768s] -- Up-to-date: /home/blazar/lawny_ws/install/control/local/lib/python3.10/dist-packages/control/msg/_performance_metrics_s.c
[0.768s] -- Up-to-date: /home/blazar/lawny_ws/install/control/local/lib/python3.10/dist-packages/control/msg/__init__.py
[0.768s] -- Up-to-date: /home/blazar/lawny_ws/install/control/local/lib/python3.10/dist-packages/control/_control_s.ep.rosidl_typesupport_c.c
[0.768s] -- Installing: /home/blazar/lawny_ws/install/control/local/lib/python3.10/dist-packages/control/__init__.py
[0.786s] Listing '/home/blazar/lawny_ws/install/control/local/lib/python3.10/dist-packages/control'...
[0.786s] Compiling '/home/blazar/lawny_ws/install/control/local/lib/python3.10/dist-packages/control/__init__.py'...
[0.786s] Listing '/home/blazar/lawny_ws/install/control/local/lib/python3.10/dist-packages/control/msg'...
[0.789s] -- Up-to-date: /home/blazar/lawny_ws/install/control/local/lib/python3.10/dist-packages/control/control_s__rosidl_typesupport_fastrtps_c.cpython-310-x86_64-linux-gnu.so
[0.789s] -- Up-to-date: /home/blazar/lawny_ws/install/control/local/lib/python3.10/dist-packages/control/control_s__rosidl_typesupport_introspection_c.cpython-310-x86_64-linux-gnu.so
[0.789s] -- Up-to-date: /home/blazar/lawny_ws/install/control/local/lib/python3.10/dist-packages/control/control_s__rosidl_typesupport_c.cpython-310-x86_64-linux-gnu.so
[0.789s] -- Up-to-date: /home/blazar/lawny_ws/install/control/lib/libcontrol__rosidl_generator_py.so
[0.790s] -- Up-to-date: /home/blazar/lawny_ws/install/control/share/control/msg/PerformanceMetrics.idl
[0.790s] -- Up-to-date: /home/blazar/lawny_ws/install/control/share/control/msg/PerformanceMetrics.msg
[0.790s] -- Up-to-date: /home/blazar/lawny_ws/install/control/lib/control/controller.py
[0.790s] -- Up-to-date: /home/blazar/lawny_ws/install/control/lib/control/exp.py
[0.790s] -- Up-to-date: /home/blazar/lawny_ws/install/control/share/control/launch/launch
[0.790s] -- Up-to-date: /home/blazar/lawny_ws/install/control/share/control/launch/launch/controller_launch.xml
[0.790s] -- Installing: /home/blazar/lawny_ws/install/control/share/control/params/params
[0.790s] -- Installing: /home/blazar/lawny_ws/install/control/share/control/params/params/params.yaml
[0.790s] -- Up-to-date: /home/blazar/lawny_ws/install/control/share/ament_index/resource_index/package_run_dependencies/control
[0.790s] -- Up-to-date: /home/blazar/lawny_ws/install/control/share/ament_index/resource_index/parent_prefix_path/control
[0.790s] -- Up-to-date: /home/blazar/lawny_ws/install/control/share/control/environment/ament_prefix_path.sh
[0.790s] -- Installing: /home/blazar/lawny_ws/install/control/share/control/environment/ament_prefix_path.dsv
[0.790s] -- Up-to-date: /home/blazar/lawny_ws/install/control/share/control/environment/path.sh
[0.790s] -- Installing: /home/blazar/lawny_ws/install/control/share/control/environment/path.dsv
[0.790s] -- Up-to-date: /home/blazar/lawny_ws/install/control/share/control/local_setup.bash
[0.790s] -- Up-to-date: /home/blazar/lawny_ws/install/control/share/control/local_setup.sh
[0.790s] -- Up-to-date: /home/blazar/lawny_ws/install/control/share/control/local_setup.zsh
[0.790s] -- Installing: /home/blazar/lawny_ws/install/control/share/control/local_setup.dsv
[0.791s] -- Installing: /home/blazar/lawny_ws/install/control/share/control/package.dsv
[0.791s] -- Up-to-date: /home/blazar/lawny_ws/install/control/share/ament_index/resource_index/packages/control
[0.791s] -- Up-to-date: /home/blazar/lawny_ws/install/control/share/control/cmake/export_control__rosidl_generator_cExport.cmake
[0.791s] -- Up-to-date: /home/blazar/lawny_ws/install/control/share/control/cmake/export_control__rosidl_generator_cExport-noconfig.cmake
[0.791s] -- Up-to-date: /home/blazar/lawny_ws/install/control/share/control/cmake/export_control__rosidl_typesupport_fastrtps_cExport.cmake
[0.791s] -- Up-to-date: /home/blazar/lawny_ws/install/control/share/control/cmake/export_control__rosidl_typesupport_fastrtps_cExport-noconfig.cmake
[0.791s] -- Up-to-date: /home/blazar/lawny_ws/install/control/share/control/cmake/control__rosidl_typesupport_introspection_cExport.cmake
[0.791s] -- Up-to-date: /home/blazar/lawny_ws/install/control/share/control/cmake/control__rosidl_typesupport_introspection_cExport-noconfig.cmake
[0.791s] -- Up-to-date: /home/blazar/lawny_ws/install/control/share/control/cmake/control__rosidl_typesupport_cExport.cmake
[0.791s] -- Up-to-date: /home/blazar/lawny_ws/install/control/share/control/cmake/control__rosidl_typesupport_cExport-noconfig.cmake
[0.791s] -- Up-to-date: /home/blazar/lawny_ws/install/control/share/control/cmake/export_control__rosidl_generator_cppExport.cmake
[0.791s] -- Up-to-date: /home/blazar/lawny_ws/install/control/share/control/cmake/export_control__rosidl_typesupport_fastrtps_cppExport.cmake
[0.791s] -- Up-to-date: /home/blazar/lawny_ws/install/control/share/control/cmake/export_control__rosidl_typesupport_fastrtps_cppExport-noconfig.cmake
[0.791s] -- Up-to-date: /home/blazar/lawny_ws/install/control/share/control/cmake/control__rosidl_typesupport_introspection_cppExport.cmake
[0.791s] -- Up-to-date: /home/blazar/lawny_ws/install/control/share/control/cmake/control__rosidl_typesupport_introspection_cppExport-noconfig.cmake
[0.791s] -- Up-to-date: /home/blazar/lawny_ws/install/control/share/control/cmake/control__rosidl_typesupport_cppExport.cmake
[0.791s] -- Up-to-date: /home/blazar/lawny_ws/install/control/share/control/cmake/control__rosidl_typesupport_cppExport-noconfig.cmake
[0.791s] -- Up-to-date: /home/blazar/lawny_ws/install/control/share/control/cmake/export_control__rosidl_generator_pyExport.cmake
[0.791s] -- Up-to-date: /home/blazar/lawny_ws/install/control/share/control/cmake/export_control__rosidl_generator_pyExport-noconfig.cmake
[0.791s] -- Up-to-date: /home/blazar/lawny_ws/install/control/share/control/cmake/rosidl_cmake-extras.cmake
[0.791s] -- Up-to-date: /home/blazar/lawny_ws/install/control/share/control/cmake/ament_cmake_export_include_directories-extras.cmake
[0.791s] -- Up-to-date: /home/blazar/lawny_ws/install/control/share/control/cmake/ament_cmake_export_libraries-extras.cmake
[0.792s] -- Up-to-date: /home/blazar/lawny_ws/install/control/share/control/cmake/ament_cmake_export_targets-extras.cmake
[0.792s] -- Up-to-date: /home/blazar/lawny_ws/install/control/share/control/cmake/rosidl_cmake_export_typesupport_targets-extras.cmake
[0.792s] -- Up-to-date: /home/blazar/lawny_ws/install/control/share/control/cmake/ament_cmake_export_dependencies-extras.cmake
[0.792s] -- Up-to-date: /home/blazar/lawny_ws/install/control/share/control/cmake/rosidl_cmake_export_typesupport_libraries-extras.cmake
[0.792s] -- Up-to-date: /home/blazar/lawny_ws/install/control/share/control/cmake/controlConfig.cmake
[0.792s] -- Up-to-date: /home/blazar/lawny_ws/install/control/share/control/cmake/controlConfig-version.cmake
[0.792s] -- Up-to-date: /home/blazar/lawny_ws/install/control/share/control/package.xml
[0.793s] Invoked command in '/home/blazar/lawny_ws/build/control' returned '0': CMAKE_PREFIX_PATH=${CMAKE_PREFIX_PATH}:/home/blazar/lawny_ws/install/first_order_boustrophedon_navigator:/opt/ros/humble /usr/bin/cmake --install /home/blazar/lawny_ws/build/control
