[0.537s] Invoking command in '/home/blazar/workspaces/cartip_ws/src/ralpoley': DEBUGINFOD_URLS=https://debuginfod.ubuntu.com PYTHONPATH=/home/blazar/workspaces/cartip_ws/build/ralpoley/prefix_override:/usr/lib/python3/dist-packages/colcon_core/task/python/colcon_distutils_commands:/home/blazar/workspaces/cartip_ws/install/ralpoley/lib/python3.12/site-packages:${PYTHONPATH} /usr/bin/python3 -W ignore:setup.py install is deprecated -W ignore:easy_install command is deprecated setup.py egg_info --egg-base ../../build/ralpoley build --build-base /home/blazar/workspaces/cartip_ws/build/ralpoley/build install --record /home/blazar/workspaces/cartip_ws/build/ralpoley/install.log --single-version-externally-managed install_data
[0.662s] running egg_info
[0.670s] writing ../../build/ralpoley/ralpoley.egg-info/PKG-INFO
[0.670s] writing dependency_links to ../../build/ralpoley/ralpoley.egg-info/dependency_links.txt
[0.670s] writing entry points to ../../build/ralpoley/ralpoley.egg-info/entry_points.txt
[0.670s] writing requirements to ../../build/ralpoley/ralpoley.egg-info/requires.txt
[0.670s] writing top-level names to ../../build/ralpoley/ralpoley.egg-info/top_level.txt
[0.687s] reading manifest file '../../build/ralpoley/ralpoley.egg-info/SOURCES.txt'
[0.687s] writing manifest file '../../build/ralpoley/ralpoley.egg-info/SOURCES.txt'
[0.687s] running build
[0.687s] running build_py
[0.687s] running install
[0.691s] running install_lib
[0.699s] running install_data
[0.700s] running install_egg_info
[0.708s] removing '/home/blazar/workspaces/cartip_ws/install/ralpoley/lib/python3.12/site-packages/ralpoley-0.0.1-py3.12.egg-info' (and everything under it)
[0.709s] Copying ../../build/ralpoley/ralpoley.egg-info to /home/blazar/workspaces/cartip_ws/install/ralpoley/lib/python3.12/site-packages/ralpoley-0.0.1-py3.12.egg-info
[0.709s] running install_scripts
[0.770s] Installing gymmie script to /home/blazar/workspaces/cartip_ws/install/ralpoley/lib/ralpoley
[0.771s] writing list of installed files to '/home/blazar/workspaces/cartip_ws/build/ralpoley/install.log'
[0.783s] Invoked command in '/home/blazar/workspaces/cartip_ws/src/ralpoley' returned '0': DEBUGINFOD_URLS=https://debuginfod.ubuntu.com PYTHONPATH=/home/blazar/workspaces/cartip_ws/build/ralpoley/prefix_override:/usr/lib/python3/dist-packages/colcon_core/task/python/colcon_distutils_commands:/home/blazar/workspaces/cartip_ws/install/ralpoley/lib/python3.12/site-packages:${PYTHONPATH} /usr/bin/python3 -W ignore:setup.py install is deprecated -W ignore:easy_install command is deprecated setup.py egg_info --egg-base ../../build/ralpoley build --build-base /home/blazar/workspaces/cartip_ws/build/ralpoley/build install --record /home/blazar/workspaces/cartip_ws/build/ralpoley/install.log --single-version-externally-managed install_data
