running egg_info
writing ../../build/ralpoley/ralpoley.egg-info/PKG-INFO
writing dependency_links to ../../build/ralpoley/ralpoley.egg-info/dependency_links.txt
writing entry points to ../../build/ralpoley/ralpoley.egg-info/entry_points.txt
writing requirements to ../../build/ralpoley/ralpoley.egg-info/requires.txt
writing top-level names to ../../build/ralpoley/ralpoley.egg-info/top_level.txt
reading manifest file '../../build/ralpoley/ralpoley.egg-info/SOURCES.txt'
writing manifest file '../../build/ralpoley/ralpoley.egg-info/SOURCES.txt'
running build
running build_py
copying ralpoley/gym1.py -> /home/blazar/workspaces/cartip_ws/build/ralpoley/build/lib/ralpoley
running install
running install_lib
copying /home/blazar/workspaces/cartip_ws/build/ralpoley/build/lib/ralpoley/gym1.py -> /home/blazar/workspaces/cartip_ws/install/ralpoley/lib/python3.12/site-packages/ralpoley
byte-compiling /home/blazar/workspaces/cartip_ws/install/ralpoley/lib/python3.12/site-packages/ralpoley/gym1.py to gym1.cpython-312.pyc
running install_data
running install_egg_info
removing '/home/blazar/workspaces/cartip_ws/install/ralpoley/lib/python3.12/site-packages/ralpoley-0.0.1-py3.12.egg-info' (and everything under it)
Copying ../../build/ralpoley/ralpoley.egg-info to /home/blazar/workspaces/cartip_ws/install/ralpoley/lib/python3.12/site-packages/ralpoley-0.0.1-py3.12.egg-info
running install_scripts
Installing gym script to /home/blazar/workspaces/cartip_ws/install/ralpoley/lib/ralpoley
writing list of installed files to '/home/blazar/workspaces/cartip_ws/build/ralpoley/install.log'
