/usr/bin/cmake -S/home/blazar/lawny_ws/src/control -B/home/blazar/lawny_ws/build/control --check-build-system CMakeFiles/Makefile.cmake 0
/usr/bin/cmake -E cmake_progress_start /home/blazar/lawny_ws/build/control/CMakeFiles /home/blazar/lawny_ws/build/control//CMakeFiles/progress.marks
/usr/bin/gmake  -f CMakeFiles/Makefile2 all
gmake[1]: Entering directory '/home/blazar/lawny_ws/build/control'
/usr/bin/gmake  -f CMakeFiles/control__rosidl_generator_c.dir/build.make CMakeFiles/control__rosidl_generator_c.dir/depend
/usr/bin/gmake  -f CMakeFiles/control__cpp.dir/build.make CMakeFiles/control__cpp.dir/depend
/usr/bin/gmake  -f CMakeFiles/ament_cmake_python_copy_control.dir/build.make CMakeFiles/ament_cmake_python_copy_control.dir/depend
gmake[2]: Entering directory '/home/blazar/lawny_ws/build/control'
cd /home/blazar/lawny_ws/build/control && /usr/bin/cmake -E cmake_depends "Unix Makefiles" /home/blazar/lawny_ws/src/control /home/blazar/lawny_ws/src/control /home/blazar/lawny_ws/build/control /home/blazar/lawny_ws/build/control /home/blazar/lawny_ws/build/control/CMakeFiles/control__rosidl_generator_c.dir/DependInfo.cmake --color=
gmake[2]: Entering directory '/home/blazar/lawny_ws/build/control'
cd /home/blazar/lawny_ws/build/control && /usr/bin/cmake -E cmake_depends "Unix Makefiles" /home/blazar/lawny_ws/src/control /home/blazar/lawny_ws/src/control /home/blazar/lawny_ws/build/control /home/blazar/lawny_ws/build/control /home/blazar/lawny_ws/build/control/CMakeFiles/control__cpp.dir/DependInfo.cmake --color=
gmake[2]: Entering directory '/home/blazar/lawny_ws/build/control'
cd /home/blazar/lawny_ws/build/control && /usr/bin/cmake -E cmake_depends "Unix Makefiles" /home/blazar/lawny_ws/src/control /home/blazar/lawny_ws/src/control /home/blazar/lawny_ws/build/control /home/blazar/lawny_ws/build/control /home/blazar/lawny_ws/build/control/CMakeFiles/ament_cmake_python_copy_control.dir/DependInfo.cmake --color=
gmake[2]: Leaving directory '/home/blazar/lawny_ws/build/control'
gmake[2]: Leaving directory '/home/blazar/lawny_ws/build/control'
/usr/bin/gmake  -f CMakeFiles/control__cpp.dir/build.make CMakeFiles/control__cpp.dir/build
/usr/bin/gmake  -f CMakeFiles/control__rosidl_generator_c.dir/build.make CMakeFiles/control__rosidl_generator_c.dir/build
gmake[2]: Leaving directory '/home/blazar/lawny_ws/build/control'
/usr/bin/gmake  -f CMakeFiles/ament_cmake_python_copy_control.dir/build.make CMakeFiles/ament_cmake_python_copy_control.dir/build
gmake[2]: Entering directory '/home/blazar/lawny_ws/build/control'
gmake[2]: Nothing to be done for 'CMakeFiles/control__cpp.dir/build'.
gmake[2]: Leaving directory '/home/blazar/lawny_ws/build/control'
gmake[2]: Entering directory '/home/blazar/lawny_ws/build/control'
/usr/bin/cmake -E copy_directory /home/blazar/lawny_ws/build/control/rosidl_generator_py/control /home/blazar/lawny_ws/build/control/ament_cmake_python/control/control
gmake[2]: Entering directory '/home/blazar/lawny_ws/build/control'
gmake[2]: Nothing to be done for 'CMakeFiles/control__rosidl_generator_c.dir/build'.
gmake[2]: Leaving directory '/home/blazar/lawny_ws/build/control'
[  3%] Built target control__cpp
gmake[2]: Leaving directory '/home/blazar/lawny_ws/build/control'
[ 12%] Built target control__rosidl_generator_c
/usr/bin/gmake  -f CMakeFiles/control__rosidl_typesupport_fastrtps_cpp.dir/build.make CMakeFiles/control__rosidl_typesupport_fastrtps_cpp.dir/depend
/usr/bin/gmake  -f CMakeFiles/control__rosidl_typesupport_introspection_cpp.dir/build.make CMakeFiles/control__rosidl_typesupport_introspection_cpp.dir/depend
/usr/bin/gmake  -f CMakeFiles/control__rosidl_typesupport_cpp.dir/build.make CMakeFiles/control__rosidl_typesupport_cpp.dir/depend
/usr/bin/gmake  -f CMakeFiles/control__rosidl_typesupport_c.dir/build.make CMakeFiles/control__rosidl_typesupport_c.dir/depend
/usr/bin/gmake  -f CMakeFiles/control__rosidl_typesupport_fastrtps_c.dir/build.make CMakeFiles/control__rosidl_typesupport_fastrtps_c.dir/depend
/usr/bin/gmake  -f CMakeFiles/control__rosidl_typesupport_introspection_c.dir/build.make CMakeFiles/control__rosidl_typesupport_introspection_c.dir/depend
gmake[2]: Entering directory '/home/blazar/lawny_ws/build/control'
cd /home/blazar/lawny_ws/build/control && /usr/bin/cmake -E cmake_depends "Unix Makefiles" /home/blazar/lawny_ws/src/control /home/blazar/lawny_ws/src/control /home/blazar/lawny_ws/build/control /home/blazar/lawny_ws/build/control /home/blazar/lawny_ws/build/control/CMakeFiles/control__rosidl_typesupport_c.dir/DependInfo.cmake --color=
gmake[2]: Entering directory '/home/blazar/lawny_ws/build/control'
cd /home/blazar/lawny_ws/build/control && /usr/bin/cmake -E cmake_depends "Unix Makefiles" /home/blazar/lawny_ws/src/control /home/blazar/lawny_ws/src/control /home/blazar/lawny_ws/build/control /home/blazar/lawny_ws/build/control /home/blazar/lawny_ws/build/control/CMakeFiles/control__rosidl_typesupport_cpp.dir/DependInfo.cmake --color=
gmake[2]: Entering directory '/home/blazar/lawny_ws/build/control'
cd /home/blazar/lawny_ws/build/control && /usr/bin/cmake -E cmake_depends "Unix Makefiles" /home/blazar/lawny_ws/src/control /home/blazar/lawny_ws/src/control /home/blazar/lawny_ws/build/control /home/blazar/lawny_ws/build/control /home/blazar/lawny_ws/build/control/CMakeFiles/control__rosidl_typesupport_fastrtps_cpp.dir/DependInfo.cmake --color=
gmake[2]: Entering directory '/home/blazar/lawny_ws/build/control'
cd /home/blazar/lawny_ws/build/control && /usr/bin/cmake -E cmake_depends "Unix Makefiles" /home/blazar/lawny_ws/src/control /home/blazar/lawny_ws/src/control /home/blazar/lawny_ws/build/control /home/blazar/lawny_ws/build/control /home/blazar/lawny_ws/build/control/CMakeFiles/control__rosidl_typesupport_introspection_cpp.dir/DependInfo.cmake --color=
gmake[2]: Entering directory '/home/blazar/lawny_ws/build/control'
cd /home/blazar/lawny_ws/build/control && /usr/bin/cmake -E cmake_depends "Unix Makefiles" /home/blazar/lawny_ws/src/control /home/blazar/lawny_ws/src/control /home/blazar/lawny_ws/build/control /home/blazar/lawny_ws/build/control /home/blazar/lawny_ws/build/control/CMakeFiles/control__rosidl_typesupport_fastrtps_c.dir/DependInfo.cmake --color=
gmake[2]: Entering directory '/home/blazar/lawny_ws/build/control'
cd /home/blazar/lawny_ws/build/control && /usr/bin/cmake -E cmake_depends "Unix Makefiles" /home/blazar/lawny_ws/src/control /home/blazar/lawny_ws/src/control /home/blazar/lawny_ws/build/control /home/blazar/lawny_ws/build/control /home/blazar/lawny_ws/build/control/CMakeFiles/control__rosidl_typesupport_introspection_c.dir/DependInfo.cmake --color=
[ 12%] Built target ament_cmake_python_copy_control
/usr/bin/gmake  -f CMakeFiles/ament_cmake_python_build_control_egg.dir/build.make CMakeFiles/ament_cmake_python_build_control_egg.dir/depend
gmake[2]: Leaving directory '/home/blazar/lawny_ws/build/control'
/usr/bin/gmake  -f CMakeFiles/control__rosidl_typesupport_fastrtps_cpp.dir/build.make CMakeFiles/control__rosidl_typesupport_fastrtps_cpp.dir/build
gmake[2]: Leaving directory '/home/blazar/lawny_ws/build/control'
gmake[2]: Entering directory '/home/blazar/lawny_ws/build/control'
cd /home/blazar/lawny_ws/build/control && /usr/bin/cmake -E cmake_depends "Unix Makefiles" /home/blazar/lawny_ws/src/control /home/blazar/lawny_ws/src/control /home/blazar/lawny_ws/build/control /home/blazar/lawny_ws/build/control /home/blazar/lawny_ws/build/control/CMakeFiles/ament_cmake_python_build_control_egg.dir/DependInfo.cmake --color=
/usr/bin/gmake  -f CMakeFiles/control__rosidl_typesupport_fastrtps_c.dir/build.make CMakeFiles/control__rosidl_typesupport_fastrtps_c.dir/build
gmake[2]: Leaving directory '/home/blazar/lawny_ws/build/control'
/usr/bin/gmake  -f CMakeFiles/control__rosidl_typesupport_cpp.dir/build.make CMakeFiles/control__rosidl_typesupport_cpp.dir/build
gmake[2]: Leaving directory '/home/blazar/lawny_ws/build/control'
/usr/bin/gmake  -f CMakeFiles/control__rosidl_typesupport_c.dir/build.make CMakeFiles/control__rosidl_typesupport_c.dir/build
gmake[2]: Leaving directory '/home/blazar/lawny_ws/build/control'
/usr/bin/gmake  -f CMakeFiles/control__rosidl_typesupport_introspection_c.dir/build.make CMakeFiles/control__rosidl_typesupport_introspection_c.dir/build
gmake[2]: Leaving directory '/home/blazar/lawny_ws/build/control'
/usr/bin/gmake  -f CMakeFiles/control__rosidl_typesupport_introspection_cpp.dir/build.make CMakeFiles/control__rosidl_typesupport_introspection_cpp.dir/build
gmake[2]: Entering directory '/home/blazar/lawny_ws/build/control'
gmake[2]: Nothing to be done for 'CMakeFiles/control__rosidl_typesupport_fastrtps_cpp.dir/build'.
gmake[2]: Leaving directory '/home/blazar/lawny_ws/build/control'
gmake[2]: Entering directory '/home/blazar/lawny_ws/build/control'
gmake[2]: Nothing to be done for 'CMakeFiles/control__rosidl_typesupport_c.dir/build'.
gmake[2]: Leaving directory '/home/blazar/lawny_ws/build/control'
gmake[2]: Entering directory '/home/blazar/lawny_ws/build/control'
gmake[2]: Nothing to be done for 'CMakeFiles/control__rosidl_typesupport_fastrtps_c.dir/build'.
gmake[2]: Leaving directory '/home/blazar/lawny_ws/build/control'
gmake[2]: Entering directory '/home/blazar/lawny_ws/build/control'
gmake[2]: Nothing to be done for 'CMakeFiles/control__rosidl_typesupport_introspection_c.dir/build'.
gmake[2]: Leaving directory '/home/blazar/lawny_ws/build/control'
gmake[2]: Entering directory '/home/blazar/lawny_ws/build/control'
gmake[2]: Nothing to be done for 'CMakeFiles/control__rosidl_typesupport_cpp.dir/build'.
gmake[2]: Leaving directory '/home/blazar/lawny_ws/build/control'
gmake[2]: Entering directory '/home/blazar/lawny_ws/build/control'
gmake[2]: Nothing to be done for 'CMakeFiles/control__rosidl_typesupport_introspection_cpp.dir/build'.
gmake[2]: Leaving directory '/home/blazar/lawny_ws/build/control'
gmake[2]: Leaving directory '/home/blazar/lawny_ws/build/control'
/usr/bin/gmake  -f CMakeFiles/ament_cmake_python_build_control_egg.dir/build.make CMakeFiles/ament_cmake_python_build_control_egg.dir/build
[ 22%] Built target control__rosidl_typesupport_c
[ 32%] Built target control__rosidl_typesupport_fastrtps_c
[ 45%] Built target control__rosidl_typesupport_fastrtps_cpp
[ 58%] Built target control__rosidl_typesupport_cpp
[ 61%] Built target control__rosidl_typesupport_introspection_c
gmake[2]: Entering directory '/home/blazar/lawny_ws/build/control'
cd /home/blazar/lawny_ws/build/control/ament_cmake_python/control && /usr/bin/python3 setup.py egg_info
[ 70%] Built target control__rosidl_typesupport_introspection_cpp
/usr/bin/gmake  -f CMakeFiles/control.dir/build.make CMakeFiles/control.dir/depend
gmake[2]: Entering directory '/home/blazar/lawny_ws/build/control'
cd /home/blazar/lawny_ws/build/control && /usr/bin/cmake -E cmake_depends "Unix Makefiles" /home/blazar/lawny_ws/src/control /home/blazar/lawny_ws/src/control /home/blazar/lawny_ws/build/control /home/blazar/lawny_ws/build/control /home/blazar/lawny_ws/build/control/CMakeFiles/control.dir/DependInfo.cmake --color=
gmake[2]: Leaving directory '/home/blazar/lawny_ws/build/control'
/usr/bin/gmake  -f CMakeFiles/control.dir/build.make CMakeFiles/control.dir/build
gmake[2]: Entering directory '/home/blazar/lawny_ws/build/control'
gmake[2]: Nothing to be done for 'CMakeFiles/control.dir/build'.
gmake[2]: Leaving directory '/home/blazar/lawny_ws/build/control'
[ 70%] Built target control
/usr/bin/gmake  -f control__py/CMakeFiles/control__py.dir/build.make control__py/CMakeFiles/control__py.dir/depend
gmake[2]: Entering directory '/home/blazar/lawny_ws/build/control'
cd /home/blazar/lawny_ws/build/control && /usr/bin/cmake -E cmake_depends "Unix Makefiles" /home/blazar/lawny_ws/src/control /home/blazar/lawny_ws/build/control/control__py /home/blazar/lawny_ws/build/control /home/blazar/lawny_ws/build/control/control__py /home/blazar/lawny_ws/build/control/control__py/CMakeFiles/control__py.dir/DependInfo.cmake --color=
gmake[2]: Leaving directory '/home/blazar/lawny_ws/build/control'
/usr/bin/gmake  -f control__py/CMakeFiles/control__py.dir/build.make control__py/CMakeFiles/control__py.dir/build
gmake[2]: Entering directory '/home/blazar/lawny_ws/build/control'
gmake[2]: Nothing to be done for 'control__py/CMakeFiles/control__py.dir/build'.
gmake[2]: Leaving directory '/home/blazar/lawny_ws/build/control'
[ 74%] Built target control__py
/usr/bin/gmake  -f CMakeFiles/control__rosidl_generator_py.dir/build.make CMakeFiles/control__rosidl_generator_py.dir/depend
gmake[2]: Entering directory '/home/blazar/lawny_ws/build/control'
cd /home/blazar/lawny_ws/build/control && /usr/bin/cmake -E cmake_depends "Unix Makefiles" /home/blazar/lawny_ws/src/control /home/blazar/lawny_ws/src/control /home/blazar/lawny_ws/build/control /home/blazar/lawny_ws/build/control /home/blazar/lawny_ws/build/control/CMakeFiles/control__rosidl_generator_py.dir/DependInfo.cmake --color=
gmake[2]: Leaving directory '/home/blazar/lawny_ws/build/control'
/usr/bin/gmake  -f CMakeFiles/control__rosidl_generator_py.dir/build.make CMakeFiles/control__rosidl_generator_py.dir/build
gmake[2]: Entering directory '/home/blazar/lawny_ws/build/control'
gmake[2]: Nothing to be done for 'CMakeFiles/control__rosidl_generator_py.dir/build'.
gmake[2]: Leaving directory '/home/blazar/lawny_ws/build/control'
[ 80%] Built target control__rosidl_generator_py
/usr/bin/gmake  -f CMakeFiles/control__rosidl_typesupport_fastrtps_c__pyext.dir/build.make CMakeFiles/control__rosidl_typesupport_fastrtps_c__pyext.dir/depend
/usr/bin/gmake  -f CMakeFiles/control__rosidl_typesupport_introspection_c__pyext.dir/build.make CMakeFiles/control__rosidl_typesupport_introspection_c__pyext.dir/depend
/usr/bin/gmake  -f CMakeFiles/control__rosidl_typesupport_c__pyext.dir/build.make CMakeFiles/control__rosidl_typesupport_c__pyext.dir/depend
gmake[2]: Entering directory '/home/blazar/lawny_ws/build/control'
cd /home/blazar/lawny_ws/build/control && /usr/bin/cmake -E cmake_depends "Unix Makefiles" /home/blazar/lawny_ws/src/control /home/blazar/lawny_ws/src/control /home/blazar/lawny_ws/build/control /home/blazar/lawny_ws/build/control /home/blazar/lawny_ws/build/control/CMakeFiles/control__rosidl_typesupport_introspection_c__pyext.dir/DependInfo.cmake --color=
gmake[2]: Entering directory '/home/blazar/lawny_ws/build/control'
cd /home/blazar/lawny_ws/build/control && /usr/bin/cmake -E cmake_depends "Unix Makefiles" /home/blazar/lawny_ws/src/control /home/blazar/lawny_ws/src/control /home/blazar/lawny_ws/build/control /home/blazar/lawny_ws/build/control /home/blazar/lawny_ws/build/control/CMakeFiles/control__rosidl_typesupport_fastrtps_c__pyext.dir/DependInfo.cmake --color=
gmake[2]: Entering directory '/home/blazar/lawny_ws/build/control'
cd /home/blazar/lawny_ws/build/control && /usr/bin/cmake -E cmake_depends "Unix Makefiles" /home/blazar/lawny_ws/src/control /home/blazar/lawny_ws/src/control /home/blazar/lawny_ws/build/control /home/blazar/lawny_ws/build/control /home/blazar/lawny_ws/build/control/CMakeFiles/control__rosidl_typesupport_c__pyext.dir/DependInfo.cmake --color=
gmake[2]: Leaving directory '/home/blazar/lawny_ws/build/control'
/usr/bin/gmake  -f CMakeFiles/control__rosidl_typesupport_fastrtps_c__pyext.dir/build.make CMakeFiles/control__rosidl_typesupport_fastrtps_c__pyext.dir/build
gmake[2]: Leaving directory '/home/blazar/lawny_ws/build/control'
/usr/bin/gmake  -f CMakeFiles/control__rosidl_typesupport_introspection_c__pyext.dir/build.make CMakeFiles/control__rosidl_typesupport_introspection_c__pyext.dir/build
gmake[2]: Leaving directory '/home/blazar/lawny_ws/build/control'
/usr/bin/gmake  -f CMakeFiles/control__rosidl_typesupport_c__pyext.dir/build.make CMakeFiles/control__rosidl_typesupport_c__pyext.dir/build
gmake[2]: Entering directory '/home/blazar/lawny_ws/build/control'
gmake[2]: Nothing to be done for 'CMakeFiles/control__rosidl_typesupport_fastrtps_c__pyext.dir/build'.
gmake[2]: Leaving directory '/home/blazar/lawny_ws/build/control'
gmake[2]: Entering directory '/home/blazar/lawny_ws/build/control'
gmake[2]: Nothing to be done for 'CMakeFiles/control__rosidl_typesupport_introspection_c__pyext.dir/build'.
gmake[2]: Leaving directory '/home/blazar/lawny_ws/build/control'
gmake[2]: Entering directory '/home/blazar/lawny_ws/build/control'
gmake[2]: Nothing to be done for 'CMakeFiles/control__rosidl_typesupport_c__pyext.dir/build'.
gmake[2]: Leaving directory '/home/blazar/lawny_ws/build/control'
[ 90%] Built target control__rosidl_typesupport_fastrtps_c__pyext
[ 93%] Built target control__rosidl_typesupport_introspection_c__pyext
[100%] Built target control__rosidl_typesupport_c__pyext
running egg_info
writing control.egg-info/PKG-INFO
writing dependency_links to control.egg-info/dependency_links.txt
writing top-level names to control.egg-info/top_level.txt
reading manifest file 'control.egg-info/SOURCES.txt'
writing manifest file 'control.egg-info/SOURCES.txt'
gmake[2]: Leaving directory '/home/blazar/lawny_ws/build/control'
[100%] Built target ament_cmake_python_build_control_egg
gmake[1]: Leaving directory '/home/blazar/lawny_ws/build/control'
/usr/bin/cmake -E cmake_progress_start /home/blazar/lawny_ws/build/control/CMakeFiles 0
-- Install configuration: ""
-- Up-to-date: /home/blazar/lawny_ws/install/control/share/ament_index/resource_index/rosidl_interfaces/control
-- Up-to-date: /home/blazar/lawny_ws/install/control/include/control/control
-- Up-to-date: /home/blazar/lawny_ws/install/control/include/control/control/msg
-- Up-to-date: /home/blazar/lawny_ws/install/control/include/control/control/msg/detail
-- Up-to-date: /home/blazar/lawny_ws/install/control/include/control/control/msg/detail/performance_metrics__type_support.h
-- Up-to-date: /home/blazar/lawny_ws/install/control/include/control/control/msg/detail/performance_metrics__functions.c
-- Up-to-date: /home/blazar/lawny_ws/install/control/include/control/control/msg/detail/performance_metrics__functions.h
-- Up-to-date: /home/blazar/lawny_ws/install/control/include/control/control/msg/detail/performance_metrics__struct.h
-- Up-to-date: /home/blazar/lawny_ws/install/control/include/control/control/msg/rosidl_generator_c__visibility_control.h
-- Up-to-date: /home/blazar/lawny_ws/install/control/include/control/control/msg/performance_metrics.h
-- Up-to-date: /home/blazar/lawny_ws/install/control/share/control/environment/library_path.sh
-- Up-to-date: /home/blazar/lawny_ws/install/control/share/control/environment/library_path.dsv
-- Up-to-date: /home/blazar/lawny_ws/install/control/lib/libcontrol__rosidl_generator_c.so
-- Up-to-date: /home/blazar/lawny_ws/install/control/include/control/control
-- Up-to-date: /home/blazar/lawny_ws/install/control/include/control/control/msg
-- Up-to-date: /home/blazar/lawny_ws/install/control/include/control/control/msg/detail
-- Up-to-date: /home/blazar/lawny_ws/install/control/include/control/control/msg/detail/performance_metrics__rosidl_typesupport_fastrtps_c.h
-- Up-to-date: /home/blazar/lawny_ws/install/control/include/control/control/msg/rosidl_typesupport_fastrtps_c__visibility_control.h
-- Up-to-date: /home/blazar/lawny_ws/install/control/lib/libcontrol__rosidl_typesupport_fastrtps_c.so
-- Up-to-date: /home/blazar/lawny_ws/install/control/include/control/control
-- Up-to-date: /home/blazar/lawny_ws/install/control/include/control/control/msg
-- Up-to-date: /home/blazar/lawny_ws/install/control/include/control/control/msg/detail
-- Up-to-date: /home/blazar/lawny_ws/install/control/include/control/control/msg/detail/performance_metrics__rosidl_typesupport_introspection_c.h
-- Up-to-date: /home/blazar/lawny_ws/install/control/include/control/control/msg/detail/performance_metrics__type_support.c
-- Up-to-date: /home/blazar/lawny_ws/install/control/include/control/control/msg/rosidl_typesupport_introspection_c__visibility_control.h
-- Up-to-date: /home/blazar/lawny_ws/install/control/lib/libcontrol__rosidl_typesupport_introspection_c.so
-- Up-to-date: /home/blazar/lawny_ws/install/control/lib/libcontrol__rosidl_typesupport_c.so
-- Up-to-date: /home/blazar/lawny_ws/install/control/include/control/control
-- Up-to-date: /home/blazar/lawny_ws/install/control/include/control/control/msg
-- Up-to-date: /home/blazar/lawny_ws/install/control/include/control/control/msg/performance_metrics.hpp
-- Up-to-date: /home/blazar/lawny_ws/install/control/include/control/control/msg/detail
-- Up-to-date: /home/blazar/lawny_ws/install/control/include/control/control/msg/detail/performance_metrics__builder.hpp
-- Up-to-date: /home/blazar/lawny_ws/install/control/include/control/control/msg/detail/performance_metrics__type_support.hpp
-- Up-to-date: /home/blazar/lawny_ws/install/control/include/control/control/msg/detail/performance_metrics__traits.hpp
-- Up-to-date: /home/blazar/lawny_ws/install/control/include/control/control/msg/detail/performance_metrics__struct.hpp
-- Up-to-date: /home/blazar/lawny_ws/install/control/include/control/control/msg/rosidl_generator_cpp__visibility_control.hpp
-- Up-to-date: /home/blazar/lawny_ws/install/control/include/control/control
-- Up-to-date: /home/blazar/lawny_ws/install/control/include/control/control/msg
-- Up-to-date: /home/blazar/lawny_ws/install/control/include/control/control/msg/rosidl_typesupport_fastrtps_cpp__visibility_control.h
-- Up-to-date: /home/blazar/lawny_ws/install/control/include/control/control/msg/detail
-- Up-to-date: /home/blazar/lawny_ws/install/control/include/control/control/msg/detail/dds_fastrtps
-- Up-to-date: /home/blazar/lawny_ws/install/control/include/control/control/msg/detail/performance_metrics__rosidl_typesupport_fastrtps_cpp.hpp
-- Up-to-date: /home/blazar/lawny_ws/install/control/lib/libcontrol__rosidl_typesupport_fastrtps_cpp.so
-- Up-to-date: /home/blazar/lawny_ws/install/control/include/control/control
-- Up-to-date: /home/blazar/lawny_ws/install/control/include/control/control/msg
-- Up-to-date: /home/blazar/lawny_ws/install/control/include/control/control/msg/detail
-- Up-to-date: /home/blazar/lawny_ws/install/control/include/control/control/msg/detail/performance_metrics__type_support.cpp
-- Up-to-date: /home/blazar/lawny_ws/install/control/include/control/control/msg/detail/performance_metrics__rosidl_typesupport_introspection_cpp.hpp
-- Up-to-date: /home/blazar/lawny_ws/install/control/lib/libcontrol__rosidl_typesupport_introspection_cpp.so
-- Up-to-date: /home/blazar/lawny_ws/install/control/lib/libcontrol__rosidl_typesupport_cpp.so
-- Up-to-date: /home/blazar/lawny_ws/install/control/share/control/environment/pythonpath.sh
-- Up-to-date: /home/blazar/lawny_ws/install/control/share/control/environment/pythonpath.dsv
-- Up-to-date: /home/blazar/lawny_ws/install/control/local/lib/python3.10/dist-packages/control-0.0.1-py3.10.egg-info
-- Installing: /home/blazar/lawny_ws/install/control/local/lib/python3.10/dist-packages/control-0.0.1-py3.10.egg-info/PKG-INFO
-- Installing: /home/blazar/lawny_ws/install/control/local/lib/python3.10/dist-packages/control-0.0.1-py3.10.egg-info/top_level.txt
-- Installing: /home/blazar/lawny_ws/install/control/local/lib/python3.10/dist-packages/control-0.0.1-py3.10.egg-info/SOURCES.txt
-- Installing: /home/blazar/lawny_ws/install/control/local/lib/python3.10/dist-packages/control-0.0.1-py3.10.egg-info/dependency_links.txt
-- Up-to-date: /home/blazar/lawny_ws/install/control/local/lib/python3.10/dist-packages/control
-- Up-to-date: /home/blazar/lawny_ws/install/control/local/lib/python3.10/dist-packages/control/_control_s.ep.rosidl_typesupport_fastrtps_c.c
-- Up-to-date: /home/blazar/lawny_ws/install/control/local/lib/python3.10/dist-packages/control/control_s__rosidl_typesupport_c.cpython-310-x86_64-linux-gnu.so
-- Up-to-date: /home/blazar/lawny_ws/install/control/local/lib/python3.10/dist-packages/control/_control_s.ep.rosidl_typesupport_introspection_c.c
-- Up-to-date: /home/blazar/lawny_ws/install/control/local/lib/python3.10/dist-packages/control/control_s__rosidl_typesupport_introspection_c.cpython-310-x86_64-linux-gnu.so
-- Up-to-date: /home/blazar/lawny_ws/install/control/local/lib/python3.10/dist-packages/control/control_s__rosidl_typesupport_fastrtps_c.cpython-310-x86_64-linux-gnu.so
-- Up-to-date: /home/blazar/lawny_ws/install/control/local/lib/python3.10/dist-packages/control/libcontrol__rosidl_generator_py.so
-- Up-to-date: /home/blazar/lawny_ws/install/control/local/lib/python3.10/dist-packages/control/msg
-- Up-to-date: /home/blazar/lawny_ws/install/control/local/lib/python3.10/dist-packages/control/msg/_performance_metrics.py
-- Up-to-date: /home/blazar/lawny_ws/install/control/local/lib/python3.10/dist-packages/control/msg/_performance_metrics_s.c
-- Up-to-date: /home/blazar/lawny_ws/install/control/local/lib/python3.10/dist-packages/control/msg/__init__.py
-- Up-to-date: /home/blazar/lawny_ws/install/control/local/lib/python3.10/dist-packages/control/_control_s.ep.rosidl_typesupport_c.c
-- Up-to-date: /home/blazar/lawny_ws/install/control/local/lib/python3.10/dist-packages/control/__init__.py
Listing '/home/blazar/lawny_ws/install/control/local/lib/python3.10/dist-packages/control'...
Listing '/home/blazar/lawny_ws/install/control/local/lib/python3.10/dist-packages/control/msg'...
-- Up-to-date: /home/blazar/lawny_ws/install/control/local/lib/python3.10/dist-packages/control/control_s__rosidl_typesupport_fastrtps_c.cpython-310-x86_64-linux-gnu.so
-- Up-to-date: /home/blazar/lawny_ws/install/control/local/lib/python3.10/dist-packages/control/control_s__rosidl_typesupport_introspection_c.cpython-310-x86_64-linux-gnu.so
-- Up-to-date: /home/blazar/lawny_ws/install/control/local/lib/python3.10/dist-packages/control/control_s__rosidl_typesupport_c.cpython-310-x86_64-linux-gnu.so
-- Up-to-date: /home/blazar/lawny_ws/install/control/lib/libcontrol__rosidl_generator_py.so
-- Up-to-date: /home/blazar/lawny_ws/install/control/share/control/msg/PerformanceMetrics.idl
-- Up-to-date: /home/blazar/lawny_ws/install/control/share/control/msg/PerformanceMetrics.msg
-- Installing: /home/blazar/lawny_ws/install/control/lib/control/controller.py
-- Up-to-date: /home/blazar/lawny_ws/install/control/lib/control/exp.py
-- Up-to-date: /home/blazar/lawny_ws/install/control/share/control/launch/launch
-- Up-to-date: /home/blazar/lawny_ws/install/control/share/control/launch/launch/controller_launch.xml
-- Up-to-date: /home/blazar/lawny_ws/install/control/share/control/params/params
-- Up-to-date: /home/blazar/lawny_ws/install/control/share/control/params/params/parameters.yaml
-- Up-to-date: /home/blazar/lawny_ws/install/control/share/ament_index/resource_index/package_run_dependencies/control
-- Up-to-date: /home/blazar/lawny_ws/install/control/share/ament_index/resource_index/parent_prefix_path/control
-- Up-to-date: /home/blazar/lawny_ws/install/control/share/control/environment/ament_prefix_path.sh
-- Up-to-date: /home/blazar/lawny_ws/install/control/share/control/environment/ament_prefix_path.dsv
-- Up-to-date: /home/blazar/lawny_ws/install/control/share/control/environment/path.sh
-- Up-to-date: /home/blazar/lawny_ws/install/control/share/control/environment/path.dsv
-- Up-to-date: /home/blazar/lawny_ws/install/control/share/control/local_setup.bash
-- Up-to-date: /home/blazar/lawny_ws/install/control/share/control/local_setup.sh
-- Up-to-date: /home/blazar/lawny_ws/install/control/share/control/local_setup.zsh
-- Up-to-date: /home/blazar/lawny_ws/install/control/share/control/local_setup.dsv
-- Installing: /home/blazar/lawny_ws/install/control/share/control/package.dsv
-- Up-to-date: /home/blazar/lawny_ws/install/control/share/ament_index/resource_index/packages/control
-- Up-to-date: /home/blazar/lawny_ws/install/control/share/control/cmake/export_control__rosidl_generator_cExport.cmake
-- Up-to-date: /home/blazar/lawny_ws/install/control/share/control/cmake/export_control__rosidl_generator_cExport-noconfig.cmake
-- Up-to-date: /home/blazar/lawny_ws/install/control/share/control/cmake/export_control__rosidl_typesupport_fastrtps_cExport.cmake
-- Up-to-date: /home/blazar/lawny_ws/install/control/share/control/cmake/export_control__rosidl_typesupport_fastrtps_cExport-noconfig.cmake
-- Up-to-date: /home/blazar/lawny_ws/install/control/share/control/cmake/control__rosidl_typesupport_introspection_cExport.cmake
-- Up-to-date: /home/blazar/lawny_ws/install/control/share/control/cmake/control__rosidl_typesupport_introspection_cExport-noconfig.cmake
-- Up-to-date: /home/blazar/lawny_ws/install/control/share/control/cmake/control__rosidl_typesupport_cExport.cmake
-- Up-to-date: /home/blazar/lawny_ws/install/control/share/control/cmake/control__rosidl_typesupport_cExport-noconfig.cmake
-- Up-to-date: /home/blazar/lawny_ws/install/control/share/control/cmake/export_control__rosidl_generator_cppExport.cmake
-- Up-to-date: /home/blazar/lawny_ws/install/control/share/control/cmake/export_control__rosidl_typesupport_fastrtps_cppExport.cmake
-- Up-to-date: /home/blazar/lawny_ws/install/control/share/control/cmake/export_control__rosidl_typesupport_fastrtps_cppExport-noconfig.cmake
-- Up-to-date: /home/blazar/lawny_ws/install/control/share/control/cmake/control__rosidl_typesupport_introspection_cppExport.cmake
-- Up-to-date: /home/blazar/lawny_ws/install/control/share/control/cmake/control__rosidl_typesupport_introspection_cppExport-noconfig.cmake
-- Up-to-date: /home/blazar/lawny_ws/install/control/share/control/cmake/control__rosidl_typesupport_cppExport.cmake
-- Up-to-date: /home/blazar/lawny_ws/install/control/share/control/cmake/control__rosidl_typesupport_cppExport-noconfig.cmake
-- Up-to-date: /home/blazar/lawny_ws/install/control/share/control/cmake/export_control__rosidl_generator_pyExport.cmake
-- Up-to-date: /home/blazar/lawny_ws/install/control/share/control/cmake/export_control__rosidl_generator_pyExport-noconfig.cmake
-- Up-to-date: /home/blazar/lawny_ws/install/control/share/control/cmake/rosidl_cmake-extras.cmake
-- Up-to-date: /home/blazar/lawny_ws/install/control/share/control/cmake/ament_cmake_export_include_directories-extras.cmake
-- Up-to-date: /home/blazar/lawny_ws/install/control/share/control/cmake/ament_cmake_export_libraries-extras.cmake
-- Up-to-date: /home/blazar/lawny_ws/install/control/share/control/cmake/ament_cmake_export_targets-extras.cmake
-- Up-to-date: /home/blazar/lawny_ws/install/control/share/control/cmake/rosidl_cmake_export_typesupport_targets-extras.cmake
-- Up-to-date: /home/blazar/lawny_ws/install/control/share/control/cmake/ament_cmake_export_dependencies-extras.cmake
-- Up-to-date: /home/blazar/lawny_ws/install/control/share/control/cmake/rosidl_cmake_export_typesupport_libraries-extras.cmake
-- Up-to-date: /home/blazar/lawny_ws/install/control/share/control/cmake/controlConfig.cmake
-- Up-to-date: /home/blazar/lawny_ws/install/control/share/control/cmake/controlConfig-version.cmake
-- Up-to-date: /home/blazar/lawny_ws/install/control/share/control/package.xml
