[0.009s] Invoking command in '/home/blazar/lawny_ws/build/control': CMAKE_PREFIX_PATH=/opt/ros/humble /usr/bin/cmake /home/blazar/lawny_ws/src/control -DCMAKE_VERBOSE_MAKEFILE=ON -DCMAKE_INSTALL_PREFIX=/home/blazar/lawny_ws/install/control
[0.054s] -- The C compiler identification is GNU 11.4.0
[0.102s] -- The CXX compiler identification is GNU 11.4.0
[0.108s] -- Detecting C compiler ABI info
[0.169s] -- Detecting C compiler ABI info - done
[0.175s] -- Check for working C compiler: /usr/bin/cc - skipped
[0.175s] -- Detecting C compile features
[0.175s] -- Detecting C compile features - done
[0.177s] -- Detecting CXX compiler ABI info
[0.247s] -- Detecting CXX compiler ABI info - done
[0.253s] -- Check for working CXX compiler: /usr/bin/c++ - skipped
[0.253s] -- Detecting CXX compile features
[0.253s] -- Detecting CXX compile features - done
[0.255s] -- Found ament_cmake: 1.3.11 (/opt/ros/humble/share/ament_cmake/cmake)
[0.384s] -- Found Python3: /usr/bin/python3 (found version "3.10.12") found components: Interpreter 
[0.463s] -- Found rosidl_default_generators: 1.2.0 (/opt/ros/humble/share/rosidl_default_generators/cmake)
[0.465s] -- Using all available rosidl_typesupport_c: rosidl_typesupport_fastrtps_c;rosidl_typesupport_introspection_c
[0.469s] -- Found rosidl_adapter: 3.1.6 (/opt/ros/humble/share/rosidl_adapter/cmake)
[0.500s] -- Using all available rosidl_typesupport_cpp: rosidl_typesupport_fastrtps_cpp;rosidl_typesupport_introspection_cpp
[0.525s] -- Found rclpy: 3.3.15 (/opt/ros/humble/share/rclpy/cmake)
[0.526s] -- Found geometry_msgs: 4.2.4 (/opt/ros/humble/share/geometry_msgs/cmake)
[0.739s] [31mCMake Error at /opt/ros/humble/share/rosidl_cmake/cmake/rosidl_generate_interfaces.cmake:229 (message):
[0.739s]   Packages installing interfaces must include
[0.739s]   '<member_of_group>rosidl_interface_packages</member_of_group>' in their
[0.739s]   package.xml
[0.739s] Call Stack (most recent call first):
[0.740s]   CMakeLists.txt:18 (rosidl_generate_interfaces)
[0.740s] 
[0.740s] [0m
[0.740s] -- Configuring incomplete, errors occurred!
[0.740s] See also "/home/blazar/lawny_ws/build/control/CMakeFiles/CMakeOutput.log".
[0.751s] Invoked command in '/home/blazar/lawny_ws/build/control' returned '1': CMAKE_PREFIX_PATH=/opt/ros/humble /usr/bin/cmake /home/blazar/lawny_ws/src/control -DCMAKE_VERBOSE_MAKEFILE=ON -DCMAKE_INSTALL_PREFIX=/home/blazar/lawny_ws/install/control
