running develop
running egg_info
writing terrain_mapping_drone_control.egg-info/PKG-INFO
writing dependency_links to terrain_mapping_drone_control.egg-info/dependency_links.txt
writing entry points to terrain_mapping_drone_control.egg-info/entry_points.txt
writing requirements to terrain_mapping_drone_control.egg-info/requires.txt
writing top-level names to terrain_mapping_drone_control.egg-info/top_level.txt
reading manifest file 'terrain_mapping_drone_control.egg-info/SOURCES.txt'
writing manifest file 'terrain_mapping_drone_control.egg-info/SOURCES.txt'
running build_ext
Creating /home/blazar/workspaces/rockytimes_ws/install/terrain_mapping_drone_control/lib/python3.12/site-packages/terrain-mapping-drone-control.egg-link (link to .)
Installing aruco_tracker script to /home/blazar/workspaces/rockytimes_ws/install/terrain_mapping_drone_control/bin
Installing cylinder_landing_node script to /home/blazar/workspaces/rockytimes_ws/install/terrain_mapping_drone_control/bin
Installing feature_tracker script to /home/blazar/workspaces/rockytimes_ws/install/terrain_mapping_drone_control/bin
Installing pose_visualizer script to /home/blazar/workspaces/rockytimes_ws/install/terrain_mapping_drone_control/bin
Installing px4_odom_converter script to /home/blazar/workspaces/rockytimes_ws/install/terrain_mapping_drone_control/bin
Installing spiral_trajectory script to /home/blazar/workspaces/rockytimes_ws/install/terrain_mapping_drone_control/bin

Installed /home/blazar/workspaces/rockytimes_ws/build/terrain_mapping_drone_control
running symlink_data
symbolically linking /home/blazar/workspaces/rockytimes_ws/build/terrain_mapping_drone_control/resource/terrain_mapping_drone_control -> /home/blazar/workspaces/rockytimes_ws/install/terrain_mapping_drone_control/share/ament_index/resource_index/packages
symbolically linking /home/blazar/workspaces/rockytimes_ws/build/terrain_mapping_drone_control/package.xml -> /home/blazar/workspaces/rockytimes_ws/install/terrain_mapping_drone_control/share/terrain_mapping_drone_control
symbolically linking /home/blazar/workspaces/rockytimes_ws/build/terrain_mapping_drone_control/launch/rtabmap.launch.py -> /home/blazar/workspaces/rockytimes_ws/install/terrain_mapping_drone_control/share/terrain_mapping_drone_control/launch
symbolically linking /home/blazar/workspaces/rockytimes_ws/build/terrain_mapping_drone_control/launch/terrain_mapping.launch.py -> /home/blazar/workspaces/rockytimes_ws/install/terrain_mapping_drone_control/share/terrain_mapping_drone_control/launch
symbolically linking /home/blazar/workspaces/rockytimes_ws/build/terrain_mapping_drone_control/launch/cylinder_landing.launch.py -> /home/blazar/workspaces/rockytimes_ws/install/terrain_mapping_drone_control/share/terrain_mapping_drone_control/launch
symbolically linking /home/blazar/workspaces/rockytimes_ws/build/terrain_mapping_drone_control/config/Default.perspective -> /home/blazar/workspaces/rockytimes_ws/install/terrain_mapping_drone_control/share/terrain_mapping_drone_control/config
symbolically linking /home/blazar/workspaces/rockytimes_ws/build/terrain_mapping_drone_control/config/terrain_mapping_params.yaml -> /home/blazar/workspaces/rockytimes_ws/install/terrain_mapping_drone_control/share/terrain_mapping_drone_control/config
symbolically linking /home/blazar/workspaces/rockytimes_ws/build/terrain_mapping_drone_control/config/drone_viz.rviz -> /home/blazar/workspaces/rockytimes_ws/install/terrain_mapping_drone_control/share/terrain_mapping_drone_control/config
symbolically linking /home/blazar/workspaces/rockytimes_ws/build/terrain_mapping_drone_control/models/terrain/model.config -> /home/blazar/workspaces/rockytimes_ws/install/terrain_mapping_drone_control/share/terrain_mapping_drone_control/models/terrain
symbolically linking /home/blazar/workspaces/rockytimes_ws/build/terrain_mapping_drone_control/models/terrain/model.sdf -> /home/blazar/workspaces/rockytimes_ws/install/terrain_mapping_drone_control/share/terrain_mapping_drone_control/models/terrain
symbolically linking /home/blazar/workspaces/rockytimes_ws/build/terrain_mapping_drone_control/models/terrain/meshes/artburysol175.stl -> /home/blazar/workspaces/rockytimes_ws/install/terrain_mapping_drone_control/share/terrain_mapping_drone_control/models/terrain/meshes
symbolically linking /home/blazar/workspaces/rockytimes_ws/build/terrain_mapping_drone_control/models/cylinder/model.config -> /home/blazar/workspaces/rockytimes_ws/install/terrain_mapping_drone_control/share/terrain_mapping_drone_control/models/cylinder
symbolically linking /home/blazar/workspaces/rockytimes_ws/build/terrain_mapping_drone_control/models/cylinder/model.sdf -> /home/blazar/workspaces/rockytimes_ws/install/terrain_mapping_drone_control/share/terrain_mapping_drone_control/models/cylinder
symbolically linking /home/blazar/workspaces/rockytimes_ws/build/terrain_mapping_drone_control/models/cylinder/materials/aruco_marker_0.png -> /home/blazar/workspaces/rockytimes_ws/install/terrain_mapping_drone_control/share/terrain_mapping_drone_control/models/cylinder/materials
symbolically linking /home/blazar/workspaces/rockytimes_ws/build/terrain_mapping_drone_control/models/cylinder/materials/cylinder_texture.png -> /home/blazar/workspaces/rockytimes_ws/install/terrain_mapping_drone_control/share/terrain_mapping_drone_control/models/cylinder/materials
symbolically linking /home/blazar/workspaces/rockytimes_ws/build/terrain_mapping_drone_control/terrain_mapping_drone_control/cylinder_landing_node.py -> /home/blazar/workspaces/rockytimes_ws/install/terrain_mapping_drone_control/lib/terrain_mapping_drone_control
symbolically linking /home/blazar/workspaces/rockytimes_ws/build/terrain_mapping_drone_control/terrain_mapping_drone_control/aruco_tracker.py -> /home/blazar/workspaces/rockytimes_ws/install/terrain_mapping_drone_control/lib/terrain_mapping_drone_control
symbolically linking /home/blazar/workspaces/rockytimes_ws/build/terrain_mapping_drone_control/terrain_mapping_drone_control/pose_visualizer.py -> /home/blazar/workspaces/rockytimes_ws/install/terrain_mapping_drone_control/lib/terrain_mapping_drone_control
symbolically linking /home/blazar/workspaces/rockytimes_ws/build/terrain_mapping_drone_control/terrain_mapping_drone_control/spiral_trajectory.py -> /home/blazar/workspaces/rockytimes_ws/install/terrain_mapping_drone_control/lib/terrain_mapping_drone_control
symbolically linking /home/blazar/workspaces/rockytimes_ws/build/terrain_mapping_drone_control/terrain_mapping_drone_control/feature_tracker.py -> /home/blazar/workspaces/rockytimes_ws/install/terrain_mapping_drone_control/lib/terrain_mapping_drone_control
symbolically linking /home/blazar/workspaces/rockytimes_ws/build/terrain_mapping_drone_control/terrain_mapping_drone_control/geometry_tracker.py -> /home/blazar/workspaces/rockytimes_ws/install/terrain_mapping_drone_control/lib/terrain_mapping_drone_control
symbolically linking /home/blazar/workspaces/rockytimes_ws/build/terrain_mapping_drone_control/models/cylinder_short/model.config -> /home/blazar/workspaces/rockytimes_ws/install/terrain_mapping_drone_control/share/terrain_mapping_drone_control/models/cylinder_short
symbolically linking /home/blazar/workspaces/rockytimes_ws/build/terrain_mapping_drone_control/models/cylinder_short/model.sdf -> /home/blazar/workspaces/rockytimes_ws/install/terrain_mapping_drone_control/share/terrain_mapping_drone_control/models/cylinder_short
symbolically linking /home/blazar/workspaces/rockytimes_ws/build/terrain_mapping_drone_control/models/cylinder_short/materials/aruco_marker_0.png -> /home/blazar/workspaces/rockytimes_ws/install/terrain_mapping_drone_control/share/terrain_mapping_drone_control/models/cylinder_short/materials
symbolically linking /home/blazar/workspaces/rockytimes_ws/build/terrain_mapping_drone_control/models/cylinder_short/materials/cylinder_texture.png -> /home/blazar/workspaces/rockytimes_ws/install/terrain_mapping_drone_control/share/terrain_mapping_drone_control/models/cylinder_short/materials
