[0.456s] Invoking command in '/home/blazar/workspaces/rockytimes_ws/build/terrain_mapping_drone_control': DEBUGINFOD_URLS=https://debuginfod.ubuntu.com PS1=(thingsbro) \[\e]0;\u@\h: \w\a\]${debian_chroot:+($debian_chroot)}\[\033[01;32m\]\u@\h\[\033[00m\]:\[\033[01;34m\]\w\[\033[00m\]\$ PYTHONPATH=/home/blazar/workspaces/rockytimes_ws/build/terrain_mapping_drone_control/prefix_override:/usr/lib/python3/dist-packages/colcon_core/task/python/colcon_distutils_commands:/home/blazar/workspaces/rockytimes_ws/install/terrain_mapping_drone_control/lib/python3.12/site-packages:${PYTHONPATH} VIRTUAL_ENV_PROMPT=(thingsbro) /usr/bin/python3 -W ignore:setup.py install is deprecated -W ignore:easy_install command is deprecated setup.py develop --editable --build-directory /home/blazar/workspaces/rockytimes_ws/build/terrain_mapping_drone_control/build --no-deps symlink_data --force
[0.632s] running develop
[0.733s] running egg_info
[0.743s] writing terrain_mapping_drone_control.egg-info/PKG-INFO
[0.743s] writing dependency_links to terrain_mapping_drone_control.egg-info/dependency_links.txt
[0.743s] writing entry points to terrain_mapping_drone_control.egg-info/entry_points.txt
[0.743s] writing requirements to terrain_mapping_drone_control.egg-info/requires.txt
[0.743s] writing top-level names to terrain_mapping_drone_control.egg-info/top_level.txt
[0.763s] reading manifest file 'terrain_mapping_drone_control.egg-info/SOURCES.txt'
[0.763s] writing manifest file 'terrain_mapping_drone_control.egg-info/SOURCES.txt'
[0.773s] running build_ext
[0.774s] Creating /home/blazar/workspaces/rockytimes_ws/install/terrain_mapping_drone_control/lib/python3.12/site-packages/terrain-mapping-drone-control.egg-link (link to .)
[0.774s] Installing aruco_tracker script to /home/blazar/workspaces/rockytimes_ws/install/terrain_mapping_drone_control/bin
[0.774s] Installing cylinder_landing_node script to /home/blazar/workspaces/rockytimes_ws/install/terrain_mapping_drone_control/bin
[0.774s] Installing feature_tracker script to /home/blazar/workspaces/rockytimes_ws/install/terrain_mapping_drone_control/bin
[0.774s] Installing pose_visualizer script to /home/blazar/workspaces/rockytimes_ws/install/terrain_mapping_drone_control/bin
[0.774s] Installing px4_odom_converter script to /home/blazar/workspaces/rockytimes_ws/install/terrain_mapping_drone_control/bin
[0.774s] Installing spiral_trajectory script to /home/blazar/workspaces/rockytimes_ws/install/terrain_mapping_drone_control/bin
[0.775s] 
[0.775s] Installed /home/blazar/workspaces/rockytimes_ws/build/terrain_mapping_drone_control
[0.775s] running symlink_data
[0.775s] symbolically linking /home/blazar/workspaces/rockytimes_ws/build/terrain_mapping_drone_control/resource/terrain_mapping_drone_control -> /home/blazar/workspaces/rockytimes_ws/install/terrain_mapping_drone_control/share/ament_index/resource_index/packages
[0.775s] symbolically linking /home/blazar/workspaces/rockytimes_ws/build/terrain_mapping_drone_control/package.xml -> /home/blazar/workspaces/rockytimes_ws/install/terrain_mapping_drone_control/share/terrain_mapping_drone_control
[0.775s] symbolically linking /home/blazar/workspaces/rockytimes_ws/build/terrain_mapping_drone_control/launch/rtabmap.launch.py -> /home/blazar/workspaces/rockytimes_ws/install/terrain_mapping_drone_control/share/terrain_mapping_drone_control/launch
[0.775s] symbolically linking /home/blazar/workspaces/rockytimes_ws/build/terrain_mapping_drone_control/launch/terrain_mapping.launch.py -> /home/blazar/workspaces/rockytimes_ws/install/terrain_mapping_drone_control/share/terrain_mapping_drone_control/launch
[0.775s] symbolically linking /home/blazar/workspaces/rockytimes_ws/build/terrain_mapping_drone_control/launch/cylinder_landing.launch.py -> /home/blazar/workspaces/rockytimes_ws/install/terrain_mapping_drone_control/share/terrain_mapping_drone_control/launch
[0.775s] symbolically linking /home/blazar/workspaces/rockytimes_ws/build/terrain_mapping_drone_control/config/Default.perspective -> /home/blazar/workspaces/rockytimes_ws/install/terrain_mapping_drone_control/share/terrain_mapping_drone_control/config
[0.775s] symbolically linking /home/blazar/workspaces/rockytimes_ws/build/terrain_mapping_drone_control/config/terrain_mapping_params.yaml -> /home/blazar/workspaces/rockytimes_ws/install/terrain_mapping_drone_control/share/terrain_mapping_drone_control/config
[0.775s] symbolically linking /home/blazar/workspaces/rockytimes_ws/build/terrain_mapping_drone_control/config/drone_viz.rviz -> /home/blazar/workspaces/rockytimes_ws/install/terrain_mapping_drone_control/share/terrain_mapping_drone_control/config
[0.775s] symbolically linking /home/blazar/workspaces/rockytimes_ws/build/terrain_mapping_drone_control/models/terrain/model.config -> /home/blazar/workspaces/rockytimes_ws/install/terrain_mapping_drone_control/share/terrain_mapping_drone_control/models/terrain
[0.775s] symbolically linking /home/blazar/workspaces/rockytimes_ws/build/terrain_mapping_drone_control/models/terrain/model.sdf -> /home/blazar/workspaces/rockytimes_ws/install/terrain_mapping_drone_control/share/terrain_mapping_drone_control/models/terrain
[0.781s] symbolically linking /home/blazar/workspaces/rockytimes_ws/build/terrain_mapping_drone_control/models/terrain/meshes/artburysol175.stl -> /home/blazar/workspaces/rockytimes_ws/install/terrain_mapping_drone_control/share/terrain_mapping_drone_control/models/terrain/meshes
[0.781s] symbolically linking /home/blazar/workspaces/rockytimes_ws/build/terrain_mapping_drone_control/models/cylinder/model.config -> /home/blazar/workspaces/rockytimes_ws/install/terrain_mapping_drone_control/share/terrain_mapping_drone_control/models/cylinder
[0.781s] symbolically linking /home/blazar/workspaces/rockytimes_ws/build/terrain_mapping_drone_control/models/cylinder/model.sdf -> /home/blazar/workspaces/rockytimes_ws/install/terrain_mapping_drone_control/share/terrain_mapping_drone_control/models/cylinder
[0.781s] symbolically linking /home/blazar/workspaces/rockytimes_ws/build/terrain_mapping_drone_control/models/cylinder/materials/aruco_marker_0.png -> /home/blazar/workspaces/rockytimes_ws/install/terrain_mapping_drone_control/share/terrain_mapping_drone_control/models/cylinder/materials
[0.782s] symbolically linking /home/blazar/workspaces/rockytimes_ws/build/terrain_mapping_drone_control/models/cylinder/materials/cylinder_texture.png -> /home/blazar/workspaces/rockytimes_ws/install/terrain_mapping_drone_control/share/terrain_mapping_drone_control/models/cylinder/materials
[0.782s] symbolically linking /home/blazar/workspaces/rockytimes_ws/build/terrain_mapping_drone_control/terrain_mapping_drone_control/cylinder_landing_node.py -> /home/blazar/workspaces/rockytimes_ws/install/terrain_mapping_drone_control/lib/terrain_mapping_drone_control
[0.782s] symbolically linking /home/blazar/workspaces/rockytimes_ws/build/terrain_mapping_drone_control/terrain_mapping_drone_control/aruco_tracker.py -> /home/blazar/workspaces/rockytimes_ws/install/terrain_mapping_drone_control/lib/terrain_mapping_drone_control
[0.782s] symbolically linking /home/blazar/workspaces/rockytimes_ws/build/terrain_mapping_drone_control/terrain_mapping_drone_control/pose_visualizer.py -> /home/blazar/workspaces/rockytimes_ws/install/terrain_mapping_drone_control/lib/terrain_mapping_drone_control
[0.782s] symbolically linking /home/blazar/workspaces/rockytimes_ws/build/terrain_mapping_drone_control/terrain_mapping_drone_control/spiral_trajectory.py -> /home/blazar/workspaces/rockytimes_ws/install/terrain_mapping_drone_control/lib/terrain_mapping_drone_control
[0.782s] symbolically linking /home/blazar/workspaces/rockytimes_ws/build/terrain_mapping_drone_control/terrain_mapping_drone_control/feature_tracker.py -> /home/blazar/workspaces/rockytimes_ws/install/terrain_mapping_drone_control/lib/terrain_mapping_drone_control
[0.782s] symbolically linking /home/blazar/workspaces/rockytimes_ws/build/terrain_mapping_drone_control/terrain_mapping_drone_control/geometry_tracker.py -> /home/blazar/workspaces/rockytimes_ws/install/terrain_mapping_drone_control/lib/terrain_mapping_drone_control
[0.782s] symbolically linking /home/blazar/workspaces/rockytimes_ws/build/terrain_mapping_drone_control/models/cylinder_short/model.config -> /home/blazar/workspaces/rockytimes_ws/install/terrain_mapping_drone_control/share/terrain_mapping_drone_control/models/cylinder_short
[0.783s] symbolically linking /home/blazar/workspaces/rockytimes_ws/build/terrain_mapping_drone_control/models/cylinder_short/model.sdf -> /home/blazar/workspaces/rockytimes_ws/install/terrain_mapping_drone_control/share/terrain_mapping_drone_control/models/cylinder_short
[0.783s] symbolically linking /home/blazar/workspaces/rockytimes_ws/build/terrain_mapping_drone_control/models/cylinder_short/materials/aruco_marker_0.png -> /home/blazar/workspaces/rockytimes_ws/install/terrain_mapping_drone_control/share/terrain_mapping_drone_control/models/cylinder_short/materials
[0.783s] symbolically linking /home/blazar/workspaces/rockytimes_ws/build/terrain_mapping_drone_control/models/cylinder_short/materials/cylinder_texture.png -> /home/blazar/workspaces/rockytimes_ws/install/terrain_mapping_drone_control/share/terrain_mapping_drone_control/models/cylinder_short/materials
[0.800s] Invoked command in '/home/blazar/workspaces/rockytimes_ws/build/terrain_mapping_drone_control' returned '0': DEBUGINFOD_URLS=https://debuginfod.ubuntu.com PS1=(thingsbro) \[\e]0;\u@\h: \w\a\]${debian_chroot:+($debian_chroot)}\[\033[01;32m\]\u@\h\[\033[00m\]:\[\033[01;34m\]\w\[\033[00m\]\$ PYTHONPATH=/home/blazar/workspaces/rockytimes_ws/build/terrain_mapping_drone_control/prefix_override:/usr/lib/python3/dist-packages/colcon_core/task/python/colcon_distutils_commands:/home/blazar/workspaces/rockytimes_ws/install/terrain_mapping_drone_control/lib/python3.12/site-packages:${PYTHONPATH} VIRTUAL_ENV_PROMPT=(thingsbro) /usr/bin/python3 -W ignore:setup.py install is deprecated -W ignore:easy_install command is deprecated setup.py develop --editable --build-directory /home/blazar/workspaces/rockytimes_ws/build/terrain_mapping_drone_control/build --no-deps symlink_data --force
