[0.006s] Invoking command in '/home/blazar/lawny_ws/build/control': CMAKE_PREFIX_PATH=${CMAKE_PREFIX_PATH}:/home/blazar/lawny_ws/install/first_order_boustrophedon_navigator:/opt/ros/humble /usr/bin/cmake --build /home/blazar/lawny_ws/build/control -- -j16 -l16
[0.018s] /usr/bin/cmake -S/home/blazar/lawny_ws/src/control -B/home/blazar/lawny_ws/build/control --check-build-system CMakeFiles/Makefile.cmake 0
[0.024s] Re-run cmake file: Makefile older than: /home/blazar/lawny_ws/src/control/package.xml
[0.026s] -- Found ament_cmake: 1.3.11 (/opt/ros/humble/share/ament_cmake/cmake)
[0.097s] -- Found rosidl_default_generators: 1.2.0 (/opt/ros/humble/share/rosidl_default_generators/cmake)
[0.098s] -- Using all available rosidl_typesupport_c: rosidl_typesupport_fastrtps_c;rosidl_typesupport_introspection_c
[0.099s] -- Found rosidl_adapter: 3.1.6 (/opt/ros/humble/share/rosidl_adapter/cmake)
[0.115s] -- Using all available rosidl_typesupport_cpp: rosidl_typesupport_fastrtps_cpp;rosidl_typesupport_introspection_cpp
[0.128s] -- Found rclpy: 3.3.15 (/opt/ros/humble/share/rclpy/cmake)
[0.128s] -- Found geometry_msgs: 4.2.4 (/opt/ros/humble/share/geometry_msgs/cmake)
[0.293s] -- Found ament_cmake_ros: 0.10.0 (/opt/ros/humble/share/ament_cmake_ros/cmake)
[0.397s] -- Using all available rosidl_typesupport_c: rosidl_typesupport_fastrtps_c;rosidl_typesupport_introspection_c
[0.533s] -- Using all available rosidl_typesupport_cpp: rosidl_typesupport_fastrtps_cpp;rosidl_typesupport_introspection_cpp
[0.547s] -- Found python_cmake_module: 0.10.0 (/opt/ros/humble/share/python_cmake_module/cmake)
[0.561s] -- Using PYTHON_EXECUTABLE: /usr/bin/python3
[0.561s] -- Using PYTHON_INCLUDE_DIRS: /usr/include/python3.10
[0.561s] -- Using PYTHON_LIBRARIES: /usr/lib/x86_64-linux-gnu/libpython3.10.so
[0.569s] -- Configuring done
[0.586s] -- Generating done
[0.592s] -- Build files have been written to: /home/blazar/lawny_ws/build/control
[0.596s] /usr/bin/cmake -E cmake_progress_start /home/blazar/lawny_ws/build/control/CMakeFiles /home/blazar/lawny_ws/build/control//CMakeFiles/progress.marks
[0.601s] /usr/bin/gmake  -f CMakeFiles/Makefile2 all
[0.602s] gmake[1]: Entering directory '/home/blazar/lawny_ws/build/control'
[0.602s] /usr/bin/gmake  -f CMakeFiles/control__cpp.dir/build.make CMakeFiles/control__cpp.dir/depend
[0.603s] /usr/bin/gmake  -f CMakeFiles/control__rosidl_generator_c.dir/build.make CMakeFiles/control__rosidl_generator_c.dir/depend
[0.603s] /usr/bin/gmake  -f CMakeFiles/ament_cmake_python_copy_control.dir/build.make CMakeFiles/ament_cmake_python_copy_control.dir/depend
[0.603s] gmake[2]: Entering directory '/home/blazar/lawny_ws/build/control'
[0.603s] cd /home/blazar/lawny_ws/build/control && /usr/bin/cmake -E cmake_depends "Unix Makefiles" /home/blazar/lawny_ws/src/control /home/blazar/lawny_ws/src/control /home/blazar/lawny_ws/build/control /home/blazar/lawny_ws/build/control /home/blazar/lawny_ws/build/control/CMakeFiles/control__cpp.dir/DependInfo.cmake --color=
[0.603s] gmake[2]: Entering directory '/home/blazar/lawny_ws/build/control'
[0.604s] cd /home/blazar/lawny_ws/build/control && /usr/bin/cmake -E cmake_depends "Unix Makefiles" /home/blazar/lawny_ws/src/control /home/blazar/lawny_ws/src/control /home/blazar/lawny_ws/build/control /home/blazar/lawny_ws/build/control /home/blazar/lawny_ws/build/control/CMakeFiles/control__rosidl_generator_c.dir/DependInfo.cmake --color=
[0.604s] gmake[2]: Entering directory '/home/blazar/lawny_ws/build/control'
[0.604s] cd /home/blazar/lawny_ws/build/control && /usr/bin/cmake -E cmake_depends "Unix Makefiles" /home/blazar/lawny_ws/src/control /home/blazar/lawny_ws/src/control /home/blazar/lawny_ws/build/control /home/blazar/lawny_ws/build/control /home/blazar/lawny_ws/build/control/CMakeFiles/ament_cmake_python_copy_control.dir/DependInfo.cmake --color=
[0.608s] Dependencies file "CMakeFiles/control__rosidl_generator_c.dir/rosidl_generator_c/control/msg/detail/performance_metrics__functions.c.o.d" is newer than depends file "/home/blazar/lawny_ws/build/control/CMakeFiles/control__rosidl_generator_c.dir/compiler_depend.internal".
[0.608s] [35m[1mConsolidate compiler generated dependencies of target control__rosidl_generator_c[0m
[0.609s] gmake[2]: Leaving directory '/home/blazar/lawny_ws/build/control'
[0.609s] gmake[2]: Leaving directory '/home/blazar/lawny_ws/build/control'
[0.609s] /usr/bin/gmake  -f CMakeFiles/ament_cmake_python_copy_control.dir/build.make CMakeFiles/ament_cmake_python_copy_control.dir/build
[0.609s] /usr/bin/gmake  -f CMakeFiles/control__cpp.dir/build.make CMakeFiles/control__cpp.dir/build
[0.609s] gmake[2]: Leaving directory '/home/blazar/lawny_ws/build/control'
[0.609s] /usr/bin/gmake  -f CMakeFiles/control__rosidl_generator_c.dir/build.make CMakeFiles/control__rosidl_generator_c.dir/build
[0.610s] gmake[2]: Entering directory '/home/blazar/lawny_ws/build/control'
[0.610s] /usr/bin/cmake -E copy_directory /home/blazar/lawny_ws/build/control/rosidl_generator_py/control /home/blazar/lawny_ws/build/control/ament_cmake_python/control/control
[0.610s] gmake[2]: Entering directory '/home/blazar/lawny_ws/build/control'
[0.610s] gmake[2]: Nothing to be done for 'CMakeFiles/control__cpp.dir/build'.
[0.610s] gmake[2]: Leaving directory '/home/blazar/lawny_ws/build/control'
[0.610s] gmake[2]: Entering directory '/home/blazar/lawny_ws/build/control'
[0.610s] gmake[2]: Nothing to be done for 'CMakeFiles/control__rosidl_generator_c.dir/build'.
[0.610s] gmake[2]: Leaving directory '/home/blazar/lawny_ws/build/control'
[0.615s] [  3%] Built target control__cpp
[0.615s] gmake[2]: Leaving directory '/home/blazar/lawny_ws/build/control'
[0.615s] [ 12%] Built target control__rosidl_generator_c
[0.615s] /usr/bin/gmake  -f CMakeFiles/control__rosidl_typesupport_fastrtps_cpp.dir/build.make CMakeFiles/control__rosidl_typesupport_fastrtps_cpp.dir/depend
[0.615s] /usr/bin/gmake  -f CMakeFiles/control__rosidl_typesupport_introspection_cpp.dir/build.make CMakeFiles/control__rosidl_typesupport_introspection_cpp.dir/depend
[0.615s] /usr/bin/gmake  -f CMakeFiles/control__rosidl_typesupport_cpp.dir/build.make CMakeFiles/control__rosidl_typesupport_cpp.dir/depend
[0.616s] /usr/bin/gmake  -f CMakeFiles/control__rosidl_typesupport_fastrtps_c.dir/build.make CMakeFiles/control__rosidl_typesupport_fastrtps_c.dir/depend
[0.616s] /usr/bin/gmake  -f CMakeFiles/control__rosidl_typesupport_introspection_c.dir/build.make CMakeFiles/control__rosidl_typesupport_introspection_c.dir/depend
[0.616s] /usr/bin/gmake  -f CMakeFiles/control__rosidl_typesupport_c.dir/build.make CMakeFiles/control__rosidl_typesupport_c.dir/depend
[0.616s] gmake[2]: Entering directory '/home/blazar/lawny_ws/build/control'
[0.616s] cd /home/blazar/lawny_ws/build/control && /usr/bin/cmake -E cmake_depends "Unix Makefiles" /home/blazar/lawny_ws/src/control /home/blazar/lawny_ws/src/control /home/blazar/lawny_ws/build/control /home/blazar/lawny_ws/build/control /home/blazar/lawny_ws/build/control/CMakeFiles/control__rosidl_typesupport_introspection_cpp.dir/DependInfo.cmake --color=
[0.616s] gmake[2]: Entering directory '/home/blazar/lawny_ws/build/control'
[0.616s] cd /home/blazar/lawny_ws/build/control && /usr/bin/cmake -E cmake_depends "Unix Makefiles" /home/blazar/lawny_ws/src/control /home/blazar/lawny_ws/src/control /home/blazar/lawny_ws/build/control /home/blazar/lawny_ws/build/control /home/blazar/lawny_ws/build/control/CMakeFiles/control__rosidl_typesupport_fastrtps_cpp.dir/DependInfo.cmake --color=
[0.616s] gmake[2]: Entering directory '/home/blazar/lawny_ws/build/control'
[0.617s] cd /home/blazar/lawny_ws/build/control && /usr/bin/cmake -E cmake_depends "Unix Makefiles" /home/blazar/lawny_ws/src/control /home/blazar/lawny_ws/src/control /home/blazar/lawny_ws/build/control /home/blazar/lawny_ws/build/control /home/blazar/lawny_ws/build/control/CMakeFiles/control__rosidl_typesupport_cpp.dir/DependInfo.cmake --color=
[0.617s] gmake[2]: Entering directory '/home/blazar/lawny_ws/build/control'
[0.617s] cd /home/blazar/lawny_ws/build/control && /usr/bin/cmake -E cmake_depends "Unix Makefiles" /home/blazar/lawny_ws/src/control /home/blazar/lawny_ws/src/control /home/blazar/lawny_ws/build/control /home/blazar/lawny_ws/build/control /home/blazar/lawny_ws/build/control/CMakeFiles/control__rosidl_typesupport_fastrtps_c.dir/DependInfo.cmake --color=
[0.617s] gmake[2]: Entering directory '/home/blazar/lawny_ws/build/control'
[0.617s] cd /home/blazar/lawny_ws/build/control && /usr/bin/cmake -E cmake_depends "Unix Makefiles" /home/blazar/lawny_ws/src/control /home/blazar/lawny_ws/src/control /home/blazar/lawny_ws/build/control /home/blazar/lawny_ws/build/control /home/blazar/lawny_ws/build/control/CMakeFiles/control__rosidl_typesupport_introspection_c.dir/DependInfo.cmake --color=
[0.617s] gmake[2]: Entering directory '/home/blazar/lawny_ws/build/control'
[0.617s] cd /home/blazar/lawny_ws/build/control && /usr/bin/cmake -E cmake_depends "Unix Makefiles" /home/blazar/lawny_ws/src/control /home/blazar/lawny_ws/src/control /home/blazar/lawny_ws/build/control /home/blazar/lawny_ws/build/control /home/blazar/lawny_ws/build/control/CMakeFiles/control__rosidl_typesupport_c.dir/DependInfo.cmake --color=
[0.619s] [ 12%] Built target ament_cmake_python_copy_control
[0.620s] /usr/bin/gmake  -f CMakeFiles/ament_cmake_python_build_control_egg.dir/build.make CMakeFiles/ament_cmake_python_build_control_egg.dir/depend
[0.620s] gmake[2]: Entering directory '/home/blazar/lawny_ws/build/control'
[0.620s] cd /home/blazar/lawny_ws/build/control && /usr/bin/cmake -E cmake_depends "Unix Makefiles" /home/blazar/lawny_ws/src/control /home/blazar/lawny_ws/src/control /home/blazar/lawny_ws/build/control /home/blazar/lawny_ws/build/control /home/blazar/lawny_ws/build/control/CMakeFiles/ament_cmake_python_build_control_egg.dir/DependInfo.cmake --color=
[0.621s] Dependencies file "CMakeFiles/control__rosidl_typesupport_introspection_cpp.dir/rosidl_typesupport_introspection_cpp/control/msg/detail/performance_metrics__type_support.cpp.o.d" is newer than depends file "/home/blazar/lawny_ws/build/control/CMakeFiles/control__rosidl_typesupport_introspection_cpp.dir/compiler_depend.internal".
[0.621s] [35m[1mConsolidate compiler generated dependencies of target control__rosidl_typesupport_introspection_cpp[0m
[0.621s] Dependencies file "CMakeFiles/control__rosidl_typesupport_cpp.dir/rosidl_typesupport_cpp/control/msg/performance_metrics__type_support.cpp.o.d" is newer than depends file "/home/blazar/lawny_ws/build/control/CMakeFiles/control__rosidl_typesupport_cpp.dir/compiler_depend.internal".
[0.621s] Dependencies file "CMakeFiles/control__rosidl_typesupport_fastrtps_c.dir/rosidl_typesupport_fastrtps_c/control/msg/detail/performance_metrics__type_support_c.cpp.o.d" is newer than depends file "/home/blazar/lawny_ws/build/control/CMakeFiles/control__rosidl_typesupport_fastrtps_c.dir/compiler_depend.internal".
[0.621s] [35m[1mConsolidate compiler generated dependencies of target control__rosidl_typesupport_cpp[0m
[0.621s] Dependencies file "CMakeFiles/control__rosidl_typesupport_introspection_c.dir/rosidl_typesupport_introspection_c/control/msg/detail/performance_metrics__type_support.c.o.d" is newer than depends file "/home/blazar/lawny_ws/build/control/CMakeFiles/control__rosidl_typesupport_introspection_c.dir/compiler_depend.internal".
[0.621s] [35m[1mConsolidate compiler generated dependencies of target control__rosidl_typesupport_fastrtps_c[0m
[0.621s] Dependencies file "CMakeFiles/control__rosidl_typesupport_fastrtps_cpp.dir/rosidl_typesupport_fastrtps_cpp/control/msg/detail/dds_fastrtps/performance_metrics__type_support.cpp.o.d" is newer than depends file "/home/blazar/lawny_ws/build/control/CMakeFiles/control__rosidl_typesupport_fastrtps_cpp.dir/compiler_depend.internal".
[0.621s] [35m[1mConsolidate compiler generated dependencies of target control__rosidl_typesupport_introspection_c[0m
[0.621s] [35m[1mConsolidate compiler generated dependencies of target control__rosidl_typesupport_fastrtps_cpp[0m
[0.622s] Dependencies file "CMakeFiles/control__rosidl_typesupport_c.dir/rosidl_typesupport_c/control/msg/performance_metrics__type_support.cpp.o.d" is newer than depends file "/home/blazar/lawny_ws/build/control/CMakeFiles/control__rosidl_typesupport_c.dir/compiler_depend.internal".
[0.622s] [35m[1mConsolidate compiler generated dependencies of target control__rosidl_typesupport_c[0m
[0.622s] gmake[2]: Leaving directory '/home/blazar/lawny_ws/build/control'
[0.622s] /usr/bin/gmake  -f CMakeFiles/control__rosidl_typesupport_introspection_c.dir/build.make CMakeFiles/control__rosidl_typesupport_introspection_c.dir/build
[0.622s] gmake[2]: Leaving directory '/home/blazar/lawny_ws/build/control'
[0.623s] /usr/bin/gmake  -f CMakeFiles/control__rosidl_typesupport_introspection_cpp.dir/build.make CMakeFiles/control__rosidl_typesupport_introspection_cpp.dir/build
[0.623s] gmake[2]: Leaving directory '/home/blazar/lawny_ws/build/control'
[0.623s] /usr/bin/gmake  -f CMakeFiles/control__rosidl_typesupport_cpp.dir/build.make CMakeFiles/control__rosidl_typesupport_cpp.dir/build
[0.623s] gmake[2]: Leaving directory '/home/blazar/lawny_ws/build/control'
[0.623s] gmake[2]: Leaving directory '/home/blazar/lawny_ws/build/control'
[0.623s] /usr/bin/gmake  -f CMakeFiles/control__rosidl_typesupport_fastrtps_c.dir/build.make CMakeFiles/control__rosidl_typesupport_fastrtps_c.dir/build
[0.623s] /usr/bin/gmake  -f CMakeFiles/control__rosidl_typesupport_c.dir/build.make CMakeFiles/control__rosidl_typesupport_c.dir/build
[0.623s] gmake[2]: Entering directory '/home/blazar/lawny_ws/build/control'
[0.623s] gmake[2]: Nothing to be done for 'CMakeFiles/control__rosidl_typesupport_introspection_c.dir/build'.
[0.623s] gmake[2]: Leaving directory '/home/blazar/lawny_ws/build/control'
[0.624s] gmake[2]: Leaving directory '/home/blazar/lawny_ws/build/control'
[0.624s] gmake[2]: Entering directory '/home/blazar/lawny_ws/build/control'
[0.624s] gmake[2]: Nothing to be done for 'CMakeFiles/control__rosidl_typesupport_c.dir/build'.
[0.624s] /usr/bin/gmake  -f CMakeFiles/control__rosidl_typesupport_fastrtps_cpp.dir/build.make CMakeFiles/control__rosidl_typesupport_fastrtps_cpp.dir/build
[0.624s] gmake[2]: Leaving directory '/home/blazar/lawny_ws/build/control'
[0.624s] gmake[2]: Entering directory '/home/blazar/lawny_ws/build/control'
[0.624s] gmake[2]: Nothing to be done for 'CMakeFiles/control__rosidl_typesupport_introspection_cpp.dir/build'.
[0.624s] gmake[2]: Leaving directory '/home/blazar/lawny_ws/build/control'
[0.624s] gmake[2]: Entering directory '/home/blazar/lawny_ws/build/control'
[0.624s] gmake[2]: Nothing to be done for 'CMakeFiles/control__rosidl_typesupport_cpp.dir/build'.
[0.624s] gmake[2]: Leaving directory '/home/blazar/lawny_ws/build/control'
[0.624s] gmake[2]: Entering directory '/home/blazar/lawny_ws/build/control'
[0.624s] gmake[2]: Nothing to be done for 'CMakeFiles/control__rosidl_typesupport_fastrtps_c.dir/build'.
[0.624s] gmake[2]: Leaving directory '/home/blazar/lawny_ws/build/control'
[0.625s] gmake[2]: Entering directory '/home/blazar/lawny_ws/build/control'
[0.625s] gmake[2]: Nothing to be done for 'CMakeFiles/control__rosidl_typesupport_fastrtps_cpp.dir/build'.
[0.625s] gmake[2]: Leaving directory '/home/blazar/lawny_ws/build/control'
[0.626s] gmake[2]: Leaving directory '/home/blazar/lawny_ws/build/control'
[0.626s] /usr/bin/gmake  -f CMakeFiles/ament_cmake_python_build_control_egg.dir/build.make CMakeFiles/ament_cmake_python_build_control_egg.dir/build
[0.626s] gmake[2]: Entering directory '/home/blazar/lawny_ws/build/control'
[0.626s] cd /home/blazar/lawny_ws/build/control/ament_cmake_python/control && /usr/bin/python3 setup.py egg_info
[0.628s] [ 22%] Built target control__rosidl_typesupport_introspection_c
[0.628s] [ 32%] Built target control__rosidl_typesupport_c
[0.629s] [ 48%] Built target control__rosidl_typesupport_introspection_cpp
[0.629s] [ 51%] Built target control__rosidl_typesupport_fastrtps_c
[0.630s] [ 61%] Built target control__rosidl_typesupport_cpp
[0.630s] [ 70%] Built target control__rosidl_typesupport_fastrtps_cpp
[0.631s] /usr/bin/gmake  -f CMakeFiles/control.dir/build.make CMakeFiles/control.dir/depend
[0.631s] gmake[2]: Entering directory '/home/blazar/lawny_ws/build/control'
[0.631s] cd /home/blazar/lawny_ws/build/control && /usr/bin/cmake -E cmake_depends "Unix Makefiles" /home/blazar/lawny_ws/src/control /home/blazar/lawny_ws/src/control /home/blazar/lawny_ws/build/control /home/blazar/lawny_ws/build/control /home/blazar/lawny_ws/build/control/CMakeFiles/control.dir/DependInfo.cmake --color=
[0.636s] gmake[2]: Leaving directory '/home/blazar/lawny_ws/build/control'
[0.636s] /usr/bin/gmake  -f CMakeFiles/control.dir/build.make CMakeFiles/control.dir/build
[0.637s] gmake[2]: Entering directory '/home/blazar/lawny_ws/build/control'
[0.637s] gmake[2]: Nothing to be done for 'CMakeFiles/control.dir/build'.
[0.637s] gmake[2]: Leaving directory '/home/blazar/lawny_ws/build/control'
[0.642s] [ 70%] Built target control
[0.643s] /usr/bin/gmake  -f control__py/CMakeFiles/control__py.dir/build.make control__py/CMakeFiles/control__py.dir/depend
[0.643s] gmake[2]: Entering directory '/home/blazar/lawny_ws/build/control'
[0.643s] cd /home/blazar/lawny_ws/build/control && /usr/bin/cmake -E cmake_depends "Unix Makefiles" /home/blazar/lawny_ws/src/control /home/blazar/lawny_ws/build/control/control__py /home/blazar/lawny_ws/build/control /home/blazar/lawny_ws/build/control/control__py /home/blazar/lawny_ws/build/control/control__py/CMakeFiles/control__py.dir/DependInfo.cmake --color=
[0.648s] gmake[2]: Leaving directory '/home/blazar/lawny_ws/build/control'
[0.649s] /usr/bin/gmake  -f control__py/CMakeFiles/control__py.dir/build.make control__py/CMakeFiles/control__py.dir/build
[0.649s] gmake[2]: Entering directory '/home/blazar/lawny_ws/build/control'
[0.649s] gmake[2]: Nothing to be done for 'control__py/CMakeFiles/control__py.dir/build'.
[0.649s] gmake[2]: Leaving directory '/home/blazar/lawny_ws/build/control'
[0.654s] [ 74%] Built target control__py
[0.655s] /usr/bin/gmake  -f CMakeFiles/control__rosidl_generator_py.dir/build.make CMakeFiles/control__rosidl_generator_py.dir/depend
[0.656s] gmake[2]: Entering directory '/home/blazar/lawny_ws/build/control'
[0.656s] cd /home/blazar/lawny_ws/build/control && /usr/bin/cmake -E cmake_depends "Unix Makefiles" /home/blazar/lawny_ws/src/control /home/blazar/lawny_ws/src/control /home/blazar/lawny_ws/build/control /home/blazar/lawny_ws/build/control /home/blazar/lawny_ws/build/control/CMakeFiles/control__rosidl_generator_py.dir/DependInfo.cmake --color=
[0.661s] Dependencies file "CMakeFiles/control__rosidl_generator_py.dir/rosidl_generator_py/control/msg/_performance_metrics_s.c.o.d" is newer than depends file "/home/blazar/lawny_ws/build/control/CMakeFiles/control__rosidl_generator_py.dir/compiler_depend.internal".
[0.661s] [35m[1mConsolidate compiler generated dependencies of target control__rosidl_generator_py[0m
[0.663s] gmake[2]: Leaving directory '/home/blazar/lawny_ws/build/control'
[0.663s] /usr/bin/gmake  -f CMakeFiles/control__rosidl_generator_py.dir/build.make CMakeFiles/control__rosidl_generator_py.dir/build
[0.664s] gmake[2]: Entering directory '/home/blazar/lawny_ws/build/control'
[0.664s] gmake[2]: Nothing to be done for 'CMakeFiles/control__rosidl_generator_py.dir/build'.
[0.664s] gmake[2]: Leaving directory '/home/blazar/lawny_ws/build/control'
[0.669s] [ 80%] Built target control__rosidl_generator_py
[0.670s] /usr/bin/gmake  -f CMakeFiles/control__rosidl_typesupport_fastrtps_c__pyext.dir/build.make CMakeFiles/control__rosidl_typesupport_fastrtps_c__pyext.dir/depend
[0.670s] /usr/bin/gmake  -f CMakeFiles/control__rosidl_typesupport_introspection_c__pyext.dir/build.make CMakeFiles/control__rosidl_typesupport_introspection_c__pyext.dir/depend
[0.670s] /usr/bin/gmake  -f CMakeFiles/control__rosidl_typesupport_c__pyext.dir/build.make CMakeFiles/control__rosidl_typesupport_c__pyext.dir/depend
[0.671s] gmake[2]: Entering directory '/home/blazar/lawny_ws/build/control'
[0.671s] cd /home/blazar/lawny_ws/build/control && /usr/bin/cmake -E cmake_depends "Unix Makefiles" /home/blazar/lawny_ws/src/control /home/blazar/lawny_ws/src/control /home/blazar/lawny_ws/build/control /home/blazar/lawny_ws/build/control /home/blazar/lawny_ws/build/control/CMakeFiles/control__rosidl_typesupport_introspection_c__pyext.dir/DependInfo.cmake --color=
[0.671s] gmake[2]: Entering directory '/home/blazar/lawny_ws/build/control'
[0.671s] cd /home/blazar/lawny_ws/build/control && /usr/bin/cmake -E cmake_depends "Unix Makefiles" /home/blazar/lawny_ws/src/control /home/blazar/lawny_ws/src/control /home/blazar/lawny_ws/build/control /home/blazar/lawny_ws/build/control /home/blazar/lawny_ws/build/control/CMakeFiles/control__rosidl_typesupport_fastrtps_c__pyext.dir/DependInfo.cmake --color=
[0.671s] gmake[2]: Entering directory '/home/blazar/lawny_ws/build/control'
[0.671s] cd /home/blazar/lawny_ws/build/control && /usr/bin/cmake -E cmake_depends "Unix Makefiles" /home/blazar/lawny_ws/src/control /home/blazar/lawny_ws/src/control /home/blazar/lawny_ws/build/control /home/blazar/lawny_ws/build/control /home/blazar/lawny_ws/build/control/CMakeFiles/control__rosidl_typesupport_c__pyext.dir/DependInfo.cmake --color=
[0.676s] Dependencies file "CMakeFiles/control__rosidl_typesupport_fastrtps_c__pyext.dir/rosidl_generator_py/control/_control_s.ep.rosidl_typesupport_fastrtps_c.c.o.d" is newer than depends file "/home/blazar/lawny_ws/build/control/CMakeFiles/control__rosidl_typesupport_fastrtps_c__pyext.dir/compiler_depend.internal".
[0.676s] Dependencies file "CMakeFiles/control__rosidl_typesupport_introspection_c__pyext.dir/rosidl_generator_py/control/_control_s.ep.rosidl_typesupport_introspection_c.c.o.d" is newer than depends file "/home/blazar/lawny_ws/build/control/CMakeFiles/control__rosidl_typesupport_introspection_c__pyext.dir/compiler_depend.internal".
[0.676s] Dependencies file "CMakeFiles/control__rosidl_typesupport_c__pyext.dir/rosidl_generator_py/control/_control_s.ep.rosidl_typesupport_c.c.o.d" is newer than depends file "/home/blazar/lawny_ws/build/control/CMakeFiles/control__rosidl_typesupport_c__pyext.dir/compiler_depend.internal".
[0.676s] [35m[1mConsolidate compiler generated dependencies of target control__rosidl_typesupport_fastrtps_c__pyext[0m
[0.676s] [35m[1mConsolidate compiler generated dependencies of target control__rosidl_typesupport_introspection_c__pyext[0m
[0.676s] [35m[1mConsolidate compiler generated dependencies of target control__rosidl_typesupport_c__pyext[0m
[0.678s] gmake[2]: Leaving directory '/home/blazar/lawny_ws/build/control'
[0.678s] /usr/bin/gmake  -f CMakeFiles/control__rosidl_typesupport_c__pyext.dir/build.make CMakeFiles/control__rosidl_typesupport_c__pyext.dir/build
[0.678s] gmake[2]: Leaving directory '/home/blazar/lawny_ws/build/control'
[0.678s] /usr/bin/gmake  -f CMakeFiles/control__rosidl_typesupport_introspection_c__pyext.dir/build.make CMakeFiles/control__rosidl_typesupport_introspection_c__pyext.dir/build
[0.678s] gmake[2]: Leaving directory '/home/blazar/lawny_ws/build/control'
[0.678s] /usr/bin/gmake  -f CMakeFiles/control__rosidl_typesupport_fastrtps_c__pyext.dir/build.make CMakeFiles/control__rosidl_typesupport_fastrtps_c__pyext.dir/build
[0.679s] gmake[2]: Entering directory '/home/blazar/lawny_ws/build/control'
[0.679s] gmake[2]: Nothing to be done for 'CMakeFiles/control__rosidl_typesupport_c__pyext.dir/build'.
[0.679s] gmake[2]: Leaving directory '/home/blazar/lawny_ws/build/control'
[0.679s] gmake[2]: Entering directory '/home/blazar/lawny_ws/build/control'
[0.679s] gmake[2]: Nothing to be done for 'CMakeFiles/control__rosidl_typesupport_introspection_c__pyext.dir/build'.
[0.679s] gmake[2]: Leaving directory '/home/blazar/lawny_ws/build/control'
[0.679s] gmake[2]: Entering directory '/home/blazar/lawny_ws/build/control'
[0.679s] gmake[2]: Nothing to be done for 'CMakeFiles/control__rosidl_typesupport_fastrtps_c__pyext.dir/build'.
[0.679s] gmake[2]: Leaving directory '/home/blazar/lawny_ws/build/control'
[0.683s] [ 87%] Built target control__rosidl_typesupport_c__pyext
[0.684s] [ 93%] Built target control__rosidl_typesupport_fastrtps_c__pyext
[0.684s] [100%] Built target control__rosidl_typesupport_introspection_c__pyext
[0.736s] running egg_info
[0.737s] writing control.egg-info/PKG-INFO
[0.737s] writing dependency_links to control.egg-info/dependency_links.txt
[0.737s] writing top-level names to control.egg-info/top_level.txt
[0.738s] reading manifest file 'control.egg-info/SOURCES.txt'
[0.738s] writing manifest file 'control.egg-info/SOURCES.txt'
[0.747s] gmake[2]: Leaving directory '/home/blazar/lawny_ws/build/control'
[0.753s] [100%] Built target ament_cmake_python_build_control_egg
[0.753s] gmake[1]: Leaving directory '/home/blazar/lawny_ws/build/control'
[0.754s] /usr/bin/cmake -E cmake_progress_start /home/blazar/lawny_ws/build/control/CMakeFiles 0
[0.762s] Invoked command in '/home/blazar/lawny_ws/build/control' returned '0': CMAKE_PREFIX_PATH=${CMAKE_PREFIX_PATH}:/home/blazar/lawny_ws/install/first_order_boustrophedon_navigator:/opt/ros/humble /usr/bin/cmake --build /home/blazar/lawny_ws/build/control -- -j16 -l16
[0.768s] Invoking command in '/home/blazar/lawny_ws/build/control': CMAKE_PREFIX_PATH=${CMAKE_PREFIX_PATH}:/home/blazar/lawny_ws/install/first_order_boustrophedon_navigator:/opt/ros/humble /usr/bin/cmake --install /home/blazar/lawny_ws/build/control
[0.774s] -- Install configuration: ""
[0.774s] -- Up-to-date: /home/blazar/lawny_ws/install/control/share/ament_index/resource_index/rosidl_interfaces/control
[0.774s] -- Up-to-date: /home/blazar/lawny_ws/install/control/include/control/control
[0.774s] -- Up-to-date: /home/blazar/lawny_ws/install/control/include/control/control/msg
[0.774s] -- Up-to-date: /home/blazar/lawny_ws/install/control/include/control/control/msg/detail
[0.774s] -- Up-to-date: /home/blazar/lawny_ws/install/control/include/control/control/msg/detail/performance_metrics__type_support.h
[0.774s] -- Up-to-date: /home/blazar/lawny_ws/install/control/include/control/control/msg/detail/performance_metrics__functions.c
[0.774s] -- Up-to-date: /home/blazar/lawny_ws/install/control/include/control/control/msg/detail/performance_metrics__functions.h
[0.774s] -- Up-to-date: /home/blazar/lawny_ws/install/control/include/control/control/msg/detail/performance_metrics__struct.h
[0.774s] -- Up-to-date: /home/blazar/lawny_ws/install/control/include/control/control/msg/rosidl_generator_c__visibility_control.h
[0.774s] -- Up-to-date: /home/blazar/lawny_ws/install/control/include/control/control/msg/performance_metrics.h
[0.774s] -- Up-to-date: /home/blazar/lawny_ws/install/control/share/control/environment/library_path.sh
[0.774s] -- Installing: /home/blazar/lawny_ws/install/control/share/control/environment/library_path.dsv
[0.774s] -- Up-to-date: /home/blazar/lawny_ws/install/control/lib/libcontrol__rosidl_generator_c.so
[0.774s] -- Up-to-date: /home/blazar/lawny_ws/install/control/include/control/control
[0.774s] -- Up-to-date: /home/blazar/lawny_ws/install/control/include/control/control/msg
[0.774s] -- Up-to-date: /home/blazar/lawny_ws/install/control/include/control/control/msg/detail
[0.774s] -- Up-to-date: /home/blazar/lawny_ws/install/control/include/control/control/msg/detail/performance_metrics__rosidl_typesupport_fastrtps_c.h
[0.774s] -- Up-to-date: /home/blazar/lawny_ws/install/control/include/control/control/msg/rosidl_typesupport_fastrtps_c__visibility_control.h
[0.774s] -- Up-to-date: /home/blazar/lawny_ws/install/control/lib/libcontrol__rosidl_typesupport_fastrtps_c.so
[0.774s] -- Up-to-date: /home/blazar/lawny_ws/install/control/include/control/control
[0.774s] -- Up-to-date: /home/blazar/lawny_ws/install/control/include/control/control/msg
[0.775s] -- Up-to-date: /home/blazar/lawny_ws/install/control/include/control/control/msg/detail
[0.775s] -- Up-to-date: /home/blazar/lawny_ws/install/control/include/control/control/msg/detail/performance_metrics__rosidl_typesupport_introspection_c.h
[0.775s] -- Up-to-date: /home/blazar/lawny_ws/install/control/include/control/control/msg/detail/performance_metrics__type_support.c
[0.775s] -- Up-to-date: /home/blazar/lawny_ws/install/control/include/control/control/msg/rosidl_typesupport_introspection_c__visibility_control.h
[0.775s] -- Up-to-date: /home/blazar/lawny_ws/install/control/lib/libcontrol__rosidl_typesupport_introspection_c.so
[0.775s] -- Up-to-date: /home/blazar/lawny_ws/install/control/lib/libcontrol__rosidl_typesupport_c.so
[0.775s] -- Up-to-date: /home/blazar/lawny_ws/install/control/include/control/control
[0.775s] -- Up-to-date: /home/blazar/lawny_ws/install/control/include/control/control/msg
[0.775s] -- Up-to-date: /home/blazar/lawny_ws/install/control/include/control/control/msg/performance_metrics.hpp
[0.775s] -- Up-to-date: /home/blazar/lawny_ws/install/control/include/control/control/msg/detail
[0.775s] -- Up-to-date: /home/blazar/lawny_ws/install/control/include/control/control/msg/detail/performance_metrics__builder.hpp
[0.775s] -- Up-to-date: /home/blazar/lawny_ws/install/control/include/control/control/msg/detail/performance_metrics__type_support.hpp
[0.775s] -- Up-to-date: /home/blazar/lawny_ws/install/control/include/control/control/msg/detail/performance_metrics__traits.hpp
[0.775s] -- Up-to-date: /home/blazar/lawny_ws/install/control/include/control/control/msg/detail/performance_metrics__struct.hpp
[0.775s] -- Up-to-date: /home/blazar/lawny_ws/install/control/include/control/control/msg/rosidl_generator_cpp__visibility_control.hpp
[0.775s] -- Up-to-date: /home/blazar/lawny_ws/install/control/include/control/control
[0.775s] -- Up-to-date: /home/blazar/lawny_ws/install/control/include/control/control/msg
[0.775s] -- Up-to-date: /home/blazar/lawny_ws/install/control/include/control/control/msg/rosidl_typesupport_fastrtps_cpp__visibility_control.h
[0.775s] -- Up-to-date: /home/blazar/lawny_ws/install/control/include/control/control/msg/detail
[0.776s] -- Up-to-date: /home/blazar/lawny_ws/install/control/include/control/control/msg/detail/dds_fastrtps
[0.776s] -- Up-to-date: /home/blazar/lawny_ws/install/control/include/control/control/msg/detail/performance_metrics__rosidl_typesupport_fastrtps_cpp.hpp
[0.776s] -- Up-to-date: /home/blazar/lawny_ws/install/control/lib/libcontrol__rosidl_typesupport_fastrtps_cpp.so
[0.776s] -- Up-to-date: /home/blazar/lawny_ws/install/control/include/control/control
[0.776s] -- Up-to-date: /home/blazar/lawny_ws/install/control/include/control/control/msg
[0.776s] -- Up-to-date: /home/blazar/lawny_ws/install/control/include/control/control/msg/detail
[0.776s] -- Up-to-date: /home/blazar/lawny_ws/install/control/include/control/control/msg/detail/performance_metrics__type_support.cpp
[0.776s] -- Up-to-date: /home/blazar/lawny_ws/install/control/include/control/control/msg/detail/performance_metrics__rosidl_typesupport_introspection_cpp.hpp
[0.776s] -- Up-to-date: /home/blazar/lawny_ws/install/control/lib/libcontrol__rosidl_typesupport_introspection_cpp.so
[0.776s] -- Up-to-date: /home/blazar/lawny_ws/install/control/lib/libcontrol__rosidl_typesupport_cpp.so
[0.776s] -- Up-to-date: /home/blazar/lawny_ws/install/control/share/control/environment/pythonpath.sh
[0.776s] -- Installing: /home/blazar/lawny_ws/install/control/share/control/environment/pythonpath.dsv
[0.776s] -- Up-to-date: /home/blazar/lawny_ws/install/control/local/lib/python3.10/dist-packages/control-0.0.1-py3.10.egg-info
[0.776s] -- Installing: /home/blazar/lawny_ws/install/control/local/lib/python3.10/dist-packages/control-0.0.1-py3.10.egg-info/PKG-INFO
[0.776s] -- Installing: /home/blazar/lawny_ws/install/control/local/lib/python3.10/dist-packages/control-0.0.1-py3.10.egg-info/top_level.txt
[0.776s] -- Installing: /home/blazar/lawny_ws/install/control/local/lib/python3.10/dist-packages/control-0.0.1-py3.10.egg-info/SOURCES.txt
[0.776s] -- Installing: /home/blazar/lawny_ws/install/control/local/lib/python3.10/dist-packages/control-0.0.1-py3.10.egg-info/dependency_links.txt
[0.777s] -- Up-to-date: /home/blazar/lawny_ws/install/control/local/lib/python3.10/dist-packages/control
[0.777s] -- Up-to-date: /home/blazar/lawny_ws/install/control/local/lib/python3.10/dist-packages/control/_control_s.ep.rosidl_typesupport_fastrtps_c.c
[0.777s] -- Up-to-date: /home/blazar/lawny_ws/install/control/local/lib/python3.10/dist-packages/control/control_s__rosidl_typesupport_c.cpython-310-x86_64-linux-gnu.so
[0.777s] -- Up-to-date: /home/blazar/lawny_ws/install/control/local/lib/python3.10/dist-packages/control/_control_s.ep.rosidl_typesupport_introspection_c.c
[0.777s] -- Up-to-date: /home/blazar/lawny_ws/install/control/local/lib/python3.10/dist-packages/control/control_s__rosidl_typesupport_introspection_c.cpython-310-x86_64-linux-gnu.so
[0.777s] -- Up-to-date: /home/blazar/lawny_ws/install/control/local/lib/python3.10/dist-packages/control/control_s__rosidl_typesupport_fastrtps_c.cpython-310-x86_64-linux-gnu.so
[0.777s] -- Up-to-date: /home/blazar/lawny_ws/install/control/local/lib/python3.10/dist-packages/control/libcontrol__rosidl_generator_py.so
[0.777s] -- Up-to-date: /home/blazar/lawny_ws/install/control/local/lib/python3.10/dist-packages/control/msg
[0.777s] -- Up-to-date: /home/blazar/lawny_ws/install/control/local/lib/python3.10/dist-packages/control/msg/_performance_metrics.py
[0.777s] -- Up-to-date: /home/blazar/lawny_ws/install/control/local/lib/python3.10/dist-packages/control/msg/_performance_metrics_s.c
[0.777s] -- Up-to-date: /home/blazar/lawny_ws/install/control/local/lib/python3.10/dist-packages/control/msg/__init__.py
[0.777s] -- Up-to-date: /home/blazar/lawny_ws/install/control/local/lib/python3.10/dist-packages/control/_control_s.ep.rosidl_typesupport_c.c
[0.777s] -- Installing: /home/blazar/lawny_ws/install/control/local/lib/python3.10/dist-packages/control/__init__.py
[0.796s] Listing '/home/blazar/lawny_ws/install/control/local/lib/python3.10/dist-packages/control'...
[0.796s] Compiling '/home/blazar/lawny_ws/install/control/local/lib/python3.10/dist-packages/control/__init__.py'...
[0.796s] Listing '/home/blazar/lawny_ws/install/control/local/lib/python3.10/dist-packages/control/msg'...
[0.799s] -- Up-to-date: /home/blazar/lawny_ws/install/control/local/lib/python3.10/dist-packages/control/control_s__rosidl_typesupport_fastrtps_c.cpython-310-x86_64-linux-gnu.so
[0.799s] -- Up-to-date: /home/blazar/lawny_ws/install/control/local/lib/python3.10/dist-packages/control/control_s__rosidl_typesupport_introspection_c.cpython-310-x86_64-linux-gnu.so
[0.799s] -- Up-to-date: /home/blazar/lawny_ws/install/control/local/lib/python3.10/dist-packages/control/control_s__rosidl_typesupport_c.cpython-310-x86_64-linux-gnu.so
[0.799s] -- Up-to-date: /home/blazar/lawny_ws/install/control/lib/libcontrol__rosidl_generator_py.so
[0.799s] -- Up-to-date: /home/blazar/lawny_ws/install/control/share/control/msg/PerformanceMetrics.idl
[0.799s] -- Up-to-date: /home/blazar/lawny_ws/install/control/share/control/msg/PerformanceMetrics.msg
[0.799s] -- Installing: /home/blazar/lawny_ws/install/control/lib/control/controller.py
[0.800s] -- Up-to-date: /home/blazar/lawny_ws/install/control/lib/control/exp.py
[0.800s] -- Up-to-date: /home/blazar/lawny_ws/install/control/share/control/launch/launch
[0.800s] -- Up-to-date: /home/blazar/lawny_ws/install/control/share/control/launch/launch/controller_launch.xml
[0.800s] -- Installing: /home/blazar/lawny_ws/install/control/share/ament_index/resource_index/package_run_dependencies/control
[0.800s] -- Up-to-date: /home/blazar/lawny_ws/install/control/share/ament_index/resource_index/parent_prefix_path/control
[0.800s] -- Up-to-date: /home/blazar/lawny_ws/install/control/share/control/environment/ament_prefix_path.sh
[0.800s] -- Installing: /home/blazar/lawny_ws/install/control/share/control/environment/ament_prefix_path.dsv
[0.800s] -- Up-to-date: /home/blazar/lawny_ws/install/control/share/control/environment/path.sh
[0.800s] -- Installing: /home/blazar/lawny_ws/install/control/share/control/environment/path.dsv
[0.800s] -- Up-to-date: /home/blazar/lawny_ws/install/control/share/control/local_setup.bash
[0.800s] -- Up-to-date: /home/blazar/lawny_ws/install/control/share/control/local_setup.sh
[0.800s] -- Up-to-date: /home/blazar/lawny_ws/install/control/share/control/local_setup.zsh
[0.800s] -- Installing: /home/blazar/lawny_ws/install/control/share/control/local_setup.dsv
[0.800s] -- Installing: /home/blazar/lawny_ws/install/control/share/control/package.dsv
[0.800s] -- Up-to-date: /home/blazar/lawny_ws/install/control/share/ament_index/resource_index/packages/control
[0.800s] -- Up-to-date: /home/blazar/lawny_ws/install/control/share/control/cmake/export_control__rosidl_generator_cExport.cmake
[0.800s] -- Up-to-date: /home/blazar/lawny_ws/install/control/share/control/cmake/export_control__rosidl_generator_cExport-noconfig.cmake
[0.800s] -- Up-to-date: /home/blazar/lawny_ws/install/control/share/control/cmake/export_control__rosidl_typesupport_fastrtps_cExport.cmake
[0.800s] -- Up-to-date: /home/blazar/lawny_ws/install/control/share/control/cmake/export_control__rosidl_typesupport_fastrtps_cExport-noconfig.cmake
[0.801s] -- Up-to-date: /home/blazar/lawny_ws/install/control/share/control/cmake/control__rosidl_typesupport_introspection_cExport.cmake
[0.801s] -- Up-to-date: /home/blazar/lawny_ws/install/control/share/control/cmake/control__rosidl_typesupport_introspection_cExport-noconfig.cmake
[0.801s] -- Up-to-date: /home/blazar/lawny_ws/install/control/share/control/cmake/control__rosidl_typesupport_cExport.cmake
[0.801s] -- Up-to-date: /home/blazar/lawny_ws/install/control/share/control/cmake/control__rosidl_typesupport_cExport-noconfig.cmake
[0.801s] -- Up-to-date: /home/blazar/lawny_ws/install/control/share/control/cmake/export_control__rosidl_generator_cppExport.cmake
[0.801s] -- Up-to-date: /home/blazar/lawny_ws/install/control/share/control/cmake/export_control__rosidl_typesupport_fastrtps_cppExport.cmake
[0.801s] -- Up-to-date: /home/blazar/lawny_ws/install/control/share/control/cmake/export_control__rosidl_typesupport_fastrtps_cppExport-noconfig.cmake
[0.801s] -- Up-to-date: /home/blazar/lawny_ws/install/control/share/control/cmake/control__rosidl_typesupport_introspection_cppExport.cmake
[0.801s] -- Up-to-date: /home/blazar/lawny_ws/install/control/share/control/cmake/control__rosidl_typesupport_introspection_cppExport-noconfig.cmake
[0.801s] -- Up-to-date: /home/blazar/lawny_ws/install/control/share/control/cmake/control__rosidl_typesupport_cppExport.cmake
[0.801s] -- Up-to-date: /home/blazar/lawny_ws/install/control/share/control/cmake/control__rosidl_typesupport_cppExport-noconfig.cmake
[0.801s] -- Up-to-date: /home/blazar/lawny_ws/install/control/share/control/cmake/export_control__rosidl_generator_pyExport.cmake
[0.801s] -- Up-to-date: /home/blazar/lawny_ws/install/control/share/control/cmake/export_control__rosidl_generator_pyExport-noconfig.cmake
[0.801s] -- Up-to-date: /home/blazar/lawny_ws/install/control/share/control/cmake/rosidl_cmake-extras.cmake
[0.801s] -- Up-to-date: /home/blazar/lawny_ws/install/control/share/control/cmake/ament_cmake_export_include_directories-extras.cmake
[0.801s] -- Up-to-date: /home/blazar/lawny_ws/install/control/share/control/cmake/ament_cmake_export_libraries-extras.cmake
[0.801s] -- Up-to-date: /home/blazar/lawny_ws/install/control/share/control/cmake/ament_cmake_export_targets-extras.cmake
[0.801s] -- Up-to-date: /home/blazar/lawny_ws/install/control/share/control/cmake/rosidl_cmake_export_typesupport_targets-extras.cmake
[0.801s] -- Up-to-date: /home/blazar/lawny_ws/install/control/share/control/cmake/ament_cmake_export_dependencies-extras.cmake
[0.801s] -- Up-to-date: /home/blazar/lawny_ws/install/control/share/control/cmake/rosidl_cmake_export_typesupport_libraries-extras.cmake
[0.801s] -- Up-to-date: /home/blazar/lawny_ws/install/control/share/control/cmake/controlConfig.cmake
[0.801s] -- Up-to-date: /home/blazar/lawny_ws/install/control/share/control/cmake/controlConfig-version.cmake
[0.801s] -- Installing: /home/blazar/lawny_ws/install/control/share/control/package.xml
[0.803s] Invoked command in '/home/blazar/lawny_ws/build/control' returned '0': CMAKE_PREFIX_PATH=${CMAKE_PREFIX_PATH}:/home/blazar/lawny_ws/install/first_order_boustrophedon_navigator:/opt/ros/humble /usr/bin/cmake --install /home/blazar/lawny_ws/build/control
