[0.071s] DEBUG:colcon:Command line arguments: ['/usr/bin/colcon', 'build']
[0.071s] DEBUG:colcon:Parsed command line arguments: Namespace(log_base=None, log_level=None, verb_name='build', build_base='build', install_base='install', merge_install=False, symlink_install=False, test_result_base=None, continue_on_error=False, executor='parallel', parallel_workers=16, event_handlers=None, ignore_user_meta=False, metas=['./colcon.meta'], base_paths=['.'], packages_ignore=None, packages_ignore_regex=None, paths=None, packages_up_to=None, packages_up_to_regex=None, packages_above=None, packages_above_and_dependencies=None, packages_above_depth=None, packages_select_by_dep=None, packages_skip_by_dep=None, packages_skip_up_to=None, packages_select_build_failed=False, packages_skip_build_finished=False, packages_select_test_failures=False, packages_skip_test_passed=False, packages_select=None, packages_skip=None, packages_select_regex=None, packages_skip_regex=None, packages_start=None, packages_end=None, allow_overriding=[], cmake_args=None, cmake_target=None, cmake_target_skip_unavailable=False, cmake_clean_cache=False, cmake_clean_first=False, cmake_force_configure=False, ament_cmake_args=None, catkin_cmake_args=None, catkin_skip_building_tests=False, mixin_files=None, mixin=None, verb_parser=<colcon_mixin.mixin.mixin_argument.MixinArgumentDecorator object at 0x75072ca9a240>, verb_extension=<colcon_core.verb.build.BuildVerb object at 0x75072ca99fa0>, main=<bound method BuildVerb.main of <colcon_core.verb.build.BuildVerb object at 0x75072ca99fa0>>, mixin_verb=('build',))
[0.098s] Level 1:colcon.colcon_core.package_discovery:discover_packages(colcon_meta) check parameters
[0.099s] Level 1:colcon.colcon_core.package_discovery:discover_packages(recursive) check parameters
[0.099s] Level 1:colcon.colcon_core.package_discovery:discover_packages(ignore) check parameters
[0.099s] Level 1:colcon.colcon_core.package_discovery:discover_packages(path) check parameters
[0.099s] Level 1:colcon.colcon_core.package_discovery:discover_packages(colcon_meta) discover
[0.099s] Level 1:colcon.colcon_core.package_discovery:discover_packages(recursive) discover
[0.099s] INFO:colcon.colcon_core.package_discovery:Crawling recursively for packages in '/home/blazar/workspaces/rockytimes_ws'
[0.099s] Level 1:colcon.colcon_core.package_identification:_identify(.) by extensions ['ignore', 'ignore_ament_install']
[0.099s] Level 1:colcon.colcon_core.package_identification:_identify(.) by extension 'ignore'
[0.099s] Level 1:colcon.colcon_core.package_identification:_identify(.) by extension 'ignore_ament_install'
[0.099s] Level 1:colcon.colcon_core.package_identification:_identify(.) by extensions ['colcon_pkg']
[0.099s] Level 1:colcon.colcon_core.package_identification:_identify(.) by extension 'colcon_pkg'
[0.099s] Level 1:colcon.colcon_core.package_identification:_identify(.) by extensions ['colcon_meta']
[0.099s] Level 1:colcon.colcon_core.package_identification:_identify(.) by extension 'colcon_meta'
[0.099s] Level 1:colcon.colcon_core.package_identification:_identify(.) by extensions ['ros']
[0.099s] Level 1:colcon.colcon_core.package_identification:_identify(.) by extension 'ros'
[0.116s] Level 1:colcon.colcon_core.package_identification:_identify(.) by extensions ['cmake', 'python']
[0.116s] Level 1:colcon.colcon_core.package_identification:_identify(.) by extension 'cmake'
[0.116s] Level 1:colcon.colcon_core.package_identification:_identify(.) by extension 'python'
[0.116s] Level 1:colcon.colcon_core.package_identification:_identify(.) by extensions ['python_setup_py']
[0.116s] Level 1:colcon.colcon_core.package_identification:_identify(.) by extension 'python_setup_py'
[0.116s] Level 1:colcon.colcon_core.package_identification:_identify(build) by extensions ['ignore', 'ignore_ament_install']
[0.117s] Level 1:colcon.colcon_core.package_identification:_identify(build) by extension 'ignore'
[0.117s] Level 1:colcon.colcon_core.package_identification:_identify(build) ignored
[0.117s] Level 1:colcon.colcon_core.package_identification:_identify(install) by extensions ['ignore', 'ignore_ament_install']
[0.117s] Level 1:colcon.colcon_core.package_identification:_identify(install) by extension 'ignore'
[0.117s] Level 1:colcon.colcon_core.package_identification:_identify(install) ignored
[0.117s] Level 1:colcon.colcon_core.package_identification:_identify(log) by extensions ['ignore', 'ignore_ament_install']
[0.117s] Level 1:colcon.colcon_core.package_identification:_identify(log) by extension 'ignore'
[0.117s] Level 1:colcon.colcon_core.package_identification:_identify(log) ignored
[0.117s] Level 1:colcon.colcon_core.package_identification:_identify(src) by extensions ['ignore', 'ignore_ament_install']
[0.117s] Level 1:colcon.colcon_core.package_identification:_identify(src) by extension 'ignore'
[0.117s] Level 1:colcon.colcon_core.package_identification:_identify(src) by extension 'ignore_ament_install'
[0.117s] Level 1:colcon.colcon_core.package_identification:_identify(src) by extensions ['colcon_pkg']
[0.117s] Level 1:colcon.colcon_core.package_identification:_identify(src) by extension 'colcon_pkg'
[0.117s] Level 1:colcon.colcon_core.package_identification:_identify(src) by extensions ['colcon_meta']
[0.117s] Level 1:colcon.colcon_core.package_identification:_identify(src) by extension 'colcon_meta'
[0.117s] Level 1:colcon.colcon_core.package_identification:_identify(src) by extensions ['ros']
[0.117s] Level 1:colcon.colcon_core.package_identification:_identify(src) by extension 'ros'
[0.117s] Level 1:colcon.colcon_core.package_identification:_identify(src) by extensions ['cmake', 'python']
[0.117s] Level 1:colcon.colcon_core.package_identification:_identify(src) by extension 'cmake'
[0.117s] Level 1:colcon.colcon_core.package_identification:_identify(src) by extension 'python'
[0.117s] Level 1:colcon.colcon_core.package_identification:_identify(src) by extensions ['python_setup_py']
[0.117s] Level 1:colcon.colcon_core.package_identification:_identify(src) by extension 'python_setup_py'
[0.117s] Level 1:colcon.colcon_core.package_identification:_identify(src/px4_msgs) by extensions ['ignore', 'ignore_ament_install']
[0.117s] Level 1:colcon.colcon_core.package_identification:_identify(src/px4_msgs) by extension 'ignore'
[0.117s] Level 1:colcon.colcon_core.package_identification:_identify(src/px4_msgs) by extension 'ignore_ament_install'
[0.117s] Level 1:colcon.colcon_core.package_identification:_identify(src/px4_msgs) by extensions ['colcon_pkg']
[0.117s] Level 1:colcon.colcon_core.package_identification:_identify(src/px4_msgs) by extension 'colcon_pkg'
[0.117s] Level 1:colcon.colcon_core.package_identification:_identify(src/px4_msgs) by extensions ['colcon_meta']
[0.117s] Level 1:colcon.colcon_core.package_identification:_identify(src/px4_msgs) by extension 'colcon_meta'
[0.117s] Level 1:colcon.colcon_core.package_identification:_identify(src/px4_msgs) by extensions ['ros']
[0.117s] Level 1:colcon.colcon_core.package_identification:_identify(src/px4_msgs) by extension 'ros'
[0.119s] DEBUG:colcon.colcon_core.package_identification:Package 'src/px4_msgs' with type 'ros.ament_cmake' and name 'px4_msgs'
[0.119s] Level 1:colcon.colcon_core.package_identification:_identify(src/terrain_mapping_drone_control) by extensions ['ignore', 'ignore_ament_install']
[0.119s] Level 1:colcon.colcon_core.package_identification:_identify(src/terrain_mapping_drone_control) by extension 'ignore'
[0.119s] Level 1:colcon.colcon_core.package_identification:_identify(src/terrain_mapping_drone_control) by extension 'ignore_ament_install'
[0.119s] Level 1:colcon.colcon_core.package_identification:_identify(src/terrain_mapping_drone_control) by extensions ['colcon_pkg']
[0.119s] Level 1:colcon.colcon_core.package_identification:_identify(src/terrain_mapping_drone_control) by extension 'colcon_pkg'
[0.119s] Level 1:colcon.colcon_core.package_identification:_identify(src/terrain_mapping_drone_control) by extensions ['colcon_meta']
[0.119s] Level 1:colcon.colcon_core.package_identification:_identify(src/terrain_mapping_drone_control) by extension 'colcon_meta'
[0.119s] Level 1:colcon.colcon_core.package_identification:_identify(src/terrain_mapping_drone_control) by extensions ['ros']
[0.119s] Level 1:colcon.colcon_core.package_identification:_identify(src/terrain_mapping_drone_control) by extension 'ros'
[0.120s] DEBUG:colcon.colcon_core.package_identification:Package 'src/terrain_mapping_drone_control' with type 'ros.ament_python' and name 'terrain_mapping_drone_control'
[0.120s] Level 1:colcon.colcon_core.package_discovery:discover_packages(recursive) using defaults
[0.120s] Level 1:colcon.colcon_core.package_discovery:discover_packages(ignore) discover
[0.120s] Level 1:colcon.colcon_core.package_discovery:discover_packages(ignore) using defaults
[0.120s] Level 1:colcon.colcon_core.package_discovery:discover_packages(path) discover
[0.120s] Level 1:colcon.colcon_core.package_discovery:discover_packages(path) using defaults
[0.132s] Level 1:colcon.colcon_core.package_discovery:discover_packages(prefix_path) check parameters
[0.132s] Level 1:colcon.colcon_core.package_discovery:discover_packages(prefix_path) discover
[0.133s] DEBUG:colcon.colcon_installed_package_information.package_discovery:Found 1 installed packages in /home/blazar/robotics1/scara_ws/install
[0.134s] DEBUG:colcon.colcon_installed_package_information.package_discovery:Found 7 installed packages in /home/blazar/workspaces/arduinobot_ws/install
[0.134s] DEBUG:colcon.colcon_installed_package_information.package_discovery:Found 2 installed packages in /home/blazar/workspaces/cartip_ws/install
[0.134s] DEBUG:colcon.colcon_installed_package_information.package_discovery:Found 2 installed packages in /home/blazar/workspaces/dobbie_ws/install
[0.134s] DEBUG:colcon.colcon_installed_package_information.package_discovery:Found 2 installed packages in /home/blazar/workspaces/rockytimes_ws/install
[0.135s] DEBUG:colcon.colcon_installed_package_information.package_discovery:Found 2 installed packages in /home/blazar/workspaces/ellie_ws/install
[0.136s] DEBUG:colcon.colcon_installed_package_information.package_discovery:Found 402 installed packages in /opt/ros/jazzy
[0.137s] Level 1:colcon.colcon_core.package_discovery:discover_packages(prefix_path) using defaults
[0.173s] Level 5:colcon.colcon_core.verb:set package 'px4_msgs' build argument 'cmake_args' from command line to 'None'
[0.173s] Level 5:colcon.colcon_core.verb:set package 'px4_msgs' build argument 'cmake_target' from command line to 'None'
[0.173s] Level 5:colcon.colcon_core.verb:set package 'px4_msgs' build argument 'cmake_target_skip_unavailable' from command line to 'False'
[0.173s] Level 5:colcon.colcon_core.verb:set package 'px4_msgs' build argument 'cmake_clean_cache' from command line to 'False'
[0.173s] Level 5:colcon.colcon_core.verb:set package 'px4_msgs' build argument 'cmake_clean_first' from command line to 'False'
[0.173s] Level 5:colcon.colcon_core.verb:set package 'px4_msgs' build argument 'cmake_force_configure' from command line to 'False'
[0.173s] Level 5:colcon.colcon_core.verb:set package 'px4_msgs' build argument 'ament_cmake_args' from command line to 'None'
[0.173s] Level 5:colcon.colcon_core.verb:set package 'px4_msgs' build argument 'catkin_cmake_args' from command line to 'None'
[0.173s] Level 5:colcon.colcon_core.verb:set package 'px4_msgs' build argument 'catkin_skip_building_tests' from command line to 'False'
[0.173s] DEBUG:colcon.colcon_core.verb:Building package 'px4_msgs' with the following arguments: {'ament_cmake_args': None, 'build_base': '/home/blazar/workspaces/rockytimes_ws/build/px4_msgs', 'catkin_cmake_args': None, 'catkin_skip_building_tests': False, 'cmake_args': None, 'cmake_clean_cache': False, 'cmake_clean_first': False, 'cmake_force_configure': False, 'cmake_target': None, 'cmake_target_skip_unavailable': False, 'install_base': '/home/blazar/workspaces/rockytimes_ws/install/px4_msgs', 'merge_install': False, 'path': '/home/blazar/workspaces/rockytimes_ws/src/px4_msgs', 'symlink_install': False, 'test_result_base': None}
[0.173s] Level 5:colcon.colcon_core.verb:set package 'terrain_mapping_drone_control' build argument 'cmake_args' from command line to 'None'
[0.173s] Level 5:colcon.colcon_core.verb:set package 'terrain_mapping_drone_control' build argument 'cmake_target' from command line to 'None'
[0.173s] Level 5:colcon.colcon_core.verb:set package 'terrain_mapping_drone_control' build argument 'cmake_target_skip_unavailable' from command line to 'False'
[0.173s] Level 5:colcon.colcon_core.verb:set package 'terrain_mapping_drone_control' build argument 'cmake_clean_cache' from command line to 'False'
[0.173s] Level 5:colcon.colcon_core.verb:set package 'terrain_mapping_drone_control' build argument 'cmake_clean_first' from command line to 'False'
[0.173s] Level 5:colcon.colcon_core.verb:set package 'terrain_mapping_drone_control' build argument 'cmake_force_configure' from command line to 'False'
[0.173s] Level 5:colcon.colcon_core.verb:set package 'terrain_mapping_drone_control' build argument 'ament_cmake_args' from command line to 'None'
[0.173s] Level 5:colcon.colcon_core.verb:set package 'terrain_mapping_drone_control' build argument 'catkin_cmake_args' from command line to 'None'
[0.173s] Level 5:colcon.colcon_core.verb:set package 'terrain_mapping_drone_control' build argument 'catkin_skip_building_tests' from command line to 'False'
[0.173s] DEBUG:colcon.colcon_core.verb:Building package 'terrain_mapping_drone_control' with the following arguments: {'ament_cmake_args': None, 'build_base': '/home/blazar/workspaces/rockytimes_ws/build/terrain_mapping_drone_control', 'catkin_cmake_args': None, 'catkin_skip_building_tests': False, 'cmake_args': None, 'cmake_clean_cache': False, 'cmake_clean_first': False, 'cmake_force_configure': False, 'cmake_target': None, 'cmake_target_skip_unavailable': False, 'install_base': '/home/blazar/workspaces/rockytimes_ws/install/terrain_mapping_drone_control', 'merge_install': False, 'path': '/home/blazar/workspaces/rockytimes_ws/src/terrain_mapping_drone_control', 'symlink_install': False, 'test_result_base': None}
[0.173s] INFO:colcon.colcon_core.executor:Executing jobs using 'parallel' executor
[0.174s] DEBUG:colcon.colcon_parallel_executor.executor.parallel:run_until_complete
[0.174s] INFO:colcon.colcon_ros.task.ament_cmake.build:Building ROS package in '/home/blazar/workspaces/rockytimes_ws/src/px4_msgs' with build type 'ament_cmake'
[0.174s] INFO:colcon.colcon_cmake.task.cmake.build:Building CMake package in '/home/blazar/workspaces/rockytimes_ws/src/px4_msgs'
[0.176s] INFO:colcon.colcon_core.plugin_system:Skipping extension 'colcon_core.shell.bat': Not used on non-Windows systems
[0.176s] INFO:colcon.colcon_core.shell:Skip shell extension 'powershell' for command environment: Not usable outside of PowerShell
[0.176s] DEBUG:colcon.colcon_core.shell:Skip shell extension 'dsv' for command environment
[0.184s] DEBUG:colcon.colcon_core.event_handler.log_command:Invoking command in '/home/blazar/workspaces/rockytimes_ws/build/px4_msgs': CMAKE_PREFIX_PATH=${CMAKE_PREFIX_PATH}:/home/blazar/workspaces/rockytimes_ws/install/terrain_mapping_drone_control:/home/blazar/workspaces/ellie_ws/install/ellie:/home/blazar/robotics1/scara_ws/install/desco:/home/blazar/workspaces/arduinobot_ws/install/arduinobot_py_examples:/home/blazar/workspaces/cartip_ws/install/ralpoley:/home/blazar/workspaces/cartip_ws/install/cart_pole_optimal_control:/opt/ros/jazzy DEBUGINFOD_URLS=https://debuginfod.ubuntu.com PS1=(thingsbro) \[\e]0;\u@\h: \w\a\]${debian_chroot:+($debian_chroot)}\[\033[01;32m\]\u@\h\[\033[00m\]:\[\033[01;34m\]\w\[\033[00m\]\$ VIRTUAL_ENV_PROMPT=(thingsbro) /usr/bin/cmake --build /home/blazar/workspaces/rockytimes_ws/build/px4_msgs -- -j16 -l16
[124.428s] DEBUG:colcon.colcon_core.event_handler.log_command:Invoked command in '/home/blazar/workspaces/rockytimes_ws/build/px4_msgs' returned '0': CMAKE_PREFIX_PATH=${CMAKE_PREFIX_PATH}:/home/blazar/workspaces/rockytimes_ws/install/terrain_mapping_drone_control:/home/blazar/workspaces/ellie_ws/install/ellie:/home/blazar/robotics1/scara_ws/install/desco:/home/blazar/workspaces/arduinobot_ws/install/arduinobot_py_examples:/home/blazar/workspaces/cartip_ws/install/ralpoley:/home/blazar/workspaces/cartip_ws/install/cart_pole_optimal_control:/opt/ros/jazzy DEBUGINFOD_URLS=https://debuginfod.ubuntu.com PS1=(thingsbro) \[\e]0;\u@\h: \w\a\]${debian_chroot:+($debian_chroot)}\[\033[01;32m\]\u@\h\[\033[00m\]:\[\033[01;34m\]\w\[\033[00m\]\$ VIRTUAL_ENV_PROMPT=(thingsbro) /usr/bin/cmake --build /home/blazar/workspaces/rockytimes_ws/build/px4_msgs -- -j16 -l16
[124.438s] DEBUG:colcon.colcon_core.event_handler.log_command:Invoking command in '/home/blazar/workspaces/rockytimes_ws/build/px4_msgs': CMAKE_PREFIX_PATH=${CMAKE_PREFIX_PATH}:/home/blazar/workspaces/rockytimes_ws/install/terrain_mapping_drone_control:/home/blazar/workspaces/ellie_ws/install/ellie:/home/blazar/robotics1/scara_ws/install/desco:/home/blazar/workspaces/arduinobot_ws/install/arduinobot_py_examples:/home/blazar/workspaces/cartip_ws/install/ralpoley:/home/blazar/workspaces/cartip_ws/install/cart_pole_optimal_control:/opt/ros/jazzy DEBUGINFOD_URLS=https://debuginfod.ubuntu.com PS1=(thingsbro) \[\e]0;\u@\h: \w\a\]${debian_chroot:+($debian_chroot)}\[\033[01;32m\]\u@\h\[\033[00m\]:\[\033[01;34m\]\w\[\033[00m\]\$ VIRTUAL_ENV_PROMPT=(thingsbro) /usr/bin/cmake --install /home/blazar/workspaces/rockytimes_ws/build/px4_msgs
[125.546s] Level 1:colcon.colcon_core.environment:create_environment_scripts_only(px4_msgs)
[125.547s] DEBUG:colcon.colcon_core.event_handler.log_command:Invoked command in '/home/blazar/workspaces/rockytimes_ws/build/px4_msgs' returned '0': CMAKE_PREFIX_PATH=${CMAKE_PREFIX_PATH}:/home/blazar/workspaces/rockytimes_ws/install/terrain_mapping_drone_control:/home/blazar/workspaces/ellie_ws/install/ellie:/home/blazar/robotics1/scara_ws/install/desco:/home/blazar/workspaces/arduinobot_ws/install/arduinobot_py_examples:/home/blazar/workspaces/cartip_ws/install/ralpoley:/home/blazar/workspaces/cartip_ws/install/cart_pole_optimal_control:/opt/ros/jazzy DEBUGINFOD_URLS=https://debuginfod.ubuntu.com PS1=(thingsbro) \[\e]0;\u@\h: \w\a\]${debian_chroot:+($debian_chroot)}\[\033[01;32m\]\u@\h\[\033[00m\]:\[\033[01;34m\]\w\[\033[00m\]\$ VIRTUAL_ENV_PROMPT=(thingsbro) /usr/bin/cmake --install /home/blazar/workspaces/rockytimes_ws/build/px4_msgs
[125.548s] Level 1:colcon.colcon_core.environment:checking '/home/blazar/workspaces/rockytimes_ws/install/px4_msgs' for CMake module files
[125.548s] Level 1:colcon.colcon_core.environment:checking '/home/blazar/workspaces/rockytimes_ws/install/px4_msgs' for CMake config files
[125.549s] Level 1:colcon.colcon_core.shell:create_environment_hook('px4_msgs', 'cmake_prefix_path')
[125.549s] INFO:colcon.colcon_core.shell:Creating environment hook '/home/blazar/workspaces/rockytimes_ws/install/px4_msgs/share/px4_msgs/hook/cmake_prefix_path.ps1'
[125.549s] INFO:colcon.colcon_core.shell:Creating environment descriptor '/home/blazar/workspaces/rockytimes_ws/install/px4_msgs/share/px4_msgs/hook/cmake_prefix_path.dsv'
[125.550s] INFO:colcon.colcon_core.shell:Creating environment hook '/home/blazar/workspaces/rockytimes_ws/install/px4_msgs/share/px4_msgs/hook/cmake_prefix_path.sh'
[125.551s] Level 1:colcon.colcon_core.environment:checking '/home/blazar/workspaces/rockytimes_ws/install/px4_msgs/lib'
[125.551s] Level 1:colcon.colcon_core.shell:create_environment_hook('px4_msgs', 'ld_library_path_lib')
[125.551s] INFO:colcon.colcon_core.shell:Creating environment hook '/home/blazar/workspaces/rockytimes_ws/install/px4_msgs/share/px4_msgs/hook/ld_library_path_lib.ps1'
[125.551s] INFO:colcon.colcon_core.shell:Creating environment descriptor '/home/blazar/workspaces/rockytimes_ws/install/px4_msgs/share/px4_msgs/hook/ld_library_path_lib.dsv'
[125.551s] INFO:colcon.colcon_core.shell:Creating environment hook '/home/blazar/workspaces/rockytimes_ws/install/px4_msgs/share/px4_msgs/hook/ld_library_path_lib.sh'
[125.552s] Level 1:colcon.colcon_core.environment:checking '/home/blazar/workspaces/rockytimes_ws/install/px4_msgs/bin'
[125.552s] Level 1:colcon.colcon_core.environment:checking '/home/blazar/workspaces/rockytimes_ws/install/px4_msgs/lib/pkgconfig/px4_msgs.pc'
[125.552s] Level 1:colcon.colcon_core.environment:checking '/home/blazar/workspaces/rockytimes_ws/install/px4_msgs/lib/python3.12/site-packages'
[125.552s] Level 1:colcon.colcon_core.shell:create_environment_hook('px4_msgs', 'pythonpath')
[125.552s] INFO:colcon.colcon_core.shell:Creating environment hook '/home/blazar/workspaces/rockytimes_ws/install/px4_msgs/share/px4_msgs/hook/pythonpath.ps1'
[125.552s] INFO:colcon.colcon_core.shell:Creating environment descriptor '/home/blazar/workspaces/rockytimes_ws/install/px4_msgs/share/px4_msgs/hook/pythonpath.dsv'
[125.552s] INFO:colcon.colcon_core.shell:Creating environment hook '/home/blazar/workspaces/rockytimes_ws/install/px4_msgs/share/px4_msgs/hook/pythonpath.sh'
[125.553s] Level 1:colcon.colcon_core.environment:checking '/home/blazar/workspaces/rockytimes_ws/install/px4_msgs/bin'
[125.553s] INFO:colcon.colcon_core.shell:Creating package script '/home/blazar/workspaces/rockytimes_ws/install/px4_msgs/share/px4_msgs/package.ps1'
[125.553s] INFO:colcon.colcon_core.shell:Creating package descriptor '/home/blazar/workspaces/rockytimes_ws/install/px4_msgs/share/px4_msgs/package.dsv'
[125.554s] INFO:colcon.colcon_core.shell:Creating package script '/home/blazar/workspaces/rockytimes_ws/install/px4_msgs/share/px4_msgs/package.sh'
[125.554s] INFO:colcon.colcon_core.shell:Creating package script '/home/blazar/workspaces/rockytimes_ws/install/px4_msgs/share/px4_msgs/package.bash'
[125.554s] INFO:colcon.colcon_core.shell:Creating package script '/home/blazar/workspaces/rockytimes_ws/install/px4_msgs/share/px4_msgs/package.zsh'
[125.555s] Level 1:colcon.colcon_core.environment:create_file_with_runtime_dependencies(/home/blazar/workspaces/rockytimes_ws/install/px4_msgs/share/colcon-core/packages/px4_msgs)
[125.555s] Level 1:colcon.colcon_core.environment:create_environment_scripts_only(px4_msgs)
[125.555s] Level 1:colcon.colcon_core.environment:checking '/home/blazar/workspaces/rockytimes_ws/install/px4_msgs' for CMake module files
[125.555s] Level 1:colcon.colcon_core.environment:checking '/home/blazar/workspaces/rockytimes_ws/install/px4_msgs' for CMake config files
[125.556s] Level 1:colcon.colcon_core.shell:create_environment_hook('px4_msgs', 'cmake_prefix_path')
[125.556s] INFO:colcon.colcon_core.shell:Creating environment hook '/home/blazar/workspaces/rockytimes_ws/install/px4_msgs/share/px4_msgs/hook/cmake_prefix_path.ps1'
[125.556s] INFO:colcon.colcon_core.shell:Creating environment descriptor '/home/blazar/workspaces/rockytimes_ws/install/px4_msgs/share/px4_msgs/hook/cmake_prefix_path.dsv'
[125.556s] INFO:colcon.colcon_core.shell:Creating environment hook '/home/blazar/workspaces/rockytimes_ws/install/px4_msgs/share/px4_msgs/hook/cmake_prefix_path.sh'
[125.557s] Level 1:colcon.colcon_core.environment:checking '/home/blazar/workspaces/rockytimes_ws/install/px4_msgs/lib'
[125.557s] Level 1:colcon.colcon_core.shell:create_environment_hook('px4_msgs', 'ld_library_path_lib')
[125.557s] INFO:colcon.colcon_core.shell:Creating environment hook '/home/blazar/workspaces/rockytimes_ws/install/px4_msgs/share/px4_msgs/hook/ld_library_path_lib.ps1'
[125.557s] INFO:colcon.colcon_core.shell:Creating environment descriptor '/home/blazar/workspaces/rockytimes_ws/install/px4_msgs/share/px4_msgs/hook/ld_library_path_lib.dsv'
[125.557s] INFO:colcon.colcon_core.shell:Creating environment hook '/home/blazar/workspaces/rockytimes_ws/install/px4_msgs/share/px4_msgs/hook/ld_library_path_lib.sh'
[125.558s] Level 1:colcon.colcon_core.environment:checking '/home/blazar/workspaces/rockytimes_ws/install/px4_msgs/bin'
[125.558s] Level 1:colcon.colcon_core.environment:checking '/home/blazar/workspaces/rockytimes_ws/install/px4_msgs/lib/pkgconfig/px4_msgs.pc'
[125.558s] Level 1:colcon.colcon_core.environment:checking '/home/blazar/workspaces/rockytimes_ws/install/px4_msgs/lib/python3.12/site-packages'
[125.558s] Level 1:colcon.colcon_core.shell:create_environment_hook('px4_msgs', 'pythonpath')
[125.558s] INFO:colcon.colcon_core.shell:Creating environment hook '/home/blazar/workspaces/rockytimes_ws/install/px4_msgs/share/px4_msgs/hook/pythonpath.ps1'
[125.558s] INFO:colcon.colcon_core.shell:Creating environment descriptor '/home/blazar/workspaces/rockytimes_ws/install/px4_msgs/share/px4_msgs/hook/pythonpath.dsv'
[125.558s] INFO:colcon.colcon_core.shell:Creating environment hook '/home/blazar/workspaces/rockytimes_ws/install/px4_msgs/share/px4_msgs/hook/pythonpath.sh'
[125.559s] Level 1:colcon.colcon_core.environment:checking '/home/blazar/workspaces/rockytimes_ws/install/px4_msgs/bin'
[125.559s] INFO:colcon.colcon_core.shell:Creating package script '/home/blazar/workspaces/rockytimes_ws/install/px4_msgs/share/px4_msgs/package.ps1'
[125.559s] INFO:colcon.colcon_core.shell:Creating package descriptor '/home/blazar/workspaces/rockytimes_ws/install/px4_msgs/share/px4_msgs/package.dsv'
[125.559s] INFO:colcon.colcon_core.shell:Creating package script '/home/blazar/workspaces/rockytimes_ws/install/px4_msgs/share/px4_msgs/package.sh'
[125.559s] INFO:colcon.colcon_core.shell:Creating package script '/home/blazar/workspaces/rockytimes_ws/install/px4_msgs/share/px4_msgs/package.bash'
[125.560s] INFO:colcon.colcon_core.shell:Creating package script '/home/blazar/workspaces/rockytimes_ws/install/px4_msgs/share/px4_msgs/package.zsh'
[125.560s] Level 1:colcon.colcon_core.environment:create_file_with_runtime_dependencies(/home/blazar/workspaces/rockytimes_ws/install/px4_msgs/share/colcon-core/packages/px4_msgs)
[125.560s] INFO:colcon.colcon_ros.task.ament_python.build:Building ROS package in '/home/blazar/workspaces/rockytimes_ws/src/terrain_mapping_drone_control' with build type 'ament_python'
[125.560s] Level 1:colcon.colcon_core.shell:create_environment_hook('terrain_mapping_drone_control', 'ament_prefix_path')
[125.560s] INFO:colcon.colcon_core.shell:Creating environment hook '/home/blazar/workspaces/rockytimes_ws/install/terrain_mapping_drone_control/share/terrain_mapping_drone_control/hook/ament_prefix_path.ps1'
[125.561s] INFO:colcon.colcon_core.shell:Creating environment descriptor '/home/blazar/workspaces/rockytimes_ws/install/terrain_mapping_drone_control/share/terrain_mapping_drone_control/hook/ament_prefix_path.dsv'
[125.561s] INFO:colcon.colcon_core.shell:Creating environment hook '/home/blazar/workspaces/rockytimes_ws/install/terrain_mapping_drone_control/share/terrain_mapping_drone_control/hook/ament_prefix_path.sh'
[125.561s] INFO:colcon.colcon_core.shell:Skip shell extension 'powershell' for command environment: Not usable outside of PowerShell
[125.561s] DEBUG:colcon.colcon_core.shell:Skip shell extension 'dsv' for command environment
[125.711s] INFO:colcon.colcon_core.task.python.build:Building Python package in '/home/blazar/workspaces/rockytimes_ws/src/terrain_mapping_drone_control'
[125.712s] INFO:colcon.colcon_core.shell:Skip shell extension 'powershell' for command environment: Not usable outside of PowerShell
[125.712s] DEBUG:colcon.colcon_core.shell:Skip shell extension 'dsv' for command environment
[126.225s] DEBUG:colcon.colcon_core.event_handler.log_command:Invoking command in '/home/blazar/workspaces/rockytimes_ws/src/terrain_mapping_drone_control': AMENT_PREFIX_PATH=/home/blazar/workspaces/rockytimes_ws/install/px4_msgs:${AMENT_PREFIX_PATH} CMAKE_PREFIX_PATH=/home/blazar/workspaces/rockytimes_ws/install/px4_msgs:${CMAKE_PREFIX_PATH} DEBUGINFOD_URLS=https://debuginfod.ubuntu.com LD_LIBRARY_PATH=/home/blazar/workspaces/rockytimes_ws/install/px4_msgs/lib:${LD_LIBRARY_PATH} PS1=(thingsbro) \[\e]0;\u@\h: \w\a\]${debian_chroot:+($debian_chroot)}\[\033[01;32m\]\u@\h\[\033[00m\]:\[\033[01;34m\]\w\[\033[00m\]\$ PYTHONPATH=/home/blazar/workspaces/rockytimes_ws/build/terrain_mapping_drone_control/prefix_override:/usr/lib/python3/dist-packages/colcon_core/task/python/colcon_distutils_commands:/home/blazar/workspaces/rockytimes_ws/install/terrain_mapping_drone_control/lib/python3.12/site-packages:/home/blazar/workspaces/rockytimes_ws/install/px4_msgs/lib/python3.12/site-packages:${PYTHONPATH} VIRTUAL_ENV_PROMPT=(thingsbro) /usr/bin/python3 -W ignore:setup.py install is deprecated -W ignore:easy_install command is deprecated setup.py egg_info --egg-base ../../build/terrain_mapping_drone_control build --build-base /home/blazar/workspaces/rockytimes_ws/build/terrain_mapping_drone_control/build install --record /home/blazar/workspaces/rockytimes_ws/build/terrain_mapping_drone_control/install.log --single-version-externally-managed install_data
[126.585s] Level 1:colcon.colcon_core.environment:checking '/home/blazar/workspaces/rockytimes_ws/install/terrain_mapping_drone_control' for CMake module files
[126.585s] DEBUG:colcon.colcon_core.event_handler.log_command:Invoked command in '/home/blazar/workspaces/rockytimes_ws/src/terrain_mapping_drone_control' returned '0': AMENT_PREFIX_PATH=/home/blazar/workspaces/rockytimes_ws/install/px4_msgs:${AMENT_PREFIX_PATH} CMAKE_PREFIX_PATH=/home/blazar/workspaces/rockytimes_ws/install/px4_msgs:${CMAKE_PREFIX_PATH} DEBUGINFOD_URLS=https://debuginfod.ubuntu.com LD_LIBRARY_PATH=/home/blazar/workspaces/rockytimes_ws/install/px4_msgs/lib:${LD_LIBRARY_PATH} PS1=(thingsbro) \[\e]0;\u@\h: \w\a\]${debian_chroot:+($debian_chroot)}\[\033[01;32m\]\u@\h\[\033[00m\]:\[\033[01;34m\]\w\[\033[00m\]\$ PYTHONPATH=/home/blazar/workspaces/rockytimes_ws/build/terrain_mapping_drone_control/prefix_override:/usr/lib/python3/dist-packages/colcon_core/task/python/colcon_distutils_commands:/home/blazar/workspaces/rockytimes_ws/install/terrain_mapping_drone_control/lib/python3.12/site-packages:/home/blazar/workspaces/rockytimes_ws/install/px4_msgs/lib/python3.12/site-packages:${PYTHONPATH} VIRTUAL_ENV_PROMPT=(thingsbro) /usr/bin/python3 -W ignore:setup.py install is deprecated -W ignore:easy_install command is deprecated setup.py egg_info --egg-base ../../build/terrain_mapping_drone_control build --build-base /home/blazar/workspaces/rockytimes_ws/build/terrain_mapping_drone_control/build install --record /home/blazar/workspaces/rockytimes_ws/build/terrain_mapping_drone_control/install.log --single-version-externally-managed install_data
[126.586s] Level 1:colcon.colcon_core.environment:checking '/home/blazar/workspaces/rockytimes_ws/install/terrain_mapping_drone_control' for CMake config files
[126.586s] Level 1:colcon.colcon_core.environment:checking '/home/blazar/workspaces/rockytimes_ws/install/terrain_mapping_drone_control/lib'
[126.587s] Level 1:colcon.colcon_core.environment:checking '/home/blazar/workspaces/rockytimes_ws/install/terrain_mapping_drone_control/libexec'
[126.587s] Level 1:colcon.colcon_core.environment:checking '/home/blazar/workspaces/rockytimes_ws/install/terrain_mapping_drone_control/bin'
[126.587s] Level 1:colcon.colcon_core.shell:create_environment_hook('terrain_mapping_drone_control', 'path')
[126.587s] INFO:colcon.colcon_core.shell:Creating environment hook '/home/blazar/workspaces/rockytimes_ws/install/terrain_mapping_drone_control/share/terrain_mapping_drone_control/hook/path.ps1'
[126.587s] INFO:colcon.colcon_core.shell:Creating environment descriptor '/home/blazar/workspaces/rockytimes_ws/install/terrain_mapping_drone_control/share/terrain_mapping_drone_control/hook/path.dsv'
[126.587s] INFO:colcon.colcon_core.shell:Creating environment hook '/home/blazar/workspaces/rockytimes_ws/install/terrain_mapping_drone_control/share/terrain_mapping_drone_control/hook/path.sh'
[126.588s] Level 1:colcon.colcon_core.environment:checking '/home/blazar/workspaces/rockytimes_ws/install/terrain_mapping_drone_control/lib/pkgconfig/terrain_mapping_drone_control.pc'
[126.588s] Level 1:colcon.colcon_core.environment:checking '/home/blazar/workspaces/rockytimes_ws/install/terrain_mapping_drone_control/lib/python3.12/site-packages'
[126.588s] Level 1:colcon.colcon_core.shell:create_environment_hook('terrain_mapping_drone_control', 'pythonpath')
[126.588s] INFO:colcon.colcon_core.shell:Creating environment hook '/home/blazar/workspaces/rockytimes_ws/install/terrain_mapping_drone_control/share/terrain_mapping_drone_control/hook/pythonpath.ps1'
[126.588s] INFO:colcon.colcon_core.shell:Creating environment descriptor '/home/blazar/workspaces/rockytimes_ws/install/terrain_mapping_drone_control/share/terrain_mapping_drone_control/hook/pythonpath.dsv'
[126.589s] INFO:colcon.colcon_core.shell:Creating environment hook '/home/blazar/workspaces/rockytimes_ws/install/terrain_mapping_drone_control/share/terrain_mapping_drone_control/hook/pythonpath.sh'
[126.589s] Level 1:colcon.colcon_core.environment:checking '/home/blazar/workspaces/rockytimes_ws/install/terrain_mapping_drone_control/bin'
[126.589s] Level 1:colcon.colcon_core.shell:create_environment_hook('terrain_mapping_drone_control', 'pythonscriptspath')
[126.589s] INFO:colcon.colcon_core.shell:Creating environment hook '/home/blazar/workspaces/rockytimes_ws/install/terrain_mapping_drone_control/share/terrain_mapping_drone_control/hook/pythonscriptspath.ps1'
[126.589s] INFO:colcon.colcon_core.shell:Creating environment descriptor '/home/blazar/workspaces/rockytimes_ws/install/terrain_mapping_drone_control/share/terrain_mapping_drone_control/hook/pythonscriptspath.dsv'
[126.590s] INFO:colcon.colcon_core.shell:Creating environment hook '/home/blazar/workspaces/rockytimes_ws/install/terrain_mapping_drone_control/share/terrain_mapping_drone_control/hook/pythonscriptspath.sh'
[126.590s] Level 1:colcon.colcon_core.environment:create_environment_scripts_only(terrain_mapping_drone_control)
[126.590s] INFO:colcon.colcon_core.shell:Creating package script '/home/blazar/workspaces/rockytimes_ws/install/terrain_mapping_drone_control/share/terrain_mapping_drone_control/package.ps1'
[126.590s] INFO:colcon.colcon_core.shell:Creating package descriptor '/home/blazar/workspaces/rockytimes_ws/install/terrain_mapping_drone_control/share/terrain_mapping_drone_control/package.dsv'
[126.591s] INFO:colcon.colcon_core.shell:Creating package script '/home/blazar/workspaces/rockytimes_ws/install/terrain_mapping_drone_control/share/terrain_mapping_drone_control/package.sh'
[126.591s] INFO:colcon.colcon_core.shell:Creating package script '/home/blazar/workspaces/rockytimes_ws/install/terrain_mapping_drone_control/share/terrain_mapping_drone_control/package.bash'
[126.591s] INFO:colcon.colcon_core.shell:Creating package script '/home/blazar/workspaces/rockytimes_ws/install/terrain_mapping_drone_control/share/terrain_mapping_drone_control/package.zsh'
[126.591s] Level 1:colcon.colcon_core.environment:create_file_with_runtime_dependencies(/home/blazar/workspaces/rockytimes_ws/install/terrain_mapping_drone_control/share/colcon-core/packages/terrain_mapping_drone_control)
[126.592s] DEBUG:colcon.colcon_parallel_executor.executor.parallel:closing loop
[126.592s] DEBUG:colcon.colcon_parallel_executor.executor.parallel:loop closed
[126.592s] DEBUG:colcon.colcon_parallel_executor.executor.parallel:run_until_complete finished with '0'
[126.592s] DEBUG:colcon.colcon_core.event_reactor:joining thread
[126.596s] INFO:colcon.colcon_core.plugin_system:Skipping extension 'colcon_notification.desktop_notification.terminal_notifier': Not used on non-Darwin systems
[126.596s] INFO:colcon.colcon_core.plugin_system:Skipping extension 'colcon_notification.desktop_notification.win32': Not used on non-Windows systems
[126.596s] INFO:colcon.colcon_notification.desktop_notification:Sending desktop notification using 'notify2'
[126.606s] DEBUG:colcon.colcon_core.event_reactor:joined thread
[126.606s] INFO:colcon.colcon_core.shell:Creating prefix script '/home/blazar/workspaces/rockytimes_ws/install/local_setup.ps1'
[126.607s] INFO:colcon.colcon_core.shell:Creating prefix util module '/home/blazar/workspaces/rockytimes_ws/install/_local_setup_util_ps1.py'
[126.608s] INFO:colcon.colcon_core.shell:Creating prefix chain script '/home/blazar/workspaces/rockytimes_ws/install/setup.ps1'
[126.609s] INFO:colcon.colcon_core.shell:Creating prefix script '/home/blazar/workspaces/rockytimes_ws/install/local_setup.sh'
[126.609s] INFO:colcon.colcon_core.shell:Creating prefix util module '/home/blazar/workspaces/rockytimes_ws/install/_local_setup_util_sh.py'
[126.609s] INFO:colcon.colcon_core.shell:Creating prefix chain script '/home/blazar/workspaces/rockytimes_ws/install/setup.sh'
[126.611s] INFO:colcon.colcon_core.shell:Creating prefix script '/home/blazar/workspaces/rockytimes_ws/install/local_setup.bash'
[126.611s] INFO:colcon.colcon_core.shell:Creating prefix chain script '/home/blazar/workspaces/rockytimes_ws/install/setup.bash'
[126.612s] INFO:colcon.colcon_core.shell:Creating prefix script '/home/blazar/workspaces/rockytimes_ws/install/local_setup.zsh'
[126.612s] INFO:colcon.colcon_core.shell:Creating prefix chain script '/home/blazar/workspaces/rockytimes_ws/install/setup.zsh'
