[0.283s] DEBUG:colcon:Command line arguments: ['/home/blazar/.local/bin/colcon', 'build']
[0.283s] DEBUG:colcon:Parsed command line arguments: Namespace(log_base=None, log_level=None, verb_name='build', build_base='build', install_base='install', merge_install=False, symlink_install=False, test_result_base=None, continue_on_error=False, executor='parallel', parallel_workers=16, event_handlers=None, ignore_user_meta=False, metas=['./colcon.meta'], base_paths=['.'], packages_ignore=None, packages_ignore_regex=None, paths=None, packages_up_to=None, packages_up_to_regex=None, packages_above=None, packages_above_and_dependencies=None, packages_above_depth=None, packages_select_by_dep=None, packages_skip_by_dep=None, packages_skip_up_to=None, packages_select_build_failed=False, packages_skip_build_finished=False, packages_select_test_failures=False, packages_skip_test_passed=False, packages_select=None, packages_skip=None, packages_select_regex=None, packages_skip_regex=None, packages_start=None, packages_end=None, cmake_args=None, cmake_target=None, cmake_target_skip_unavailable=False, cmake_clean_cache=False, cmake_clean_first=False, cmake_force_configure=False, ament_cmake_args=None, catkin_cmake_args=None, catkin_skip_building_tests=False, verb_parser=<colcon_defaults.argument_parser.defaults.DefaultArgumentsDecorator object at 0x75166c0e94b0>, verb_extension=<colcon_core.verb.build.BuildVerb object at 0x75166c0e9030>, main=<bound method BuildVerb.main of <colcon_core.verb.build.BuildVerb object at 0x75166c0e9030>>)
[0.592s] Level 1:colcon.colcon_core.package_discovery:discover_packages(colcon_meta) check parameters
[0.593s] Level 1:colcon.colcon_core.package_discovery:discover_packages(recursive) check parameters
[0.593s] Level 1:colcon.colcon_core.package_discovery:discover_packages(ignore) check parameters
[0.593s] Level 1:colcon.colcon_core.package_discovery:discover_packages(path) check parameters
[0.593s] Level 1:colcon.colcon_core.package_discovery:discover_packages(colcon_meta) discover
[0.593s] Level 1:colcon.colcon_core.package_discovery:discover_packages(recursive) discover
[0.593s] INFO:colcon.colcon_core.package_discovery:Crawling recursively for packages in '/home/blazar/lawny_ws'
[0.593s] Level 1:colcon.colcon_core.package_identification:_identify(.) by extensions ['ignore', 'ignore_ament_install']
[0.594s] Level 1:colcon.colcon_core.package_identification:_identify(.) by extension 'ignore'
[0.594s] Level 1:colcon.colcon_core.package_identification:_identify(.) by extension 'ignore_ament_install'
[0.594s] Level 1:colcon.colcon_core.package_identification:_identify(.) by extensions ['colcon_pkg']
[0.594s] Level 1:colcon.colcon_core.package_identification:_identify(.) by extension 'colcon_pkg'
[0.594s] Level 1:colcon.colcon_core.package_identification:_identify(.) by extensions ['colcon_meta']
[0.594s] Level 1:colcon.colcon_core.package_identification:_identify(.) by extension 'colcon_meta'
[0.594s] Level 1:colcon.colcon_core.package_identification:_identify(.) by extensions ['ros']
[0.595s] Level 1:colcon.colcon_core.package_identification:_identify(.) by extension 'ros'
[0.619s] Level 1:colcon.colcon_core.package_identification:_identify(.) by extensions ['cmake', 'python']
[0.619s] Level 1:colcon.colcon_core.package_identification:_identify(.) by extension 'cmake'
[0.619s] Level 1:colcon.colcon_core.package_identification:_identify(.) by extension 'python'
[0.620s] Level 1:colcon.colcon_core.package_identification:_identify(.) by extensions ['python_setup_py']
[0.620s] Level 1:colcon.colcon_core.package_identification:_identify(.) by extension 'python_setup_py'
[0.620s] Level 1:colcon.colcon_core.package_identification:_identify(build) by extensions ['ignore', 'ignore_ament_install']
[0.620s] Level 1:colcon.colcon_core.package_identification:_identify(build) by extension 'ignore'
[0.620s] Level 1:colcon.colcon_core.package_identification:_identify(build) ignored
[0.621s] Level 1:colcon.colcon_core.package_identification:_identify(install) by extensions ['ignore', 'ignore_ament_install']
[0.621s] Level 1:colcon.colcon_core.package_identification:_identify(install) by extension 'ignore'
[0.621s] Level 1:colcon.colcon_core.package_identification:_identify(install) ignored
[0.621s] Level 1:colcon.colcon_core.package_identification:_identify(log) by extensions ['ignore', 'ignore_ament_install']
[0.622s] Level 1:colcon.colcon_core.package_identification:_identify(log) by extension 'ignore'
[0.622s] Level 1:colcon.colcon_core.package_identification:_identify(log) ignored
[0.622s] Level 1:colcon.colcon_core.package_identification:_identify(src) by extensions ['ignore', 'ignore_ament_install']
[0.622s] Level 1:colcon.colcon_core.package_identification:_identify(src) by extension 'ignore'
[0.622s] Level 1:colcon.colcon_core.package_identification:_identify(src) by extension 'ignore_ament_install'
[0.622s] Level 1:colcon.colcon_core.package_identification:_identify(src) by extensions ['colcon_pkg']
[0.623s] Level 1:colcon.colcon_core.package_identification:_identify(src) by extension 'colcon_pkg'
[0.623s] Level 1:colcon.colcon_core.package_identification:_identify(src) by extensions ['colcon_meta']
[0.623s] Level 1:colcon.colcon_core.package_identification:_identify(src) by extension 'colcon_meta'
[0.623s] Level 1:colcon.colcon_core.package_identification:_identify(src) by extensions ['ros']
[0.623s] Level 1:colcon.colcon_core.package_identification:_identify(src) by extension 'ros'
[0.623s] Level 1:colcon.colcon_core.package_identification:_identify(src) by extensions ['cmake', 'python']
[0.623s] Level 1:colcon.colcon_core.package_identification:_identify(src) by extension 'cmake'
[0.623s] Level 1:colcon.colcon_core.package_identification:_identify(src) by extension 'python'
[0.623s] Level 1:colcon.colcon_core.package_identification:_identify(src) by extensions ['python_setup_py']
[0.624s] Level 1:colcon.colcon_core.package_identification:_identify(src) by extension 'python_setup_py'
[0.624s] Level 1:colcon.colcon_core.package_identification:_identify(src/control) by extensions ['ignore', 'ignore_ament_install']
[0.624s] Level 1:colcon.colcon_core.package_identification:_identify(src/control) by extension 'ignore'
[0.624s] Level 1:colcon.colcon_core.package_identification:_identify(src/control) by extension 'ignore_ament_install'
[0.624s] Level 1:colcon.colcon_core.package_identification:_identify(src/control) by extensions ['colcon_pkg']
[0.624s] Level 1:colcon.colcon_core.package_identification:_identify(src/control) by extension 'colcon_pkg'
[0.624s] Level 1:colcon.colcon_core.package_identification:_identify(src/control) by extensions ['colcon_meta']
[0.625s] Level 1:colcon.colcon_core.package_identification:_identify(src/control) by extension 'colcon_meta'
[0.625s] Level 1:colcon.colcon_core.package_identification:_identify(src/control) by extensions ['ros']
[0.625s] Level 1:colcon.colcon_core.package_identification:_identify(src/control) by extension 'ros'
[0.630s] DEBUG:colcon.colcon_core.package_identification:Package 'src/control' with type 'ros.ament_cmake' and name 'control'
[0.630s] Level 1:colcon.colcon_core.package_discovery:discover_packages(recursive) using defaults
[0.630s] Level 1:colcon.colcon_core.package_discovery:discover_packages(ignore) discover
[0.630s] Level 1:colcon.colcon_core.package_discovery:discover_packages(ignore) using defaults
[0.630s] Level 1:colcon.colcon_core.package_discovery:discover_packages(path) discover
[0.630s] Level 1:colcon.colcon_core.package_discovery:discover_packages(path) using defaults
[0.675s] Level 5:colcon.colcon_core.verb:set package 'control' build argument 'cmake_args' from command line to 'None'
[0.675s] Level 5:colcon.colcon_core.verb:set package 'control' build argument 'cmake_target' from command line to 'None'
[0.675s] Level 5:colcon.colcon_core.verb:set package 'control' build argument 'cmake_target_skip_unavailable' from command line to 'False'
[0.675s] Level 5:colcon.colcon_core.verb:set package 'control' build argument 'cmake_clean_cache' from command line to 'False'
[0.675s] Level 5:colcon.colcon_core.verb:set package 'control' build argument 'cmake_clean_first' from command line to 'False'
[0.675s] Level 5:colcon.colcon_core.verb:set package 'control' build argument 'cmake_force_configure' from command line to 'False'
[0.675s] Level 5:colcon.colcon_core.verb:set package 'control' build argument 'ament_cmake_args' from command line to 'None'
[0.675s] Level 5:colcon.colcon_core.verb:set package 'control' build argument 'catkin_cmake_args' from command line to 'None'
[0.675s] Level 5:colcon.colcon_core.verb:set package 'control' build argument 'catkin_skip_building_tests' from command line to 'False'
[0.675s] DEBUG:colcon.colcon_core.verb:Building package 'control' with the following arguments: {'ament_cmake_args': None, 'build_base': '/home/blazar/lawny_ws/build/control', 'catkin_cmake_args': None, 'catkin_skip_building_tests': False, 'cmake_args': None, 'cmake_clean_cache': False, 'cmake_clean_first': False, 'cmake_force_configure': False, 'cmake_target': None, 'cmake_target_skip_unavailable': False, 'install_base': '/home/blazar/lawny_ws/install/control', 'merge_install': False, 'path': '/home/blazar/lawny_ws/src/control', 'symlink_install': False, 'test_result_base': None}
[0.676s] INFO:colcon.colcon_core.executor:Executing jobs using 'parallel' executor
[0.679s] DEBUG:colcon.colcon_parallel_executor.executor.parallel:run_until_complete
[0.679s] INFO:colcon.colcon_ros.task.ament_cmake.build:Building ROS package in '/home/blazar/lawny_ws/src/control' with build type 'ament_cmake'
[0.680s] INFO:colcon.colcon_cmake.task.cmake.build:Building CMake package in '/home/blazar/lawny_ws/src/control'
[0.684s] INFO:colcon.colcon_core.plugin_system:Skipping extension 'colcon_core.shell.bat': Not used on non-Windows systems
[0.685s] INFO:colcon.colcon_core.shell:Skip shell extension 'powershell' for command environment: Not usable outside of PowerShell
[0.685s] DEBUG:colcon.colcon_core.shell:Skip shell extension 'dsv' for command environment
[0.710s] DEBUG:colcon.colcon_core.event_handler.log_command:Invoking command in '/home/blazar/lawny_ws/build/control': CMAKE_PREFIX_PATH=${CMAKE_PREFIX_PATH}:/home/blazar/lawny_ws/install/first_order_boustrophedon_navigator:/opt/ros/humble /usr/bin/cmake --build /home/blazar/lawny_ws/build/control -- -j16 -l16
[6.768s] DEBUG:colcon.colcon_core.event_handler.log_command:Invoked command in '/home/blazar/lawny_ws/build/control' returned '0': CMAKE_PREFIX_PATH=${CMAKE_PREFIX_PATH}:/home/blazar/lawny_ws/install/first_order_boustrophedon_navigator:/opt/ros/humble /usr/bin/cmake --build /home/blazar/lawny_ws/build/control -- -j16 -l16
[6.792s] DEBUG:colcon.colcon_core.event_handler.log_command:Invoking command in '/home/blazar/lawny_ws/build/control': CMAKE_PREFIX_PATH=${CMAKE_PREFIX_PATH}:/home/blazar/lawny_ws/install/first_order_boustrophedon_navigator:/opt/ros/humble /usr/bin/cmake --install /home/blazar/lawny_ws/build/control
[6.951s] Level 1:colcon.colcon_core.environment:create_environment_scripts_only(control)
[6.952s] DEBUG:colcon.colcon_core.event_handler.log_command:Invoked command in '/home/blazar/lawny_ws/build/control' returned '0': CMAKE_PREFIX_PATH=${CMAKE_PREFIX_PATH}:/home/blazar/lawny_ws/install/first_order_boustrophedon_navigator:/opt/ros/humble /usr/bin/cmake --install /home/blazar/lawny_ws/build/control
[6.957s] Level 1:colcon.colcon_core.environment:checking '/home/blazar/lawny_ws/install/control' for CMake module files
[6.958s] Level 1:colcon.colcon_core.environment:checking '/home/blazar/lawny_ws/install/control' for CMake config files
[6.959s] Level 1:colcon.colcon_core.shell:create_environment_hook('control', 'cmake_prefix_path')
[6.960s] INFO:colcon.colcon_core.shell:Creating environment hook '/home/blazar/lawny_ws/install/control/share/control/hook/cmake_prefix_path.ps1'
[6.961s] INFO:colcon.colcon_core.shell:Creating environment descriptor '/home/blazar/lawny_ws/install/control/share/control/hook/cmake_prefix_path.dsv'
[6.962s] INFO:colcon.colcon_core.shell:Creating environment hook '/home/blazar/lawny_ws/install/control/share/control/hook/cmake_prefix_path.sh'
[6.964s] Level 1:colcon.colcon_core.environment:checking '/home/blazar/lawny_ws/install/control/lib'
[6.965s] Level 1:colcon.colcon_core.shell:create_environment_hook('control', 'ld_library_path_lib')
[6.965s] INFO:colcon.colcon_core.shell:Creating environment hook '/home/blazar/lawny_ws/install/control/share/control/hook/ld_library_path_lib.ps1'
[6.966s] INFO:colcon.colcon_core.shell:Creating environment descriptor '/home/blazar/lawny_ws/install/control/share/control/hook/ld_library_path_lib.dsv'
[6.967s] INFO:colcon.colcon_core.shell:Creating environment hook '/home/blazar/lawny_ws/install/control/share/control/hook/ld_library_path_lib.sh'
[6.968s] Level 1:colcon.colcon_core.environment:checking '/home/blazar/lawny_ws/install/control/bin'
[6.968s] Level 1:colcon.colcon_core.environment:checking '/home/blazar/lawny_ws/install/control/lib/pkgconfig/control.pc'
[6.972s] Level 1:colcon.colcon_core.environment:checking '/home/blazar/lawny_ws/install/control/lib/python3.10/site-packages'
[6.973s] Level 1:colcon.colcon_core.environment:checking '/home/blazar/lawny_ws/install/control/bin'
[6.973s] INFO:colcon.colcon_core.shell:Creating package script '/home/blazar/lawny_ws/install/control/share/control/package.ps1'
[6.975s] INFO:colcon.colcon_core.shell:Creating package descriptor '/home/blazar/lawny_ws/install/control/share/control/package.dsv'
[6.977s] INFO:colcon.colcon_core.shell:Creating package script '/home/blazar/lawny_ws/install/control/share/control/package.sh'
[6.978s] INFO:colcon.colcon_core.shell:Creating package script '/home/blazar/lawny_ws/install/control/share/control/package.bash'
[6.980s] INFO:colcon.colcon_core.shell:Creating package script '/home/blazar/lawny_ws/install/control/share/control/package.zsh'
[6.981s] Level 1:colcon.colcon_core.environment:create_file_with_runtime_dependencies(/home/blazar/lawny_ws/install/control/share/colcon-core/packages/control)
[6.983s] Level 1:colcon.colcon_core.environment:create_environment_scripts_only(control)
[6.983s] Level 1:colcon.colcon_core.environment:checking '/home/blazar/lawny_ws/install/control' for CMake module files
[6.985s] Level 1:colcon.colcon_core.environment:checking '/home/blazar/lawny_ws/install/control' for CMake config files
[6.986s] Level 1:colcon.colcon_core.shell:create_environment_hook('control', 'cmake_prefix_path')
[6.986s] INFO:colcon.colcon_core.shell:Creating environment hook '/home/blazar/lawny_ws/install/control/share/control/hook/cmake_prefix_path.ps1'
[6.987s] INFO:colcon.colcon_core.shell:Creating environment descriptor '/home/blazar/lawny_ws/install/control/share/control/hook/cmake_prefix_path.dsv'
[6.988s] INFO:colcon.colcon_core.shell:Creating environment hook '/home/blazar/lawny_ws/install/control/share/control/hook/cmake_prefix_path.sh'
[6.989s] Level 1:colcon.colcon_core.environment:checking '/home/blazar/lawny_ws/install/control/lib'
[6.990s] Level 1:colcon.colcon_core.shell:create_environment_hook('control', 'ld_library_path_lib')
[6.990s] INFO:colcon.colcon_core.shell:Creating environment hook '/home/blazar/lawny_ws/install/control/share/control/hook/ld_library_path_lib.ps1'
[6.991s] INFO:colcon.colcon_core.shell:Creating environment descriptor '/home/blazar/lawny_ws/install/control/share/control/hook/ld_library_path_lib.dsv'
[6.992s] INFO:colcon.colcon_core.shell:Creating environment hook '/home/blazar/lawny_ws/install/control/share/control/hook/ld_library_path_lib.sh'
[6.993s] Level 1:colcon.colcon_core.environment:checking '/home/blazar/lawny_ws/install/control/bin'
[6.993s] Level 1:colcon.colcon_core.environment:checking '/home/blazar/lawny_ws/install/control/lib/pkgconfig/control.pc'
[6.994s] Level 1:colcon.colcon_core.environment:checking '/home/blazar/lawny_ws/install/control/lib/python3.10/site-packages'
[6.994s] Level 1:colcon.colcon_core.environment:checking '/home/blazar/lawny_ws/install/control/bin'
[6.995s] INFO:colcon.colcon_core.shell:Creating package script '/home/blazar/lawny_ws/install/control/share/control/package.ps1'
[6.996s] INFO:colcon.colcon_core.shell:Creating package descriptor '/home/blazar/lawny_ws/install/control/share/control/package.dsv'
[6.998s] INFO:colcon.colcon_core.shell:Creating package script '/home/blazar/lawny_ws/install/control/share/control/package.sh'
[6.999s] INFO:colcon.colcon_core.shell:Creating package script '/home/blazar/lawny_ws/install/control/share/control/package.bash'
[7.000s] INFO:colcon.colcon_core.shell:Creating package script '/home/blazar/lawny_ws/install/control/share/control/package.zsh'
[7.001s] Level 1:colcon.colcon_core.environment:create_file_with_runtime_dependencies(/home/blazar/lawny_ws/install/control/share/colcon-core/packages/control)
[7.002s] DEBUG:colcon.colcon_parallel_executor.executor.parallel:closing loop
[7.003s] DEBUG:colcon.colcon_parallel_executor.executor.parallel:loop closed
[7.003s] DEBUG:colcon.colcon_parallel_executor.executor.parallel:run_until_complete finished with '0'
[7.003s] DEBUG:colcon.colcon_core.event_reactor:joining thread
[7.014s] INFO:colcon.colcon_core.plugin_system:Skipping extension 'colcon_notification.desktop_notification.terminal_notifier': Not used on non-Darwin systems
[7.015s] INFO:colcon.colcon_core.plugin_system:Skipping extension 'colcon_notification.desktop_notification.win32': Not used on non-Windows systems
[7.015s] INFO:colcon.colcon_notification.desktop_notification:Sending desktop notification using 'notify2'
[7.046s] DEBUG:colcon.colcon_core.event_reactor:joined thread
[7.047s] INFO:colcon.colcon_core.shell:Creating prefix script '/home/blazar/lawny_ws/install/local_setup.ps1'
[7.049s] INFO:colcon.colcon_core.shell:Creating prefix util module '/home/blazar/lawny_ws/install/_local_setup_util_ps1.py'
[7.052s] INFO:colcon.colcon_core.shell:Creating prefix chain script '/home/blazar/lawny_ws/install/setup.ps1'
[7.054s] INFO:colcon.colcon_core.shell:Creating prefix script '/home/blazar/lawny_ws/install/local_setup.sh'
[7.056s] INFO:colcon.colcon_core.shell:Creating prefix util module '/home/blazar/lawny_ws/install/_local_setup_util_sh.py'
[7.057s] INFO:colcon.colcon_core.shell:Creating prefix chain script '/home/blazar/lawny_ws/install/setup.sh'
[7.060s] INFO:colcon.colcon_core.shell:Creating prefix script '/home/blazar/lawny_ws/install/local_setup.bash'
[7.061s] INFO:colcon.colcon_core.shell:Creating prefix chain script '/home/blazar/lawny_ws/install/setup.bash'
[7.063s] INFO:colcon.colcon_core.shell:Creating prefix script '/home/blazar/lawny_ws/install/local_setup.zsh'
[7.064s] INFO:colcon.colcon_core.shell:Creating prefix chain script '/home/blazar/lawny_ws/install/setup.zsh'
