[0.418s] Invoking command in '/home/blazar/workspaces/rockytimes_ws/build/terrain_mapping_drone_control': DEBUGINFOD_URLS=https://debuginfod.ubuntu.com PS1=(thingsbro) \[\e]0;\u@\h: \w\a\]${debian_chroot:+($debian_chroot)}\[\033[01;32m\]\u@\h\[\033[00m\]:\[\033[01;34m\]\w\[\033[00m\]\$ PYTHONPATH=/home/blazar/workspaces/rockytimes_ws/build/terrain_mapping_drone_control/prefix_override:/usr/lib/python3/dist-packages/colcon_core/task/python/colcon_distutils_commands:/home/blazar/workspaces/rockytimes_ws/install/terrain_mapping_drone_control/lib/python3.12/site-packages:${PYTHONPATH} VIRTUAL_ENV_PROMPT=(thingsbro) /usr/bin/python3 -W ignore:setup.py install is deprecated -W ignore:easy_install command is deprecated setup.py develop --uninstall --editable --build-directory /home/blazar/workspaces/rockytimes_ws/build/terrain_mapping_drone_control/build
[0.580s] running develop
[0.680s] Removing /home/blazar/workspaces/rockytimes_ws/install/terrain_mapping_drone_control/lib/python3.12/site-packages/terrain-mapping-drone-control.egg-link (link to .)
[0.695s] Invoked command in '/home/blazar/workspaces/rockytimes_ws/build/terrain_mapping_drone_control' returned '0': DEBUGINFOD_URLS=https://debuginfod.ubuntu.com PS1=(thingsbro) \[\e]0;\u@\h: \w\a\]${debian_chroot:+($debian_chroot)}\[\033[01;32m\]\u@\h\[\033[00m\]:\[\033[01;34m\]\w\[\033[00m\]\$ PYTHONPATH=/home/blazar/workspaces/rockytimes_ws/build/terrain_mapping_drone_control/prefix_override:/usr/lib/python3/dist-packages/colcon_core/task/python/colcon_distutils_commands:/home/blazar/workspaces/rockytimes_ws/install/terrain_mapping_drone_control/lib/python3.12/site-packages:${PYTHONPATH} VIRTUAL_ENV_PROMPT=(thingsbro) /usr/bin/python3 -W ignore:setup.py install is deprecated -W ignore:easy_install command is deprecated setup.py develop --uninstall --editable --build-directory /home/blazar/workspaces/rockytimes_ws/build/terrain_mapping_drone_control/build
[0.696s] Invoking command in '/home/blazar/workspaces/rockytimes_ws/src/terrain_mapping_drone_control': DEBUGINFOD_URLS=https://debuginfod.ubuntu.com PS1=(thingsbro) \[\e]0;\u@\h: \w\a\]${debian_chroot:+($debian_chroot)}\[\033[01;32m\]\u@\h\[\033[00m\]:\[\033[01;34m\]\w\[\033[00m\]\$ PYTHONPATH=/home/blazar/workspaces/rockytimes_ws/build/terrain_mapping_drone_control/prefix_override:/usr/lib/python3/dist-packages/colcon_core/task/python/colcon_distutils_commands:/home/blazar/workspaces/rockytimes_ws/install/terrain_mapping_drone_control/lib/python3.12/site-packages:${PYTHONPATH} VIRTUAL_ENV_PROMPT=(thingsbro) /usr/bin/python3 -W ignore:setup.py install is deprecated -W ignore:easy_install command is deprecated setup.py egg_info --egg-base ../../build/terrain_mapping_drone_control build --build-base /home/blazar/workspaces/rockytimes_ws/build/terrain_mapping_drone_control/build install --record /home/blazar/workspaces/rockytimes_ws/build/terrain_mapping_drone_control/install.log --single-version-externally-managed install_data --force
[0.834s] running egg_info
[0.843s] writing ../../build/terrain_mapping_drone_control/terrain_mapping_drone_control.egg-info/PKG-INFO
[0.843s] writing dependency_links to ../../build/terrain_mapping_drone_control/terrain_mapping_drone_control.egg-info/dependency_links.txt
[0.843s] writing entry points to ../../build/terrain_mapping_drone_control/terrain_mapping_drone_control.egg-info/entry_points.txt
[0.843s] writing requirements to ../../build/terrain_mapping_drone_control/terrain_mapping_drone_control.egg-info/requires.txt
[0.844s] writing top-level names to ../../build/terrain_mapping_drone_control/terrain_mapping_drone_control.egg-info/top_level.txt
[0.862s] reading manifest file '../../build/terrain_mapping_drone_control/terrain_mapping_drone_control.egg-info/SOURCES.txt'
[0.863s] writing manifest file '../../build/terrain_mapping_drone_control/terrain_mapping_drone_control.egg-info/SOURCES.txt'
[0.863s] running build
[0.863s] running build_py
[0.863s] copying terrain_mapping_drone_control/mission_node.py -> /home/blazar/workspaces/rockytimes_ws/build/terrain_mapping_drone_control/build/lib/terrain_mapping_drone_control
[0.863s] running install
[0.867s] running install_lib
[0.876s] creating /home/blazar/workspaces/rockytimes_ws/install/terrain_mapping_drone_control/lib/python3.12/site-packages/terrain_mapping_drone_control
[0.876s] copying /home/blazar/workspaces/rockytimes_ws/build/terrain_mapping_drone_control/build/lib/terrain_mapping_drone_control/pose_visualizer.py -> /home/blazar/workspaces/rockytimes_ws/install/terrain_mapping_drone_control/lib/python3.12/site-packages/terrain_mapping_drone_control
[0.876s] copying /home/blazar/workspaces/rockytimes_ws/build/terrain_mapping_drone_control/build/lib/terrain_mapping_drone_control/cylinder_landing_node.py -> /home/blazar/workspaces/rockytimes_ws/install/terrain_mapping_drone_control/lib/python3.12/site-packages/terrain_mapping_drone_control
[0.877s] copying /home/blazar/workspaces/rockytimes_ws/build/terrain_mapping_drone_control/build/lib/terrain_mapping_drone_control/aruco_tracker.py -> /home/blazar/workspaces/rockytimes_ws/install/terrain_mapping_drone_control/lib/python3.12/site-packages/terrain_mapping_drone_control
[0.877s] copying /home/blazar/workspaces/rockytimes_ws/build/terrain_mapping_drone_control/build/lib/terrain_mapping_drone_control/feature_tracker.py -> /home/blazar/workspaces/rockytimes_ws/install/terrain_mapping_drone_control/lib/python3.12/site-packages/terrain_mapping_drone_control
[0.877s] copying /home/blazar/workspaces/rockytimes_ws/build/terrain_mapping_drone_control/build/lib/terrain_mapping_drone_control/mission_node.py -> /home/blazar/workspaces/rockytimes_ws/install/terrain_mapping_drone_control/lib/python3.12/site-packages/terrain_mapping_drone_control
[0.877s] copying /home/blazar/workspaces/rockytimes_ws/build/terrain_mapping_drone_control/build/lib/terrain_mapping_drone_control/mission.py -> /home/blazar/workspaces/rockytimes_ws/install/terrain_mapping_drone_control/lib/python3.12/site-packages/terrain_mapping_drone_control
[0.877s] copying /home/blazar/workspaces/rockytimes_ws/build/terrain_mapping_drone_control/build/lib/terrain_mapping_drone_control/geometry_tracker.py -> /home/blazar/workspaces/rockytimes_ws/install/terrain_mapping_drone_control/lib/python3.12/site-packages/terrain_mapping_drone_control
[0.877s] copying /home/blazar/workspaces/rockytimes_ws/build/terrain_mapping_drone_control/build/lib/terrain_mapping_drone_control/__init__.py -> /home/blazar/workspaces/rockytimes_ws/install/terrain_mapping_drone_control/lib/python3.12/site-packages/terrain_mapping_drone_control
[0.877s] copying /home/blazar/workspaces/rockytimes_ws/build/terrain_mapping_drone_control/build/lib/terrain_mapping_drone_control/spiral_trajectory.py -> /home/blazar/workspaces/rockytimes_ws/install/terrain_mapping_drone_control/lib/python3.12/site-packages/terrain_mapping_drone_control
[0.877s] byte-compiling /home/blazar/workspaces/rockytimes_ws/install/terrain_mapping_drone_control/lib/python3.12/site-packages/terrain_mapping_drone_control/pose_visualizer.py to pose_visualizer.cpython-312.pyc
[0.878s] byte-compiling /home/blazar/workspaces/rockytimes_ws/install/terrain_mapping_drone_control/lib/python3.12/site-packages/terrain_mapping_drone_control/cylinder_landing_node.py to cylinder_landing_node.cpython-312.pyc
[0.879s] byte-compiling /home/blazar/workspaces/rockytimes_ws/install/terrain_mapping_drone_control/lib/python3.12/site-packages/terrain_mapping_drone_control/aruco_tracker.py to aruco_tracker.cpython-312.pyc
[0.881s] byte-compiling /home/blazar/workspaces/rockytimes_ws/install/terrain_mapping_drone_control/lib/python3.12/site-packages/terrain_mapping_drone_control/feature_tracker.py to feature_tracker.cpython-312.pyc
[0.881s] byte-compiling /home/blazar/workspaces/rockytimes_ws/install/terrain_mapping_drone_control/lib/python3.12/site-packages/terrain_mapping_drone_control/mission_node.py to mission_node.cpython-312.pyc
[0.882s] byte-compiling /home/blazar/workspaces/rockytimes_ws/install/terrain_mapping_drone_control/lib/python3.12/site-packages/terrain_mapping_drone_control/mission.py to mission.cpython-312.pyc
[0.884s] byte-compiling /home/blazar/workspaces/rockytimes_ws/install/terrain_mapping_drone_control/lib/python3.12/site-packages/terrain_mapping_drone_control/geometry_tracker.py to geometry_tracker.cpython-312.pyc
[0.884s] byte-compiling /home/blazar/workspaces/rockytimes_ws/install/terrain_mapping_drone_control/lib/python3.12/site-packages/terrain_mapping_drone_control/__init__.py to __init__.cpython-312.pyc
[0.885s] byte-compiling /home/blazar/workspaces/rockytimes_ws/install/terrain_mapping_drone_control/lib/python3.12/site-packages/terrain_mapping_drone_control/spiral_trajectory.py to spiral_trajectory.cpython-312.pyc
[0.886s] running install_data
[0.886s] copying resource/terrain_mapping_drone_control -> /home/blazar/workspaces/rockytimes_ws/install/terrain_mapping_drone_control/share/ament_index/resource_index/packages
[0.886s] copying package.xml -> /home/blazar/workspaces/rockytimes_ws/install/terrain_mapping_drone_control/share/terrain_mapping_drone_control
[0.886s] copying launch/rtabmap.launch.py -> /home/blazar/workspaces/rockytimes_ws/install/terrain_mapping_drone_control/share/terrain_mapping_drone_control/launch
[0.886s] copying launch/terrain_mapping.launch.py -> /home/blazar/workspaces/rockytimes_ws/install/terrain_mapping_drone_control/share/terrain_mapping_drone_control/launch
[0.886s] copying launch/cylinder_landing.launch.py -> /home/blazar/workspaces/rockytimes_ws/install/terrain_mapping_drone_control/share/terrain_mapping_drone_control/launch
[0.886s] copying config/Default.perspective -> /home/blazar/workspaces/rockytimes_ws/install/terrain_mapping_drone_control/share/terrain_mapping_drone_control/config
[0.886s] copying config/terrain_mapping_params.yaml -> /home/blazar/workspaces/rockytimes_ws/install/terrain_mapping_drone_control/share/terrain_mapping_drone_control/config
[0.886s] copying config/drone_viz.rviz -> /home/blazar/workspaces/rockytimes_ws/install/terrain_mapping_drone_control/share/terrain_mapping_drone_control/config
[0.886s] copying models/terrain/model.config -> /home/blazar/workspaces/rockytimes_ws/install/terrain_mapping_drone_control/share/terrain_mapping_drone_control/models/terrain
[0.886s] copying models/terrain/model.sdf -> /home/blazar/workspaces/rockytimes_ws/install/terrain_mapping_drone_control/share/terrain_mapping_drone_control/models/terrain
[0.886s] copying models/terrain/meshes/artburysol175.stl -> /home/blazar/workspaces/rockytimes_ws/install/terrain_mapping_drone_control/share/terrain_mapping_drone_control/models/terrain/meshes
[0.921s] copying models/cylinder/model.config -> /home/blazar/workspaces/rockytimes_ws/install/terrain_mapping_drone_control/share/terrain_mapping_drone_control/models/cylinder
[0.921s] copying models/cylinder/model.sdf -> /home/blazar/workspaces/rockytimes_ws/install/terrain_mapping_drone_control/share/terrain_mapping_drone_control/models/cylinder
[0.921s] copying models/cylinder/materials/aruco_marker_0.png -> /home/blazar/workspaces/rockytimes_ws/install/terrain_mapping_drone_control/share/terrain_mapping_drone_control/models/cylinder/materials
[0.922s] copying models/cylinder/materials/cylinder_texture.png -> /home/blazar/workspaces/rockytimes_ws/install/terrain_mapping_drone_control/share/terrain_mapping_drone_control/models/cylinder/materials
[0.927s] copying terrain_mapping_drone_control/cylinder_landing_node.py -> /home/blazar/workspaces/rockytimes_ws/install/terrain_mapping_drone_control/lib/terrain_mapping_drone_control
[0.927s] copying terrain_mapping_drone_control/aruco_tracker.py -> /home/blazar/workspaces/rockytimes_ws/install/terrain_mapping_drone_control/lib/terrain_mapping_drone_control
[0.927s] copying models/cylinder_short/model.config -> /home/blazar/workspaces/rockytimes_ws/install/terrain_mapping_drone_control/share/terrain_mapping_drone_control/models/cylinder_short
[0.927s] copying models/cylinder_short/model.sdf -> /home/blazar/workspaces/rockytimes_ws/install/terrain_mapping_drone_control/share/terrain_mapping_drone_control/models/cylinder_short
[0.928s] copying models/cylinder_short/materials/aruco_marker_0.png -> /home/blazar/workspaces/rockytimes_ws/install/terrain_mapping_drone_control/share/terrain_mapping_drone_control/models/cylinder_short/materials
[0.928s] copying models/cylinder_short/materials/cylinder_texture.png -> /home/blazar/workspaces/rockytimes_ws/install/terrain_mapping_drone_control/share/terrain_mapping_drone_control/models/cylinder_short/materials
[0.931s] running install_egg_info
[0.942s] Copying ../../build/terrain_mapping_drone_control/terrain_mapping_drone_control.egg-info to /home/blazar/workspaces/rockytimes_ws/install/terrain_mapping_drone_control/lib/python3.12/site-packages/terrain_mapping_drone_control-0.0.1-py3.12.egg-info
[0.942s] running install_scripts
[1.012s] Installing aruco_tracker script to /home/blazar/workspaces/rockytimes_ws/install/terrain_mapping_drone_control/bin
[1.012s] Installing cylinder_landing_node script to /home/blazar/workspaces/rockytimes_ws/install/terrain_mapping_drone_control/bin
[1.012s] Installing feature_tracker script to /home/blazar/workspaces/rockytimes_ws/install/terrain_mapping_drone_control/bin
[1.012s] Installing mission_node script to /home/blazar/workspaces/rockytimes_ws/install/terrain_mapping_drone_control/bin
[1.012s] Installing pose_visualizer script to /home/blazar/workspaces/rockytimes_ws/install/terrain_mapping_drone_control/bin
[1.012s] Installing px4_odom_converter script to /home/blazar/workspaces/rockytimes_ws/install/terrain_mapping_drone_control/bin
[1.012s] Installing spiral_trajectory script to /home/blazar/workspaces/rockytimes_ws/install/terrain_mapping_drone_control/bin
[1.012s] writing list of installed files to '/home/blazar/workspaces/rockytimes_ws/build/terrain_mapping_drone_control/install.log'
[1.027s] Invoked command in '/home/blazar/workspaces/rockytimes_ws/src/terrain_mapping_drone_control' returned '0': DEBUGINFOD_URLS=https://debuginfod.ubuntu.com PS1=(thingsbro) \[\e]0;\u@\h: \w\a\]${debian_chroot:+($debian_chroot)}\[\033[01;32m\]\u@\h\[\033[00m\]:\[\033[01;34m\]\w\[\033[00m\]\$ PYTHONPATH=/home/blazar/workspaces/rockytimes_ws/build/terrain_mapping_drone_control/prefix_override:/usr/lib/python3/dist-packages/colcon_core/task/python/colcon_distutils_commands:/home/blazar/workspaces/rockytimes_ws/install/terrain_mapping_drone_control/lib/python3.12/site-packages:${PYTHONPATH} VIRTUAL_ENV_PROMPT=(thingsbro) /usr/bin/python3 -W ignore:setup.py install is deprecated -W ignore:easy_install command is deprecated setup.py egg_info --egg-base ../../build/terrain_mapping_drone_control build --build-base /home/blazar/workspaces/rockytimes_ws/build/terrain_mapping_drone_control/build install --record /home/blazar/workspaces/rockytimes_ws/build/terrain_mapping_drone_control/install.log --single-version-externally-managed install_data --force
