[0.436s] Invoking command in '/home/blazar/lawny_ws/src/first_order_boustrophedon_navigator': PYTHONPATH=/home/blazar/lawny_ws/build/first_order_boustrophedon_navigator/prefix_override:/home/blazar/.local/lib/python3.10/site-packages/colcon_core/task/python/colcon_distutils_commands:/home/blazar/lawny_ws/install/first_order_boustrophedon_navigator/lib/python3.10/site-packages:${PYTHONPATH} /usr/bin/python3 -W ignore:setup.py install is deprecated -W ignore:easy_install command is deprecated setup.py egg_info --egg-base ../../build/first_order_boustrophedon_navigator build --build-base /home/blazar/lawny_ws/build/first_order_boustrophedon_navigator/build install --record /home/blazar/lawny_ws/build/first_order_boustrophedon_navigator/install.log --single-version-externally-managed install_data
[0.606s] running egg_info
[0.607s] creating ../../build/first_order_boustrophedon_navigator/first_order_boustrophedon_navigator.egg-info
[0.607s] writing ../../build/first_order_boustrophedon_navigator/first_order_boustrophedon_navigator.egg-info/PKG-INFO
[0.607s] writing dependency_links to ../../build/first_order_boustrophedon_navigator/first_order_boustrophedon_navigator.egg-info/dependency_links.txt
[0.607s] writing entry points to ../../build/first_order_boustrophedon_navigator/first_order_boustrophedon_navigator.egg-info/entry_points.txt
[0.607s] writing requirements to ../../build/first_order_boustrophedon_navigator/first_order_boustrophedon_navigator.egg-info/requires.txt
[0.607s] writing top-level names to ../../build/first_order_boustrophedon_navigator/first_order_boustrophedon_navigator.egg-info/top_level.txt
[0.607s] writing manifest file '../../build/first_order_boustrophedon_navigator/first_order_boustrophedon_navigator.egg-info/SOURCES.txt'
[0.609s] reading manifest file '../../build/first_order_boustrophedon_navigator/first_order_boustrophedon_navigator.egg-info/SOURCES.txt'
[0.609s] writing manifest file '../../build/first_order_boustrophedon_navigator/first_order_boustrophedon_navigator.egg-info/SOURCES.txt'
[0.609s] running build
[0.609s] running build_py
[0.609s] creating /home/blazar/lawny_ws/build/first_order_boustrophedon_navigator/build
[0.609s] creating /home/blazar/lawny_ws/build/first_order_boustrophedon_navigator/build/lib
[0.610s] creating /home/blazar/lawny_ws/build/first_order_boustrophedon_navigator/build/lib/first_order_boustrophedon_navigator
[0.610s] copying first_order_boustrophedon_navigator/boustrophedon_controller.py -> /home/blazar/lawny_ws/build/first_order_boustrophedon_navigator/build/lib/first_order_boustrophedon_navigator
[0.610s] copying first_order_boustrophedon_navigator/__init__.py -> /home/blazar/lawny_ws/build/first_order_boustrophedon_navigator/build/lib/first_order_boustrophedon_navigator
[0.610s] running install
[0.610s] running install_lib
[0.610s] creating /home/blazar/lawny_ws/install/first_order_boustrophedon_navigator/lib/python3.10/site-packages/first_order_boustrophedon_navigator
[0.610s] copying /home/blazar/lawny_ws/build/first_order_boustrophedon_navigator/build/lib/first_order_boustrophedon_navigator/boustrophedon_controller.py -> /home/blazar/lawny_ws/install/first_order_boustrophedon_navigator/lib/python3.10/site-packages/first_order_boustrophedon_navigator
[0.611s] copying /home/blazar/lawny_ws/build/first_order_boustrophedon_navigator/build/lib/first_order_boustrophedon_navigator/__init__.py -> /home/blazar/lawny_ws/install/first_order_boustrophedon_navigator/lib/python3.10/site-packages/first_order_boustrophedon_navigator
[0.611s] byte-compiling /home/blazar/lawny_ws/install/first_order_boustrophedon_navigator/lib/python3.10/site-packages/first_order_boustrophedon_navigator/boustrophedon_controller.py to boustrophedon_controller.cpython-310.pyc
[0.612s] byte-compiling /home/blazar/lawny_ws/install/first_order_boustrophedon_navigator/lib/python3.10/site-packages/first_order_boustrophedon_navigator/__init__.py to __init__.cpython-310.pyc
[0.612s] running install_data
[0.612s] creating /home/blazar/lawny_ws/install/first_order_boustrophedon_navigator/share/ament_index
[0.612s] creating /home/blazar/lawny_ws/install/first_order_boustrophedon_navigator/share/ament_index/resource_index
[0.612s] creating /home/blazar/lawny_ws/install/first_order_boustrophedon_navigator/share/ament_index/resource_index/packages
[0.612s] copying resource/first_order_boustrophedon_navigator -> /home/blazar/lawny_ws/install/first_order_boustrophedon_navigator/share/ament_index/resource_index/packages
[0.613s] copying package.xml -> /home/blazar/lawny_ws/install/first_order_boustrophedon_navigator/share/first_order_boustrophedon_navigator
[0.613s] creating /home/blazar/lawny_ws/install/first_order_boustrophedon_navigator/share/first_order_boustrophedon_navigator/launch
[0.613s] copying launch/boustrophedon.launch.py -> /home/blazar/lawny_ws/install/first_order_boustrophedon_navigator/share/first_order_boustrophedon_navigator/launch
[0.613s] creating /home/blazar/lawny_ws/install/first_order_boustrophedon_navigator/lib/first_order_boustrophedon_navigator
[0.613s] copying scripts/boustrophedon_controller -> /home/blazar/lawny_ws/install/first_order_boustrophedon_navigator/lib/first_order_boustrophedon_navigator
[0.613s] running install_egg_info
[0.614s] Copying ../../build/first_order_boustrophedon_navigator/first_order_boustrophedon_navigator.egg-info to /home/blazar/lawny_ws/install/first_order_boustrophedon_navigator/lib/python3.10/site-packages/first_order_boustrophedon_navigator-0.0.0-py3.10.egg-info
[0.615s] running install_scripts
[0.633s] Installing boustrophedon_controller script to /home/blazar/lawny_ws/install/first_order_boustrophedon_navigator/bin
[0.633s] writing list of installed files to '/home/blazar/lawny_ws/build/first_order_boustrophedon_navigator/install.log'
[0.658s] Invoked command in '/home/blazar/lawny_ws/src/first_order_boustrophedon_navigator' returned '0': PYTHONPATH=/home/blazar/lawny_ws/build/first_order_boustrophedon_navigator/prefix_override:/home/blazar/.local/lib/python3.10/site-packages/colcon_core/task/python/colcon_distutils_commands:/home/blazar/lawny_ws/install/first_order_boustrophedon_navigator/lib/python3.10/site-packages:${PYTHONPATH} /usr/bin/python3 -W ignore:setup.py install is deprecated -W ignore:easy_install command is deprecated setup.py egg_info --egg-base ../../build/first_order_boustrophedon_navigator build --build-base /home/blazar/lawny_ws/build/first_order_boustrophedon_navigator/build install --record /home/blazar/lawny_ws/build/first_order_boustrophedon_navigator/install.log --single-version-externally-managed install_data
