[0.633s] Invoking command in '/home/blazar/workspaces/cartip_ws/src/cart_pole_optimal_control': DEBUGINFOD_URLS=https://debuginfod.ubuntu.com PS1=(ros2_rl) \[\e]0;\u@\h: \w\a\]${debian_chroot:+($debian_chroot)}\[\033[01;32m\]\u@\h\[\033[00m\]:\[\033[01;34m\]\w\[\033[00m\]\$ PYTHONPATH=/home/blazar/workspaces/cartip_ws/build/cart_pole_optimal_control/prefix_override:/usr/lib/python3/dist-packages/colcon_core/task/python/colcon_distutils_commands:/home/blazar/workspaces/cartip_ws/install/cart_pole_optimal_control/lib/python3.12/site-packages:${PYTHONPATH} VIRTUAL_ENV_PROMPT=(ros2_rl) /usr/bin/python3 -W ignore:setup.py install is deprecated -W ignore:easy_install command is deprecated setup.py egg_info --egg-base ../../build/cart_pole_optimal_control build --build-base /home/blazar/workspaces/cartip_ws/build/cart_pole_optimal_control/build install --record /home/blazar/workspaces/cartip_ws/build/cart_pole_optimal_control/install.log --single-version-externally-managed install_data
[0.759s] running egg_info
[0.768s] writing ../../build/cart_pole_optimal_control/cart_pole_optimal_control.egg-info/PKG-INFO
[0.768s] writing dependency_links to ../../build/cart_pole_optimal_control/cart_pole_optimal_control.egg-info/dependency_links.txt
[0.768s] writing entry points to ../../build/cart_pole_optimal_control/cart_pole_optimal_control.egg-info/entry_points.txt
[0.768s] writing requirements to ../../build/cart_pole_optimal_control/cart_pole_optimal_control.egg-info/requires.txt
[0.768s] writing top-level names to ../../build/cart_pole_optimal_control/cart_pole_optimal_control.egg-info/top_level.txt
[0.785s] reading manifest file '../../build/cart_pole_optimal_control/cart_pole_optimal_control.egg-info/SOURCES.txt'
[0.785s] writing manifest file '../../build/cart_pole_optimal_control/cart_pole_optimal_control.egg-info/SOURCES.txt'
[0.786s] running build
[0.786s] running build_py
[0.786s] running install
[0.789s] running install_lib
[0.798s] running install_data
[0.798s] running install_egg_info
[0.807s] removing '/home/blazar/workspaces/cartip_ws/install/cart_pole_optimal_control/lib/python3.12/site-packages/cart_pole_optimal_control-0.0.1-py3.12.egg-info' (and everything under it)
[0.807s] Copying ../../build/cart_pole_optimal_control/cart_pole_optimal_control.egg-info to /home/blazar/workspaces/cartip_ws/install/cart_pole_optimal_control/lib/python3.12/site-packages/cart_pole_optimal_control-0.0.1-py3.12.egg-info
[0.807s] running install_scripts
[0.868s] Installing bryson_lqr_controller script to /home/blazar/workspaces/cartip_ws/install/cart_pole_optimal_control/lib/cart_pole_optimal_control
[0.868s] Installing dqn_cartpole script to /home/blazar/workspaces/cartip_ws/install/cart_pole_optimal_control/lib/cart_pole_optimal_control
[0.868s] Installing earthquake_force_generator script to /home/blazar/workspaces/cartip_ws/install/cart_pole_optimal_control/lib/cart_pole_optimal_control
[0.868s] Installing force_visualizer script to /home/blazar/workspaces/cartip_ws/install/cart_pole_optimal_control/lib/cart_pole_optimal_control
[0.868s] Installing gym script to /home/blazar/workspaces/cartip_ws/install/cart_pole_optimal_control/lib/cart_pole_optimal_control
[0.868s] Installing lqr_controller script to /home/blazar/workspaces/cartip_ws/install/cart_pole_optimal_control/lib/cart_pole_optimal_control
[0.869s] Installing performance_monitor script to /home/blazar/workspaces/cartip_ws/install/cart_pole_optimal_control/lib/cart_pole_optimal_control
[0.869s] Installing ros_control_env script to /home/blazar/workspaces/cartip_ws/install/cart_pole_optimal_control/lib/cart_pole_optimal_control
[0.869s] Installing state_republisher script to /home/blazar/workspaces/cartip_ws/install/cart_pole_optimal_control/lib/cart_pole_optimal_control
[0.869s] writing list of installed files to '/home/blazar/workspaces/cartip_ws/build/cart_pole_optimal_control/install.log'
[0.882s] Invoked command in '/home/blazar/workspaces/cartip_ws/src/cart_pole_optimal_control' returned '0': DEBUGINFOD_URLS=https://debuginfod.ubuntu.com PS1=(ros2_rl) \[\e]0;\u@\h: \w\a\]${debian_chroot:+($debian_chroot)}\[\033[01;32m\]\u@\h\[\033[00m\]:\[\033[01;34m\]\w\[\033[00m\]\$ PYTHONPATH=/home/blazar/workspaces/cartip_ws/build/cart_pole_optimal_control/prefix_override:/usr/lib/python3/dist-packages/colcon_core/task/python/colcon_distutils_commands:/home/blazar/workspaces/cartip_ws/install/cart_pole_optimal_control/lib/python3.12/site-packages:${PYTHONPATH} VIRTUAL_ENV_PROMPT=(ros2_rl) /usr/bin/python3 -W ignore:setup.py install is deprecated -W ignore:easy_install command is deprecated setup.py egg_info --egg-base ../../build/cart_pole_optimal_control build --build-base /home/blazar/workspaces/cartip_ws/build/cart_pole_optimal_control/build install --record /home/blazar/workspaces/cartip_ws/build/cart_pole_optimal_control/install.log --single-version-externally-managed install_data
