[0.030s] Invoking command in '/home/blazar/lawny_ws/build/control': CMAKE_PREFIX_PATH=${CMAKE_PREFIX_PATH}:/home/blazar/lawny_ws/install/first_order_boustrophedon_navigator:/opt/ros/humble /usr/bin/cmake --build /home/blazar/lawny_ws/build/control -- -j16 -l16
[0.072s] /usr/bin/cmake -S/home/blazar/lawny_ws/src/control -B/home/blazar/lawny_ws/build/control --check-build-system CMakeFiles/Makefile.cmake 0
[0.096s] Re-run cmake file: Makefile older than: /home/blazar/lawny_ws/src/control/CMakeLists.txt
[0.106s] -- Found ament_cmake: 1.3.11 (/opt/ros/humble/share/ament_cmake/cmake)
[0.410s] -- Found rosidl_default_generators: 1.2.0 (/opt/ros/humble/share/rosidl_default_generators/cmake)
[0.413s] -- Using all available rosidl_typesupport_c: rosidl_typesupport_fastrtps_c;rosidl_typesupport_introspection_c
[0.420s] -- Found rosidl_adapter: 3.1.6 (/opt/ros/humble/share/rosidl_adapter/cmake)
[0.489s] -- Using all available rosidl_typesupport_cpp: rosidl_typesupport_fastrtps_cpp;rosidl_typesupport_introspection_cpp
[0.545s] -- Found rclpy: 3.3.15 (/opt/ros/humble/share/rclpy/cmake)
[0.546s] -- Found geometry_msgs: 4.2.4 (/opt/ros/humble/share/geometry_msgs/cmake)
[1.178s] -- Found ament_cmake_ros: 0.10.0 (/opt/ros/humble/share/ament_cmake_ros/cmake)
[1.579s] -- Using all available rosidl_typesupport_c: rosidl_typesupport_fastrtps_c;rosidl_typesupport_introspection_c
[2.107s] -- Using all available rosidl_typesupport_cpp: rosidl_typesupport_fastrtps_cpp;rosidl_typesupport_introspection_cpp
[2.158s] -- Found python_cmake_module: 0.10.0 (/opt/ros/humble/share/python_cmake_module/cmake)
[2.208s] -- Using PYTHON_EXECUTABLE: /usr/bin/python3
[2.208s] -- Using PYTHON_INCLUDE_DIRS: /usr/include/python3.10
[2.209s] -- Using PYTHON_LIBRARIES: /usr/lib/x86_64-linux-gnu/libpython3.10.so
[2.244s] -- Configuring done
[2.317s] -- Generating done
[2.347s] -- Build files have been written to: /home/blazar/lawny_ws/build/control
[2.359s] /usr/bin/cmake -E cmake_progress_start /home/blazar/lawny_ws/build/control/CMakeFiles /home/blazar/lawny_ws/build/control//CMakeFiles/progress.marks
[2.379s] /usr/bin/gmake  -f CMakeFiles/Makefile2 all
[2.382s] gmake[1]: Entering directory '/home/blazar/lawny_ws/build/control'
[2.382s] /usr/bin/gmake  -f CMakeFiles/control__cpp.dir/build.make CMakeFiles/control__cpp.dir/depend
[2.383s] /usr/bin/gmake  -f CMakeFiles/control__rosidl_generator_c.dir/build.make CMakeFiles/control__rosidl_generator_c.dir/depend
[2.383s] /usr/bin/gmake  -f CMakeFiles/ament_cmake_python_copy_control.dir/build.make CMakeFiles/ament_cmake_python_copy_control.dir/depend
[2.385s] gmake[2]: Entering directory '/home/blazar/lawny_ws/build/control'
[2.385s] cd /home/blazar/lawny_ws/build/control && /usr/bin/cmake -E cmake_depends "Unix Makefiles" /home/blazar/lawny_ws/src/control /home/blazar/lawny_ws/src/control /home/blazar/lawny_ws/build/control /home/blazar/lawny_ws/build/control /home/blazar/lawny_ws/build/control/CMakeFiles/control__cpp.dir/DependInfo.cmake --color=
[2.386s] gmake[2]: Entering directory '/home/blazar/lawny_ws/build/control'
[2.386s] cd /home/blazar/lawny_ws/build/control && /usr/bin/cmake -E cmake_depends "Unix Makefiles" /home/blazar/lawny_ws/src/control /home/blazar/lawny_ws/src/control /home/blazar/lawny_ws/build/control /home/blazar/lawny_ws/build/control /home/blazar/lawny_ws/build/control/CMakeFiles/control__rosidl_generator_c.dir/DependInfo.cmake --color=
[2.387s] gmake[2]: Entering directory '/home/blazar/lawny_ws/build/control'
[2.387s] cd /home/blazar/lawny_ws/build/control && /usr/bin/cmake -E cmake_depends "Unix Makefiles" /home/blazar/lawny_ws/src/control /home/blazar/lawny_ws/src/control /home/blazar/lawny_ws/build/control /home/blazar/lawny_ws/build/control /home/blazar/lawny_ws/build/control/CMakeFiles/ament_cmake_python_copy_control.dir/DependInfo.cmake --color=
[2.404s] Dependencies file "CMakeFiles/control__rosidl_generator_c.dir/rosidl_generator_c/control/msg/detail/performance_metrics__functions.c.o.d" is newer than depends file "/home/blazar/lawny_ws/build/control/CMakeFiles/control__rosidl_generator_c.dir/compiler_depend.internal".
[2.405s] [35m[1mConsolidate compiler generated dependencies of target control__rosidl_generator_c[0m
[2.407s] gmake[2]: Leaving directory '/home/blazar/lawny_ws/build/control'
[2.407s] gmake[2]: Leaving directory '/home/blazar/lawny_ws/build/control'
[2.408s] /usr/bin/gmake  -f CMakeFiles/control__cpp.dir/build.make CMakeFiles/control__cpp.dir/build
[2.408s] /usr/bin/gmake  -f CMakeFiles/ament_cmake_python_copy_control.dir/build.make CMakeFiles/ament_cmake_python_copy_control.dir/build
[2.410s] gmake[2]: Leaving directory '/home/blazar/lawny_ws/build/control'
[2.410s] /usr/bin/gmake  -f CMakeFiles/control__rosidl_generator_c.dir/build.make CMakeFiles/control__rosidl_generator_c.dir/build
[2.411s] gmake[2]: Entering directory '/home/blazar/lawny_ws/build/control'
[2.411s] gmake[2]: Nothing to be done for 'CMakeFiles/control__cpp.dir/build'.
[2.411s] gmake[2]: Leaving directory '/home/blazar/lawny_ws/build/control'
[2.411s] gmake[2]: Entering directory '/home/blazar/lawny_ws/build/control'
[2.411s] /usr/bin/cmake -E copy_directory /home/blazar/lawny_ws/build/control/rosidl_generator_py/control /home/blazar/lawny_ws/build/control/ament_cmake_python/control/control
[2.414s] gmake[2]: Entering directory '/home/blazar/lawny_ws/build/control'
[2.414s] gmake[2]: Nothing to be done for 'CMakeFiles/control__rosidl_generator_c.dir/build'.
[2.414s] gmake[2]: Leaving directory '/home/blazar/lawny_ws/build/control'
[2.429s] [  3%] Built target control__cpp
[2.431s] /usr/bin/gmake  -f CMakeFiles/control__rosidl_typesupport_cpp.dir/build.make CMakeFiles/control__rosidl_typesupport_cpp.dir/depend
[2.432s] /usr/bin/gmake  -f CMakeFiles/control__rosidl_typesupport_fastrtps_cpp.dir/build.make CMakeFiles/control__rosidl_typesupport_fastrtps_cpp.dir/depend
[2.432s] [ 12%] Built target control__rosidl_generator_c
[2.433s] /usr/bin/gmake  -f CMakeFiles/control__rosidl_typesupport_introspection_cpp.dir/build.make CMakeFiles/control__rosidl_typesupport_introspection_cpp.dir/depend
[2.435s] gmake[2]: Entering directory '/home/blazar/lawny_ws/build/control'
[2.435s] cd /home/blazar/lawny_ws/build/control && /usr/bin/cmake -E cmake_depends "Unix Makefiles" /home/blazar/lawny_ws/src/control /home/blazar/lawny_ws/src/control /home/blazar/lawny_ws/build/control /home/blazar/lawny_ws/build/control /home/blazar/lawny_ws/build/control/CMakeFiles/control__rosidl_typesupport_cpp.dir/DependInfo.cmake --color=
[2.435s] gmake[2]: Leaving directory '/home/blazar/lawny_ws/build/control'
[2.436s] /usr/bin/gmake  -f CMakeFiles/control__rosidl_typesupport_fastrtps_c.dir/build.make CMakeFiles/control__rosidl_typesupport_fastrtps_c.dir/depend
[2.436s] gmake[2]: Entering directory '/home/blazar/lawny_ws/build/control'
[2.436s] cd /home/blazar/lawny_ws/build/control && /usr/bin/cmake -E cmake_depends "Unix Makefiles" /home/blazar/lawny_ws/src/control /home/blazar/lawny_ws/src/control /home/blazar/lawny_ws/build/control /home/blazar/lawny_ws/build/control /home/blazar/lawny_ws/build/control/CMakeFiles/control__rosidl_typesupport_fastrtps_cpp.dir/DependInfo.cmake --color=
[2.436s] gmake[2]: Entering directory '/home/blazar/lawny_ws/build/control'
[2.436s] cd /home/blazar/lawny_ws/build/control && /usr/bin/cmake -E cmake_depends "Unix Makefiles" /home/blazar/lawny_ws/src/control /home/blazar/lawny_ws/src/control /home/blazar/lawny_ws/build/control /home/blazar/lawny_ws/build/control /home/blazar/lawny_ws/build/control/CMakeFiles/control__rosidl_typesupport_introspection_cpp.dir/DependInfo.cmake --color=
[2.437s] /usr/bin/gmake  -f CMakeFiles/control__rosidl_typesupport_introspection_c.dir/build.make CMakeFiles/control__rosidl_typesupport_introspection_c.dir/depend
[2.437s] /usr/bin/gmake  -f CMakeFiles/control__rosidl_typesupport_c.dir/build.make CMakeFiles/control__rosidl_typesupport_c.dir/depend
[2.438s] gmake[2]: Entering directory '/home/blazar/lawny_ws/build/control'
[2.438s] cd /home/blazar/lawny_ws/build/control && /usr/bin/cmake -E cmake_depends "Unix Makefiles" /home/blazar/lawny_ws/src/control /home/blazar/lawny_ws/src/control /home/blazar/lawny_ws/build/control /home/blazar/lawny_ws/build/control /home/blazar/lawny_ws/build/control/CMakeFiles/control__rosidl_typesupport_fastrtps_c.dir/DependInfo.cmake --color=
[2.439s] gmake[2]: Entering directory '/home/blazar/lawny_ws/build/control'
[2.439s] cd /home/blazar/lawny_ws/build/control && /usr/bin/cmake -E cmake_depends "Unix Makefiles" /home/blazar/lawny_ws/src/control /home/blazar/lawny_ws/src/control /home/blazar/lawny_ws/build/control /home/blazar/lawny_ws/build/control /home/blazar/lawny_ws/build/control/CMakeFiles/control__rosidl_typesupport_introspection_c.dir/DependInfo.cmake --color=
[2.440s] gmake[2]: Entering directory '/home/blazar/lawny_ws/build/control'
[2.440s] cd /home/blazar/lawny_ws/build/control && /usr/bin/cmake -E cmake_depends "Unix Makefiles" /home/blazar/lawny_ws/src/control /home/blazar/lawny_ws/src/control /home/blazar/lawny_ws/build/control /home/blazar/lawny_ws/build/control /home/blazar/lawny_ws/build/control/CMakeFiles/control__rosidl_typesupport_c.dir/DependInfo.cmake --color=
[2.453s] [ 12%] Built target ament_cmake_python_copy_control
[2.453s] Dependencies file "CMakeFiles/control__rosidl_typesupport_cpp.dir/rosidl_typesupport_cpp/control/msg/performance_metrics__type_support.cpp.o.d" is newer than depends file "/home/blazar/lawny_ws/build/control/CMakeFiles/control__rosidl_typesupport_cpp.dir/compiler_depend.internal".
[2.453s] Dependencies file "CMakeFiles/control__rosidl_typesupport_introspection_cpp.dir/rosidl_typesupport_introspection_cpp/control/msg/detail/performance_metrics__type_support.cpp.o.d" is newer than depends file "/home/blazar/lawny_ws/build/control/CMakeFiles/control__rosidl_typesupport_introspection_cpp.dir/compiler_depend.internal".
[2.454s] Dependencies file "CMakeFiles/control__rosidl_typesupport_fastrtps_cpp.dir/rosidl_typesupport_fastrtps_cpp/control/msg/detail/dds_fastrtps/performance_metrics__type_support.cpp.o.d" is newer than depends file "/home/blazar/lawny_ws/build/control/CMakeFiles/control__rosidl_typesupport_fastrtps_cpp.dir/compiler_depend.internal".
[2.454s] [35m[1mConsolidate compiler generated dependencies of target control__rosidl_typesupport_cpp[0m
[2.454s] [35m[1mConsolidate compiler generated dependencies of target control__rosidl_typesupport_introspection_cpp[0m
[2.454s] [35m[1mConsolidate compiler generated dependencies of target control__rosidl_typesupport_fastrtps_cpp[0m
[2.455s] Dependencies file "CMakeFiles/control__rosidl_typesupport_fastrtps_c.dir/rosidl_typesupport_fastrtps_c/control/msg/detail/performance_metrics__type_support_c.cpp.o.d" is newer than depends file "/home/blazar/lawny_ws/build/control/CMakeFiles/control__rosidl_typesupport_fastrtps_c.dir/compiler_depend.internal".
[2.456s] /usr/bin/gmake  -f CMakeFiles/ament_cmake_python_build_control_egg.dir/build.make CMakeFiles/ament_cmake_python_build_control_egg.dir/depend
[2.456s] [35m[1mConsolidate compiler generated dependencies of target control__rosidl_typesupport_fastrtps_c[0m
[2.456s] Dependencies file "CMakeFiles/control__rosidl_typesupport_introspection_c.dir/rosidl_typesupport_introspection_c/control/msg/detail/performance_metrics__type_support.c.o.d" is newer than depends file "/home/blazar/lawny_ws/build/control/CMakeFiles/control__rosidl_typesupport_introspection_c.dir/compiler_depend.internal".
[2.456s] [35m[1mConsolidate compiler generated dependencies of target control__rosidl_typesupport_introspection_c[0m
[2.458s] Dependencies file "CMakeFiles/control__rosidl_typesupport_c.dir/rosidl_typesupport_c/control/msg/performance_metrics__type_support.cpp.o.d" is newer than depends file "/home/blazar/lawny_ws/build/control/CMakeFiles/control__rosidl_typesupport_c.dir/compiler_depend.internal".
[2.458s] [35m[1mConsolidate compiler generated dependencies of target control__rosidl_typesupport_c[0m
[2.458s] gmake[2]: Entering directory '/home/blazar/lawny_ws/build/control'
[2.458s] cd /home/blazar/lawny_ws/build/control && /usr/bin/cmake -E cmake_depends "Unix Makefiles" /home/blazar/lawny_ws/src/control /home/blazar/lawny_ws/src/control /home/blazar/lawny_ws/build/control /home/blazar/lawny_ws/build/control /home/blazar/lawny_ws/build/control/CMakeFiles/ament_cmake_python_build_control_egg.dir/DependInfo.cmake --color=
[2.460s] gmake[2]: Leaving directory '/home/blazar/lawny_ws/build/control'
[2.461s] gmake[2]: Leaving directory '/home/blazar/lawny_ws/build/control'
[2.461s] gmake[2]: Leaving directory '/home/blazar/lawny_ws/build/control'
[2.461s] /usr/bin/gmake  -f CMakeFiles/control__rosidl_typesupport_cpp.dir/build.make CMakeFiles/control__rosidl_typesupport_cpp.dir/build
[2.461s] /usr/bin/gmake  -f CMakeFiles/control__rosidl_typesupport_introspection_cpp.dir/build.make CMakeFiles/control__rosidl_typesupport_introspection_cpp.dir/build
[2.462s] gmake[2]: Leaving directory '/home/blazar/lawny_ws/build/control'
[2.462s] /usr/bin/gmake  -f CMakeFiles/control__rosidl_typesupport_introspection_c.dir/build.make CMakeFiles/control__rosidl_typesupport_introspection_c.dir/build
[2.462s] gmake[2]: Leaving directory '/home/blazar/lawny_ws/build/control'
[2.463s] /usr/bin/gmake  -f CMakeFiles/control__rosidl_typesupport_c.dir/build.make CMakeFiles/control__rosidl_typesupport_c.dir/build
[2.463s] /usr/bin/gmake  -f CMakeFiles/control__rosidl_typesupport_fastrtps_cpp.dir/build.make CMakeFiles/control__rosidl_typesupport_fastrtps_cpp.dir/build
[2.463s] gmake[2]: Leaving directory '/home/blazar/lawny_ws/build/control'
[2.464s] /usr/bin/gmake  -f CMakeFiles/control__rosidl_typesupport_fastrtps_c.dir/build.make CMakeFiles/control__rosidl_typesupport_fastrtps_c.dir/build
[2.465s] gmake[2]: Entering directory '/home/blazar/lawny_ws/build/control'
[2.466s] gmake[2]: Nothing to be done for 'CMakeFiles/control__rosidl_typesupport_introspection_c.dir/build'.
[2.466s] gmake[2]: Leaving directory '/home/blazar/lawny_ws/build/control'
[2.467s] gmake[2]: Entering directory '/home/blazar/lawny_ws/build/control'
[2.467s] gmake[2]: Nothing to be done for 'CMakeFiles/control__rosidl_typesupport_cpp.dir/build'.
[2.467s] gmake[2]: Leaving directory '/home/blazar/lawny_ws/build/control'
[2.467s] gmake[2]: Entering directory '/home/blazar/lawny_ws/build/control'
[2.467s] gmake[2]: Nothing to be done for 'CMakeFiles/control__rosidl_typesupport_c.dir/build'.
[2.467s] gmake[2]: Leaving directory '/home/blazar/lawny_ws/build/control'
[2.467s] gmake[2]: Entering directory '/home/blazar/lawny_ws/build/control'
[2.468s] gmake[2]: Nothing to be done for 'CMakeFiles/control__rosidl_typesupport_introspection_cpp.dir/build'.
[2.468s] gmake[2]: Leaving directory '/home/blazar/lawny_ws/build/control'
[2.468s] gmake[2]: Entering directory '/home/blazar/lawny_ws/build/control'
[2.469s] gmake[2]: Nothing to be done for 'CMakeFiles/control__rosidl_typesupport_fastrtps_cpp.dir/build'.
[2.469s] gmake[2]: Leaving directory '/home/blazar/lawny_ws/build/control'
[2.469s] gmake[2]: Entering directory '/home/blazar/lawny_ws/build/control'
[2.469s] gmake[2]: Nothing to be done for 'CMakeFiles/control__rosidl_typesupport_fastrtps_c.dir/build'.
[2.470s] gmake[2]: Leaving directory '/home/blazar/lawny_ws/build/control'
[2.481s] gmake[2]: Leaving directory '/home/blazar/lawny_ws/build/control'
[2.481s] /usr/bin/gmake  -f CMakeFiles/ament_cmake_python_build_control_egg.dir/build.make CMakeFiles/ament_cmake_python_build_control_egg.dir/build
[2.483s] gmake[2]: Entering directory '/home/blazar/lawny_ws/build/control'
[2.484s] cd /home/blazar/lawny_ws/build/control/ament_cmake_python/control && /usr/bin/python3 setup.py egg_info
[2.484s] [ 41%] Built target control__rosidl_typesupport_introspection_c
[2.484s] [ 41%] Built target control__rosidl_typesupport_introspection_cpp
[2.484s] [ 41%] Built target control__rosidl_typesupport_cpp
[2.485s] [ 51%] Built target control__rosidl_typesupport_fastrtps_cpp
[2.487s] [ 61%] Built target control__rosidl_typesupport_fastrtps_c
[2.487s] [ 70%] Built target control__rosidl_typesupport_c
[2.490s] /usr/bin/gmake  -f CMakeFiles/control.dir/build.make CMakeFiles/control.dir/depend
[2.493s] gmake[2]: Entering directory '/home/blazar/lawny_ws/build/control'
[2.493s] cd /home/blazar/lawny_ws/build/control && /usr/bin/cmake -E cmake_depends "Unix Makefiles" /home/blazar/lawny_ws/src/control /home/blazar/lawny_ws/src/control /home/blazar/lawny_ws/build/control /home/blazar/lawny_ws/build/control /home/blazar/lawny_ws/build/control/CMakeFiles/control.dir/DependInfo.cmake --color=
[2.515s] gmake[2]: Leaving directory '/home/blazar/lawny_ws/build/control'
[2.515s] /usr/bin/gmake  -f CMakeFiles/control.dir/build.make CMakeFiles/control.dir/build
[2.518s] gmake[2]: Entering directory '/home/blazar/lawny_ws/build/control'
[2.518s] gmake[2]: Nothing to be done for 'CMakeFiles/control.dir/build'.
[2.519s] gmake[2]: Leaving directory '/home/blazar/lawny_ws/build/control'
[2.536s] [ 70%] Built target control
[2.540s] /usr/bin/gmake  -f control__py/CMakeFiles/control__py.dir/build.make control__py/CMakeFiles/control__py.dir/depend
[2.543s] gmake[2]: Entering directory '/home/blazar/lawny_ws/build/control'
[2.543s] cd /home/blazar/lawny_ws/build/control && /usr/bin/cmake -E cmake_depends "Unix Makefiles" /home/blazar/lawny_ws/src/control /home/blazar/lawny_ws/build/control/control__py /home/blazar/lawny_ws/build/control /home/blazar/lawny_ws/build/control/control__py /home/blazar/lawny_ws/build/control/control__py/CMakeFiles/control__py.dir/DependInfo.cmake --color=
[2.564s] gmake[2]: Leaving directory '/home/blazar/lawny_ws/build/control'
[2.565s] /usr/bin/gmake  -f control__py/CMakeFiles/control__py.dir/build.make control__py/CMakeFiles/control__py.dir/build
[2.568s] gmake[2]: Entering directory '/home/blazar/lawny_ws/build/control'
[2.568s] gmake[2]: Nothing to be done for 'control__py/CMakeFiles/control__py.dir/build'.
[2.568s] gmake[2]: Leaving directory '/home/blazar/lawny_ws/build/control'
[2.587s] [ 74%] Built target control__py
[2.589s] /usr/bin/gmake  -f CMakeFiles/control__rosidl_generator_py.dir/build.make CMakeFiles/control__rosidl_generator_py.dir/depend
[2.592s] gmake[2]: Entering directory '/home/blazar/lawny_ws/build/control'
[2.593s] cd /home/blazar/lawny_ws/build/control && /usr/bin/cmake -E cmake_depends "Unix Makefiles" /home/blazar/lawny_ws/src/control /home/blazar/lawny_ws/src/control /home/blazar/lawny_ws/build/control /home/blazar/lawny_ws/build/control /home/blazar/lawny_ws/build/control/CMakeFiles/control__rosidl_generator_py.dir/DependInfo.cmake --color=
[2.611s] Dependencies file "CMakeFiles/control__rosidl_generator_py.dir/rosidl_generator_py/control/msg/_performance_metrics_s.c.o.d" is newer than depends file "/home/blazar/lawny_ws/build/control/CMakeFiles/control__rosidl_generator_py.dir/compiler_depend.internal".
[2.611s] [35m[1mConsolidate compiler generated dependencies of target control__rosidl_generator_py[0m
[2.619s] gmake[2]: Leaving directory '/home/blazar/lawny_ws/build/control'
[2.619s] /usr/bin/gmake  -f CMakeFiles/control__rosidl_generator_py.dir/build.make CMakeFiles/control__rosidl_generator_py.dir/build
[2.625s] gmake[2]: Entering directory '/home/blazar/lawny_ws/build/control'
[2.625s] gmake[2]: Nothing to be done for 'CMakeFiles/control__rosidl_generator_py.dir/build'.
[2.625s] gmake[2]: Leaving directory '/home/blazar/lawny_ws/build/control'
[2.644s] [ 80%] Built target control__rosidl_generator_py
[2.647s] /usr/bin/gmake  -f CMakeFiles/control__rosidl_typesupport_fastrtps_c__pyext.dir/build.make CMakeFiles/control__rosidl_typesupport_fastrtps_c__pyext.dir/depend
[2.648s] /usr/bin/gmake  -f CMakeFiles/control__rosidl_typesupport_introspection_c__pyext.dir/build.make CMakeFiles/control__rosidl_typesupport_introspection_c__pyext.dir/depend
[2.648s] /usr/bin/gmake  -f CMakeFiles/control__rosidl_typesupport_c__pyext.dir/build.make CMakeFiles/control__rosidl_typesupport_c__pyext.dir/depend
[2.650s] gmake[2]: Entering directory '/home/blazar/lawny_ws/build/control'
[2.650s] cd /home/blazar/lawny_ws/build/control && /usr/bin/cmake -E cmake_depends "Unix Makefiles" /home/blazar/lawny_ws/src/control /home/blazar/lawny_ws/src/control /home/blazar/lawny_ws/build/control /home/blazar/lawny_ws/build/control /home/blazar/lawny_ws/build/control/CMakeFiles/control__rosidl_typesupport_fastrtps_c__pyext.dir/DependInfo.cmake --color=
[2.651s] gmake[2]: Entering directory '/home/blazar/lawny_ws/build/control'
[2.651s] cd /home/blazar/lawny_ws/build/control && /usr/bin/cmake -E cmake_depends "Unix Makefiles" /home/blazar/lawny_ws/src/control /home/blazar/lawny_ws/src/control /home/blazar/lawny_ws/build/control /home/blazar/lawny_ws/build/control /home/blazar/lawny_ws/build/control/CMakeFiles/control__rosidl_typesupport_introspection_c__pyext.dir/DependInfo.cmake --color=
[2.651s] gmake[2]: Entering directory '/home/blazar/lawny_ws/build/control'
[2.652s] cd /home/blazar/lawny_ws/build/control && /usr/bin/cmake -E cmake_depends "Unix Makefiles" /home/blazar/lawny_ws/src/control /home/blazar/lawny_ws/src/control /home/blazar/lawny_ws/build/control /home/blazar/lawny_ws/build/control /home/blazar/lawny_ws/build/control/CMakeFiles/control__rosidl_typesupport_c__pyext.dir/DependInfo.cmake --color=
[2.669s] Dependencies file "CMakeFiles/control__rosidl_typesupport_c__pyext.dir/rosidl_generator_py/control/_control_s.ep.rosidl_typesupport_c.c.o.d" is newer than depends file "/home/blazar/lawny_ws/build/control/CMakeFiles/control__rosidl_typesupport_c__pyext.dir/compiler_depend.internal".
[2.669s] Dependencies file "CMakeFiles/control__rosidl_typesupport_fastrtps_c__pyext.dir/rosidl_generator_py/control/_control_s.ep.rosidl_typesupport_fastrtps_c.c.o.d" is newer than depends file "/home/blazar/lawny_ws/build/control/CMakeFiles/control__rosidl_typesupport_fastrtps_c__pyext.dir/compiler_depend.internal".
[2.669s] Dependencies file "CMakeFiles/control__rosidl_typesupport_introspection_c__pyext.dir/rosidl_generator_py/control/_control_s.ep.rosidl_typesupport_introspection_c.c.o.d" is newer than depends file "/home/blazar/lawny_ws/build/control/CMakeFiles/control__rosidl_typesupport_introspection_c__pyext.dir/compiler_depend.internal".
[2.669s] [35m[1mConsolidate compiler generated dependencies of target control__rosidl_typesupport_fastrtps_c__pyext[0m
[2.670s] [35m[1mConsolidate compiler generated dependencies of target control__rosidl_typesupport_c__pyext[0m
[2.670s] [35m[1mConsolidate compiler generated dependencies of target control__rosidl_typesupport_introspection_c__pyext[0m
[2.676s] gmake[2]: Leaving directory '/home/blazar/lawny_ws/build/control'
[2.677s] gmake[2]: Leaving directory '/home/blazar/lawny_ws/build/control'
[2.677s] gmake[2]: Leaving directory '/home/blazar/lawny_ws/build/control'
[2.677s] /usr/bin/gmake  -f CMakeFiles/control__rosidl_typesupport_c__pyext.dir/build.make CMakeFiles/control__rosidl_typesupport_c__pyext.dir/build
[2.677s] /usr/bin/gmake  -f CMakeFiles/control__rosidl_typesupport_fastrtps_c__pyext.dir/build.make CMakeFiles/control__rosidl_typesupport_fastrtps_c__pyext.dir/build
[2.678s] /usr/bin/gmake  -f CMakeFiles/control__rosidl_typesupport_introspection_c__pyext.dir/build.make CMakeFiles/control__rosidl_typesupport_introspection_c__pyext.dir/build
[2.682s] gmake[2]: Entering directory '/home/blazar/lawny_ws/build/control'
[2.683s] gmake[2]: Nothing to be done for 'CMakeFiles/control__rosidl_typesupport_c__pyext.dir/build'.
[2.683s] gmake[2]: Leaving directory '/home/blazar/lawny_ws/build/control'
[2.683s] gmake[2]: Entering directory '/home/blazar/lawny_ws/build/control'
[2.683s] gmake[2]: Nothing to be done for 'CMakeFiles/control__rosidl_typesupport_fastrtps_c__pyext.dir/build'.
[2.684s] gmake[2]: Leaving directory '/home/blazar/lawny_ws/build/control'
[2.684s] gmake[2]: Entering directory '/home/blazar/lawny_ws/build/control'
[2.684s] gmake[2]: Nothing to be done for 'CMakeFiles/control__rosidl_typesupport_introspection_c__pyext.dir/build'.
[2.684s] gmake[2]: Leaving directory '/home/blazar/lawny_ws/build/control'
[2.701s] [100%] Built target control__rosidl_typesupport_fastrtps_c__pyext
[2.701s] [100%] Built target control__rosidl_typesupport_c__pyext
[2.702s] [100%] Built target control__rosidl_typesupport_introspection_c__pyext
[2.983s] running egg_info
[2.985s] writing control.egg-info/PKG-INFO
[2.985s] writing dependency_links to control.egg-info/dependency_links.txt
[2.986s] writing top-level names to control.egg-info/top_level.txt
[2.990s] reading manifest file 'control.egg-info/SOURCES.txt'
[2.992s] writing manifest file 'control.egg-info/SOURCES.txt'
[3.026s] gmake[2]: Leaving directory '/home/blazar/lawny_ws/build/control'
[3.046s] [100%] Built target ament_cmake_python_build_control_egg
[3.048s] gmake[1]: Leaving directory '/home/blazar/lawny_ws/build/control'
[3.049s] /usr/bin/cmake -E cmake_progress_start /home/blazar/lawny_ws/build/control/CMakeFiles 0
[3.079s] Invoked command in '/home/blazar/lawny_ws/build/control' returned '0': CMAKE_PREFIX_PATH=${CMAKE_PREFIX_PATH}:/home/blazar/lawny_ws/install/first_order_boustrophedon_navigator:/opt/ros/humble /usr/bin/cmake --build /home/blazar/lawny_ws/build/control -- -j16 -l16
[3.103s] Invoking command in '/home/blazar/lawny_ws/build/control': CMAKE_PREFIX_PATH=${CMAKE_PREFIX_PATH}:/home/blazar/lawny_ws/install/first_order_boustrophedon_navigator:/opt/ros/humble /usr/bin/cmake --install /home/blazar/lawny_ws/build/control
[3.120s] -- Install configuration: ""
[3.121s] -- Up-to-date: /home/blazar/lawny_ws/install/control/share/ament_index/resource_index/rosidl_interfaces/control
[3.121s] -- Up-to-date: /home/blazar/lawny_ws/install/control/include/control/control
[3.121s] -- Up-to-date: /home/blazar/lawny_ws/install/control/include/control/control/msg
[3.121s] -- Up-to-date: /home/blazar/lawny_ws/install/control/include/control/control/msg/performance_metrics.h
[3.121s] -- Up-to-date: /home/blazar/lawny_ws/install/control/include/control/control/msg/rosidl_generator_c__visibility_control.h
[3.121s] -- Up-to-date: /home/blazar/lawny_ws/install/control/include/control/control/msg/detail
[3.122s] -- Up-to-date: /home/blazar/lawny_ws/install/control/include/control/control/msg/detail/performance_metrics__functions.h
[3.122s] -- Up-to-date: /home/blazar/lawny_ws/install/control/include/control/control/msg/detail/performance_metrics__struct.h
[3.122s] -- Up-to-date: /home/blazar/lawny_ws/install/control/include/control/control/msg/detail/performance_metrics__functions.c
[3.122s] -- Up-to-date: /home/blazar/lawny_ws/install/control/include/control/control/msg/detail/performance_metrics__type_support.h
[3.122s] -- Up-to-date: /home/blazar/lawny_ws/install/control/share/control/environment/library_path.sh
[3.122s] -- Installing: /home/blazar/lawny_ws/install/control/share/control/environment/library_path.dsv
[3.122s] -- Up-to-date: /home/blazar/lawny_ws/install/control/lib/libcontrol__rosidl_generator_c.so
[3.123s] -- Up-to-date: /home/blazar/lawny_ws/install/control/include/control/control
[3.123s] -- Up-to-date: /home/blazar/lawny_ws/install/control/include/control/control/msg
[3.123s] -- Up-to-date: /home/blazar/lawny_ws/install/control/include/control/control/msg/rosidl_typesupport_fastrtps_c__visibility_control.h
[3.123s] -- Up-to-date: /home/blazar/lawny_ws/install/control/include/control/control/msg/detail
[3.123s] -- Up-to-date: /home/blazar/lawny_ws/install/control/include/control/control/msg/detail/performance_metrics__rosidl_typesupport_fastrtps_c.h
[3.124s] -- Up-to-date: /home/blazar/lawny_ws/install/control/lib/libcontrol__rosidl_typesupport_fastrtps_c.so
[3.124s] -- Up-to-date: /home/blazar/lawny_ws/install/control/include/control/control
[3.125s] -- Up-to-date: /home/blazar/lawny_ws/install/control/include/control/control/msg
[3.125s] -- Up-to-date: /home/blazar/lawny_ws/install/control/include/control/control/msg/rosidl_typesupport_introspection_c__visibility_control.h
[3.125s] -- Up-to-date: /home/blazar/lawny_ws/install/control/include/control/control/msg/detail
[3.125s] -- Up-to-date: /home/blazar/lawny_ws/install/control/include/control/control/msg/detail/performance_metrics__type_support.c
[3.125s] -- Up-to-date: /home/blazar/lawny_ws/install/control/include/control/control/msg/detail/performance_metrics__rosidl_typesupport_introspection_c.h
[3.126s] -- Up-to-date: /home/blazar/lawny_ws/install/control/lib/libcontrol__rosidl_typesupport_introspection_c.so
[3.126s] -- Up-to-date: /home/blazar/lawny_ws/install/control/lib/libcontrol__rosidl_typesupport_c.so
[3.127s] -- Up-to-date: /home/blazar/lawny_ws/install/control/include/control/control
[3.127s] -- Up-to-date: /home/blazar/lawny_ws/install/control/include/control/control/msg
[3.127s] -- Up-to-date: /home/blazar/lawny_ws/install/control/include/control/control/msg/rosidl_generator_cpp__visibility_control.hpp
[3.127s] -- Up-to-date: /home/blazar/lawny_ws/install/control/include/control/control/msg/performance_metrics.hpp
[3.128s] -- Up-to-date: /home/blazar/lawny_ws/install/control/include/control/control/msg/detail
[3.128s] -- Up-to-date: /home/blazar/lawny_ws/install/control/include/control/control/msg/detail/performance_metrics__builder.hpp
[3.128s] -- Up-to-date: /home/blazar/lawny_ws/install/control/include/control/control/msg/detail/performance_metrics__struct.hpp
[3.128s] -- Up-to-date: /home/blazar/lawny_ws/install/control/include/control/control/msg/detail/performance_metrics__traits.hpp
[3.128s] -- Up-to-date: /home/blazar/lawny_ws/install/control/include/control/control/msg/detail/performance_metrics__type_support.hpp
[3.128s] -- Up-to-date: /home/blazar/lawny_ws/install/control/include/control/control
[3.129s] -- Up-to-date: /home/blazar/lawny_ws/install/control/include/control/control/msg
[3.129s] -- Up-to-date: /home/blazar/lawny_ws/install/control/include/control/control/msg/rosidl_typesupport_fastrtps_cpp__visibility_control.h
[3.129s] -- Up-to-date: /home/blazar/lawny_ws/install/control/include/control/control/msg/detail
[3.129s] -- Up-to-date: /home/blazar/lawny_ws/install/control/include/control/control/msg/detail/dds_fastrtps
[3.129s] -- Up-to-date: /home/blazar/lawny_ws/install/control/include/control/control/msg/detail/performance_metrics__rosidl_typesupport_fastrtps_cpp.hpp
[3.129s] -- Up-to-date: /home/blazar/lawny_ws/install/control/lib/libcontrol__rosidl_typesupport_fastrtps_cpp.so
[3.130s] -- Up-to-date: /home/blazar/lawny_ws/install/control/include/control/control
[3.130s] -- Up-to-date: /home/blazar/lawny_ws/install/control/include/control/control/msg
[3.130s] -- Up-to-date: /home/blazar/lawny_ws/install/control/include/control/control/msg/detail
[3.130s] -- Up-to-date: /home/blazar/lawny_ws/install/control/include/control/control/msg/detail/performance_metrics__type_support.cpp
[3.130s] -- Up-to-date: /home/blazar/lawny_ws/install/control/include/control/control/msg/detail/performance_metrics__rosidl_typesupport_introspection_cpp.hpp
[3.130s] -- Up-to-date: /home/blazar/lawny_ws/install/control/lib/libcontrol__rosidl_typesupport_introspection_cpp.so
[3.131s] -- Up-to-date: /home/blazar/lawny_ws/install/control/lib/libcontrol__rosidl_typesupport_cpp.so
[3.131s] -- Up-to-date: /home/blazar/lawny_ws/install/control/share/control/environment/pythonpath.sh
[3.131s] -- Installing: /home/blazar/lawny_ws/install/control/share/control/environment/pythonpath.dsv
[3.131s] -- Up-to-date: /home/blazar/lawny_ws/install/control/local/lib/python3.10/dist-packages/control-0.0.1-py3.10.egg-info
[3.131s] -- Installing: /home/blazar/lawny_ws/install/control/local/lib/python3.10/dist-packages/control-0.0.1-py3.10.egg-info/PKG-INFO
[3.132s] -- Installing: /home/blazar/lawny_ws/install/control/local/lib/python3.10/dist-packages/control-0.0.1-py3.10.egg-info/dependency_links.txt
[3.132s] -- Installing: /home/blazar/lawny_ws/install/control/local/lib/python3.10/dist-packages/control-0.0.1-py3.10.egg-info/SOURCES.txt
[3.133s] -- Installing: /home/blazar/lawny_ws/install/control/local/lib/python3.10/dist-packages/control-0.0.1-py3.10.egg-info/top_level.txt
[3.134s] -- Up-to-date: /home/blazar/lawny_ws/install/control/local/lib/python3.10/dist-packages/control
[3.134s] -- Up-to-date: /home/blazar/lawny_ws/install/control/local/lib/python3.10/dist-packages/control/_control_s.ep.rosidl_typesupport_c.c
[3.134s] -- Up-to-date: /home/blazar/lawny_ws/install/control/local/lib/python3.10/dist-packages/control/libcontrol__rosidl_generator_py.so
[3.134s] -- Up-to-date: /home/blazar/lawny_ws/install/control/local/lib/python3.10/dist-packages/control/control_s__rosidl_typesupport_introspection_c.cpython-310-x86_64-linux-gnu.so
[3.135s] -- Up-to-date: /home/blazar/lawny_ws/install/control/local/lib/python3.10/dist-packages/control/_control_s.ep.rosidl_typesupport_introspection_c.c
[3.135s] -- Installing: /home/blazar/lawny_ws/install/control/local/lib/python3.10/dist-packages/control/__init__.py
[3.135s] -- Up-to-date: /home/blazar/lawny_ws/install/control/local/lib/python3.10/dist-packages/control/control_s__rosidl_typesupport_c.cpython-310-x86_64-linux-gnu.so
[3.135s] -- Up-to-date: /home/blazar/lawny_ws/install/control/local/lib/python3.10/dist-packages/control/control_s__rosidl_typesupport_fastrtps_c.cpython-310-x86_64-linux-gnu.so
[3.135s] -- Up-to-date: /home/blazar/lawny_ws/install/control/local/lib/python3.10/dist-packages/control/msg
[3.135s] -- Up-to-date: /home/blazar/lawny_ws/install/control/local/lib/python3.10/dist-packages/control/msg/__init__.py
[3.136s] -- Up-to-date: /home/blazar/lawny_ws/install/control/local/lib/python3.10/dist-packages/control/msg/_performance_metrics.py
[3.136s] -- Up-to-date: /home/blazar/lawny_ws/install/control/local/lib/python3.10/dist-packages/control/msg/_performance_metrics_s.c
[3.136s] -- Up-to-date: /home/blazar/lawny_ws/install/control/local/lib/python3.10/dist-packages/control/_control_s.ep.rosidl_typesupport_fastrtps_c.c
[3.206s] Listing '/home/blazar/lawny_ws/install/control/local/lib/python3.10/dist-packages/control'...
[3.206s] Compiling '/home/blazar/lawny_ws/install/control/local/lib/python3.10/dist-packages/control/__init__.py'...
[3.207s] Listing '/home/blazar/lawny_ws/install/control/local/lib/python3.10/dist-packages/control/msg'...
[3.216s] -- Up-to-date: /home/blazar/lawny_ws/install/control/local/lib/python3.10/dist-packages/control/control_s__rosidl_typesupport_fastrtps_c.cpython-310-x86_64-linux-gnu.so
[3.217s] -- Up-to-date: /home/blazar/lawny_ws/install/control/local/lib/python3.10/dist-packages/control/control_s__rosidl_typesupport_introspection_c.cpython-310-x86_64-linux-gnu.so
[3.217s] -- Up-to-date: /home/blazar/lawny_ws/install/control/local/lib/python3.10/dist-packages/control/control_s__rosidl_typesupport_c.cpython-310-x86_64-linux-gnu.so
[3.218s] -- Up-to-date: /home/blazar/lawny_ws/install/control/lib/libcontrol__rosidl_generator_py.so
[3.219s] -- Up-to-date: /home/blazar/lawny_ws/install/control/share/control/msg/PerformanceMetrics.idl
[3.219s] -- Up-to-date: /home/blazar/lawny_ws/install/control/share/control/msg/PerformanceMetrics.msg
[3.219s] -- Up-to-date: /home/blazar/lawny_ws/install/control/lib/control/controller.py
[3.219s] -- Installing: /home/blazar/lawny_ws/install/control/lib/control/exp.py
[3.220s] -- Installing: /home/blazar/lawny_ws/install/control/lib/control/parameter_tuning.py
[3.220s] -- Up-to-date: /home/blazar/lawny_ws/install/control/share/control/launch/launch
[3.221s] -- Installing: /home/blazar/lawny_ws/install/control/share/control/launch/launch/exp.xml
[3.221s] -- Up-to-date: /home/blazar/lawny_ws/install/control/share/control/launch/launch/controller_launch.xml
[3.221s] -- Up-to-date: /home/blazar/lawny_ws/install/control/share/ament_index/resource_index/package_run_dependencies/control
[3.221s] -- Up-to-date: /home/blazar/lawny_ws/install/control/share/ament_index/resource_index/parent_prefix_path/control
[3.221s] -- Up-to-date: /home/blazar/lawny_ws/install/control/share/control/environment/ament_prefix_path.sh
[3.222s] -- Installing: /home/blazar/lawny_ws/install/control/share/control/environment/ament_prefix_path.dsv
[3.222s] -- Up-to-date: /home/blazar/lawny_ws/install/control/share/control/environment/path.sh
[3.222s] -- Installing: /home/blazar/lawny_ws/install/control/share/control/environment/path.dsv
[3.222s] -- Up-to-date: /home/blazar/lawny_ws/install/control/share/control/local_setup.bash
[3.222s] -- Up-to-date: /home/blazar/lawny_ws/install/control/share/control/local_setup.sh
[3.223s] -- Up-to-date: /home/blazar/lawny_ws/install/control/share/control/local_setup.zsh
[3.223s] -- Installing: /home/blazar/lawny_ws/install/control/share/control/local_setup.dsv
[3.223s] -- Installing: /home/blazar/lawny_ws/install/control/share/control/package.dsv
[3.224s] -- Up-to-date: /home/blazar/lawny_ws/install/control/share/ament_index/resource_index/packages/control
[3.224s] -- Up-to-date: /home/blazar/lawny_ws/install/control/share/control/cmake/export_control__rosidl_generator_cExport.cmake
[3.224s] -- Up-to-date: /home/blazar/lawny_ws/install/control/share/control/cmake/export_control__rosidl_generator_cExport-noconfig.cmake
[3.224s] -- Up-to-date: /home/blazar/lawny_ws/install/control/share/control/cmake/export_control__rosidl_typesupport_fastrtps_cExport.cmake
[3.225s] -- Up-to-date: /home/blazar/lawny_ws/install/control/share/control/cmake/export_control__rosidl_typesupport_fastrtps_cExport-noconfig.cmake
[3.225s] -- Up-to-date: /home/blazar/lawny_ws/install/control/share/control/cmake/control__rosidl_typesupport_introspection_cExport.cmake
[3.225s] -- Up-to-date: /home/blazar/lawny_ws/install/control/share/control/cmake/control__rosidl_typesupport_introspection_cExport-noconfig.cmake
[3.225s] -- Up-to-date: /home/blazar/lawny_ws/install/control/share/control/cmake/control__rosidl_typesupport_cExport.cmake
[3.225s] -- Up-to-date: /home/blazar/lawny_ws/install/control/share/control/cmake/control__rosidl_typesupport_cExport-noconfig.cmake
[3.225s] -- Up-to-date: /home/blazar/lawny_ws/install/control/share/control/cmake/export_control__rosidl_generator_cppExport.cmake
[3.226s] -- Up-to-date: /home/blazar/lawny_ws/install/control/share/control/cmake/export_control__rosidl_typesupport_fastrtps_cppExport.cmake
[3.226s] -- Up-to-date: /home/blazar/lawny_ws/install/control/share/control/cmake/export_control__rosidl_typesupport_fastrtps_cppExport-noconfig.cmake
[3.226s] -- Up-to-date: /home/blazar/lawny_ws/install/control/share/control/cmake/control__rosidl_typesupport_introspection_cppExport.cmake
[3.226s] -- Up-to-date: /home/blazar/lawny_ws/install/control/share/control/cmake/control__rosidl_typesupport_introspection_cppExport-noconfig.cmake
[3.226s] -- Up-to-date: /home/blazar/lawny_ws/install/control/share/control/cmake/control__rosidl_typesupport_cppExport.cmake
[3.227s] -- Up-to-date: /home/blazar/lawny_ws/install/control/share/control/cmake/control__rosidl_typesupport_cppExport-noconfig.cmake
[3.227s] -- Up-to-date: /home/blazar/lawny_ws/install/control/share/control/cmake/export_control__rosidl_generator_pyExport.cmake
[3.227s] -- Up-to-date: /home/blazar/lawny_ws/install/control/share/control/cmake/export_control__rosidl_generator_pyExport-noconfig.cmake
[3.227s] -- Up-to-date: /home/blazar/lawny_ws/install/control/share/control/cmake/rosidl_cmake-extras.cmake
[3.227s] -- Up-to-date: /home/blazar/lawny_ws/install/control/share/control/cmake/ament_cmake_export_include_directories-extras.cmake
[3.228s] -- Up-to-date: /home/blazar/lawny_ws/install/control/share/control/cmake/ament_cmake_export_libraries-extras.cmake
[3.228s] -- Up-to-date: /home/blazar/lawny_ws/install/control/share/control/cmake/ament_cmake_export_targets-extras.cmake
[3.228s] -- Up-to-date: /home/blazar/lawny_ws/install/control/share/control/cmake/rosidl_cmake_export_typesupport_targets-extras.cmake
[3.228s] -- Up-to-date: /home/blazar/lawny_ws/install/control/share/control/cmake/ament_cmake_export_dependencies-extras.cmake
[3.228s] -- Up-to-date: /home/blazar/lawny_ws/install/control/share/control/cmake/rosidl_cmake_export_typesupport_libraries-extras.cmake
[3.228s] -- Up-to-date: /home/blazar/lawny_ws/install/control/share/control/cmake/controlConfig.cmake
[3.228s] -- Up-to-date: /home/blazar/lawny_ws/install/control/share/control/cmake/controlConfig-version.cmake
[3.229s] -- Up-to-date: /home/blazar/lawny_ws/install/control/share/control/package.xml
[3.234s] Invoked command in '/home/blazar/lawny_ws/build/control' returned '0': CMAKE_PREFIX_PATH=${CMAKE_PREFIX_PATH}:/home/blazar/lawny_ws/install/first_order_boustrophedon_navigator:/opt/ros/humble /usr/bin/cmake --install /home/blazar/lawny_ws/build/control
